🚀 Starting aggressive merge of PRs with actual differences...
📊 Total cursor branches available: 8826
⏰ Started at: Tue Sep 23 04:53:54 PM UTC 2025
---
2025-09-23 16:53:54 - 🔒 Creating backup branch: aggressive-merge-backup-20250923-165354
Your branch is behind 'origin/main' by 111086 commits, and can be fast-forwarded.
  (use "git pull" to update your local branch)
2025-09-23 16:54:02 - 📋 Getting list of cursor branches...
2025-09-23 16:54:02 - 🔄 Starting aggressive batch processing...
---
2025-09-23 16:54:02 - 📋 Processing branch 1: cursor/add-2030q1-services-ui-8deb1aee36d
2025-09-23 16:54:02 - 🔄 Attempting to merge cursor/add-2030q1-services-ui-8deb1aee36d...
2025-09-23 16:54:03 - 📁 Branch cursor/add-2030q1-services-ui-8deb1aee36d has 60454 files to merge
2025-09-23 16:54:03 - ⚠️  Large branch detected (60454 files), proceeding with caution...
2025-09-23 16:54:12 - ✅ Successfully merged cursor/add-2030q1-services-ui-8deb1aee36d
[main 8b0fc6ecf5c6] Merge cursor/add-2030q1-services-ui-8deb1aee36d into main - Tue Sep 23 04:54:12 PM UTC 2025
2025-09-23 16:54:13 - ✅ Branch cursor/add-2030q1-services-ui-8deb1aee36d processed successfully
2025-09-23 16:54:13 - 📊 Progress: 1 successful, 0 failed, 0 conflicts resolved, 0 skipped
---
2025-09-23 16:54:13 - 📋 Processing branch 2: cursor/add-and-advertise-new-services-then-build-0357
2025-09-23 16:54:13 - 🔄 Attempting to merge cursor/add-and-advertise-new-services-then-build-0357...
2025-09-23 16:54:13 - 📁 Branch cursor/add-and-advertise-new-services-then-build-0357 has 1 files to merge
2025-09-23 16:54:13 - ✅ Successfully merged cursor/add-and-advertise-new-services-then-build-0357
[main c279078d89d7] Merge cursor/add-and-advertise-new-services-then-build-0357 into main - Tue Sep 23 04:54:13 PM UTC 2025
2025-09-23 16:54:13 - ✅ Branch cursor/add-and-advertise-new-services-then-build-0357 processed successfully
2025-09-23 16:54:13 - 📊 Progress: 2 successful, 0 failed, 0 conflicts resolved, 0 skipped
---
2025-09-23 16:54:13 - 📋 Processing branch 3: cursor/add-and-advertise-new-services-then-build-03b6
2025-09-23 16:54:13 - 🔄 Attempting to merge cursor/add-and-advertise-new-services-then-build-03b6...
2025-09-23 16:54:14 - 📁 Branch cursor/add-and-advertise-new-services-then-build-03b6 has 43786 files to merge
2025-09-23 16:54:14 - ⚠️  Large branch detected (43786 files), proceeding with caution...
Already up to date.
2025-09-23 16:54:14 - ✅ Successfully merged cursor/add-and-advertise-new-services-then-build-03b6
On branch main
Your branch and 'origin/main' have diverged,
and have 2 and 29264 different commits each, respectively.

Untracked files:
  (use "git add <file>..." to include in what will be committed)
	aggressive-merge-20250923-165354.out
	aggressive-merge-20250923-165354.txt

nothing added to commit but untracked files present (use "git add" to track)
2025-09-23 16:54:15 - ✅ Branch cursor/add-and-advertise-new-services-then-build-03b6 processed successfully
2025-09-23 16:54:15 - 📊 Progress: 3 successful, 0 failed, 0 conflicts resolved, 0 skipped
---
2025-09-23 16:54:15 - 💾 Pushing progress to remote...
