🚀 Starting aggressive merge of PRs with actual differences...
📊 Total cursor branches available: 8846
⏰ Started at: Tue Sep 23 04:56:41 PM UTC 2025
---
2025-09-23 16:56:41 - 🔒 Creating backup branch: aggressive-merge-backup-20250923-165641
Your branch is up to date with 'origin/main'.
2025-09-23 16:56:43 - 📋 Getting list of cursor branches...
2025-09-23 16:56:43 - 🔄 Starting aggressive batch processing...
---
2025-09-23 16:56:43 - 📋 Processing branch 1: cursor/add-2030q1-services-ui-8deb1aee36d
2025-09-23 16:56:43 - 🔄 Attempting to merge cursor/add-2030q1-services-ui-8deb1aee36d...
2025-09-23 16:56:44 - 📁 Branch cursor/add-2030q1-services-ui-8deb1aee36d has 223519 files to merge
2025-09-23 16:56:44 - ⚠️  Large branch detected (223519 files), proceeding with caution...
Already up to date.
2025-09-23 16:56:44 - ✅ Successfully merged cursor/add-2030q1-services-ui-8deb1aee36d
On branch main
Your branch is up to date with 'origin/main'.

Untracked files:
  (use "git add <file>..." to include in what will be committed)
	aggressive-merge-20250923-165354.out
	aggressive-merge-20250923-165354.txt
	aggressive-merge-20250923-165641.out
	aggressive-merge-20250923-165641.txt

nothing added to commit but untracked files present (use "git add" to track)
2025-09-23 16:56:45 - ✅ Branch cursor/add-2030q1-services-ui-8deb1aee36d processed successfully
2025-09-23 16:56:45 - 📊 Progress: 1 successful, 0 failed, 0 conflicts resolved, 0 skipped
---
2025-09-23 16:56:45 - 📋 Processing branch 2: cursor/add-and-advertise-new-services-then-build-0357
2025-09-23 16:56:45 - 🔄 Attempting to merge cursor/add-and-advertise-new-services-then-build-0357...
2025-09-23 16:56:45 - 📁 Branch cursor/add-and-advertise-new-services-then-build-0357 has 223519 files to merge
2025-09-23 16:56:45 - ⚠️  Large branch detected (223519 files), proceeding with caution...
Already up to date.
2025-09-23 16:56:46 - ✅ Successfully merged cursor/add-and-advertise-new-services-then-build-0357
On branch main
Your branch is up to date with 'origin/main'.

Untracked files:
  (use "git add <file>..." to include in what will be committed)
	aggressive-merge-20250923-165354.out
	aggressive-merge-20250923-165354.txt
	aggressive-merge-20250923-165641.out
	aggressive-merge-20250923-165641.txt

nothing added to commit but untracked files present (use "git add" to track)
2025-09-23 16:56:47 - ✅ Branch cursor/add-and-advertise-new-services-then-build-0357 processed successfully
2025-09-23 16:56:47 - 📊 Progress: 2 successful, 0 failed, 0 conflicts resolved, 0 skipped
---
2025-09-23 16:56:47 - 📋 Processing branch 3: cursor/add-and-advertise-new-services-then-build-03b6
2025-09-23 16:56:47 - 🔄 Attempting to merge cursor/add-and-advertise-new-services-then-build-03b6...
2025-09-23 16:56:47 - 📁 Branch cursor/add-and-advertise-new-services-then-build-03b6 has 209107 files to merge
2025-09-23 16:56:47 - ⚠️  Large branch detected (209107 files), proceeding with caution...
Already up to date.
2025-09-23 16:56:48 - ✅ Successfully merged cursor/add-and-advertise-new-services-then-build-03b6
On branch main
Your branch is up to date with 'origin/main'.

Untracked files:
  (use "git add <file>..." to include in what will be committed)
	aggressive-merge-20250923-165354.out
	aggressive-merge-20250923-165354.txt
	aggressive-merge-20250923-165641.out
	aggressive-merge-20250923-165641.txt

nothing added to commit but untracked files present (use "git add" to track)
2025-09-23 16:56:48 - ✅ Branch cursor/add-and-advertise-new-services-then-build-03b6 processed successfully
2025-09-23 16:56:48 - 📊 Progress: 3 successful, 0 failed, 0 conflicts resolved, 0 skipped
---
2025-09-23 16:56:48 - 💾 Pushing progress to remote...
2025-09-23 16:56:49 - 📋 Processing branch 4: cursor/add-and-advertise-new-services-then-build-06aa
2025-09-23 16:56:49 - 🔄 Attempting to merge cursor/add-and-advertise-new-services-then-build-06aa...
2025-09-23 16:56:50 - 📁 Branch cursor/add-and-advertise-new-services-then-build-06aa has 209107 files to merge
2025-09-23 16:56:50 - ⚠️  Large branch detected (209107 files), proceeding with caution...
Already up to date.
2025-09-23 16:56:50 - ✅ Successfully merged cursor/add-and-advertise-new-services-then-build-06aa
On branch main
Your branch is up to date with 'origin/main'.

Untracked files:
  (use "git add <file>..." to include in what will be committed)
	aggressive-merge-20250923-165354.out
	aggressive-merge-20250923-165354.txt
	aggressive-merge-20250923-165641.out
	aggressive-merge-20250923-165641.txt

nothing added to commit but untracked files present (use "git add" to track)
2025-09-23 16:56:51 - ✅ Branch cursor/add-and-advertise-new-services-then-build-06aa processed successfully
2025-09-23 16:56:51 - 📊 Progress: 4 successful, 0 failed, 0 conflicts resolved, 0 skipped
---
2025-09-23 16:56:51 - 📋 Processing branch 5: cursor/add-and-advertise-new-services-then-build-0756
2025-09-23 16:56:51 - 🔄 Attempting to merge cursor/add-and-advertise-new-services-then-build-0756...
2025-09-23 16:56:51 - 📁 Branch cursor/add-and-advertise-new-services-then-build-0756 has 209107 files to merge
2025-09-23 16:56:51 - ⚠️  Large branch detected (209107 files), proceeding with caution...
Already up to date.
2025-09-23 16:56:52 - ✅ Successfully merged cursor/add-and-advertise-new-services-then-build-0756
On branch main
Your branch is up to date with 'origin/main'.

Untracked files:
  (use "git add <file>..." to include in what will be committed)
	aggressive-merge-20250923-165354.out
	aggressive-merge-20250923-165354.txt
	aggressive-merge-20250923-165641.out
	aggressive-merge-20250923-165641.txt

nothing added to commit but untracked files present (use "git add" to track)
2025-09-23 16:56:52 - ✅ Branch cursor/add-and-advertise-new-services-then-build-0756 processed successfully
2025-09-23 16:56:52 - 📊 Progress: 5 successful, 0 failed, 0 conflicts resolved, 0 skipped
---
2025-09-23 16:56:52 - 📋 Processing branch 6: cursor/add-and-advertise-new-services-then-build-0c04
2025-09-23 16:56:52 - 🔄 Attempting to merge cursor/add-and-advertise-new-services-then-build-0c04...
2025-09-23 16:56:53 - 📁 Branch cursor/add-and-advertise-new-services-then-build-0c04 has 209107 files to merge
2025-09-23 16:56:53 - ⚠️  Large branch detected (209107 files), proceeding with caution...
Already up to date.
2025-09-23 16:56:54 - ✅ Successfully merged cursor/add-and-advertise-new-services-then-build-0c04
On branch main
Your branch is up to date with 'origin/main'.

Untracked files:
  (use "git add <file>..." to include in what will be committed)
	aggressive-merge-20250923-165354.out
	aggressive-merge-20250923-165354.txt
	aggressive-merge-20250923-165641.out
	aggressive-merge-20250923-165641.txt

nothing added to commit but untracked files present (use "git add" to track)
2025-09-23 16:56:54 - ✅ Branch cursor/add-and-advertise-new-services-then-build-0c04 processed successfully
2025-09-23 16:56:54 - 📊 Progress: 6 successful, 0 failed, 0 conflicts resolved, 0 skipped
---
2025-09-23 16:56:54 - 💾 Pushing progress to remote...
