🚀 Starting comprehensive merge conflict resolution for all open PRs...
📊 Total cursor branches to process: 6468
⏰ Started at: Fri Sep 12 08:10:01 AM UTC 2025
---
🔒 Creating backup branch: backup-main-20250912-081001
M	comprehensive-merge-output.log
Your branch and 'origin/main' have diverged,
and have 1 and 375 different commits each, respectively.
  (use "git pull" if you want to integrate the remote branch with yours)
🔄 Starting branch processing...
---
📋 Processing branch: cursor/add-2030q1-services-ui-8deb1aee36d
🔄 Attempting to merge cursor/add-2030q1-services-ui-8deb1aee36d...
Already up to date.
✅ Successfully merged cursor/add-2030q1-services-ui-8deb1aee36d
On branch main
Your branch and 'origin/main' have diverged,
and have 1 and 375 different commits each, respectively.

Changes not staged for commit:
  (use "git add <file>..." to update what will be committed)
  (use "git restore <file>..." to discard changes in working directory)
	modified:   comprehensive-merge-output.log

no changes added to commit (use "git add" and/or "git commit -a")
✅ Branch cursor/add-2030q1-services-ui-8deb1aee36d processed successfully
📊 Progress: 1 successful, 0 failed, 0 conflicts resolved
---
📋 Processing branch: auto/autonomy-17187611596
⏭️  Skipping auto/autonomy-17187611596 (already merged, doesn't exist, or no changes)
📋 Processing branch: autobot/2025-08-24T03-49-38-332Z
⏭️  Skipping autobot/2025-08-24T03-49-38-332Z (already merged, doesn't exist, or no changes)
📋 Processing branch: autobot/2025-08-24T03-52-05-968Z
⏭️  Skipping autobot/2025-08-24T03-52-05-968Z (already merged, doesn't exist, or no changes)
📋 Processing branch: autobot/2025-08-24T03-53-54-036Z
⏭️  Skipping autobot/2025-08-24T03-53-54-036Z (already merged, doesn't exist, or no changes)
📋 Processing branch: autobot/2025-08-24T03-54-04-073Z
⏭️  Skipping autobot/2025-08-24T03-54-04-073Z (already merged, doesn't exist, or no changes)
📋 Processing branch: autobot/2025-09-05T22-36-37-569Z
⏭️  Skipping autobot/2025-09-05T22-36-37-569Z (already merged, doesn't exist, or no changes)
📋 Processing branch: autobot/2025-09-05T22-36-46-654Z
⏭️  Skipping autobot/2025-09-05T22-36-46-654Z (already merged, doesn't exist, or no changes)
📋 Processing branch: autobot/2025-09-05T22-43-59-547Z
⏭️  Skipping autobot/2025-09-05T22-43-59-547Z (already merged, doesn't exist, or no changes)
📋 Processing branch: autobot/2025-09-05T22-44-16-922Z
⏭️  Skipping autobot/2025-09-05T22-44-16-922Z (already merged, doesn't exist, or no changes)
📋 Processing branch: autobot/2025-09-05T22-44-30-492Z
⏭️  Skipping autobot/2025-09-05T22-44-30-492Z (already merged, doesn't exist, or no changes)
📋 Processing branch: autobot/2025-09-05T23-05-25-892Z
⏭️  Skipping autobot/2025-09-05T23-05-25-892Z (already merged, doesn't exist, or no changes)
📋 Processing branch: autobot/2025-09-05T23-08-12-678Z
⏭️  Skipping autobot/2025-09-05T23-08-12-678Z (already merged, doesn't exist, or no changes)
📋 Processing branch: autobot/2025-09-05T23-08-17-802Z
⏭️  Skipping autobot/2025-09-05T23-08-17-802Z (already merged, doesn't exist, or no changes)
📋 Processing branch: autobot/2025-09-05T23-59-19-552Z
⏭️  Skipping autobot/2025-09-05T23-59-19-552Z (already merged, doesn't exist, or no changes)
📋 Processing branch: autobot/2025-09-06T00-01-56-128Z
⏭️  Skipping autobot/2025-09-06T00-01-56-128Z (already merged, doesn't exist, or no changes)
📋 Processing branch: autobot/2025-09-06T00-09-07-367Z
⏭️  Skipping autobot/2025-09-06T00-09-07-367Z (already merged, doesn't exist, or no changes)
📋 Processing branch: autobot/2025-09-06T00-09-36-049Z
⏭️  Skipping autobot/2025-09-06T00-09-36-049Z (already merged, doesn't exist, or no changes)
📋 Processing branch: autobot/2025-09-06T00-17-11-397Z
⏭️  Skipping autobot/2025-09-06T00-17-11-397Z (already merged, doesn't exist, or no changes)
📋 Processing branch: autobot/2025-09-06T00-18-59-073Z
⏭️  Skipping autobot/2025-09-06T00-18-59-073Z (already merged, doesn't exist, or no changes)
📋 Processing branch: autobot/2025-09-06T00-20-17-310Z
⏭️  Skipping autobot/2025-09-06T00-20-17-310Z (already merged, doesn't exist, or no changes)
📋 Processing branch: autobot/2025-09-06T00-37-41-473Z
⏭️  Skipping autobot/2025-09-06T00-37-41-473Z (already merged, doesn't exist, or no changes)
📋 Processing branch: autobot/2025-09-06T00-47-19-341Z
⏭️  Skipping autobot/2025-09-06T00-47-19-341Z (already merged, doesn't exist, or no changes)
📋 Processing branch: autobot/2025-09-06T00-56-43-442Z
⏭️  Skipping autobot/2025-09-06T00-56-43-442Z (already merged, doesn't exist, or no changes)
📋 Processing branch: autobot/2025-09-06T01-04-11-722Z
⏭️  Skipping autobot/2025-09-06T01-04-11-722Z (already merged, doesn't exist, or no changes)
📋 Processing branch: autobot/2025-09-06T01-26-08-671Z
⏭️  Skipping autobot/2025-09-06T01-26-08-671Z (already merged, doesn't exist, or no changes)
📋 Processing branch: autobot/2025-09-06T01-39-31-162Z
⏭️  Skipping autobot/2025-09-06T01-39-31-162Z (already merged, doesn't exist, or no changes)
📋 Processing branch: autobot/2025-09-06T01-41-40-654Z
⏭️  Skipping autobot/2025-09-06T01-41-40-654Z (already merged, doesn't exist, or no changes)
📋 Processing branch: autobot/2025-09-06T01-52-44-973Z
⏭️  Skipping autobot/2025-09-06T01-52-44-973Z (already merged, doesn't exist, or no changes)
📋 Processing branch: autobot/2025-09-06T02-03-11-668Z
⏭️  Skipping autobot/2025-09-06T02-03-11-668Z (already merged, doesn't exist, or no changes)
📋 Processing branch: autobot/2025-09-06T03-16-29-905Z
⏭️  Skipping autobot/2025-09-06T03-16-29-905Z (already merged, doesn't exist, or no changes)
📋 Processing branch: autobot/2025-09-06T08-26-49-685Z
⏭️  Skipping autobot/2025-09-06T08-26-49-685Z (already merged, doesn't exist, or no changes)
📋 Processing branch: autobot/2025-09-06T08-36-33-406Z
⏭️  Skipping autobot/2025-09-06T08-36-33-406Z (already merged, doesn't exist, or no changes)
📋 Processing branch: auto/cache-anchor-tools
⏭️  Skipping auto/cache-anchor-tools (already merged, doesn't exist, or no changes)
📋 Processing branch: automation/advanced-git-sync-temp
⏭️  Skipping automation/advanced-git-sync-temp (already merged, doesn't exist, or no changes)
📋 Processing branch: automation/auto-fix
🔄 Attempting to merge automation/auto-fix...
fatal: couldn't find remote ref automation/auto-fix
Already up to date.
✅ Successfully merged automation/auto-fix
On branch main
Your branch and 'origin/main' have diverged,
and have 1 and 375 different commits each, respectively.

Changes not staged for commit:
  (use "git add <file>..." to update what will be committed)
  (use "git restore <file>..." to discard changes in working directory)
	modified:   comprehensive-merge-output.log

no changes added to commit (use "git add" and/or "git commit -a")
✅ Branch cursor/add-and-advertise-new-services-then-build-0357 processed successfully
📊 Progress: 2 successful, 0 failed, 0 conflicts resolved
---
📋 Processing branch: automation/autonomous-intelligence
🔄 Attempting to merge automation/autonomous-intelligence...
fatal: couldn't find remote ref automation/autonomous-intelligence
Already up to date.
✅ Successfully merged automation/autonomous-intelligence
On branch main
Your branch and 'origin/main' have diverged,
and have 1 and 375 different commits each, respectively.

Changes not staged for commit:
  (use "git add <file>..." to update what will be committed)
  (use "git restore <file>..." to discard changes in working directory)
	modified:   comprehensive-merge-output.log

no changes added to commit (use "git add" and/or "git commit -a")
✅ Branch cursor/add-and-advertise-new-services-then-build-03b6 processed successfully
📊 Progress: 3 successful, 0 failed, 0 conflicts resolved
---
📋 Processing branch: automation/bundle-report
⏭️  Skipping automation/bundle-report (already merged, doesn't exist, or no changes)
📋 Processing branch: automation/changelog
⏭️  Skipping automation/changelog (already merged, doesn't exist, or no changes)
📋 Processing branch: automation/ci-auto-heal
🔄 Attempting to merge automation/ci-auto-heal...
fatal: couldn't find remote ref automation/ci-auto-heal
Already up to date.
✅ Successfully merged automation/ci-auto-heal
On branch main
Your branch and 'origin/main' have diverged,
and have 1 and 375 different commits each, respectively.

Changes not staged for commit:
  (use "git add <file>..." to update what will be committed)
  (use "git restore <file>..." to discard changes in working directory)
	modified:   comprehensive-merge-output.log

no changes added to commit (use "git add" and/or "git commit -a")
✅ Branch cursor/add-and-advertise-new-services-then-build-06aa processed successfully
📊 Progress: 4 successful, 0 failed, 0 conflicts resolved
---
📋 Processing branch: cursor/add-and-advertise-new-services-then-build-0756
🔄 Attempting to merge cursor/add-and-advertise-new-services-then-build-0756...
Already up to date.
✅ Successfully merged cursor/add-and-advertise-new-services-then-build-0756
On branch main
Your branch and 'origin/main' have diverged,
and have 1 and 375 different commits each, respectively.

Changes not staged for commit:
  (use "git add <file>..." to update what will be committed)
  (use "git restore <file>..." to discard changes in working directory)
	modified:   comprehensive-merge-output.log

no changes added to commit (use "git add" and/or "git commit -a")
✅ Branch cursor/add-and-advertise-new-services-then-build-0756 processed successfully
📊 Progress: 5 successful, 0 failed, 0 conflicts resolved
---
📋 Processing branch: cursor/add-and-advertise-new-services-then-build-0c04
🔄 Attempting to merge cursor/add-and-advertise-new-services-then-build-0c04...
Already up to date.
✅ Successfully merged cursor/add-and-advertise-new-services-then-build-0c04
On branch main
Your branch and 'origin/main' have diverged,
and have 1 and 375 different commits each, respectively.

Changes not staged for commit:
  (use "git add <file>..." to update what will be committed)
  (use "git restore <file>..." to discard changes in working directory)
	modified:   comprehensive-merge-output.log

no changes added to commit (use "git add" and/or "git commit -a")
✅ Branch cursor/add-and-advertise-new-services-then-build-0c04 processed successfully
📊 Progress: 6 successful, 0 failed, 0 conflicts resolved
---
📋 Processing branch: cursor/add-and-advertise-new-services-then-build-0cca
🔄 Attempting to merge cursor/add-and-advertise-new-services-then-build-0cca...
Already up to date.
✅ Successfully merged cursor/add-and-advertise-new-services-then-build-0cca
On branch main
Your branch and 'origin/main' have diverged,
and have 1 and 375 different commits each, respectively.

Changes not staged for commit:
  (use "git add <file>..." to update what will be committed)
  (use "git restore <file>..." to discard changes in working directory)
	modified:   comprehensive-merge-output.log

no changes added to commit (use "git add" and/or "git commit -a")
✅ Branch cursor/add-and-advertise-new-services-then-build-0cca processed successfully
📊 Progress: 7 successful, 0 failed, 0 conflicts resolved
---
📋 Processing branch: cursor/add-and-advertise-new-services-then-build-174e
🔄 Attempting to merge cursor/add-and-advertise-new-services-then-build-174e...
Already up to date.
✅ Successfully merged cursor/add-and-advertise-new-services-then-build-174e
On branch main
Your branch and 'origin/main' have diverged,
and have 1 and 375 different commits each, respectively.

Changes not staged for commit:
  (use "git add <file>..." to update what will be committed)
  (use "git restore <file>..." to discard changes in working directory)
	modified:   comprehensive-merge-output.log

no changes added to commit (use "git add" and/or "git commit -a")
✅ Branch cursor/add-and-advertise-new-services-then-build-174e processed successfully
📊 Progress: 8 successful, 0 failed, 0 conflicts resolved
---
📋 Processing branch: cursor/add-and-advertise-new-services-then-build-17cc
🔄 Attempting to merge cursor/add-and-advertise-new-services-then-build-17cc...
Already up to date.
✅ Successfully merged cursor/add-and-advertise-new-services-then-build-17cc
On branch main
Your branch and 'origin/main' have diverged,
and have 1 and 375 different commits each, respectively.

Changes not staged for commit:
  (use "git add <file>..." to update what will be committed)
  (use "git restore <file>..." to discard changes in working directory)
	modified:   comprehensive-merge-output.log

no changes added to commit (use "git add" and/or "git commit -a")
✅ Branch cursor/add-and-advertise-new-services-then-build-17cc processed successfully
📊 Progress: 9 successful, 0 failed, 0 conflicts resolved
---
📋 Processing branch: cursor/add-and-advertise-new-services-then-build-192f
🔄 Attempting to merge cursor/add-and-advertise-new-services-then-build-192f...
Already up to date.
✅ Successfully merged cursor/add-and-advertise-new-services-then-build-192f
On branch main
Your branch and 'origin/main' have diverged,
and have 1 and 375 different commits each, respectively.

Changes not staged for commit:
  (use "git add <file>..." to update what will be committed)
  (use "git restore <file>..." to discard changes in working directory)
	modified:   comprehensive-merge-output.log

no changes added to commit (use "git add" and/or "git commit -a")
✅ Branch cursor/add-and-advertise-new-services-then-build-192f processed successfully
📊 Progress: 10 successful, 0 failed, 0 conflicts resolved
---
💾 Pushing progress to remote...
