[2025-09-08T20:39:00.250Z] 🚀 Starting comprehensive branch merging process
[2025-09-08T20:39:00.252Z] 🚀 Switch to main branch: git checkout main
[2025-09-08T20:39:00.441Z] ✅ Success: Switch to main branch
[2025-09-08T20:39:00.441Z] 🚀 Get remote branches: git branch -r
[2025-09-08T20:39:00.551Z] ✅ Success: Get remote branches
[2025-09-08T20:39:00.557Z] 📋 Found 14472 remote branches
[2025-09-08T20:39:00.559Z] 🎯 Found 5086 feature branches to merge
[2025-09-08T20:39:00.559Z] 📦 Processing batch 1/509
[2025-09-08T20:39:00.559Z] 🔄 Attempting to merge branch: cursor/add-2030q1-services-ui-8deb1aee36d
[2025-09-08T20:39:00.559Z] 🚀 Fetch origin/cursor/add-2030q1-services-ui-8deb1aee36d: git fetch origin cursor/add-2030q1-services-ui-8deb1aee36d
[2025-09-08T20:39:00.666Z] ❌ Error in Fetch origin/cursor/add-2030q1-services-ui-8deb1aee36d: Command failed: git fetch origin cursor/add-2030q1-services-ui-8deb1aee36d
fatal: couldn't find remote ref cursor/add-2030q1-services-ui-8deb1aee36d

[2025-09-08T20:39:00.666Z] ❌ Failed to merge cursor/add-2030q1-services-ui-8deb1aee36d: Command failed: git fetch origin cursor/add-2030q1-services-ui-8deb1aee36d
fatal: couldn't find remote ref cursor/add-2030q1-services-ui-8deb1aee36d

[2025-09-08T20:39:00.666Z] 🔧 Attempting to resolve conflicts for: cursor/add-2030q1-services-ui-8deb1aee36d
[2025-09-08T20:39:00.666Z] 🚀 Get git status: git status --porcelain
[2025-09-08T20:39:00.701Z] ✅ Success: Get git status
[2025-09-08T20:39:00.701Z] 📄 Found 0 conflicted files
[2025-09-08T20:39:00.701Z] 🚀 Add resolved files: git add .
[2025-09-08T20:39:00.703Z] ❌ Error in Add resolved files: Command failed: git add .
fatal: Unable to create '/workspace/.git/index.lock': File exists.

Another git process seems to be running in this repository, e.g.
an editor opened by 'git commit'. Please make sure all processes
are terminated then try again. If it still fails, a git process
may have crashed in this repository earlier:
remove the file manually to continue.

[2025-09-08T20:39:00.704Z] ❌ Failed to resolve conflicts for cursor/add-2030q1-services-ui-8deb1aee36d: Command failed: git add .
fatal: Unable to create '/workspace/.git/index.lock': File exists.

Another git process seems to be running in this repository, e.g.
an editor opened by 'git commit'. Please make sure all processes
are terminated then try again. If it still fails, a git process
may have crashed in this repository earlier:
remove the file manually to continue.

[2025-09-08T20:39:00.704Z] 🚀 Abort merge for cursor/add-2030q1-services-ui-8deb1aee36d: git merge --abort
[2025-09-08T20:39:00.706Z] ❌ Error in Abort merge for cursor/add-2030q1-services-ui-8deb1aee36d: Command failed: git merge --abort
fatal: There is no merge to abort (MERGE_HEAD missing).

[2025-09-08T20:39:00.706Z] ⚠️ Failed to abort merge for cursor/add-2030q1-services-ui-8deb1aee36d: Command failed: git merge --abort
fatal: There is no merge to abort (MERGE_HEAD missing).

[2025-09-08T20:39:00.706Z] 🔄 Attempting to merge branch: cursor/add-and-advertise-new-services-then-build-0357
[2025-09-08T20:39:00.706Z] 🚀 Fetch origin/cursor/add-and-advertise-new-services-then-build-0357: git fetch origin cursor/add-and-advertise-new-services-then-build-0357
[2025-09-08T20:39:00.815Z] ❌ Error in Fetch origin/cursor/add-and-advertise-new-services-then-build-0357: Command failed: git fetch origin cursor/add-and-advertise-new-services-then-build-0357
fatal: couldn't find remote ref cursor/add-and-advertise-new-services-then-build-0357

[2025-09-08T20:39:00.815Z] ❌ Failed to merge cursor/add-and-advertise-new-services-then-build-0357: Command failed: git fetch origin cursor/add-and-advertise-new-services-then-build-0357
fatal: couldn't find remote ref cursor/add-and-advertise-new-services-then-build-0357

[2025-09-08T20:39:00.815Z] 🔧 Attempting to resolve conflicts for: cursor/add-and-advertise-new-services-then-build-0357
[2025-09-08T20:39:00.815Z] 🚀 Get git status: git status --porcelain
[2025-09-08T20:39:00.862Z] ✅ Success: Get git status
[2025-09-08T20:39:00.862Z] 📄 Found 0 conflicted files
[2025-09-08T20:39:00.862Z] 🚀 Add resolved files: git add .
[2025-09-08T20:39:00.930Z] ✅ Success: Add resolved files
[2025-09-08T20:39:00.930Z] 🚀 Commit merge for cursor/add-and-advertise-new-services-then-build-0357: git commit -m "Resolve conflicts and merge cursor/add-and-advertise-new-services-then-build-0357"
[2025-09-08T20:39:00.974Z] ✅ Success: Commit merge for cursor/add-and-advertise-new-services-then-build-0357
[2025-09-08T20:39:00.974Z] ✅ Successfully resolved conflicts and merged: cursor/add-and-advertise-new-services-then-build-0357
[2025-09-08T20:39:00.974Z] 🔄 Attempting to merge branch: cursor/add-and-advertise-new-services-then-build-03b6
[2025-09-08T20:39:00.974Z] 🚀 Fetch origin/cursor/add-and-advertise-new-services-then-build-03b6: git fetch origin cursor/add-and-advertise-new-services-then-build-03b6
[2025-09-08T20:39:01.072Z] ❌ Error in Fetch origin/cursor/add-and-advertise-new-services-then-build-03b6: Command failed: git fetch origin cursor/add-and-advertise-new-services-then-build-03b6
fatal: couldn't find remote ref cursor/add-and-advertise-new-services-then-build-03b6

[2025-09-08T20:39:01.072Z] ❌ Failed to merge cursor/add-and-advertise-new-services-then-build-03b6: Command failed: git fetch origin cursor/add-and-advertise-new-services-then-build-03b6
fatal: couldn't find remote ref cursor/add-and-advertise-new-services-then-build-03b6

[2025-09-08T20:39:01.072Z] 🔧 Attempting to resolve conflicts for: cursor/add-and-advertise-new-services-then-build-03b6
[2025-09-08T20:39:01.073Z] 🚀 Get git status: git status --porcelain
[2025-09-08T20:39:01.121Z] ✅ Success: Get git status
[2025-09-08T20:39:01.121Z] 📄 Found 0 conflicted files
[2025-09-08T20:39:01.121Z] 🚀 Add resolved files: git add .
[2025-09-08T20:39:01.192Z] ✅ Success: Add resolved files
[2025-09-08T20:39:01.192Z] 🚀 Commit merge for cursor/add-and-advertise-new-services-then-build-03b6: git commit -m "Resolve conflicts and merge cursor/add-and-advertise-new-services-then-build-03b6"
[2025-09-08T20:39:01.256Z] ✅ Success: Commit merge for cursor/add-and-advertise-new-services-then-build-03b6
[2025-09-08T20:39:01.256Z] ✅ Successfully resolved conflicts and merged: cursor/add-and-advertise-new-services-then-build-03b6
[2025-09-08T20:39:01.256Z] 🔄 Attempting to merge branch: cursor/add-and-advertise-new-services-then-build-06aa
[2025-09-08T20:39:01.256Z] 🚀 Fetch origin/cursor/add-and-advertise-new-services-then-build-06aa: git fetch origin cursor/add-and-advertise-new-services-then-build-06aa
[2025-09-08T20:39:01.375Z] ❌ Error in Fetch origin/cursor/add-and-advertise-new-services-then-build-06aa: Command failed: git fetch origin cursor/add-and-advertise-new-services-then-build-06aa
fatal: couldn't find remote ref cursor/add-and-advertise-new-services-then-build-06aa

[2025-09-08T20:39:01.375Z] ❌ Failed to merge cursor/add-and-advertise-new-services-then-build-06aa: Command failed: git fetch origin cursor/add-and-advertise-new-services-then-build-06aa
fatal: couldn't find remote ref cursor/add-and-advertise-new-services-then-build-06aa

[2025-09-08T20:39:01.375Z] 🔧 Attempting to resolve conflicts for: cursor/add-and-advertise-new-services-then-build-06aa
[2025-09-08T20:39:01.375Z] 🚀 Get git status: git status --porcelain
[2025-09-08T20:39:01.419Z] ✅ Success: Get git status
[2025-09-08T20:39:01.419Z] 📄 Found 0 conflicted files
[2025-09-08T20:39:01.419Z] 🚀 Add resolved files: git add .
[2025-09-08T20:39:01.486Z] ✅ Success: Add resolved files
[2025-09-08T20:39:01.486Z] 🚀 Commit merge for cursor/add-and-advertise-new-services-then-build-06aa: git commit -m "Resolve conflicts and merge cursor/add-and-advertise-new-services-then-build-06aa"
[2025-09-08T20:39:01.531Z] ✅ Success: Commit merge for cursor/add-and-advertise-new-services-then-build-06aa
[2025-09-08T20:39:01.531Z] ✅ Successfully resolved conflicts and merged: cursor/add-and-advertise-new-services-then-build-06aa
[2025-09-08T20:39:01.531Z] 🔄 Attempting to merge branch: cursor/add-and-advertise-new-services-then-build-0756
[2025-09-08T20:39:01.531Z] 🚀 Fetch origin/cursor/add-and-advertise-new-services-then-build-0756: git fetch origin cursor/add-and-advertise-new-services-then-build-0756
[2025-09-08T20:39:01.647Z] ❌ Error in Fetch origin/cursor/add-and-advertise-new-services-then-build-0756: Command failed: git fetch origin cursor/add-and-advertise-new-services-then-build-0756
fatal: couldn't find remote ref cursor/add-and-advertise-new-services-then-build-0756

[2025-09-08T20:39:01.648Z] ❌ Failed to merge cursor/add-and-advertise-new-services-then-build-0756: Command failed: git fetch origin cursor/add-and-advertise-new-services-then-build-0756
fatal: couldn't find remote ref cursor/add-and-advertise-new-services-then-build-0756

[2025-09-08T20:39:01.648Z] 🔧 Attempting to resolve conflicts for: cursor/add-and-advertise-new-services-then-build-0756
[2025-09-08T20:39:01.648Z] 🚀 Get git status: git status --porcelain
[2025-09-08T20:39:01.691Z] ✅ Success: Get git status
[2025-09-08T20:39:01.691Z] 📄 Found 0 conflicted files
[2025-09-08T20:39:01.691Z] 🚀 Add resolved files: git add .
