[2025-09-30T12:59:20.965Z] 🚀 Starting Comprehensive PR Merger...
[2025-09-30T12:59:20.967Z] 🚀 Switch to main branch: git checkout main
[2025-09-30T12:59:21.063Z] ✅ Switch to main branch successful.
[2025-09-30T12:59:21.063Z] 🚀 Pull latest main: git pull origin main
[2025-09-30T12:59:21.861Z] ❌ Pull latest main failed: Command failed: git pull origin main
From https://github.com/Zion-Holdings/zion.app
 * branch                      main       -> FETCH_HEAD
   f114083e2bde..a7e6153545ce  main       -> origin/main
hint: You have divergent branches and need to specify how to reconcile them.
hint: You can do so by running one of the following commands sometime before
hint: your next pull:
hint:
hint:   git config pull.rebase false  # merge
hint:   git config pull.rebase true   # rebase
hint:   git config pull.ff only       # fast-forward only
hint:
hint: You can replace "git config" with "git config --global" to set a default
hint: preference for all repositories. You can also pass --rebase, --no-rebase,
hint: or --ff-only on the command line to override the configured default per
hint: invocation.
fatal: Need to specify how to reconcile divergent branches.

[2025-09-30T12:59:21.862Z] 🚨 An error occurred during PR merge process: Command failed: git pull origin main
From https://github.com/Zion-Holdings/zion.app
 * branch                      main       -> FETCH_HEAD
   f114083e2bde..a7e6153545ce  main       -> origin/main
hint: You have divergent branches and need to specify how to reconcile them.
hint: You can do so by running one of the following commands sometime before
hint: your next pull:
hint:
hint:   git config pull.rebase false  # merge
hint:   git config pull.rebase true   # rebase
hint:   git config pull.ff only       # fast-forward only
hint:
hint: You can replace "git config" with "git config --global" to set a default
hint: preference for all repositories. You can also pass --rebase, --no-rebase,
hint: or --ff-only on the command line to override the configured default per
hint: invocation.
fatal: Need to specify how to reconcile divergent branches.

[2025-09-30T20:07:07.546Z] 🚀 Starting Comprehensive PR Merger...
[2025-09-30T20:07:07.554Z] 🚀 Switch to main branch: git checkout main
[2025-09-30T20:07:07.664Z] ✅ Switch to main branch successful.
[2025-09-30T20:07:07.664Z] 🚀 Pull latest main: git pull origin main
[2025-09-30T20:07:08.296Z] ✅ Pull latest main successful.
[2025-09-30T20:07:08.296Z] 🔍 Fetching open PRs from GitHub...
[2025-09-30T20:07:08.568Z] Found 2 open PRs
[2025-09-30T20:07:08.568Z] 📋 Found 2 open PRs to process
[2025-09-30T20:07:08.569Z] 🔄 Processing PR #24299: Create and deploy new content
[2025-09-30T20:07:08.571Z] 🚀 Fetch PR branch cursor/create-and-deploy-new-content-0233: git fetch origin cursor/create-and-deploy-new-content-0233
[2025-09-30T20:07:09.187Z] ✅ Fetch PR branch cursor/create-and-deploy-new-content-0233 successful.
[2025-09-30T20:07:09.187Z] 🚀 Merge PR #24299: git merge origin/cursor/create-and-deploy-new-content-0233 --no-ff -m "Merge PR #24299: Create and deploy new content"
[2025-09-30T20:07:09.486Z] ❌ Merge PR #24299 failed: Command failed: git merge origin/cursor/create-and-deploy-new-content-0233 --no-ff -m "Merge PR #24299: Create and deploy new content"
[2025-09-30T20:07:09.487Z] ⚠️ Merge failed, attempting to resolve conflicts: Command failed: git merge origin/cursor/create-and-deploy-new-content-0233 --no-ff -m "Merge PR #24299: Create and deploy new content"
[2025-09-30T20:07:09.487Z] 🔧 Resolving merge conflicts for branch: cursor/create-and-deploy-new-content-0233
[2025-09-30T20:07:09.487Z] 🚀 Check git status: git status --porcelain
[2025-09-30T20:07:09.548Z] ✅ Check git status successful.
[2025-09-30T20:07:09.548Z] 🔧 Found merge conflicts, attempting to resolve...
[2025-09-30T20:07:09.548Z] 🚀 Add all files: git add .
