=== CONFLICT DETAILS FOR auto/autonomy-17186719616 ===
Timestamp: Mon Aug 25 11:08:37 PM UTC 2025
Branch: auto/autonomy-17186719616
On branch main
Your branch is up to date with 'origin/main'.

Untracked files:
  (use "git add <file>..." to include in what will be committed)
	conflict-details-20250825-230003.log
	smart-merge-20250825-230003.log
	smart-success-20250825-230003.log

nothing added to commit but untracked files present (use "git add" to track)
----------------------------------------
=== CONFLICT DETAILS FOR auto/autonomy-17187611596 ===
Timestamp: Mon Aug 25 11:09:12 PM UTC 2025
Branch: auto/autonomy-17187611596
On branch main
Your branch is up to date with 'origin/main'.

Untracked files:
  (use "git add <file>..." to include in what will be committed)
	conflict-details-20250825-230003.log
	smart-failed-20250825-230003.log
	smart-merge-20250825-230003.log
	smart-success-20250825-230003.log

nothing added to commit but untracked files present (use "git add" to track)
----------------------------------------
