🚀 Starting incremental merge conflict resolution for open PRs...
📊 Total cursor branches to process: 6467
⏰ Started at: Fri Sep 12 07:39:49 AM UTC 2025
---
🔒 Creating backup branch: backup-main-20250912-073949
Your branch and 'origin/main' have diverged,
and have 1 and 376 different commits each, respectively.
  (use "git pull" if you want to integrate the remote branch with yours)
🔄 Starting batch processing...
📊 Batch size: 10, Max failures per batch: 5
---
📊 Total branches: 6467, Total batches: 647
---
🚀 Starting batch 1/647
📦 Processing batch 1 (branches 0 to 10)...
---
📋 Processing branch 1/6467: cursor/add-2030q1-services-ui-8deb1aee36d
🔄 Attempting to merge cursor/add-2030q1-services-ui-8deb1aee36d...
Already up to date.
✅ Successfully merged cursor/add-2030q1-services-ui-8deb1aee36d
On branch main
Your branch and 'origin/main' have diverged,
and have 2 and 376 different commits each, respectively.

Changes not staged for commit:
  (use "git add <file>..." to update what will be committed)
  (use "git restore <file>..." to discard changes in working directory)
	modified:   incremental-merge.log

no changes added to commit (use "git add" and/or "git commit -a")
✅ Branch cursor/add-2030q1-services-ui-8deb1aee36d processed successfully
📊 Batch progress: 1 successful, 0 failed
📊 Overall progress: 1 successful, 0 failed, 0 conflicts resolved
---
📋 Processing branch 2/6467: cursor/add-and-advertise-new-services-then-build-0357
🔄 Attempting to merge cursor/add-and-advertise-new-services-then-build-0357...
Already up to date.
✅ Successfully merged cursor/add-and-advertise-new-services-then-build-0357
On branch main
Your branch and 'origin/main' have diverged,
and have 2 and 376 different commits each, respectively.

Changes not staged for commit:
  (use "git add <file>..." to update what will be committed)
  (use "git restore <file>..." to discard changes in working directory)
	modified:   incremental-merge.log

no changes added to commit (use "git add" and/or "git commit -a")
✅ Branch cursor/add-and-advertise-new-services-then-build-0357 processed successfully
📊 Batch progress: 2 successful, 0 failed
📊 Overall progress: 2 successful, 0 failed, 0 conflicts resolved
---
📋 Processing branch 3/6467: cursor/add-and-advertise-new-services-then-build-03b6
🔄 Attempting to merge cursor/add-and-advertise-new-services-then-build-03b6...
Already up to date.
✅ Successfully merged cursor/add-and-advertise-new-services-then-build-03b6
On branch main
Your branch and 'origin/main' have diverged,
and have 2 and 376 different commits each, respectively.

Changes not staged for commit:
  (use "git add <file>..." to update what will be committed)
  (use "git restore <file>..." to discard changes in working directory)
	modified:   incremental-merge.log

no changes added to commit (use "git add" and/or "git commit -a")
✅ Branch cursor/add-and-advertise-new-services-then-build-03b6 processed successfully
📊 Batch progress: 3 successful, 0 failed
📊 Overall progress: 3 successful, 0 failed, 0 conflicts resolved
---
📋 Processing branch 4/6467: cursor/add-and-advertise-new-services-then-build-06aa
🔄 Attempting to merge cursor/add-and-advertise-new-services-then-build-06aa...
Already up to date.
✅ Successfully merged cursor/add-and-advertise-new-services-then-build-06aa
On branch main
Your branch and 'origin/main' have diverged,
and have 2 and 376 different commits each, respectively.

Changes not staged for commit:
  (use "git add <file>..." to update what will be committed)
  (use "git restore <file>..." to discard changes in working directory)
	modified:   incremental-merge.log

no changes added to commit (use "git add" and/or "git commit -a")
✅ Branch cursor/add-and-advertise-new-services-then-build-06aa processed successfully
📊 Batch progress: 4 successful, 0 failed
📊 Overall progress: 4 successful, 0 failed, 0 conflicts resolved
---
📋 Processing branch 5/6467: cursor/add-and-advertise-new-services-then-build-0756
🔄 Attempting to merge cursor/add-and-advertise-new-services-then-build-0756...
Already up to date.
✅ Successfully merged cursor/add-and-advertise-new-services-then-build-0756
On branch main
Your branch and 'origin/main' have diverged,
and have 2 and 376 different commits each, respectively.

Changes not staged for commit:
  (use "git add <file>..." to update what will be committed)
  (use "git restore <file>..." to discard changes in working directory)
	modified:   incremental-merge.log

no changes added to commit (use "git add" and/or "git commit -a")
✅ Branch cursor/add-and-advertise-new-services-then-build-0756 processed successfully
📊 Batch progress: 5 successful, 0 failed
📊 Overall progress: 5 successful, 0 failed, 0 conflicts resolved
---
📋 Processing branch 6/6467: cursor/add-and-advertise-new-services-then-build-0c04
🔄 Attempting to merge cursor/add-and-advertise-new-services-then-build-0c04...
Already up to date.
✅ Successfully merged cursor/add-and-advertise-new-services-then-build-0c04
On branch main
Your branch and 'origin/main' have diverged,
and have 2 and 376 different commits each, respectively.

Changes not staged for commit:
  (use "git add <file>..." to update what will be committed)
  (use "git restore <file>..." to discard changes in working directory)
	modified:   incremental-merge.log

no changes added to commit (use "git add" and/or "git commit -a")
✅ Branch cursor/add-and-advertise-new-services-then-build-0c04 processed successfully
📊 Batch progress: 6 successful, 0 failed
📊 Overall progress: 6 successful, 0 failed, 0 conflicts resolved
---
📋 Processing branch 7/6467: cursor/add-and-advertise-new-services-then-build-0cca
🔄 Attempting to merge cursor/add-and-advertise-new-services-then-build-0cca...
Already up to date.
✅ Successfully merged cursor/add-and-advertise-new-services-then-build-0cca
On branch main
Your branch and 'origin/main' have diverged,
and have 2 and 376 different commits each, respectively.

Changes not staged for commit:
  (use "git add <file>..." to update what will be committed)
  (use "git restore <file>..." to discard changes in working directory)
	modified:   incremental-merge.log

no changes added to commit (use "git add" and/or "git commit -a")
✅ Branch cursor/add-and-advertise-new-services-then-build-0cca processed successfully
📊 Batch progress: 7 successful, 0 failed
📊 Overall progress: 7 successful, 0 failed, 0 conflicts resolved
---
📋 Processing branch 8/6467: cursor/add-and-advertise-new-services-then-build-174e
🔄 Attempting to merge cursor/add-and-advertise-new-services-then-build-174e...
Already up to date.
✅ Successfully merged cursor/add-and-advertise-new-services-then-build-174e
On branch main
Your branch and 'origin/main' have diverged,
and have 2 and 376 different commits each, respectively.

Changes not staged for commit:
  (use "git add <file>..." to update what will be committed)
  (use "git restore <file>..." to discard changes in working directory)
	modified:   incremental-merge.log

no changes added to commit (use "git add" and/or "git commit -a")
✅ Branch cursor/add-and-advertise-new-services-then-build-174e processed successfully
📊 Batch progress: 8 successful, 0 failed
📊 Overall progress: 8 successful, 0 failed, 0 conflicts resolved
---
📋 Processing branch 9/6467: cursor/add-and-advertise-new-services-then-build-17cc
🔄 Attempting to merge cursor/add-and-advertise-new-services-then-build-17cc...
Already up to date.
✅ Successfully merged cursor/add-and-advertise-new-services-then-build-17cc
On branch main
Your branch and 'origin/main' have diverged,
and have 2 and 376 different commits each, respectively.

Changes not staged for commit:
  (use "git add <file>..." to update what will be committed)
  (use "git restore <file>..." to discard changes in working directory)
	modified:   incremental-merge.log

no changes added to commit (use "git add" and/or "git commit -a")
✅ Branch cursor/add-and-advertise-new-services-then-build-17cc processed successfully
📊 Batch progress: 9 successful, 0 failed
📊 Overall progress: 9 successful, 0 failed, 0 conflicts resolved
---
📋 Processing branch 10/6467: cursor/add-and-advertise-new-services-then-build-192f
🔄 Attempting to merge cursor/add-and-advertise-new-services-then-build-192f...
Already up to date.
✅ Successfully merged cursor/add-and-advertise-new-services-then-build-192f
On branch main
Your branch and 'origin/main' have diverged,
and have 2 and 376 different commits each, respectively.

Changes not staged for commit:
  (use "git add <file>..." to update what will be committed)
  (use "git restore <file>..." to discard changes in working directory)
	modified:   incremental-merge.log

no changes added to commit (use "git add" and/or "git commit -a")
✅ Branch cursor/add-and-advertise-new-services-then-build-192f processed successfully
📊 Batch progress: 10 successful, 0 failed
📊 Overall progress: 10 successful, 0 failed, 0 conflicts resolved
---
💾 Pushing batch changes to remote...
✅ Batch 1 completed: 10 successful, 0 failed
---
✅ Batch 1 completed successfully


---
🚀 Starting batch 2/647
📦 Processing batch 2 (branches 10 to 20)...
---
📋 Processing branch 11/6467: cursor/add-and-advertise-new-services-then-build-1d5b
🔄 Attempting to merge cursor/add-and-advertise-new-services-then-build-1d5b...
Already up to date.
✅ Successfully merged cursor/add-and-advertise-new-services-then-build-1d5b
On branch main
Your branch and 'origin/main' have diverged,
and have 2 and 376 different commits each, respectively.

Changes not staged for commit:
  (use "git add <file>..." to update what will be committed)
  (use "git restore <file>..." to discard changes in working directory)
	modified:   incremental-merge.log

no changes added to commit (use "git add" and/or "git commit -a")
✅ Branch cursor/add-and-advertise-new-services-then-build-1d5b processed successfully
📊 Batch progress: 1 successful, 0 failed
📊 Overall progress: 11 successful, 0 failed, 0 conflicts resolved
---
📋 Processing branch 12/6467: cursor/add-and-advertise-new-services-then-build-21f8
🔄 Attempting to merge cursor/add-and-advertise-new-services-then-build-21f8...
Already up to date.
✅ Successfully merged cursor/add-and-advertise-new-services-then-build-21f8
On branch main
Your branch and 'origin/main' have diverged,
and have 2 and 376 different commits each, respectively.

Changes not staged for commit:
  (use "git add <file>..." to update what will be committed)
  (use "git restore <file>..." to discard changes in working directory)
	modified:   incremental-merge.log

no changes added to commit (use "git add" and/or "git commit -a")
✅ Branch cursor/add-and-advertise-new-services-then-build-21f8 processed successfully
📊 Batch progress: 2 successful, 0 failed
📊 Overall progress: 12 successful, 0 failed, 0 conflicts resolved
---
📋 Processing branch 13/6467: cursor/add-and-advertise-new-services-then-build-2b91
🔄 Attempting to merge cursor/add-and-advertise-new-services-then-build-2b91...
Already up to date.
✅ Successfully merged cursor/add-and-advertise-new-services-then-build-2b91
On branch main
Your branch and 'origin/main' have diverged,
and have 2 and 376 different commits each, respectively.

Changes not staged for commit:
  (use "git add <file>..." to update what will be committed)
  (use "git restore <file>..." to discard changes in working directory)
	modified:   incremental-merge.log

no changes added to commit (use "git add" and/or "git commit -a")
✅ Branch cursor/add-and-advertise-new-services-then-build-2b91 processed successfully
📊 Batch progress: 3 successful, 0 failed
📊 Overall progress: 13 successful, 0 failed, 0 conflicts resolved
---
📋 Processing branch 14/6467: cursor/add-and-advertise-new-services-then-build-2c85
🔄 Attempting to merge cursor/add-and-advertise-new-services-then-build-2c85...
Already up to date.
✅ Successfully merged cursor/add-and-advertise-new-services-then-build-2c85
On branch main
Your branch and 'origin/main' have diverged,
and have 2 and 376 different commits each, respectively.

Changes not staged for commit:
  (use "git add <file>..." to update what will be committed)
  (use "git restore <file>..." to discard changes in working directory)
	modified:   incremental-merge.log

no changes added to commit (use "git add" and/or "git commit -a")
✅ Branch cursor/add-and-advertise-new-services-then-build-2c85 processed successfully
📊 Batch progress: 4 successful, 0 failed
📊 Overall progress: 14 successful, 0 failed, 0 conflicts resolved
---
📋 Processing branch 15/6467: cursor/add-and-advertise-new-services-then-build-336c
🔄 Attempting to merge cursor/add-and-advertise-new-services-then-build-336c...
Already up to date.
✅ Successfully merged cursor/add-and-advertise-new-services-then-build-336c
On branch main
Your branch and 'origin/main' have diverged,
and have 2 and 376 different commits each, respectively.

Changes not staged for commit:
  (use "git add <file>..." to update what will be committed)
  (use "git restore <file>..." to discard changes in working directory)
	modified:   incremental-merge.log

no changes added to commit (use "git add" and/or "git commit -a")
✅ Branch cursor/add-and-advertise-new-services-then-build-336c processed successfully
📊 Batch progress: 5 successful, 0 failed
📊 Overall progress: 15 successful, 0 failed, 0 conflicts resolved
---
📋 Processing branch 16/6467: cursor/add-and-advertise-new-services-then-build-359a
🔄 Attempting to merge cursor/add-and-advertise-new-services-then-build-359a...
Already up to date.
✅ Successfully merged cursor/add-and-advertise-new-services-then-build-359a
On branch main
Your branch and 'origin/main' have diverged,
and have 2 and 376 different commits each, respectively.

Changes not staged for commit:
  (use "git add <file>..." to update what will be committed)
  (use "git restore <file>..." to discard changes in working directory)
	modified:   incremental-merge.log

no changes added to commit (use "git add" and/or "git commit -a")
✅ Branch cursor/add-and-advertise-new-services-then-build-359a processed successfully
📊 Batch progress: 6 successful, 0 failed
📊 Overall progress: 16 successful, 0 failed, 0 conflicts resolved
---
📋 Processing branch 17/6467: cursor/add-and-advertise-new-services-then-build-39d5
🔄 Attempting to merge cursor/add-and-advertise-new-services-then-build-39d5...
Already up to date.
✅ Successfully merged cursor/add-and-advertise-new-services-then-build-39d5
On branch main
Your branch and 'origin/main' have diverged,
and have 2 and 376 different commits each, respectively.

Changes not staged for commit:
  (use "git add <file>..." to update what will be committed)
  (use "git restore <file>..." to discard changes in working directory)
	modified:   incremental-merge.log

no changes added to commit (use "git add" and/or "git commit -a")
✅ Branch cursor/add-and-advertise-new-services-then-build-39d5 processed successfully
📊 Batch progress: 7 successful, 0 failed
📊 Overall progress: 17 successful, 0 failed, 0 conflicts resolved
---
📋 Processing branch 18/6467: cursor/add-and-advertise-new-services-then-build-3ac9
🔄 Attempting to merge cursor/add-and-advertise-new-services-then-build-3ac9...
Already up to date.
✅ Successfully merged cursor/add-and-advertise-new-services-then-build-3ac9
On branch main
Your branch and 'origin/main' have diverged,
and have 2 and 376 different commits each, respectively.

Changes not staged for commit:
  (use "git add <file>..." to update what will be committed)
  (use "git restore <file>..." to discard changes in working directory)
	modified:   incremental-merge.log

no changes added to commit (use "git add" and/or "git commit -a")
✅ Branch cursor/add-and-advertise-new-services-then-build-3ac9 processed successfully
📊 Batch progress: 8 successful, 0 failed
📊 Overall progress: 18 successful, 0 failed, 0 conflicts resolved
---
📋 Processing branch 19/6467: cursor/add-and-advertise-new-services-then-build-3bf4
🔄 Attempting to merge cursor/add-and-advertise-new-services-then-build-3bf4...
Already up to date.
✅ Successfully merged cursor/add-and-advertise-new-services-then-build-3bf4
On branch main
Your branch and 'origin/main' have diverged,
and have 2 and 376 different commits each, respectively.

Changes not staged for commit:
  (use "git add <file>..." to update what will be committed)
  (use "git restore <file>..." to discard changes in working directory)
	modified:   incremental-merge.log

no changes added to commit (use "git add" and/or "git commit -a")
✅ Branch cursor/add-and-advertise-new-services-then-build-3bf4 processed successfully
📊 Batch progress: 9 successful, 0 failed
📊 Overall progress: 19 successful, 0 failed, 0 conflicts resolved
---
📋 Processing branch 20/6467: cursor/add-and-advertise-new-services-then-build-3f02
🔄 Attempting to merge cursor/add-and-advertise-new-services-then-build-3f02...
Already up to date.
✅ Successfully merged cursor/add-and-advertise-new-services-then-build-3f02
On branch main
Your branch and 'origin/main' have diverged,
and have 2 and 376 different commits each, respectively.

Changes not staged for commit:
  (use "git add <file>..." to update what will be committed)
  (use "git restore <file>..." to discard changes in working directory)
	modified:   incremental-merge.log

no changes added to commit (use "git add" and/or "git commit -a")
✅ Branch cursor/add-and-advertise-new-services-then-build-3f02 processed successfully
📊 Batch progress: 10 successful, 0 failed
📊 Overall progress: 20 successful, 0 failed, 0 conflicts resolved
---
💾 Pushing batch changes to remote...
✅ Batch 2 completed: 10 successful, 0 failed
---
✅ Batch 2 completed successfully


⏸️  Pausing batch processing. You can resume later.

🎉 Incremental merge conflict resolution completed!
📊 Summary:
   ✅ Successful merges: 20
   ❌ Failed merges: 0
   🔧 Conflicts resolved: 0
   ⏭️  Skipped branches: 0
   📦 Batches processed: 2
   🔒 Backup branch: backup-main-20250912-073949
⏰ Completed at: Fri Sep 12 07:40:20 AM UTC 2025

🧹 Cleanup recommendations:
   1. Review the merged changes: git log --oneline -20
   2. Test the application thoroughly
   3. Delete the backup branch when satisfied: git push origin --delete backup-main-20250912-073949
   4. Consider cleaning up old feature branches
   5. Run the script again to process remaining branches if needed
