nohup: ignoring input
! Corepack is about to download https://registry.npmjs.org/pnpm/-/pnpm-10.17.1.tgz
Lockfile is up to date, resolution step is skipped
Progress: resolved 1, reused 0, downloaded 0, added 0
Packages: +715
++++++++++++++++++++++++++++++++++++++++++++++++++++++++++++++++++++++++++++++++
Progress: resolved 715, reused 0, downloaded 167, added 113
Progress: resolved 715, reused 0, downloaded 366, added 284
Progress: resolved 715, reused 0, downloaded 659, added 622
Progress: resolved 715, reused 0, downloaded 715, added 715, done

dependencies:
+ @tailwindcss/postcss 4.1.13
+ @types/recharts 2.0.1
+ axios 1.12.2
+ clsx 2.1.1
+ framer-motion 12.23.22
+ lucide-react 0.544.0
+ optional 0.1.4
+ react 18.3.1
+ react-dom 18.3.1
+ react-helmet-async 2.0.5
+ react-router-dom 7.9.3
+ recharts 3.2.1
+ tailwind-merge 3.3.1
+ web-vitals 5.1.0

devDependencies:
+ @eslint/js 9.36.0
+ @testing-library/dom 10.4.1
+ @testing-library/jest-dom 6.8.0
+ @testing-library/react 16.3.0
+ @types/jest 30.0.0
+ @types/node 24.5.2
+ @types/react 19.1.14
+ @types/react-dom 19.1.9
+ @types/react-helmet 6.1.11
+ @typescript-eslint/eslint-plugin 8.44.1
+ @typescript-eslint/parser 8.44.1
+ @vitejs/plugin-react 5.0.4
+ autoprefixer 10.4.21
+ eslint 9.36.0
+ eslint-plugin-react 7.37.5
+ eslint-plugin-react-hooks 5.2.0
+ eslint-plugin-react-refresh 0.4.22
+ identity-obj-proxy 3.0.0
+ jest 30.2.0
+ jest-environment-jsdom 30.2.0
+ netlify-plugin-cloudinary 1.17.0
+ postcss 8.5.6
+ prettier 3.6.2
+ rollup-plugin-visualizer 6.0.3
+ tailwindcss 4.1.13
+ terser 5.44.0
+ ts-jest 29.4.4
+ typescript 5.9.2
+ vite 6.3.6
+ vite-bundle-analyzer 1.2.3

Done in 4.1s using pnpm v10.17.1
