🚀 Starting comprehensive merge of all open PRs...
⏰ Started at: Mon Sep  8 11:43:36 AM UTC 2025
---
🔒 Creating backup branch: backup-main-20250908-114336
Your branch is up to date with 'origin/main'.
2025-09-08 11:43:37 - 📋 Fetching open PRs from GitHub...
2025-09-08 11:43:37 - 🔄 Processing open PRs...
2025-09-08 11:43:37 - 💾 Pushing final changes to remote...

🎉 Open PR merge process completed!
📊 Final Summary:
   ✅ Successful merges: 0
   ❌ Failed merges: 0
   🔧 Conflicts resolved: 0
   ⏭️  Draft PRs skipped: 0
   🔒 Backup branch: backup-main-20250908-114336
⏰ Completed at: Mon Sep  8 11:43:38 AM UTC 2025

🧹 Cleanup recommendations:
   1. Review the merged changes: git log --oneline -20
   2. Test the application thoroughly
   3. Delete the backup branch when satisfied: git push origin --delete backup-main-20250908-114336
   4. Consider cleaning up old feature branches
   5. Run tests to ensure everything works correctly
