🚀 Starting comprehensive PR merge process...
⏰ Started at: 2025-09-29 09:26:40.812457
==================================================
🔄 Switching to main branch...
📥 Pulling latest changes from main...
🔎 Fetching open PRs for Zion-Holdings/zion.app...
ℹ️ No PRs from API or token missing. Falling back to git refs for PR heads...
📋 Found 30 open PR(s) to process.

==================================================
🔄 Processing PR #23678 from branch/ref: refs/pull/23678/head
==================================================
🔄 Attempting to merge branch: pr-23678 (PR #23678)...
📍 Using local branch pr-23678
✅ Successfully merged pr-23678
✅ PR #23678 processed successfully
==================================================


==================================================
🔄 Processing PR #23677 from branch/ref: refs/pull/23677/head
==================================================
🔄 Attempting to merge branch: pr-23677 (PR #23677)...
📍 Using local branch pr-23677
✅ Successfully merged pr-23677
✅ PR #23677 processed successfully
==================================================


==================================================
🔄 Processing PR #23676 from branch/ref: refs/pull/23676/head
==================================================
🔄 Attempting to merge branch: pr-23676 (PR #23676)...
📍 Using local branch pr-23676
✅ Successfully merged pr-23676
✅ PR #23676 processed successfully
==================================================


==================================================
🔄 Processing PR #23675 from branch/ref: refs/pull/23675/head
==================================================
🔄 Attempting to merge branch: pr-23675 (PR #23675)...
📍 Using local branch pr-23675
✅ Successfully merged pr-23675
✅ PR #23675 processed successfully
==================================================


==================================================
🔄 Processing PR #23674 from branch/ref: refs/pull/23674/head
==================================================
🔄 Attempting to merge branch: pr-23674 (PR #23674)...
📍 Using local branch pr-23674
✅ Successfully merged pr-23674
✅ PR #23674 processed successfully
==================================================


==================================================
🔄 Processing PR #23673 from branch/ref: refs/pull/23673/head
==================================================
🔄 Attempting to merge branch: pr-23673 (PR #23673)...
📍 Using local branch pr-23673
✅ Successfully merged pr-23673
✅ PR #23673 processed successfully
==================================================


==================================================
🔄 Processing PR #23672 from branch/ref: refs/pull/23672/head
==================================================
🔄 Attempting to merge branch: pr-23672 (PR #23672)...
📍 Using local branch pr-23672
✅ Successfully merged pr-23672
✅ PR #23672 processed successfully
==================================================


==================================================
🔄 Processing PR #23671 from branch/ref: refs/pull/23671/head
==================================================
🔄 Attempting to merge branch: pr-23671 (PR #23671)...
📍 Using local branch pr-23671
✅ Successfully merged pr-23671
✅ PR #23671 processed successfully
==================================================


==================================================
🔄 Processing PR #23670 from branch/ref: refs/pull/23670/head
==================================================
🔄 Attempting to merge branch: pr-23670 (PR #23670)...
📍 Using local branch pr-23670
✅ Successfully merged pr-23670
✅ PR #23670 processed successfully
==================================================


==================================================
🔄 Processing PR #23669 from branch/ref: refs/pull/23669/head
==================================================
🔄 Attempting to merge branch: pr-23669 (PR #23669)...
📍 Using local branch pr-23669
✅ Successfully merged pr-23669
✅ PR #23669 processed successfully
==================================================


==================================================
🔄 Processing PR #23668 from branch/ref: refs/pull/23668/head
==================================================
🔄 Attempting to merge branch: pr-23668 (PR #23668)...
📍 Using local branch pr-23668
✅ Successfully merged pr-23668
✅ PR #23668 processed successfully
==================================================


==================================================
🔄 Processing PR #23667 from branch/ref: refs/pull/23667/head
==================================================
🔄 Attempting to merge branch: pr-23667 (PR #23667)...
📍 Using local branch pr-23667
✅ Successfully merged pr-23667
✅ PR #23667 processed successfully
==================================================


==================================================
🔄 Processing PR #23666 from branch/ref: refs/pull/23666/head
==================================================
🔄 Attempting to merge branch: pr-23666 (PR #23666)...
📍 Using local branch pr-23666
✅ Successfully merged pr-23666
✅ PR #23666 processed successfully
==================================================


==================================================
🔄 Processing PR #23665 from branch/ref: refs/pull/23665/head
==================================================
🔄 Attempting to merge branch: pr-23665 (PR #23665)...
📍 Using local branch pr-23665
✅ Successfully merged pr-23665
✅ PR #23665 processed successfully
==================================================


==================================================
🔄 Processing PR #23664 from branch/ref: refs/pull/23664/head
==================================================
🔄 Attempting to merge branch: pr-23664 (PR #23664)...
📍 Using local branch pr-23664
✅ Successfully merged pr-23664
✅ PR #23664 processed successfully
==================================================


==================================================
🔄 Processing PR #23663 from branch/ref: refs/pull/23663/head
==================================================
🔄 Attempting to merge branch: pr-23663 (PR #23663)...
📍 Using local branch pr-23663
✅ Successfully merged pr-23663
✅ PR #23663 processed successfully
==================================================


==================================================
🔄 Processing PR #23662 from branch/ref: refs/pull/23662/head
==================================================
🔄 Attempting to merge branch: pr-23662 (PR #23662)...
📍 Using local branch pr-23662
✅ Successfully merged pr-23662
✅ PR #23662 processed successfully
==================================================


==================================================
🔄 Processing PR #23661 from branch/ref: refs/pull/23661/head
==================================================
🔄 Attempting to merge branch: pr-23661 (PR #23661)...
📍 Using local branch pr-23661
✅ Successfully merged pr-23661
✅ PR #23661 processed successfully
==================================================


==================================================
🔄 Processing PR #23660 from branch/ref: refs/pull/23660/head
==================================================
🔄 Attempting to merge branch: pr-23660 (PR #23660)...
📍 Using local branch pr-23660
✅ Successfully merged pr-23660
✅ PR #23660 processed successfully
==================================================


==================================================
🔄 Processing PR #23659 from branch/ref: refs/pull/23659/head
==================================================
🔄 Attempting to merge branch: pr-23659 (PR #23659)...
📍 Using local branch pr-23659
✅ Successfully merged pr-23659
✅ PR #23659 processed successfully
==================================================


==================================================
🔄 Processing PR #23658 from branch/ref: refs/pull/23658/head
==================================================
🔄 Attempting to merge branch: pr-23658 (PR #23658)...
📍 Using local branch pr-23658
✅ Successfully merged pr-23658
✅ PR #23658 processed successfully
==================================================


==================================================
🔄 Processing PR #23657 from branch/ref: refs/pull/23657/head
==================================================
🔄 Attempting to merge branch: pr-23657 (PR #23657)...
📍 Using local branch pr-23657
✅ Successfully merged pr-23657
✅ PR #23657 processed successfully
==================================================


==================================================
🔄 Processing PR #23656 from branch/ref: refs/pull/23656/head
==================================================
🔄 Attempting to merge branch: pr-23656 (PR #23656)...
📍 Using local branch pr-23656
✅ Successfully merged pr-23656
✅ PR #23656 processed successfully
==================================================


==================================================
🔄 Processing PR #23655 from branch/ref: refs/pull/23655/head
==================================================
🔄 Attempting to merge branch: pr-23655 (PR #23655)...
📍 Using local branch pr-23655
✅ Successfully merged pr-23655
✅ PR #23655 processed successfully
==================================================


==================================================
🔄 Processing PR #23654 from branch/ref: refs/pull/23654/head
==================================================
🔄 Attempting to merge branch: pr-23654 (PR #23654)...
📍 Using local branch pr-23654
✅ Successfully merged pr-23654
✅ PR #23654 processed successfully
==================================================


==================================================
🔄 Processing PR #23653 from branch/ref: refs/pull/23653/head
==================================================
🔄 Attempting to merge branch: pr-23653 (PR #23653)...
📍 Using local branch pr-23653
✅ Successfully merged pr-23653
✅ PR #23653 processed successfully
==================================================


==================================================
🔄 Processing PR #23652 from branch/ref: refs/pull/23652/head
==================================================
🔄 Attempting to merge branch: pr-23652 (PR #23652)...
📍 Using local branch pr-23652
✅ Successfully merged pr-23652
✅ PR #23652 processed successfully
==================================================


==================================================
🔄 Processing PR #23651 from branch/ref: refs/pull/23651/head
==================================================
🔄 Attempting to merge branch: pr-23651 (PR #23651)...
📍 Using local branch pr-23651
✅ Successfully merged pr-23651
✅ PR #23651 processed successfully
==================================================


==================================================
🔄 Processing PR #23650 from branch/ref: refs/pull/23650/head
==================================================
🔄 Attempting to merge branch: pr-23650 (PR #23650)...
📍 Using local branch pr-23650
✅ Successfully merged pr-23650
✅ PR #23650 processed successfully
==================================================


==================================================
🔄 Processing PR #23649 from branch/ref: refs/pull/23649/head
==================================================
🔄 Attempting to merge branch: pr-23649 (PR #23649)...
📍 Using local branch pr-23649
✅ Successfully merged pr-23649
✅ PR #23649 processed successfully
==================================================

🔨 Testing build after merges...
✅ Build successful after merges
💾 Pushing changes to remote...
❌ Could not push to main: To https://github.com/Zion-Holdings/zion.app
 ! [rejected]                  main -> main (fetch first)
error: failed to push some refs to 'https://github.com/Zion-Holdings/zion.app'
hint: Updates were rejected because the remote contains work that you do not
hint: have locally. This is usually caused by another repository pushing to
hint: the same ref. If you want to integrate the remote changes, use
hint: 'git pull' before pushing again.
hint: See the 'Note about fast-forwards' in 'git push --help' for details.

