Starting merge of all cursor content branches...
Already on 'main'
Your branch is up to date with 'origin/main'.
From https://github.com/Zion-Holdings/zion.app
 * branch                      main       -> FETCH_HEAD
   28d0e7d8dec4..d78ed9921055  main       -> origin/main
Updating 28d0e7d8dec4..d78ed9921055
Fast-forward
 src/content/latest-articles.ts | 48 ++++++++++++++++++++++++++++++++++++++++++
 1 file changed, 48 insertions(+)

================================================
Attempting to merge: cursor/create-and-deploy-new-content-036e
================================================
Already up to date.
✅ Successfully merged: cursor/create-and-deploy-new-content-036e

================================================
Attempting to merge: cursor/create-and-deploy-new-content-09d4
================================================
Already up to date.
✅ Successfully merged: cursor/create-and-deploy-new-content-09d4

================================================
Attempting to merge: cursor/create-and-deploy-new-content-0ae6
================================================
Already up to date.
✅ Successfully merged: cursor/create-and-deploy-new-content-0ae6

================================================
Attempting to merge: cursor/create-and-deploy-new-content-2408
================================================
Already up to date.
✅ Successfully merged: cursor/create-and-deploy-new-content-2408

================================================
Attempting to merge: cursor/create-and-deploy-new-content-28ce
================================================
Already up to date.
✅ Successfully merged: cursor/create-and-deploy-new-content-28ce

================================================
Attempting to merge: cursor/create-and-deploy-new-content-31ce
================================================
Already up to date.
✅ Successfully merged: cursor/create-and-deploy-new-content-31ce

================================================
Attempting to merge: cursor/create-and-deploy-new-content-34b6
================================================
Already up to date.
✅ Successfully merged: cursor/create-and-deploy-new-content-34b6

================================================
Attempting to merge: cursor/create-and-deploy-new-content-3c7c
================================================
Already up to date.
✅ Successfully merged: cursor/create-and-deploy-new-content-3c7c

================================================
Attempting to merge: cursor/create-and-deploy-new-content-5cc2
================================================
Already up to date.
✅ Successfully merged: cursor/create-and-deploy-new-content-5cc2

================================================
Attempting to merge: cursor/create-and-deploy-new-content-62f0
================================================
Already up to date.
✅ Successfully merged: cursor/create-and-deploy-new-content-62f0

================================================
Attempting to merge: cursor/create-and-deploy-new-content-6c4b
================================================
Auto-merging src/content/case-studies-2025.ts
Auto-merging src/content/latest-articles.ts
CONFLICT (content): Merge conflict in src/content/latest-articles.ts
Auto-merging src/pages/Home.tsx
CONFLICT (content): Merge conflict in src/pages/Home.tsx
Automatic merge failed; fix conflicts and then commit the result.
⚠️  Merge conflict detected in: cursor/create-and-deploy-new-content-6c4b
Attempting auto-resolution (accepting theirs for new content)...
  Merging manually: src/content/latest-articles.ts
  Merging manually: src/pages/Home.tsx
[main c88ed1268350] Merge remote-tracking branch 'origin/cursor/create-and-deploy-new-content-6c4b'
✅ Conflict resolved and merged: cursor/create-and-deploy-new-content-6c4b

================================================
Attempting to merge: cursor/create-and-deploy-new-content-77b3
================================================
Already up to date.
✅ Successfully merged: cursor/create-and-deploy-new-content-77b3

================================================
Attempting to merge: cursor/create-and-deploy-new-content-8b17
================================================
Already up to date.
✅ Successfully merged: cursor/create-and-deploy-new-content-8b17

================================================
Attempting to merge: cursor/create-and-deploy-new-content-a1dc
================================================
Already up to date.
✅ Successfully merged: cursor/create-and-deploy-new-content-a1dc

================================================
Attempting to merge: cursor/create-and-deploy-new-content-ae79
================================================
Auto-merging src/components/LatestContentBanner2025.tsx
CONFLICT (content): Merge conflict in src/components/LatestContentBanner2025.tsx
Auto-merging src/content/case-studies-2025.ts
CONFLICT (content): Merge conflict in src/content/case-studies-2025.ts
Auto-merging src/content/latest-articles.ts
CONFLICT (content): Merge conflict in src/content/latest-articles.ts
Automatic merge failed; fix conflicts and then commit the result.
⚠️  Merge conflict detected in: cursor/create-and-deploy-new-content-ae79
Attempting auto-resolution (accepting theirs for new content)...
  Merging manually: src/components/LatestContentBanner2025.tsx
  Merging manually: src/content/case-studies-2025.ts
  Merging manually: src/content/latest-articles.ts
[main 3f49c03b8541] Merge remote-tracking branch 'origin/cursor/create-and-deploy-new-content-ae79'
✅ Conflict resolved and merged: cursor/create-and-deploy-new-content-ae79

================================================
Attempting to merge: cursor/create-and-deploy-new-content-b30b
================================================
Already up to date.
✅ Successfully merged: cursor/create-and-deploy-new-content-b30b

================================================
Attempting to merge: cursor/create-and-deploy-new-content-b4d4
================================================
Already up to date.
✅ Successfully merged: cursor/create-and-deploy-new-content-b4d4

================================================
Attempting to merge: cursor/create-and-deploy-new-content-b53a
================================================
Already up to date.
✅ Successfully merged: cursor/create-and-deploy-new-content-b53a

================================================
Attempting to merge: cursor/create-and-deploy-new-content-c1fe
================================================
Already up to date.
✅ Successfully merged: cursor/create-and-deploy-new-content-c1fe

================================================
Attempting to merge: cursor/create-and-deploy-new-content-c649
================================================
Already up to date.
✅ Successfully merged: cursor/create-and-deploy-new-content-c649

================================================
Attempting to merge: cursor/create-and-deploy-new-content-d672
================================================
Already up to date.
✅ Successfully merged: cursor/create-and-deploy-new-content-d672

================================================
Attempting to merge: cursor/create-and-deploy-new-content-dab7
================================================
Already up to date.
✅ Successfully merged: cursor/create-and-deploy-new-content-dab7

================================================
Attempting to merge: cursor/create-and-deploy-new-content-e799
================================================
Already up to date.
✅ Successfully merged: cursor/create-and-deploy-new-content-e799

================================================
Attempting to merge: cursor/create-and-deploy-new-content-fb1a
================================================
Already up to date.
✅ Successfully merged: cursor/create-and-deploy-new-content-fb1a

================================================
MERGE SUMMARY
================================================
Total branches: 24
Successful merges: 24
Merge conflicts (auto-resolved): 2
Failed merges: 0

Results saved to: merge-results-20250930-064822.log

Pushing to remote...
To https://github.com/Zion-Holdings/zion.app
   d78ed9921055..3f49c03b8541  main -> main
✅ Successfully pushed to remote!
✅ All merges complete!
