Starting batch at Tue Aug 26 10:22:20 AM UTC 2025
\n=== Attempting PR #refs/pull/1/head (19b765476b02bd7446a549aea85c1cc651644a8a) ===
CONFLICT (modify/delete): src/types/partners.ts deleted in HEAD and modified in 19b765476b02bd7446a549aea85c1cc651644a8a.  Version 19b765476b02bd7446a549aea85c1cc651644a8a of src/types/partners.ts left in tree.
CONFLICT (modify/delete): src/types/smart-contracts.ts deleted in HEAD and modified in 19b765476b02bd7446a549aea85c1cc651644a8a.  Version 19b765476b02bd7446a549aea85c1cc651644a8a of src/types/smart-contracts.ts left in tree.
CONFLICT (modify/delete): src/utils/notifications/createNotification.ts deleted in HEAD and modified in 19b765476b02bd7446a549aea85c1cc651644a8a.  Version 19b765476b02bd7446a549aea85c1cc651644a8a of src/utils/notifications/createNotification.ts left in tree.
CONFLICT (modify/delete): src/utils/profileConverter.ts deleted in HEAD and modified in 19b765476b02bd7446a549aea85c1cc651644a8a.  Version 19b765476b02bd7446a549aea85c1cc651644a8a of src/utils/profileConverter.ts left in tree.
Automatic merge failed; fix conflicts and then commit the result.
Conflict on PR #refs/pull/1/head; abort/reset
\n=== Attempting PR #refs/pull/10/head (ffc15af83bf52da024da8652765b083c2419206b) ===
Already up to date.
Merged PR #refs/pull/10/head
Everything up-to-date
Pushed main after PR #refs/pull/10/head
\n=== Attempting PR #refs/pull/100/head (64c6008822a36a4a766f7994bbcbd6f873c668de) ===
Already up to date.
Merged PR #refs/pull/100/head
Everything up-to-date
Pushed main after PR #refs/pull/100/head
\n=== Attempting PR #refs/pull/1000/head (6c7741363f12666430bd03d789ad1125bbd38014) ===
Already up to date.
Merged PR #refs/pull/1000/head
Everything up-to-date
Pushed main after PR #refs/pull/1000/head
\n=== Attempting PR #refs/pull/1001/head (28676b896e59fc11235f9f0bab6b5bec6fedb16d) ===
Already up to date.
Merged PR #refs/pull/1001/head
Everything up-to-date
Pushed main after PR #refs/pull/1001/head
\n=== Attempting PR #refs/pull/1002/head (4afee18dd05d15500ef2a93757276e741b871de9) ===
CONFLICT (file location): tests/ProductActions.test.tsx added in 4afee18dd05d15500ef2a93757276e741b871de9 inside a directory that was renamed in HEAD, suggesting it should perhaps be moved to tests.disabled/ProductActions.test.tsx.
Auto-merging tests.disabled/ProductActions.test.tsx
Automatic merge failed; fix conflicts and then commit the result.
Conflict on PR #refs/pull/1002/head; abort/reset
\n=== Attempting PR #refs/pull/1003/head (94c716e97db012a4559c8d86584df52aa99aa4ee) ===
Already up to date.
Merged PR #refs/pull/1003/head
Everything up-to-date
Pushed main after PR #refs/pull/1003/head
\n=== Attempting PR #refs/pull/1004/head (3ad7b0fb08fb948fe7b794618a38f04a6ccd9d30) ===
Already up to date.
Merged PR #refs/pull/1004/head
Everything up-to-date
Pushed main after PR #refs/pull/1004/head
\n=== Attempting PR #refs/pull/1005/head (93337d6b0b55eced3fb45494069c24afc2035d60) ===
