[2025-09-11T10:36:15.662Z] 🚀 Starting PR Merge Automation...
[2025-09-11T10:36:15.664Z] 📋 Found 2 open Pull Requests to process
[2025-09-11T10:36:15.664Z] 📥 Fetching all branches from remote...
[2025-09-11T10:36:15.664Z] 🚀 Fetch all branches: git fetch --all
[2025-09-11T10:36:17.056Z] ✅ Fetch all branches successful.
[2025-09-11T10:36:17.056Z] ✅ All branches fetched successfully
[2025-09-11T10:36:17.056Z] 🔄 Processing PR #12119: Expand services, advertise and build project
[2025-09-11T10:36:17.056Z] 🚀 Checkout PR #12119 branch: git checkout cursor/expand-services-advertise-and-build-project-c360
[2025-09-11T10:36:17.064Z] ❌ Checkout PR #12119 branch failed: Command failed: git checkout cursor/expand-services-advertise-and-build-project-c360
error: pathspec 'cursor/expand-services-advertise-and-build-project-c360' did not match any file(s) known to git

[2025-09-11T10:36:17.064Z] ❌ Failed to merge PR #12119: Command failed: git checkout cursor/expand-services-advertise-and-build-project-c360
error: pathspec 'cursor/expand-services-advertise-and-build-project-c360' did not match any file(s) known to git

[2025-09-11T10:36:17.064Z] 🔧 Attempting to resolve conflicts for PR #12119...
[2025-09-11T10:36:17.064Z] 🚀 Check git status: git status --porcelain
[2025-09-11T10:36:17.109Z] ✅ Check git status successful.
[2025-09-11T10:36:17.109Z] 🔄 Processing PR #12118: Fix Netlify build and merge to main
[2025-09-11T10:36:17.109Z] 🚀 Checkout PR #12118 branch: git checkout cursor/fix-netlify-build-and-merge-to-main-43d5
[2025-09-11T10:36:17.119Z] ❌ Checkout PR #12118 branch failed: Command failed: git checkout cursor/fix-netlify-build-and-merge-to-main-43d5
error: pathspec 'cursor/fix-netlify-build-and-merge-to-main-43d5' did not match any file(s) known to git

[2025-09-11T10:36:17.120Z] ❌ Failed to merge PR #12118: Command failed: git checkout cursor/fix-netlify-build-and-merge-to-main-43d5
error: pathspec 'cursor/fix-netlify-build-and-merge-to-main-43d5' did not match any file(s) known to git

[2025-09-11T10:36:17.120Z] 🔧 Attempting to resolve conflicts for PR #12118...
[2025-09-11T10:36:17.120Z] 🚀 Check git status: git status --porcelain
[2025-09-11T10:36:17.162Z] ✅ Check git status successful.
[2025-09-11T10:36:17.162Z] 🚀 Running comprehensive improvements...
[2025-09-11T10:36:17.162Z] 🚀 Comprehensive Automation Suite: node comprehensive-automation-suite-clean.cjs
[2025-09-11T10:36:17.187Z] ❌ Comprehensive Automation Suite failed: Command failed: node comprehensive-automation-suite-clean.cjs
node:internal/modules/cjs/loader:1404
  throw err;
  ^

Error: Cannot find module '/workspace/comprehensive-automation-suite-clean.cjs'
    at Function._resolveFilename (node:internal/modules/cjs/loader:1401:15)
    at defaultResolveImpl (node:internal/modules/cjs/loader:1057:19)
    at resolveForCJSWithHooks (node:internal/modules/cjs/loader:1062:22)
    at Function._load (node:internal/modules/cjs/loader:1211:37)
    at TracingChannel.traceSync (node:diagnostics_channel:322:14)
    at wrapModuleLoad (node:internal/modules/cjs/loader:235:24)
    at Function.executeUserEntryPoint [as runMain] (node:internal/modules/run_main:171:5)
    at node:internal/main/run_main_module:36:49 {
  code: 'MODULE_NOT_FOUND',
  requireStack: []
}

Node.js v22.16.0

[2025-09-11T10:36:17.188Z] ❌ Comprehensive improvements failed: Command failed: node comprehensive-automation-suite-clean.cjs
node:internal/modules/cjs/loader:1404
  throw err;
  ^

Error: Cannot find module '/workspace/comprehensive-automation-suite-clean.cjs'
    at Function._resolveFilename (node:internal/modules/cjs/loader:1401:15)
    at defaultResolveImpl (node:internal/modules/cjs/loader:1057:19)
    at resolveForCJSWithHooks (node:internal/modules/cjs/loader:1062:22)
    at Function._load (node:internal/modules/cjs/loader:1211:37)
    at TracingChannel.traceSync (node:diagnostics_channel:322:14)
    at wrapModuleLoad (node:internal/modules/cjs/loader:235:24)
    at Function.executeUserEntryPoint [as runMain] (node:internal/modules/run_main:171:5)
    at node:internal/main/run_main_module:36:49 {
  code: 'MODULE_NOT_FOUND',
  requireStack: []
}

Node.js v22.16.0

[2025-09-11T10:36:17.188Z] 
📊 PR MERGE AUTOMATION REPORT
[2025-09-11T10:36:17.188Z] ==============================
[2025-09-11T10:36:17.188Z] ✅ Successfully merged PRs: 0
[2025-09-11T10:36:17.188Z] ❌ Failed to merge PRs: 0
[2025-09-11T10:36:17.188Z] 
🎉 All Pull Requests have been successfully merged!
[2025-09-11T10:36:17.188Z] The main branch now contains all the latest changes and improvements.
[2025-09-11T12:35:16.435Z] 🚀 Starting PR Merge Automation...
[2025-09-11T12:35:16.437Z] 📋 Found 2 open Pull Requests to process
[2025-09-11T12:35:16.437Z] 📥 Fetching all branches from remote...
[2025-09-11T12:35:16.438Z] 🚀 Fetch all branches: git fetch --all
[2025-09-11T12:35:17.483Z] ✅ Fetch all branches successful.
[2025-09-11T12:35:17.484Z] ✅ All branches fetched successfully
[2025-09-11T12:35:17.484Z] 🔄 Processing PR #12119: Expand services, advertise and build project
[2025-09-11T12:35:17.484Z] 🚀 Checkout PR #12119 branch: git checkout cursor/expand-services-advertise-and-build-project-c360
[2025-09-11T12:35:17.497Z] ❌ Checkout PR #12119 branch failed: Command failed: git checkout cursor/expand-services-advertise-and-build-project-c360
error: pathspec 'cursor/expand-services-advertise-and-build-project-c360' did not match any file(s) known to git

[2025-09-11T12:35:17.498Z] ❌ Failed to merge PR #12119: Command failed: git checkout cursor/expand-services-advertise-and-build-project-c360
error: pathspec 'cursor/expand-services-advertise-and-build-project-c360' did not match any file(s) known to git

[2025-09-11T12:35:17.498Z] 🔧 Attempting to resolve conflicts for PR #12119...
[2025-09-11T12:35:17.498Z] 🚀 Check git status: git status --porcelain
[2025-09-11T12:35:17.564Z] ✅ Check git status successful.
[2025-09-11T12:35:17.564Z] 🔄 Processing PR #12118: Fix Netlify build and merge to main
[2025-09-11T12:35:17.564Z] 🚀 Checkout PR #12118 branch: git checkout cursor/fix-netlify-build-and-merge-to-main-43d5
[2025-09-11T12:35:17.584Z] ❌ Checkout PR #12118 branch failed: Command failed: git checkout cursor/fix-netlify-build-and-merge-to-main-43d5
error: pathspec 'cursor/fix-netlify-build-and-merge-to-main-43d5' did not match any file(s) known to git

[2025-09-11T12:35:17.584Z] ❌ Failed to merge PR #12118: Command failed: git checkout cursor/fix-netlify-build-and-merge-to-main-43d5
error: pathspec 'cursor/fix-netlify-build-and-merge-to-main-43d5' did not match any file(s) known to git

[2025-09-11T12:35:17.584Z] 🔧 Attempting to resolve conflicts for PR #12118...
[2025-09-11T12:35:17.584Z] 🚀 Check git status: git status --porcelain
[2025-09-11T12:35:17.651Z] ✅ Check git status successful.
[2025-09-11T12:35:17.651Z] 🚀 Running comprehensive improvements...
[2025-09-11T12:35:17.651Z] 🚀 Comprehensive Automation Suite: node comprehensive-automation-suite-clean.cjs
[2025-09-11T12:35:17.678Z] ❌ Comprehensive Automation Suite failed: Command failed: node comprehensive-automation-suite-clean.cjs
node:internal/modules/cjs/loader:1404
  throw err;
  ^

Error: Cannot find module '/workspace/comprehensive-automation-suite-clean.cjs'
    at Function._resolveFilename (node:internal/modules/cjs/loader:1401:15)
    at defaultResolveImpl (node:internal/modules/cjs/loader:1057:19)
    at resolveForCJSWithHooks (node:internal/modules/cjs/loader:1062:22)
    at Function._load (node:internal/modules/cjs/loader:1211:37)
    at TracingChannel.traceSync (node:diagnostics_channel:322:14)
    at wrapModuleLoad (node:internal/modules/cjs/loader:235:24)
    at Function.executeUserEntryPoint [as runMain] (node:internal/modules/run_main:171:5)
    at node:internal/main/run_main_module:36:49 {
  code: 'MODULE_NOT_FOUND',
  requireStack: []
}

Node.js v22.16.0

[2025-09-11T12:35:17.678Z] ❌ Comprehensive improvements failed: Command failed: node comprehensive-automation-suite-clean.cjs
node:internal/modules/cjs/loader:1404
  throw err;
  ^

Error: Cannot find module '/workspace/comprehensive-automation-suite-clean.cjs'
    at Function._resolveFilename (node:internal/modules/cjs/loader:1401:15)
    at defaultResolveImpl (node:internal/modules/cjs/loader:1057:19)
    at resolveForCJSWithHooks (node:internal/modules/cjs/loader:1062:22)
    at Function._load (node:internal/modules/cjs/loader:1211:37)
    at TracingChannel.traceSync (node:diagnostics_channel:322:14)
    at wrapModuleLoad (node:internal/modules/cjs/loader:235:24)
    at Function.executeUserEntryPoint [as runMain] (node:internal/modules/run_main:171:5)
    at node:internal/main/run_main_module:36:49 {
  code: 'MODULE_NOT_FOUND',
  requireStack: []
}

Node.js v22.16.0

[2025-09-11T12:35:17.678Z] 
📊 PR MERGE AUTOMATION REPORT
[2025-09-11T12:35:17.678Z] ==============================
[2025-09-11T12:35:17.678Z] ✅ Successfully merged PRs: 0
[2025-09-11T12:35:17.678Z] ❌ Failed to merge PRs: 0
[2025-09-11T12:35:17.678Z] 
🎉 All Pull Requests have been successfully merged!
[2025-09-11T12:35:17.678Z] The main branch now contains all the latest changes and improvements.
