🚀 Starting comprehensive PR merge process...
📊 Found 0 open PRs to process
📝 Logging to: pr_merge_process_20250924_190148.log
[2025-09-24 19:01:48] 🎯 Starting to process 0 open PRs...
[2025-09-24 19:01:48] 🏁 Process completed!
[2025-09-24 19:01:48] 📊 Final Statistics:
[2025-09-24 19:01:48]    Total PRs: 0
[2025-09-24 19:01:48]    Processed: 0
[2025-09-24 19:01:48]    Merged: 0
[2025-09-24 19:01:48]    Failed: 0
[2025-09-24 19:01:48]    Conflicts Resolved: 0
[main 717fbaad6a0d] Complete: processed 0/0 PRs (merged: 0, failed: 0, conflicts: 0)
 1 file changed, 0 insertions(+), 0 deletions(-)
 create mode 100644 pr_merge_run.out
🎉 PR merge process completed! Check pr_merge_process_20250924_190148.log for details.
🚀 Starting comprehensive PR merge process...
📊 Found 3 open PRs to process
📝 Logging to: pr_merge_process_20250924_190240.log
[2025-09-24 19:02:40] 🎯 Starting to process 3 open PRs...
[2025-09-24 19:02:40] 📊 Progress: 1/3 PRs processed
[2025-09-24 19:02:40] 🔍 Processing PR #23305...
[2025-09-24 19:02:41] 📋 PR #23305: Check, fix, push, and merge to main
[2025-09-24 19:02:41] 🌿 Head: cursor/check-fix-push-and-merge-to-main-68fd -> Base: main
[2025-09-24 19:02:41] 🌿 Creating local branch cursor/check-fix-push-and-merge-to-main-68fd
[2025-09-24 19:02:41] ❌ Failed to create local branch cursor/check-fix-push-and-merge-to-main-68fd
[2025-09-24 19:02:41] ❌ PR #23305 failed
[2025-09-24 19:02:43] 📊 Progress: 2/3 PRs processed
[2025-09-24 19:02:43] 🔍 Processing PR #23304...
[2025-09-24 19:02:43] 📋 PR #23304: Check, fix, push, and merge to main
[2025-09-24 19:02:43] 🌿 Head: cursor/check-fix-push-and-merge-to-main-80ff -> Base: main
[2025-09-24 19:02:43] 🌿 Creating local branch cursor/check-fix-push-and-merge-to-main-80ff
[2025-09-24 19:02:43] ❌ Failed to create local branch cursor/check-fix-push-and-merge-to-main-80ff
[2025-09-24 19:02:43] ❌ PR #23304 failed
[2025-09-24 19:02:45] 📊 Progress: 3/3 PRs processed
[2025-09-24 19:02:45] 🔍 Processing PR #23303...
[2025-09-24 19:02:46] 📋 PR #23303: Check, fix, push, and merge to main
[2025-09-24 19:02:46] 🌿 Head: cursor/check-fix-push-and-merge-to-main-e1da -> Base: main
[2025-09-24 19:02:46] 🌿 Creating local branch cursor/check-fix-push-and-merge-to-main-e1da
[2025-09-24 19:02:46] ❌ Failed to create local branch cursor/check-fix-push-and-merge-to-main-e1da
[2025-09-24 19:02:46] ❌ PR #23303 failed
[2025-09-24 19:02:48] 🏁 Process completed!
[2025-09-24 19:02:48] 📊 Final Statistics:
[2025-09-24 19:02:48]    Total PRs: 3
[2025-09-24 19:02:48]    Processed: 3
[2025-09-24 19:02:48]    Merged: 0
[2025-09-24 19:02:48]    Failed: 3
[2025-09-24 19:02:48]    Conflicts Resolved: 0
[main 182671f3114c] Complete: processed 3/3 PRs (merged: 0, failed: 3, conflicts: 0)
 3 files changed, 1097 insertions(+)
🎉 PR merge process completed! Check pr_merge_process_20250924_190240.log for details.
