0 verbose cli /home/ubuntu/.nvm/versions/node/v22.16.0/bin/node /home/ubuntu/.nvm/versions/node/v22.16.0/bin/npm
1 info using npm@10.9.2
2 info using node@v22.16.0
3 silly config load:file:/home/ubuntu/.nvm/versions/node/v22.16.0/lib/node_modules/npm/npmrc
4 silly config load:file:/workspace/node_modules/esbuild/lib/npm-install/.npmrc
5 silly config load:file:/home/ubuntu/.npmrc
6 silly config load:file:/home/ubuntu/.nvm/versions/node/v22.16.0/etc/npmrc
7 verbose title npm install @esbuild/linux-x64@0.25.9
8 verbose argv "install" "--loglevel" "error" "--prefer-offline" "--no-audit" "--progress" "false" "@esbuild/linux-x64@0.25.9"
9 verbose logfile logs-max:10 dir:/workspace/.npm-cache/_logs/2025-09-10T15_09_46_660Z-
10 verbose logfile /workspace/.npm-cache/_logs/2025-09-10T15_09_46_660Z-debug-0.log
11 silly logfile done cleaning log files
12 silly packumentCache heap:4345298944 maxSize:1086324736 maxEntrySize:543162368
13 silly idealTree buildDeps
14 silly fetch manifest @esbuild/linux-x64@0.25.9
15 silly packumentCache full:https://registry.npmjs.org/@esbuild%2flinux-x64 cache-miss
16 http fetch GET 200 https://registry.npmjs.org/@esbuild%2flinux-x64 107ms (cache miss)
17 silly packumentCache full:https://registry.npmjs.org/@esbuild%2flinux-x64 set size:undefined disposed:false
18 silly placeDep ROOT @esbuild/linux-x64@0.25.9 OK for:  want: 0.25.9
19 silly reify moves {}
20 http cache @esbuild/linux-x64@https://registry.npmjs.org/@esbuild/linux-x64/-/linux-x64-0.25.9.tgz 0ms (cache hit)
21 silly ADD node_modules/@esbuild/linux-x64
22 verbose cwd /workspace/node_modules/esbuild/lib/npm-install
23 verbose os Linux 6.1.147
24 verbose node v22.16.0
25 verbose npm  v10.9.2
26 verbose exit 0
27 info ok
