[2025-08-25T13:50:00.606Z] Starting autonomous-system-manager with args: ["start"]
[2025-08-25T13:50:15.611Z] heartbeat ok | rss=48373760 heapUsed=7109072
[2025-08-25T13:50:30.612Z] heartbeat ok | rss=48640000 heapUsed=7366032
[2025-08-25T13:50:45.611Z] heartbeat ok | rss=48971776 heapUsed=7672464
[2025-08-25T13:51:00.610Z] autonomous routine tick
[2025-08-25T13:51:00.611Z] heartbeat ok | rss=49430528 heapUsed=7260072
[2025-08-25T13:51:15.611Z] heartbeat ok | rss=49885184 heapUsed=7715480
[2025-08-25T13:51:30.611Z] heartbeat ok | rss=50089984 heapUsed=7405192
[2025-08-25T13:51:45.612Z] heartbeat ok | rss=50130944 heapUsed=7201896
[2025-08-25T13:52:00.611Z] autonomous routine tick
[2025-08-25T13:52:00.612Z] heartbeat ok | rss=50274304 heapUsed=7112696
[2025-08-25T13:52:05.911Z] Shutting down autonomous-system-manager gracefully...
[2025-08-25T13:52:06.341Z] Starting autonomous-system-manager with args: ["start"]
[2025-08-25T13:52:20.654Z] Shutting down autonomous-system-manager gracefully...
[2025-08-25T13:52:21.081Z] Starting autonomous-system-manager with args: ["start"]
[2025-08-25T13:52:36.085Z] heartbeat ok | rss=47194112 heapUsed=7090624
[2025-08-25T13:52:51.085Z] heartbeat ok | rss=47452160 heapUsed=7342592
[2025-08-25T13:53:06.085Z] heartbeat ok | rss=47783936 heapUsed=7647704
[2025-08-25T13:53:21.084Z] autonomous routine tick
[2025-08-25T13:53:21.086Z] heartbeat ok | rss=48242688 heapUsed=7221352
[2025-08-25T13:53:36.086Z] heartbeat ok | rss=48689152 heapUsed=7674304
[2025-08-25T13:53:51.086Z] heartbeat ok | rss=48922624 heapUsed=7358040
[2025-08-25T13:54:06.085Z] heartbeat ok | rss=48922624 heapUsed=7118080
[2025-08-25T13:54:08.329Z] Starting autonomous-system-manager with args: ["start"]
[2025-08-25T13:54:08.371Z] Shutting down autonomous-system-manager gracefully...
[2025-08-25T13:54:23.332Z] heartbeat ok | rss=48115712 heapUsed=7086072
[2025-08-25T13:54:38.333Z] heartbeat ok | rss=48373760 heapUsed=7343408
[2025-08-25T13:54:53.334Z] heartbeat ok | rss=48734208 heapUsed=7647136
[2025-08-25T13:55:08.389Z] autonomous routine tick
[2025-08-25T13:55:08.390Z] heartbeat ok | rss=49172480 heapUsed=7231888
[2025-08-25T13:55:23.391Z] heartbeat ok | rss=49643520 heapUsed=7704936
[2025-08-25T13:55:38.391Z] heartbeat ok | rss=49844224 heapUsed=7399232
[2025-08-25T13:55:53.392Z] heartbeat ok | rss=49856512 heapUsed=7163400
[2025-08-25T13:56:08.390Z] autonomous routine tick
[2025-08-25T13:56:08.391Z] heartbeat ok | rss=50053120 heapUsed=7915304
[2025-08-25T13:56:23.393Z] heartbeat ok | rss=50233344 heapUsed=7848288
[2025-08-25T13:56:38.393Z] heartbeat ok | rss=50233344 heapUsed=7878232
[2025-08-25T13:56:53.394Z] heartbeat ok | rss=50249728 heapUsed=7106136
[2025-08-25T13:57:08.389Z] autonomous routine tick
[2025-08-25T13:57:08.393Z] heartbeat ok | rss=50253824 heapUsed=7256440
[2025-08-25T13:57:23.393Z] heartbeat ok | rss=50253824 heapUsed=7488344
[2025-08-25T13:57:38.394Z] heartbeat ok | rss=50253824 heapUsed=7838392
[2025-08-25T13:58:23.394Z] heartbeat ok | rss=50302976 heapUsed=7717056
[2025-08-25T13:58:38.386Z] heartbeat ok | rss=50302976 heapUsed=7445304
[2025-08-25T13:58:53.384Z] heartbeat ok | rss=50302976 heapUsed=7352632
[2025-08-25T13:59:08.376Z] autonomous routine tick
[2025-08-25T13:59:08.383Z] heartbeat ok | rss=50302976 heapUsed=7255760
[2025-08-25T13:59:23.382Z] heartbeat ok | rss=50302976 heapUsed=7384392
[2025-08-25T13:59:38.384Z] heartbeat ok | rss=50331648 heapUsed=7529656
[2025-08-25T13:59:53.384Z] heartbeat ok | rss=50331648 heapUsed=7822712
[2025-08-25T14:00:08.376Z] autonomous routine tick
[2025-08-25T14:00:08.386Z] heartbeat ok | rss=50360320 heapUsed=7299768
[2025-08-25T14:00:23.386Z] heartbeat ok | rss=50364416 heapUsed=7893240
[2025-08-25T14:00:38.387Z] heartbeat ok | rss=50368512 heapUsed=7460032
[2025-08-25T14:00:53.387Z] heartbeat ok | rss=50368512 heapUsed=7963152
[2025-08-25T14:01:08.377Z] autonomous routine tick
[2025-08-25T14:01:08.386Z] heartbeat ok | rss=50745344 heapUsed=7673144
[2025-08-25T14:01:23.388Z] heartbeat ok | rss=50774016 heapUsed=7694352
[2025-08-25T14:01:38.389Z] heartbeat ok | rss=50774016 heapUsed=7715304
[2025-08-25T14:01:53.390Z] heartbeat ok | rss=52576256 heapUsed=7754456
[2025-08-25T14:02:08.384Z] autonomous routine tick
[2025-08-25T14:02:08.389Z] heartbeat ok | rss=52584448 heapUsed=7984024
[2025-08-25T14:02:23.389Z] heartbeat ok | rss=52584448 heapUsed=8003080
[2025-08-25T14:02:38.389Z] heartbeat ok | rss=52592640 heapUsed=8029392
[2025-08-25T14:02:53.389Z] heartbeat ok | rss=52629504 heapUsed=7637632
[2025-08-25T14:03:08.385Z] autonomous routine tick
[2025-08-25T14:03:08.390Z] heartbeat ok | rss=52633600 heapUsed=7440776
[2025-08-25T14:03:23.390Z] heartbeat ok | rss=52637696 heapUsed=7215104
[2025-08-25T14:03:38.390Z] heartbeat ok | rss=52645888 heapUsed=7928976
[2025-08-25T14:03:53.390Z] heartbeat ok | rss=52645888 heapUsed=7945752
[2025-08-25T14:04:08.385Z] autonomous routine tick
[2025-08-25T14:04:08.390Z] heartbeat ok | rss=52711424 heapUsed=7732168
[2025-08-25T14:15:23.391Z] heartbeat ok | rss=53346304 heapUsed=7807288
[2025-08-25T14:15:38.390Z] heartbeat ok | rss=53346304 heapUsed=7363352
[2025-08-25T14:15:53.389Z] heartbeat ok | rss=53510144 heapUsed=7825504
[2025-08-25T14:16:08.349Z] autonomous routine tick
[2025-08-25T14:16:08.389Z] heartbeat ok | rss=53510144 heapUsed=7389840
[2025-08-25T14:16:23.390Z] heartbeat ok | rss=53514240 heapUsed=7832040
[2025-08-25T14:16:38.390Z] heartbeat ok | rss=53514240 heapUsed=7386808
[2025-08-25T14:16:53.391Z] heartbeat ok | rss=53518336 heapUsed=7386392
[2025-08-25T14:17:08.348Z] autonomous routine tick
[2025-08-25T14:17:08.391Z] heartbeat ok | rss=53518336 heapUsed=7842184
[2025-08-25T14:17:23.393Z] heartbeat ok | rss=53522432 heapUsed=7391408
[2025-08-25T14:17:38.392Z] heartbeat ok | rss=53530624 heapUsed=7843688
[2025-08-25T14:17:53.393Z] heartbeat ok | rss=53530624 heapUsed=7400944
[2025-08-25T14:18:08.348Z] autonomous routine tick
[2025-08-25T14:18:08.393Z] heartbeat ok | rss=53530624 heapUsed=7890296
[2025-08-25T14:18:23.393Z] heartbeat ok | rss=53534720 heapUsed=7406192
[2025-08-25T14:18:38.393Z] heartbeat ok | rss=53538816 heapUsed=7406616
[2025-08-25T14:18:53.392Z] heartbeat ok | rss=53538816 heapUsed=7855672
[2025-08-25T14:19:03.543Z] Starting autonomous-system-manager with args: []
[2025-08-25T14:19:08.349Z] autonomous routine tick
[2025-08-25T14:19:08.392Z] heartbeat ok | rss=53547008 heapUsed=7914064
[2025-08-25T14:19:18.548Z] heartbeat ok | rss=30519296 heapUsed=3995840
[2025-08-25T14:19:23.392Z] heartbeat ok | rss=53555200 heapUsed=7419416
[2025-08-25T14:19:33.548Z] heartbeat ok | rss=30531584 heapUsed=4000792
[2025-08-25T14:19:38.393Z] heartbeat ok | rss=53555200 heapUsed=7626752
[2025-08-25T14:19:48.549Z] heartbeat ok | rss=30539776 heapUsed=4003352
[2025-08-25T14:19:53.393Z] heartbeat ok | rss=53555200 heapUsed=7628768
[2025-08-25T14:20:03.546Z] autonomous routine tick
[2025-08-25T14:20:03.549Z] heartbeat ok | rss=30593024 heapUsed=4017952
[2025-08-25T14:20:08.348Z] autonomous routine tick
[2025-08-25T14:20:08.393Z] heartbeat ok | rss=53559296 heapUsed=7878520
[2025-08-25T14:20:18.550Z] heartbeat ok | rss=30609408 heapUsed=4028352
[2025-08-25T14:20:23.394Z] heartbeat ok | rss=53559296 heapUsed=7427856
[2025-08-25T14:20:33.551Z] heartbeat ok | rss=30613504 heapUsed=4030736
[2025-08-25T14:20:38.395Z] heartbeat ok | rss=53710848 heapUsed=8251632
[2025-08-25T14:20:48.551Z] heartbeat ok | rss=30646272 heapUsed=4042760
[2025-08-25T14:20:53.395Z] heartbeat ok | rss=53714944 heapUsed=7435984
[2025-08-25T14:21:03.546Z] autonomous routine tick
[2025-08-25T14:21:03.551Z] heartbeat ok | rss=30740480 heapUsed=4086808
[2025-08-25T14:21:08.347Z] autonomous routine tick
[2025-08-25T14:21:08.396Z] heartbeat ok | rss=53714944 heapUsed=7682672
[2025-08-25T14:21:18.551Z] heartbeat ok | rss=30756864 heapUsed=4099672
[2025-08-25T14:21:23.396Z] heartbeat ok | rss=53719040 heapUsed=7851024
[2025-08-25T14:21:33.551Z] heartbeat ok | rss=30756864 heapUsed=4102152
[2025-08-25T14:21:38.396Z] heartbeat ok | rss=53764096 heapUsed=8276736
[2025-08-25T14:21:48.552Z] heartbeat ok | rss=30760960 heapUsed=4104096
[2025-08-25T14:21:53.396Z] heartbeat ok | rss=53768192 heapUsed=7698392
[2025-08-25T14:22:03.545Z] autonomous routine tick
[2025-08-25T14:22:03.552Z] heartbeat ok | rss=30777344 heapUsed=4109040
[2025-08-25T14:22:08.347Z] autonomous routine tick
[2025-08-25T14:22:08.396Z] heartbeat ok | rss=53768192 heapUsed=8139000
[2025-08-25T14:22:18.552Z] heartbeat ok | rss=30777344 heapUsed=4111104
[2025-08-25T14:22:23.396Z] heartbeat ok | rss=53768192 heapUsed=8122088
[2025-08-25T14:22:33.553Z] heartbeat ok | rss=30781440 heapUsed=4113144
[2025-08-25T14:22:38.397Z] heartbeat ok | rss=53772288 heapUsed=7534208
[2025-08-25T14:22:48.554Z] heartbeat ok | rss=30781440 heapUsed=4115208
[2025-08-25T14:22:53.398Z] heartbeat ok | rss=53772288 heapUsed=7663800
[2025-08-25T14:23:03.545Z] autonomous routine tick
[2025-08-25T14:23:03.555Z] heartbeat ok | rss=30785536 heapUsed=4120392
[2025-08-25T14:23:08.346Z] autonomous routine tick
[2025-08-25T14:23:08.397Z] heartbeat ok | rss=53776384 heapUsed=7878704
[2025-08-25T14:23:18.555Z] heartbeat ok | rss=30789632 heapUsed=4122488
[2025-08-25T14:23:23.399Z] heartbeat ok | rss=53776384 heapUsed=8284656
[2025-08-25T14:23:33.557Z] heartbeat ok | rss=30789632 heapUsed=4124672
[2025-08-25T14:23:38.398Z] heartbeat ok | rss=53784576 heapUsed=7464856
[2025-08-25T14:23:48.557Z] heartbeat ok | rss=30793728 heapUsed=4126728
[2025-08-25T14:23:53.399Z] heartbeat ok | rss=53784576 heapUsed=7877616
[2025-08-25T14:24:03.544Z] autonomous routine tick
[2025-08-25T14:24:03.557Z] heartbeat ok | rss=30797824 heapUsed=4131640
[2025-08-25T14:24:08.346Z] autonomous routine tick
[2025-08-25T14:24:08.399Z] heartbeat ok | rss=53784576 heapUsed=8093408
[2025-08-25T14:24:18.557Z] heartbeat ok | rss=30801920 heapUsed=4133720
[2025-08-25T14:24:23.400Z] heartbeat ok | rss=53788672 heapUsed=7676112
[2025-08-25T14:24:33.557Z] heartbeat ok | rss=30801920 heapUsed=4135800
[2025-08-25T14:24:38.400Z] heartbeat ok | rss=53792768 heapUsed=7952272
[2025-08-25T14:24:48.559Z] heartbeat ok | rss=30806016 heapUsed=4137856
[2025-08-25T14:24:53.401Z] heartbeat ok | rss=53792768 heapUsed=8297176
[2025-08-25T14:25:03.544Z] autonomous routine tick
[2025-08-25T14:25:03.559Z] heartbeat ok | rss=30822400 heapUsed=4149672
[2025-08-25T14:25:08.346Z] autonomous routine tick
[2025-08-25T14:25:08.401Z] heartbeat ok | rss=53792768 heapUsed=7483664
[2025-08-25T14:25:18.560Z] heartbeat ok | rss=30822400 heapUsed=4151752
[2025-08-25T14:25:23.401Z] heartbeat ok | rss=53796864 heapUsed=7685920
[2025-08-25T14:25:33.560Z] heartbeat ok | rss=30826496 heapUsed=4153808
[2025-08-25T14:25:38.400Z] heartbeat ok | rss=53796864 heapUsed=7959464
[2025-08-25T14:25:48.560Z] heartbeat ok | rss=30826496 heapUsed=4155888
[2025-08-25T14:25:53.401Z] heartbeat ok | rss=53800960 heapUsed=8306176
[2025-08-25T14:26:08.346Z] autonomous routine tick
[2025-08-25T14:26:08.401Z] heartbeat ok | rss=53800960 heapUsed=7901776
[2025-08-25T14:26:17.951Z] Starting Autonomous System Manager
[2025-08-25T14:26:17.954Z] Starting all enabled services...
[2025-08-25T14:26:17.954Z] [autonomous-system-manager] [2025-08-25T14:26:17.951Z] Starting Autonomous System Manager
[2025-08-25T14:26:17.954Z] Starting service: autonomous-system-manager
[2025-08-25T14:26:17.955Z] Error starting autonomous-system-manager: Cannot access 'process' before initialization
[2025-08-25T14:26:17.955Z] [autonomous-system-manager] [2025-08-25T14:26:17.954Z] Starting all enabled services...
[2025-08-25T14:26:17.954Z] Starting service: autonomous-system-manager
[2025-08-25T14:26:17.955Z] Error starting autonomous-system-manager: Cannot access 'process' before initialization
[2025-08-25T14:26:18.956Z] Starting service: ml-link-intelligence
[2025-08-25T14:26:18.956Z] Error starting ml-link-intelligence: Cannot access 'process' before initialization
[2025-08-25T14:26:18.956Z] [autonomous-system-manager] [2025-08-25T14:26:18.956Z] Starting service: ml-link-intelligence
[2025-08-25T14:26:18.957Z] [autonomous-system-manager] [2025-08-25T14:26:18.956Z] Error starting ml-link-intelligence: Cannot access 'process' before initialization
[2025-08-25T14:26:19.957Z] Starting service: link-health-scheduler
[2025-08-25T14:26:19.958Z] Error starting link-health-scheduler: Cannot access 'process' before initialization
[2025-08-25T14:26:19.958Z] [autonomous-system-manager] [2025-08-25T14:26:19.957Z] Starting service: link-health-scheduler
[2025-08-25T14:26:19.958Z] [autonomous-system-manager] [2025-08-25T14:26:19.958Z] Error starting link-health-scheduler: Cannot access 'process' before initialization
[2025-08-25T14:26:20.959Z] Starting service: real-time-performance-monitor
[2025-08-25T14:26:20.959Z] [autonomous-system-manager] [2025-08-25T14:26:20.959Z] Starting service: real-time-performance-monitor
[2025-08-25T14:26:20.959Z] Error starting real-time-performance-monitor: Cannot access 'process' before initialization
[2025-08-25T14:26:20.960Z] [autonomous-system-manager] [2025-08-25T14:26:20.959Z] Error starting real-time-performance-monitor: Cannot access 'process' before initialization
[2025-08-25T14:26:21.960Z] Started 0/4 services successfully
[2025-08-25T14:26:21.961Z] Autonomous System Manager is now running
[2025-08-25T14:26:21.961Z] [autonomous-system-manager] [2025-08-25T14:26:21.960Z] Started 0/4 services successfully
[2025-08-25T14:26:21.961Z] [autonomous-system-manager] [2025-08-25T14:26:21.961Z] Autonomous System Manager is now running
[2025-08-25T14:26:23.401Z] heartbeat ok | rss=53805056 heapUsed=8310648
[2025-08-25T14:26:38.401Z] heartbeat ok | rss=53805056 heapUsed=7738136
[2025-08-25T14:26:42.307Z] Starting Autonomous System Manager
[2025-08-25T14:26:42.314Z] Starting all enabled services...
[2025-08-25T14:26:42.314Z] Starting service: autonomous-system-manager
[2025-08-25T14:26:42.315Z] Error starting autonomous-system-manager: Cannot access 'process' before initialization
[2025-08-25T14:26:43.316Z] Starting service: ml-link-intelligence
[2025-08-25T14:26:43.316Z] Error starting ml-link-intelligence: Cannot access 'process' before initialization
[2025-08-25T14:26:44.318Z] Starting service: link-health-scheduler
[2025-08-25T14:26:44.318Z] Error starting link-health-scheduler: Cannot access 'process' before initialization
[2025-08-25T14:26:45.320Z] Starting service: real-time-performance-monitor
[2025-08-25T14:26:45.320Z] Error starting real-time-performance-monitor: Cannot access 'process' before initialization
[2025-08-25T14:26:46.322Z] Started 0/4 services successfully
[2025-08-25T14:26:46.322Z] Autonomous System Manager is now running
[2025-08-25T14:26:53.401Z] heartbeat ok | rss=53809152 heapUsed=8158520
[2025-08-25T14:27:08.346Z] autonomous routine tick
[2025-08-25T14:27:08.402Z] heartbeat ok | rss=53809152 heapUsed=7583288
[2025-08-25T14:27:23.403Z] heartbeat ok | rss=53813248 heapUsed=8164904
[2025-08-25T14:27:38.404Z] heartbeat ok | rss=53813248 heapUsed=7911528
[2025-08-25T14:27:53.404Z] heartbeat ok | rss=53813248 heapUsed=8325752
[2025-08-25T14:28:08.346Z] autonomous routine tick
[2025-08-25T14:28:08.405Z] heartbeat ok | rss=53817344 heapUsed=8123416
[2025-08-25T14:28:23.405Z] heartbeat ok | rss=53817344 heapUsed=8326056
[2025-08-25T14:28:38.405Z] heartbeat ok | rss=53821440 heapUsed=7505952
[2025-08-25T14:28:53.407Z] heartbeat ok | rss=53821440 heapUsed=7712864
[2025-08-25T14:29:08.346Z] autonomous routine tick
[2025-08-25T14:29:08.407Z] heartbeat ok | rss=53825536 heapUsed=7926448
[2025-08-25T14:29:23.408Z] heartbeat ok | rss=53825536 heapUsed=8331704
[2025-08-25T14:29:38.408Z] heartbeat ok | rss=53829632 heapUsed=7513800
[2025-08-25T14:29:53.419Z] heartbeat ok | rss=53829632 heapUsed=8128776
[2025-08-25T14:30:08.389Z] autonomous routine tick
[2025-08-25T14:30:08.419Z] heartbeat ok | rss=53833728 heapUsed=8138896
[2025-08-25T14:30:23.419Z] heartbeat ok | rss=53833728 heapUsed=8339144
[2025-08-25T14:30:38.551Z] heartbeat ok | rss=53837824 heapUsed=7765944
[2025-08-25T14:30:46.455Z] Periodic status check - all systems operational
[2025-08-25T14:30:53.551Z] heartbeat ok | rss=53837824 heapUsed=8181992
[2025-08-25T14:31:08.522Z] autonomous routine tick
[2025-08-25T14:31:08.552Z] heartbeat ok | rss=53841920 heapUsed=7777480
[2025-08-25T14:31:23.554Z] heartbeat ok | rss=53841920 heapUsed=8154376
[2025-08-25T14:31:38.555Z] heartbeat ok | rss=53846016 heapUsed=7604784
[2025-08-25T14:31:53.557Z] heartbeat ok | rss=53846016 heapUsed=8147064
[2025-08-25T14:32:08.525Z] autonomous routine tick
[2025-08-25T14:32:08.558Z] heartbeat ok | rss=53850112 heapUsed=7539424
[2025-08-25T14:32:23.558Z] heartbeat ok | rss=53850112 heapUsed=7739496
[2025-08-25T14:32:38.559Z] heartbeat ok | rss=53854208 heapUsed=7990272
[2025-08-25T14:32:53.559Z] heartbeat ok | rss=53854208 heapUsed=7537920
[2025-08-25T14:33:08.528Z] autonomous routine tick
[2025-08-25T14:33:08.560Z] heartbeat ok | rss=53854208 heapUsed=7960008
[2025-08-25T14:33:23.562Z] heartbeat ok | rss=53858304 heapUsed=7543496
[2025-08-25T14:33:38.563Z] heartbeat ok | rss=53862400 heapUsed=8364952
[2025-08-25T14:33:53.566Z] heartbeat ok | rss=53862400 heapUsed=7792600
[2025-08-25T14:34:08.530Z] autonomous routine tick
[2025-08-25T14:34:08.567Z] heartbeat ok | rss=53862400 heapUsed=8222352
[2025-08-25T14:34:23.570Z] heartbeat ok | rss=53866496 heapUsed=7627328
[2025-08-25T14:34:38.572Z] heartbeat ok | rss=53866496 heapUsed=8065304
[2025-08-25T14:34:53.573Z] heartbeat ok | rss=53870592 heapUsed=7553944
[2025-08-25T14:35:08.532Z] autonomous routine tick
[2025-08-25T14:35:08.575Z] heartbeat ok | rss=53870592 heapUsed=7810696
[2025-08-25T14:35:23.575Z] heartbeat ok | rss=53874688 heapUsed=8237432
[2025-08-25T14:35:38.575Z] heartbeat ok | rss=53874688 heapUsed=8071032
[2025-08-25T14:35:46.468Z] Periodic status check - all systems operational
[2025-08-25T14:35:53.576Z] heartbeat ok | rss=53878784 heapUsed=7561856
[2025-08-25T14:36:08.534Z] autonomous routine tick
[2025-08-25T14:36:08.577Z] heartbeat ok | rss=53878784 heapUsed=7983328
[2025-08-25T14:36:23.578Z] heartbeat ok | rss=53882880 heapUsed=7669680
[2025-08-25T14:36:38.580Z] heartbeat ok | rss=53882880 heapUsed=8054416
[2025-08-25T14:36:53.582Z] heartbeat ok | rss=53886976 heapUsed=8186104
[2025-08-25T14:55:38.753Z] heartbeat ok | rss=56532992 heapUsed=8422272
[2025-08-25T14:55:46.535Z] Periodic status check - all systems operational
[2025-08-25T14:55:53.753Z] heartbeat ok | rss=56537088 heapUsed=7808440
[2025-08-25T14:56:08.578Z] autonomous routine tick
[2025-08-25T14:56:08.754Z] heartbeat ok | rss=56537088 heapUsed=8023656
[2025-08-25T14:56:23.754Z] heartbeat ok | rss=56541184 heapUsed=8296472
[2025-08-25T14:56:38.756Z] heartbeat ok | rss=56545280 heapUsed=7814456
[2025-08-25T14:56:53.756Z] heartbeat ok | rss=56545280 heapUsed=8024032
[2025-08-25T14:57:08.581Z] autonomous routine tick
[2025-08-25T14:57:08.757Z] heartbeat ok | rss=56549376 heapUsed=8301632
[2025-08-25T14:57:23.759Z] heartbeat ok | rss=56549376 heapUsed=8471024
[2025-08-25T14:57:33.312Z] Starting Autonomous System Manager
[2025-08-25T14:57:33.317Z] Starting all enabled services...
[2025-08-25T14:57:33.318Z] Starting service: autonomous-system-manager
[2025-08-25T14:57:33.318Z] Error starting autonomous-system-manager: Cannot access 'process' before initialization
[2025-08-25T14:57:33.319Z] [autonomous-system-manager] [2025-08-25T14:57:33.312Z] Starting Autonomous System Manager
[2025-08-25T14:57:33.317Z] Starting all enabled services...
[2025-08-25T14:57:33.318Z] Starting service: autonomous-system-manager
[2025-08-25T14:57:33.318Z] Error starting autonomous-system-manager: Cannot access 'process' before initialization
[2025-08-25T14:57:34.319Z] Starting service: ml-link-intelligence
[2025-08-25T14:57:34.319Z] Error starting ml-link-intelligence: Cannot access 'process' before initialization
[2025-08-25T14:57:34.320Z] [autonomous-system-manager] [2025-08-25T14:57:34.319Z] Starting service: ml-link-intelligence
[2025-08-25T14:57:34.321Z] [autonomous-system-manager] [2025-08-25T14:57:34.319Z] Error starting ml-link-intelligence: Cannot access 'process' before initialization
[2025-08-25T14:57:35.321Z] Starting service: link-health-scheduler
[2025-08-25T14:57:35.321Z] Error starting link-health-scheduler: Cannot access 'process' before initialization
[2025-08-25T14:57:35.321Z] [autonomous-system-manager] [2025-08-25T14:57:35.321Z] Starting service: link-health-scheduler
[2025-08-25T14:57:35.322Z] [autonomous-system-manager] [2025-08-25T14:57:35.321Z] Error starting link-health-scheduler: Cannot access 'process' before initialization
[2025-08-25T14:57:36.322Z] Starting service: real-time-performance-monitor
[2025-08-25T14:57:36.323Z] [autonomous-system-manager] [2025-08-25T14:57:36.322Z] Starting service: real-time-performance-monitor
[2025-08-25T14:57:36.323Z] Error starting real-time-performance-monitor: Cannot access 'process' before initialization
[2025-08-25T14:57:36.323Z] [autonomous-system-manager] [2025-08-25T14:57:36.323Z] Error starting real-time-performance-monitor: Cannot access 'process' before initialization
[2025-08-25T14:57:37.324Z] Started 0/4 services successfully
[2025-08-25T14:57:37.324Z] Autonomous System Manager is now running
[2025-08-25T14:57:37.325Z] [autonomous-system-manager] [2025-08-25T14:57:37.324Z] Started 0/4 services successfully
[2025-08-25T14:57:37.325Z] [autonomous-system-manager] [2025-08-25T14:57:37.324Z] Autonomous System Manager is now running
[2025-08-25T14:57:38.762Z] heartbeat ok | rss=56553472 heapUsed=8232904
[2025-08-25T14:57:53.763Z] heartbeat ok | rss=56553472 heapUsed=8441096
[2025-08-25T14:58:08.586Z] autonomous routine tick
[2025-08-25T14:58:08.765Z] heartbeat ok | rss=56557568 heapUsed=7832736
[2025-08-25T14:58:23.766Z] heartbeat ok | rss=56557568 heapUsed=8036352
[2025-08-25T14:58:38.767Z] heartbeat ok | rss=56561664 heapUsed=8242840
[2025-08-25T14:58:53.768Z] heartbeat ok | rss=56561664 heapUsed=8448696
[2025-08-25T14:59:08.588Z] autonomous routine tick
[2025-08-25T14:59:08.769Z] heartbeat ok | rss=56565760 heapUsed=8456088
[2025-08-25T14:59:23.770Z] heartbeat ok | rss=56565760 heapUsed=8659712
[2025-08-25T14:59:38.771Z] heartbeat ok | rss=56569856 heapUsed=8312768
[2025-08-25T14:59:53.772Z] heartbeat ok | rss=56569856 heapUsed=8455800
[2025-08-25T15:00:06.720Z] Starting Autonomous System Manager
[2025-08-25T15:00:06.732Z] [autonomous-system-manager] [2025-08-25T15:00:06.720Z] Starting Autonomous System Manager
[2025-08-25T15:00:06.732Z] Starting all enabled services...
[2025-08-25T15:00:06.732Z] [autonomous-system-manager] [2025-08-25T15:00:06.732Z] Starting all enabled services...
[2025-08-25T15:00:06.733Z] Starting service: autonomous-system-manager
[2025-08-25T15:00:06.733Z] [autonomous-system-manager] [2025-08-25T15:00:06.733Z] Starting service: autonomous-system-manager
[2025-08-25T15:00:06.733Z] Error starting autonomous-system-manager: Cannot access 'process' before initialization
[2025-08-25T15:00:06.734Z] [autonomous-system-manager] [2025-08-25T15:00:06.733Z] Error starting autonomous-system-manager: Cannot access 'process' before initialization
[2025-08-25T15:00:07.735Z] Starting service: ml-link-intelligence
[2025-08-25T15:00:07.735Z] Error starting ml-link-intelligence: Cannot access 'process' before initialization
[2025-08-25T15:00:07.735Z] [autonomous-system-manager] [2025-08-25T15:00:07.735Z] Starting service: ml-link-intelligence
[2025-08-25T15:00:07.735Z] [autonomous-system-manager] [2025-08-25T15:00:07.735Z] Error starting ml-link-intelligence: Cannot access 'process' before initialization
[2025-08-25T15:00:07.759Z] Starting Autonomous System Manager
[2025-08-25T15:00:07.770Z] Starting all enabled services...
[2025-08-25T15:00:07.770Z] Starting service: autonomous-system-manager
[2025-08-25T15:00:07.771Z] Error starting autonomous-system-manager: Cannot access 'process' before initialization
[2025-08-25T15:00:08.591Z] autonomous routine tick
[2025-08-25T15:00:08.735Z] Starting service: link-health-scheduler
[2025-08-25T15:00:08.736Z] Error starting link-health-scheduler: Cannot access 'process' before initialization
[2025-08-25T15:00:08.736Z] [autonomous-system-manager] [2025-08-25T15:00:08.735Z] Starting service: link-health-scheduler
[2025-08-25T15:00:08.736Z] [autonomous-system-manager] [2025-08-25T15:00:08.736Z] Error starting link-health-scheduler: Cannot access 'process' before initialization
[2025-08-25T15:00:08.771Z] Starting service: ml-link-intelligence
[2025-08-25T15:00:08.771Z] Error starting ml-link-intelligence: Cannot access 'process' before initialization
[2025-08-25T15:00:08.772Z] heartbeat ok | rss=56573952 heapUsed=8669216
[2025-08-25T15:00:09.737Z] Starting service: real-time-performance-monitor
[2025-08-25T15:00:09.737Z] [autonomous-system-manager] [2025-08-25T15:00:09.737Z] Starting service: real-time-performance-monitor
[2025-08-25T15:00:09.737Z] Error starting real-time-performance-monitor: Cannot access 'process' before initialization
[2025-08-25T15:00:09.738Z] [autonomous-system-manager] [2025-08-25T15:00:09.737Z] Error starting real-time-performance-monitor: Cannot access 'process' before initialization
[2025-08-25T15:00:09.772Z] Starting service: link-health-scheduler
[2025-08-25T15:00:09.772Z] Error starting link-health-scheduler: Cannot access 'process' before initialization
[2025-08-25T15:00:10.738Z] Started 0/4 services successfully
[2025-08-25T15:00:10.739Z] Autonomous System Manager is now running
[2025-08-25T15:00:10.739Z] [autonomous-system-manager] [2025-08-25T15:00:10.738Z] Started 0/4 services successfully
[2025-08-25T15:00:10.740Z] [autonomous-system-manager] [2025-08-25T15:00:10.739Z] Autonomous System Manager is now running
[2025-08-25T15:00:10.773Z] Starting service: real-time-performance-monitor
[2025-08-25T15:00:10.774Z] Error starting real-time-performance-monitor: Cannot access 'process' before initialization
[2025-08-25T15:00:11.776Z] Started 0/4 services successfully
[2025-08-25T15:00:11.776Z] Autonomous System Manager is now running
[2025-08-25T15:00:23.773Z] heartbeat ok | rss=56573952 heapUsed=7845496
[2025-08-25T15:00:26.477Z] Starting Autonomous System Manager
[2025-08-25T15:00:26.488Z] Starting all enabled services...
[2025-08-25T15:00:26.489Z] Starting service: autonomous-system-manager
[2025-08-25T15:00:26.490Z] Error starting autonomous-system-manager: Cannot access 'process' before initialization
[2025-08-25T15:00:27.492Z] Starting service: ml-link-intelligence
[2025-08-25T15:00:27.492Z] Error starting ml-link-intelligence: Cannot access 'process' before initialization
[2025-08-25T15:00:28.493Z] Starting service: link-health-scheduler
[2025-08-25T15:00:28.493Z] Error starting link-health-scheduler: Cannot access 'process' before initialization
[2025-08-25T15:00:29.494Z] Starting service: real-time-performance-monitor
[2025-08-25T15:00:29.495Z] Error starting real-time-performance-monitor: Cannot access 'process' before initialization
[2025-08-25T15:00:30.496Z] Started 0/4 services successfully
[2025-08-25T15:00:30.497Z] Autonomous System Manager is now running
[2025-08-25T15:00:37.331Z] Periodic status check - all systems operational
[2025-08-25T15:00:37.332Z] [autonomous-system-manager] [2025-08-25T15:00:37.331Z] Periodic status check - all systems operational
[2025-08-25T15:00:38.775Z] heartbeat ok | rss=56578048 heapUsed=8086128
[2025-08-25T15:00:46.602Z] Periodic status check - all systems operational
[2025-08-25T15:00:53.776Z] heartbeat ok | rss=56578048 heapUsed=8261344
[2025-08-25T15:01:08.594Z] autonomous routine tick
[2025-08-25T15:01:08.776Z] heartbeat ok | rss=56582144 heapUsed=8473136
[2025-08-25T15:01:23.778Z] heartbeat ok | rss=56590336 heapUsed=8266056
[2025-08-25T15:01:28.730Z] Shutting down Autonomous System Manager gracefully...
[2025-08-25T15:01:28.731Z] Stopping all services...
[2025-08-25T15:01:28.731Z] Stopped 0 services
[2025-08-25T15:01:28.734Z] [autonomous-system-manager] [2025-08-25T15:01:28.730Z] Shutting down Autonomous System Manager gracefully...
[2025-08-25T15:01:28.731Z] Stopping all services...
[2025-08-25T15:01:28.731Z] Stopped 0 services
[2025-08-25T15:01:38.780Z] heartbeat ok | rss=56590336 heapUsed=8268896
[2025-08-25T15:01:53.781Z] heartbeat ok | rss=56594432 heapUsed=8682456
[2025-08-25T15:02:02.166Z] Shutting down Autonomous System Manager gracefully...
[2025-08-25T15:02:02.166Z] Shutting down Autonomous System Manager gracefully...
[2025-08-25T15:02:02.166Z] Shutting down autonomous-system-manager gracefully...
[2025-08-25T15:02:02.166Z] Shutting down Autonomous System Manager gracefully...
[2025-08-25T15:02:02.167Z] Stopping all services...
[2025-08-25T15:02:02.167Z] Stopped 0 services
[2025-08-25T15:02:02.167Z] Stopping all services...
[2025-08-25T15:02:02.167Z] Stopped 0 services
[2025-08-25T15:02:02.167Z] Shutting down Autonomous System Manager gracefully...
[2025-08-25T15:02:02.167Z] Stopping all services...
[2025-08-25T15:02:02.167Z] Stopping all services...
[2025-08-25T15:02:02.167Z] [autonomous-system-manager] [2025-08-25T15:02:02.166Z] Shutting down Autonomous System Manager gracefully...
[2025-08-25T15:02:02.167Z] Stopped 0 services
[2025-08-25T15:02:02.168Z] Stopped 0 services
[2025-08-25T15:02:02.168Z] [autonomous-system-manager] [2025-08-25T15:02:02.167Z] Stopping all services...
[2025-08-25T15:02:02.168Z] [autonomous-system-manager] [2025-08-25T15:02:02.167Z] Stopped 0 services
[2025-08-25T15:02:07.581Z] Starting Autonomous System Manager
[2025-08-25T15:02:07.601Z] Starting all enabled services...
[2025-08-25T15:02:07.602Z] Starting service: autonomous-system-manager
[2025-08-25T15:02:07.599Z] Starting Autonomous System Manager
[2025-08-25T15:02:07.602Z] Error starting autonomous-system-manager: Cannot access 'process' before initialization
[2025-08-25T15:02:07.606Z] [autonomous-system-manager] [2025-08-25T15:02:07.599Z] Starting Autonomous System Manager
[2025-08-25T15:02:07.606Z] Starting all enabled services...
[2025-08-25T15:02:07.607Z] Starting service: autonomous-system-manager
[2025-08-25T15:02:07.607Z] Error starting autonomous-system-manager: Cannot access 'process' before initialization
[2025-08-25T15:02:07.607Z] [autonomous-system-manager] [2025-08-25T15:02:07.606Z] Starting all enabled services...
[2025-08-25T15:02:07.607Z] Starting service: autonomous-system-manager
[2025-08-25T15:02:07.607Z] Error starting autonomous-system-manager: Cannot access 'process' before initialization
[2025-08-25T15:02:07.603Z] Starting Autonomous System Manager
[2025-08-25T15:02:07.768Z] Starting all enabled services...
[2025-08-25T15:02:07.768Z] Starting service: autonomous-system-manager
[2025-08-25T15:02:07.768Z] Error starting autonomous-system-manager: Cannot access 'process' before initialization
[2025-08-25T15:02:08.610Z] Starting service: ml-link-intelligence
[2025-08-25T15:02:08.612Z] Starting service: ml-link-intelligence
[2025-08-25T15:02:08.612Z] Error starting ml-link-intelligence: Cannot access 'process' before initialization
[2025-08-25T15:02:08.612Z] Error starting ml-link-intelligence: Cannot access 'process' before initialization
[2025-08-25T15:02:08.613Z] [autonomous-system-manager] [2025-08-25T15:02:08.612Z] Starting service: ml-link-intelligence
[2025-08-25T15:02:08.617Z] [autonomous-system-manager] [2025-08-25T15:02:08.612Z] Error starting ml-link-intelligence: Cannot access 'process' before initialization
[2025-08-25T15:02:08.770Z] Starting service: ml-link-intelligence
[2025-08-25T15:02:08.775Z] Error starting ml-link-intelligence: Cannot access 'process' before initialization
[2025-08-25T15:02:09.617Z] Starting service: link-health-scheduler
[2025-08-25T15:02:09.618Z] Error starting link-health-scheduler: Cannot access 'process' before initialization
[2025-08-25T15:02:09.618Z] Starting service: link-health-scheduler
[2025-08-25T15:02:09.618Z] Error starting link-health-scheduler: Cannot access 'process' before initialization
[2025-08-25T15:02:09.619Z] [autonomous-system-manager] [2025-08-25T15:02:09.617Z] Starting service: link-health-scheduler
[2025-08-25T15:02:09.618Z] Error starting link-health-scheduler: Cannot access 'process' before initialization
[2025-08-25T15:02:09.848Z] Starting service: link-health-scheduler
[2025-08-25T15:02:09.849Z] Error starting link-health-scheduler: Cannot access 'process' before initialization
[2025-08-25T15:02:10.619Z] Starting service: real-time-performance-monitor
[2025-08-25T15:02:10.619Z] Error starting real-time-performance-monitor: Cannot access 'process' before initialization
[2025-08-25T15:02:10.620Z] Starting service: real-time-performance-monitor
[2025-08-25T15:02:10.620Z] [autonomous-system-manager] [2025-08-25T15:02:10.620Z] Starting service: real-time-performance-monitor
[2025-08-25T15:02:10.620Z] Error starting real-time-performance-monitor: Cannot access 'process' before initialization
[2025-08-25T15:02:10.623Z] [autonomous-system-manager] [2025-08-25T15:02:10.620Z] Error starting real-time-performance-monitor: Cannot access 'process' before initialization
[2025-08-25T15:02:10.850Z] Starting service: real-time-performance-monitor
[2025-08-25T15:02:10.851Z] Error starting real-time-performance-monitor: Cannot access 'process' before initialization
[2025-08-25T15:02:11.619Z] Started 0/4 services successfully
[2025-08-25T15:02:11.620Z] Autonomous System Manager is now running
[2025-08-25T15:02:11.628Z] Started 0/4 services successfully
[2025-08-25T15:02:11.628Z] Autonomous System Manager is now running
[2025-08-25T15:02:11.629Z] [autonomous-system-manager] [2025-08-25T15:02:11.628Z] Started 0/4 services successfully
[2025-08-25T15:02:11.628Z] Autonomous System Manager is now running
[2025-08-25T15:02:11.857Z] Started 0/4 services successfully
[2025-08-25T15:02:11.860Z] Autonomous System Manager is now running
[2025-08-25T15:02:34.632Z] Shutting down Autonomous System Manager gracefully...
[2025-08-25T15:02:34.632Z] Shutting down Autonomous System Manager gracefully...
[2025-08-25T15:02:34.632Z] Stopping all services...
[2025-08-25T15:02:34.633Z] Stopping all services...
[2025-08-25T15:02:34.634Z] Shutting down Autonomous System Manager gracefully...
[2025-08-25T15:02:34.634Z] Stopping all services...
[2025-08-25T15:02:34.634Z] Stopped 0 services
[2025-08-25T15:02:34.635Z] Stopped 0 services
[2025-08-25T15:02:34.635Z] [autonomous-system-manager] [2025-08-25T15:02:34.632Z] Shutting down Autonomous System Manager gracefully...
[2025-08-25T15:02:34.635Z] Stopped 0 services
[2025-08-25T15:02:34.636Z] [autonomous-system-manager] [2025-08-25T15:02:34.633Z] Stopping all services...
[2025-08-25T15:02:34.636Z] [autonomous-system-manager] [2025-08-25T15:02:34.635Z] Stopped 0 services
[2025-08-25T15:02:39.884Z] Starting Autonomous System Manager
[2025-08-25T15:02:39.884Z] Starting Autonomous System Manager
[2025-08-25T15:02:39.891Z] [autonomous-system-manager] [2025-08-25T15:02:39.884Z] Starting Autonomous System Manager
[2025-08-25T15:02:39.891Z] Starting all enabled services...
[2025-08-25T15:02:39.891Z] Starting all enabled services...
[2025-08-25T15:02:39.892Z] [autonomous-system-manager] [2025-08-25T15:02:39.891Z] Starting all enabled services...
[2025-08-25T15:02:39.892Z] Starting service: autonomous-system-manager
[2025-08-25T15:02:39.893Z] Starting service: autonomous-system-manager
[2025-08-25T15:02:39.893Z] Error starting autonomous-system-manager: Cannot access 'process' before initialization
[2025-08-25T15:02:39.893Z] [autonomous-system-manager] [2025-08-25T15:02:39.892Z] Starting service: autonomous-system-manager
[2025-08-25T15:02:39.893Z] Error starting autonomous-system-manager: Cannot access 'process' before initialization
[2025-08-25T15:02:39.894Z] [autonomous-system-manager] [2025-08-25T15:02:39.893Z] Error starting autonomous-system-manager: Cannot access 'process' before initialization
[2025-08-25T15:02:40.132Z] Starting Autonomous System Manager
[2025-08-25T15:02:40.136Z] Starting all enabled services...
[2025-08-25T15:02:40.137Z] Starting service: autonomous-system-manager
[2025-08-25T15:02:40.138Z] Error starting autonomous-system-manager: Cannot access 'process' before initialization
[2025-08-25T15:02:40.895Z] Starting service: ml-link-intelligence
[2025-08-25T15:02:40.895Z] Starting service: ml-link-intelligence
[2025-08-25T15:02:40.895Z] Error starting ml-link-intelligence: Cannot access 'process' before initialization
[2025-08-25T15:02:40.895Z] [autonomous-system-manager] [2025-08-25T15:02:40.895Z] Starting service: ml-link-intelligence
[2025-08-25T15:02:40.895Z] Error starting ml-link-intelligence: Cannot access 'process' before initialization
[2025-08-25T15:02:40.896Z] [autonomous-system-manager] [2025-08-25T15:02:40.895Z] Error starting ml-link-intelligence: Cannot access 'process' before initialization
[2025-08-25T15:02:41.143Z] Starting service: ml-link-intelligence
[2025-08-25T15:02:41.146Z] Error starting ml-link-intelligence: Cannot access 'process' before initialization
[2025-08-25T15:02:41.932Z] Starting service: link-health-scheduler
[2025-08-25T15:02:41.933Z] Starting service: link-health-scheduler
[2025-08-25T15:02:41.933Z] Error starting link-health-scheduler: Cannot access 'process' before initialization
[2025-08-25T15:02:41.933Z] Error starting link-health-scheduler: Cannot access 'process' before initialization
[2025-08-25T15:02:41.934Z] [autonomous-system-manager] [2025-08-25T15:02:41.932Z] Starting service: link-health-scheduler
[2025-08-25T15:02:41.934Z] [autonomous-system-manager] [2025-08-25T15:02:41.933Z] Error starting link-health-scheduler: Cannot access 'process' before initialization
[2025-08-25T15:02:42.148Z] Starting service: link-health-scheduler
[2025-08-25T15:02:42.149Z] Error starting link-health-scheduler: Cannot access 'process' before initialization
[2025-08-25T15:02:42.976Z] Starting service: real-time-performance-monitor
[2025-08-25T15:02:42.980Z] Starting service: real-time-performance-monitor
[2025-08-25T15:02:42.980Z] Error starting real-time-performance-monitor: Cannot access 'process' before initialization
[2025-08-25T15:02:42.981Z] Error starting real-time-performance-monitor: Cannot access 'process' before initialization
[2025-08-25T15:02:42.982Z] [autonomous-system-manager] [2025-08-25T15:02:42.976Z] Starting service: real-time-performance-monitor
[2025-08-25T15:02:42.980Z] Error starting real-time-performance-monitor: Cannot access 'process' before initialization
[2025-08-25T15:02:43.150Z] Starting service: real-time-performance-monitor
[2025-08-25T15:02:43.150Z] Error starting real-time-performance-monitor: Cannot access 'process' before initialization
[2025-08-25T15:02:43.982Z] Started 0/4 services successfully
[2025-08-25T15:02:43.982Z] Autonomous System Manager is now running
[2025-08-25T15:02:43.983Z] Started 0/4 services successfully
[2025-08-25T15:02:43.983Z] [autonomous-system-manager] [2025-08-25T15:02:43.982Z] Started 0/4 services successfully
[2025-08-25T15:02:43.984Z] [autonomous-system-manager] [2025-08-25T15:02:43.982Z] Autonomous System Manager is now running
[2025-08-25T15:02:43.984Z] Autonomous System Manager is now running
[2025-08-25T15:02:44.152Z] Started 0/4 services successfully
[2025-08-25T15:02:44.153Z] Autonomous System Manager is now running
[2025-08-25T15:04:03.372Z] Shutting down Autonomous System Manager gracefully...
[2025-08-25T15:04:03.372Z] Shutting down Autonomous System Manager gracefully...
[2025-08-25T15:04:03.372Z] Stopping all services...
[2025-08-25T15:04:03.372Z] Shutting down Autonomous System Manager gracefully...
[2025-08-25T15:04:03.373Z] Stopping all services...
[2025-08-25T15:04:03.373Z] [autonomous-system-manager] [2025-08-25T15:04:03.372Z] Shutting down Autonomous System Manager gracefully...
[2025-08-25T15:04:03.374Z] Stopped 0 services
[2025-08-25T15:04:03.374Z] Stopping all services...
[2025-08-25T15:04:03.374Z] [autonomous-system-manager] [2025-08-25T15:04:03.373Z] Stopping all services...
[2025-08-25T15:04:03.374Z] Stopped 0 services
[2025-08-25T15:04:03.375Z] Stopped 0 services
[2025-08-25T15:04:03.375Z] [autonomous-system-manager] [2025-08-25T15:04:03.374Z] Stopped 0 services
[2025-08-25T15:04:08.701Z] Starting Autonomous System Manager
[2025-08-25T15:04:08.702Z] Starting Autonomous System Manager
[2025-08-25T15:04:08.709Z] Starting all enabled services...
[2025-08-25T15:04:08.710Z] Starting service: autonomous-system-manager
[2025-08-25T15:04:08.711Z] Error starting autonomous-system-manager: Cannot access 'process' before initialization
[2025-08-25T15:04:08.712Z] [autonomous-system-manager] [2025-08-25T15:04:08.702Z] Starting Autonomous System Manager
[2025-08-25T15:04:08.712Z] Starting all enabled services...
[2025-08-25T15:04:08.713Z] [autonomous-system-manager] [2025-08-25T15:04:08.712Z] Starting all enabled services...
[2025-08-25T15:04:08.713Z] Starting service: autonomous-system-manager
[2025-08-25T15:04:08.713Z] [autonomous-system-manager] [2025-08-25T15:04:08.713Z] Starting service: autonomous-system-manager
[2025-08-25T15:04:08.714Z] Error starting autonomous-system-manager: Cannot access 'process' before initialization
[2025-08-25T15:04:08.714Z] [autonomous-system-manager] [2025-08-25T15:04:08.714Z] Error starting autonomous-system-manager: Cannot access 'process' before initialization
[2025-08-25T15:04:09.066Z] Starting Autonomous System Manager
[2025-08-25T15:04:09.249Z] Starting all enabled services...
[2025-08-25T15:04:09.250Z] Starting service: autonomous-system-manager
[2025-08-25T15:04:09.250Z] Error starting autonomous-system-manager: Cannot access 'process' before initialization
[2025-08-25T15:04:09.750Z] Starting service: ml-link-intelligence
[2025-08-25T15:04:09.750Z] Error starting ml-link-intelligence: Cannot access 'process' before initialization
[2025-08-25T15:04:09.751Z] Starting service: ml-link-intelligence
[2025-08-25T15:04:09.751Z] Error starting ml-link-intelligence: Cannot access 'process' before initialization
[2025-08-25T15:04:09.764Z] [autonomous-system-manager] [2025-08-25T15:04:09.751Z] Starting service: ml-link-intelligence
[2025-08-25T15:04:09.751Z] Error starting ml-link-intelligence: Cannot access 'process' before initialization
[2025-08-25T15:04:10.254Z] Starting service: ml-link-intelligence
[2025-08-25T15:04:10.254Z] Error starting ml-link-intelligence: Cannot access 'process' before initialization
[2025-08-25T15:04:10.758Z] Starting service: link-health-scheduler
[2025-08-25T15:04:10.758Z] Error starting link-health-scheduler: Cannot access 'process' before initialization
[2025-08-25T15:04:10.759Z] Starting service: link-health-scheduler
[2025-08-25T15:04:10.759Z] Error starting link-health-scheduler: Cannot access 'process' before initialization
[2025-08-25T15:04:10.760Z] [autonomous-system-manager] [2025-08-25T15:04:10.758Z] Starting service: link-health-scheduler
[2025-08-25T15:04:10.761Z] [autonomous-system-manager] [2025-08-25T15:04:10.758Z] Error starting link-health-scheduler: Cannot access 'process' before initialization
[2025-08-25T15:04:11.262Z] Starting service: link-health-scheduler
[2025-08-25T15:04:11.274Z] Error starting link-health-scheduler: Cannot access 'process' before initialization
[2025-08-25T15:04:11.834Z] Starting service: real-time-performance-monitor
[2025-08-25T15:04:11.838Z] Error starting real-time-performance-monitor: Cannot access 'process' before initialization
[2025-08-25T15:04:11.839Z] Starting service: real-time-performance-monitor
[2025-08-25T15:04:11.840Z] Error starting real-time-performance-monitor: Cannot access 'process' before initialization
[2025-08-25T15:04:11.849Z] [autonomous-system-manager] [2025-08-25T15:04:11.839Z] Starting service: real-time-performance-monitor
[2025-08-25T15:04:11.840Z] Error starting real-time-performance-monitor: Cannot access 'process' before initialization
[2025-08-25T15:04:12.277Z] Starting service: real-time-performance-monitor
[2025-08-25T15:04:12.278Z] Error starting real-time-performance-monitor: Cannot access 'process' before initialization
[2025-08-25T15:04:12.910Z] Started 0/4 services successfully
[2025-08-25T15:04:12.911Z] Autonomous System Manager is now running
[2025-08-25T15:04:12.921Z] Started 0/4 services successfully
[2025-08-25T15:04:12.923Z] Autonomous System Manager is now running
[2025-08-25T15:04:12.925Z] [autonomous-system-manager] [2025-08-25T15:04:12.921Z] Started 0/4 services successfully
[2025-08-25T15:04:12.931Z] [autonomous-system-manager] [2025-08-25T15:04:12.923Z] Autonomous System Manager is now running
[2025-08-25T15:04:13.298Z] Started 0/4 services successfully
[2025-08-25T15:04:13.301Z] Autonomous System Manager is now running
