Starting Enhanced Autonomous System...
[2025-08-25T15:00:06.218Z] [SYSTEM] Starting all enabled services...
[2025-08-25T15:00:06.412Z] [SYSTEM] Starting service: autonomous-system-manager
[2025-08-25T15:00:06.437Z] [SYSTEM] Service autonomous-system-manager started successfully
[2025-08-25T15:00:06.441Z] [SYSTEM] Starting service: ml-link-intelligence
[2025-08-25T15:00:06.465Z] [SYSTEM] Service ml-link-intelligence started successfully
[2025-08-25T15:00:06.468Z] [SYSTEM] Starting service: link-health-scheduler
[2025-08-25T15:00:06.475Z] [SYSTEM] Service link-health-scheduler started successfully
[2025-08-25T15:00:06.476Z] [SYSTEM] Starting service: real-time-performance-monitor
[2025-08-25T15:00:06.484Z] [SYSTEM] Service real-time-performance-monitor started successfully
[2025-08-25T15:00:06.732Z] [autonomous-system-manager] [2025-08-25T15:00:06.720Z] Starting Autonomous System Manager
[2025-08-25T15:00:06.732Z] [autonomous-system-manager] [2025-08-25T15:00:06.732Z] Starting all enabled services...
[2025-08-25T15:00:06.733Z] [autonomous-system-manager] [2025-08-25T15:00:06.733Z] Starting service: autonomous-system-manager
[2025-08-25T15:00:06.734Z] [autonomous-system-manager] [2025-08-25T15:00:06.733Z] Error starting autonomous-system-manager: Cannot access 'process' before initialization
[2025-08-25T15:00:06.741Z] [ml-link-intelligence] [2025-08-25T15:00:06.735Z] Starting ML Link Intelligence worker
[2025-08-25T15:00:06.742Z] [ml-link-intelligence] [2025-08-25T15:00:06.741Z] Added https://github.com to analysis queue
[2025-08-25T15:00:06.743Z] [ml-link-intelligence] [2025-08-25T15:00:06.742Z] Added https://stackoverflow.com to analysis queue
[2025-08-25T15:00:06.742Z] Added https://medium.com to analysis queue
[2025-08-25T15:00:06.742Z] Added https://dev.to to analysis queue
[2025-08-25T15:00:06.743Z] [ml-link-intelligence] [2025-08-25T15:00:06.742Z] Added https://wikipedia.org to analysis queue
[2025-08-25T15:00:06.743Z] [ml-link-intelligence] [2025-08-25T15:00:06.743Z] Processing queue with 5 links
[2025-08-25T15:00:06.744Z] [ml-link-intelligence] [2025-08-25T15:00:06.743Z] Analyzing link: https://github.com
[2025-08-25T15:00:06.760Z] [real-time-performance-monitor] [2025-08-25T15:00:06.753Z] Starting Real-Time Performance Monitor
[2025-08-25T15:00:06.761Z] [real-time-performance-monitor] [2025-08-25T15:00:06.760Z] Starting real-time performance monitoring
[2025-08-25T15:00:06.763Z] [real-time-performance-monitor] No metrics available
[2025-08-25T15:00:06.785Z] [link-health-scheduler] [2025-08-25T15:00:06.777Z] Starting Link Health Scheduler
[2025-08-25T15:00:06.784Z] Starting Link Health Scheduler
[2025-08-25T15:00:06.785Z] Scheduled check for homepage at Mon Aug 25 2025 12:05:06 GMT-0300 (Brasilia Standard Time)
[2025-08-25T15:00:06.786Z] [link-health-scheduler] [2025-08-25T15:00:06.786Z] Scheduled check for services at Mon Aug 25 2025 12:15:06 GMT-0300 (Brasilia Standard Time)
[2025-08-25T15:00:06.786Z] [link-health-scheduler] [2025-08-25T15:00:06.786Z] Scheduled check for about at Mon Aug 25 2025 13:00:06 GMT-0300 (Brasilia Standard Time)
[2025-08-25T15:00:06.787Z] [link-health-scheduler] [2025-08-25T15:00:06.787Z] Scheduled check for contact at Mon Aug 25 2025 12:15:06 GMT-0300 (Brasilia Standard Time)
[2025-08-25T15:00:06.787Z] Scheduled 4 links for health checks
[2025-08-25T15:00:06.788Z] [link-health-scheduler] [2025-08-25T15:00:06.788Z] Status: 4 jobs scheduled, 0 active
[2025-08-25T15:00:07.264Z] [ml-link-intelligence] [2025-08-25T15:00:07.263Z] Analysis complete for https://github.com: good (200)
[2025-08-25T15:00:07.735Z] [autonomous-system-manager] [2025-08-25T15:00:07.735Z] Starting service: ml-link-intelligence
[2025-08-25T15:00:07.735Z] [autonomous-system-manager] [2025-08-25T15:00:07.735Z] Error starting ml-link-intelligence: Cannot access 'process' before initialization
[2025-08-25T15:00:08.266Z] [ml-link-intelligence] [2025-08-25T15:00:08.265Z] Analyzing link: https://stackoverflow.com
[2025-08-25T15:00:08.333Z] [ml-link-intelligence] [2025-08-25T15:00:08.333Z] Analysis complete for https://stackoverflow.com: poor (403)
[2025-08-25T15:00:08.736Z] [autonomous-system-manager] [2025-08-25T15:00:08.735Z] Starting service: link-health-scheduler
[2025-08-25T15:00:08.736Z] [autonomous-system-manager] [2025-08-25T15:00:08.736Z] Error starting link-health-scheduler: Cannot access 'process' before initialization
[2025-08-25T15:00:09.394Z] [ml-link-intelligence] [2025-08-25T15:00:09.392Z] Analyzing link: https://medium.com
[2025-08-25T15:00:09.547Z] [ml-link-intelligence] [2025-08-25T15:00:09.546Z] Analysis complete for https://medium.com: good (200)
[2025-08-25T15:00:09.737Z] [autonomous-system-manager] [2025-08-25T15:00:09.737Z] Starting service: real-time-performance-monitor
[2025-08-25T15:00:09.738Z] [autonomous-system-manager] [2025-08-25T15:00:09.737Z] Error starting real-time-performance-monitor: Cannot access 'process' before initialization
[2025-08-25T15:00:10.548Z] [ml-link-intelligence] [2025-08-25T15:00:10.548Z] Analyzing link: https://dev.to
[2025-08-25T15:00:10.606Z] [ml-link-intelligence] [2025-08-25T15:00:10.606Z] Analysis complete for https://dev.to: poor (403)
[2025-08-25T15:00:10.739Z] [autonomous-system-manager] [2025-08-25T15:00:10.738Z] Started 0/4 services successfully
[2025-08-25T15:00:10.740Z] [autonomous-system-manager] [2025-08-25T15:00:10.739Z] Autonomous System Manager is now running
[2025-08-25T15:00:11.606Z] [ml-link-intelligence] [2025-08-25T15:00:11.606Z] Analyzing link: https://wikipedia.org
[2025-08-25T15:00:11.679Z] [ml-link-intelligence] [2025-08-25T15:00:11.679Z] Analysis complete for https://wikipedia.org: poor (403)
[2025-08-25T15:00:12.680Z] [ml-link-intelligence] [2025-08-25T15:00:12.680Z] Queue processing complete
[2025-08-25T15:00:12.681Z] [ml-link-intelligence] [2025-08-25T15:00:12.681Z] Health Report: Score 90, Links 5, Issues 3
[2025-08-25T15:00:36.494Z] [HEALTH] All services healthy
[2025-08-25T15:00:36.767Z] [real-time-performance-monitor] [2025-08-25T15:00:36.767Z] CRITICAL MEMORY ALERT: Memory usage critical: 95.30% - Memory pressure detected
[2025-08-25T15:00:36.768Z] [real-time-performance-monitor] [2025-08-25T15:00:36.767Z] ALERT [CRITICAL] Memory usage critical: 95.30%
[2025-08-25T15:00:36.768Z] [real-time-performance-monitor] [2025-08-25T15:00:36.768Z] metrics rss=30.80 MB heapUsed=4.32 MB cpuLoad=64.39 memUsage=95.30%
[2025-08-25T15:01:06.494Z] [HEALTH] All services healthy
[2025-08-25T15:01:06.772Z] [real-time-performance-monitor] [2025-08-25T15:01:06.766Z] CRITICAL MEMORY ALERT: Memory usage critical: 97.63% - Memory pressure detected
[2025-08-25T15:01:06.766Z] ALERT [CRITICAL] Memory usage critical: 97.63%
[2025-08-25T15:01:06.767Z] metrics rss=31.00 MB heapUsed=4.38 MB cpuLoad=51.98 memUsage=97.63%
[2025-08-25T15:01:06.798Z] [link-health-scheduler] [2025-08-25T15:01:06.794Z] Status: 4 jobs scheduled, 0 active
[2025-08-25T15:01:36.565Z] [HEALTH] All services healthy
[2025-08-25T15:01:36.767Z] [real-time-performance-monitor] [2025-08-25T15:01:36.767Z] ALERT [WARNING] Memory usage warning: 93.20%
[2025-08-25T15:01:36.768Z] [real-time-performance-monitor] [2025-08-25T15:01:36.767Z] metrics rss=31.07 MB heapUsed=4.44 MB cpuLoad=46.75 memUsage=93.20%
[2025-08-25T15:02:02.167Z] [autonomous-system-manager] [2025-08-25T15:02:02.166Z] Shutting down Autonomous System Manager gracefully...
[2025-08-25T15:02:02.168Z] [autonomous-system-manager] [2025-08-25T15:02:02.167Z] Stopping all services...
[2025-08-25T15:02:02.168Z] [autonomous-system-manager] [2025-08-25T15:02:02.167Z] Stopped 0 services
[2025-08-25T15:02:02.218Z] [ml-link-intelligence] [2025-08-25T15:02:02.217Z] Stopping ML Link Intelligence...
[2025-08-25T15:02:02.269Z] [link-health-scheduler] [2025-08-25T15:02:02.266Z] Stopping Link Health Scheduler...
[2025-08-25T15:02:02.274Z] [link-health-scheduler] [2025-08-25T15:02:02.268Z] Stopping Link Health Scheduler
[2025-08-25T15:02:02.281Z] [link-health-scheduler] [2025-08-25T15:02:02.275Z] All scheduled jobs cleared
[2025-08-25T15:02:02.293Z] [SYSTEM] Service autonomous-system-manager exited with code 0, signal null
[2025-08-25T15:02:02.293Z] [SYSTEM] Restarting autonomous-system-manager in 5000ms (attempt 1/5)
[2025-08-25T15:02:02.358Z] [real-time-performance-monitor] [2025-08-25T15:02:02.356Z] Stopping Real-Time Performance Monitor...
[2025-08-25T15:02:02.357Z] Stopping performance monitoring
[2025-08-25T15:02:06.567Z] [HEALTH] Health check issues found: Service autonomous-system-manager is enabled but not running
[2025-08-25T15:02:06.906Z] [SYSTEM] Service real-time-performance-monitor exited with code 0, signal null
[2025-08-25T15:02:06.906Z] [SYSTEM] Restarting real-time-performance-monitor in 10000ms (attempt 1/3)
[2025-08-25T15:02:06.914Z] [SYSTEM] Service link-health-scheduler exited with code 0, signal null
[2025-08-25T15:02:06.915Z] [SYSTEM] Restarting link-health-scheduler in 15000ms (attempt 1/3)
[2025-08-25T15:02:07.421Z] [SYSTEM] Starting service: autonomous-system-manager
[2025-08-25T15:02:07.425Z] [SYSTEM] Service autonomous-system-manager started successfully
[2025-08-25T15:02:07.606Z] [autonomous-system-manager] [2025-08-25T15:02:07.599Z] Starting Autonomous System Manager
[2025-08-25T15:02:07.607Z] [autonomous-system-manager] [2025-08-25T15:02:07.606Z] Starting all enabled services...
[2025-08-25T15:02:07.607Z] Starting service: autonomous-system-manager
[2025-08-25T15:02:07.607Z] Error starting autonomous-system-manager: Cannot access 'process' before initialization
[2025-08-25T15:02:08.613Z] [autonomous-system-manager] [2025-08-25T15:02:08.612Z] Starting service: ml-link-intelligence
[2025-08-25T15:02:08.617Z] [autonomous-system-manager] [2025-08-25T15:02:08.612Z] Error starting ml-link-intelligence: Cannot access 'process' before initialization
[2025-08-25T15:02:09.619Z] [autonomous-system-manager] [2025-08-25T15:02:09.617Z] Starting service: link-health-scheduler
[2025-08-25T15:02:09.618Z] Error starting link-health-scheduler: Cannot access 'process' before initialization
[2025-08-25T15:02:10.620Z] [autonomous-system-manager] [2025-08-25T15:02:10.620Z] Starting service: real-time-performance-monitor
[2025-08-25T15:02:10.623Z] [autonomous-system-manager] [2025-08-25T15:02:10.620Z] Error starting real-time-performance-monitor: Cannot access 'process' before initialization
[2025-08-25T15:02:11.629Z] [autonomous-system-manager] [2025-08-25T15:02:11.628Z] Started 0/4 services successfully
[2025-08-25T15:02:11.628Z] Autonomous System Manager is now running
[2025-08-25T15:02:12.756Z] [SYSTEM] Service ml-link-intelligence exited with code 0, signal null
[2025-08-25T15:02:12.756Z] [SYSTEM] Restarting ml-link-intelligence in 10000ms (attempt 1/3)
[2025-08-25T15:02:16.908Z] [SYSTEM] Starting service: real-time-performance-monitor
[2025-08-25T15:02:16.910Z] [SYSTEM] Service real-time-performance-monitor started successfully
[2025-08-25T15:02:17.052Z] [real-time-performance-monitor] [2025-08-25T15:02:17.034Z] Starting Real-Time Performance Monitor
[2025-08-25T15:02:17.049Z] Starting real-time performance monitoring
[2025-08-25T15:02:21.966Z] [SYSTEM] Starting service: link-health-scheduler
[2025-08-25T15:02:21.993Z] [SYSTEM] Service link-health-scheduler started successfully
[2025-08-25T15:02:22.409Z] [link-health-scheduler] [2025-08-25T15:02:22.284Z] Starting Link Health Scheduler
[2025-08-25T15:02:22.400Z] Starting Link Health Scheduler
[2025-08-25T15:02:22.445Z] [link-health-scheduler] [2025-08-25T15:02:22.400Z] Scheduled check for homepage at Mon Aug 25 2025 12:07:22 GMT-0300 (Brasilia Standard Time)
[2025-08-25T15:02:22.444Z] Scheduled check for services at Mon Aug 25 2025 12:17:22 GMT-0300 (Brasilia Standard Time)
[2025-08-25T15:02:22.476Z] [link-health-scheduler] [2025-08-25T15:02:22.444Z] Scheduled check for about at Mon Aug 25 2025 13:02:22 GMT-0300 (Brasilia Standard Time)
[2025-08-25T15:02:22.446Z] Scheduled check for contact at Mon Aug 25 2025 12:17:22 GMT-0300 (Brasilia Standard Time)
[2025-08-25T15:02:22.488Z] [link-health-scheduler] [2025-08-25T15:02:22.476Z] Scheduled 4 links for health checks
[2025-08-25T15:02:22.758Z] [SYSTEM] Starting service: ml-link-intelligence
[2025-08-25T15:02:22.760Z] [SYSTEM] Service ml-link-intelligence started successfully
[2025-08-25T15:02:22.997Z] [ml-link-intelligence] [2025-08-25T15:02:22.916Z] Starting ML Link Intelligence worker
[2025-08-25T15:02:23.019Z] [ml-link-intelligence] [2025-08-25T15:02:22.997Z] Added https://github.com to analysis queue
[2025-08-25T15:02:23.025Z] [ml-link-intelligence] [2025-08-25T15:02:23.018Z] Added https://stackoverflow.com to analysis queue
[2025-08-25T15:02:23.024Z] Added https://medium.com to analysis queue
[2025-08-25T15:02:23.024Z] Added https://dev.to to analysis queue
[2025-08-25T15:02:23.025Z] Added https://wikipedia.org to analysis queue
[2025-08-25T15:02:23.108Z] [ml-link-intelligence] [2025-08-25T15:02:23.026Z] Processing queue with 5 links
[2025-08-25T15:02:23.090Z] Analyzing link: https://github.com
[2025-08-25T15:02:23.380Z] [ml-link-intelligence] [2025-08-25T15:02:23.380Z] Analysis complete for https://github.com: good (200)
[2025-08-25T15:02:24.382Z] [ml-link-intelligence] [2025-08-25T15:02:24.382Z] Analyzing link: https://stackoverflow.com
[2025-08-25T15:02:24.483Z] [ml-link-intelligence] [2025-08-25T15:02:24.482Z] Analysis complete for https://stackoverflow.com: poor (403)
[2025-08-25T15:02:25.492Z] [ml-link-intelligence] [2025-08-25T15:02:25.488Z] Analyzing link: https://medium.com
[2025-08-25T15:02:25.711Z] [ml-link-intelligence] [2025-08-25T15:02:25.683Z] Analysis complete for https://medium.com: good (200)
[2025-08-25T15:02:26.727Z] [ml-link-intelligence] [2025-08-25T15:02:26.720Z] Analyzing link: https://dev.to
[2025-08-25T15:02:26.903Z] [ml-link-intelligence] [2025-08-25T15:02:26.900Z] Analysis complete for https://dev.to: poor (403)
[2025-08-25T15:02:27.908Z] [ml-link-intelligence] [2025-08-25T15:02:27.904Z] Analyzing link: https://wikipedia.org
[2025-08-25T15:02:27.979Z] [ml-link-intelligence] [2025-08-25T15:02:27.978Z] Analysis complete for https://wikipedia.org: poor (403)
[2025-08-25T15:02:28.983Z] [ml-link-intelligence] [2025-08-25T15:02:28.982Z] Queue processing complete
[2025-08-25T15:02:34.635Z] [autonomous-system-manager] [2025-08-25T15:02:34.632Z] Shutting down Autonomous System Manager gracefully...
[2025-08-25T15:02:34.636Z] [autonomous-system-manager] [2025-08-25T15:02:34.633Z] Stopping all services...
[2025-08-25T15:02:34.636Z] [autonomous-system-manager] [2025-08-25T15:02:34.635Z] Stopped 0 services
[2025-08-25T15:02:34.742Z] [ml-link-intelligence] [2025-08-25T15:02:34.738Z] Stopping ML Link Intelligence...
[2025-08-25T15:02:34.755Z] [SYSTEM] Service autonomous-system-manager exited with code 0, signal null
[2025-08-25T15:02:34.756Z] [SYSTEM] Restarting autonomous-system-manager in 5000ms (attempt 1/5)
[2025-08-25T15:02:34.897Z] [link-health-scheduler] [2025-08-25T15:02:34.896Z] Stopping Link Health Scheduler...
[2025-08-25T15:02:34.899Z] [link-health-scheduler] [2025-08-25T15:02:34.897Z] Stopping Link Health Scheduler
[2025-08-25T15:02:34.900Z] [link-health-scheduler] [2025-08-25T15:02:34.899Z] All scheduled jobs cleared
[2025-08-25T15:02:35.017Z] [real-time-performance-monitor] [2025-08-25T15:02:35.009Z] Stopping Real-Time Performance Monitor...
[2025-08-25T15:02:35.011Z] Stopping performance monitoring
[2025-08-25T15:02:36.796Z] [HEALTH] Health check issues found: Service autonomous-system-manager is enabled but not running
[2025-08-25T15:02:39.757Z] [SYSTEM] Starting service: autonomous-system-manager
[2025-08-25T15:02:39.759Z] [SYSTEM] Service autonomous-system-manager started successfully
[2025-08-25T15:02:39.891Z] [autonomous-system-manager] [2025-08-25T15:02:39.884Z] Starting Autonomous System Manager
[2025-08-25T15:02:39.892Z] [autonomous-system-manager] [2025-08-25T15:02:39.891Z] Starting all enabled services...
[2025-08-25T15:02:39.893Z] [autonomous-system-manager] [2025-08-25T15:02:39.892Z] Starting service: autonomous-system-manager
[2025-08-25T15:02:39.894Z] [autonomous-system-manager] [2025-08-25T15:02:39.893Z] Error starting autonomous-system-manager: Cannot access 'process' before initialization
[2025-08-25T15:02:40.895Z] [autonomous-system-manager] [2025-08-25T15:02:40.895Z] Starting service: ml-link-intelligence
[2025-08-25T15:02:40.896Z] [autonomous-system-manager] [2025-08-25T15:02:40.895Z] Error starting ml-link-intelligence: Cannot access 'process' before initialization
[2025-08-25T15:02:41.934Z] [autonomous-system-manager] [2025-08-25T15:02:41.932Z] Starting service: link-health-scheduler
[2025-08-25T15:02:41.934Z] [autonomous-system-manager] [2025-08-25T15:02:41.933Z] Error starting link-health-scheduler: Cannot access 'process' before initialization
[2025-08-25T15:02:42.586Z] [SYSTEM] Service link-health-scheduler exited with code 0, signal null
[2025-08-25T15:02:42.587Z] [SYSTEM] Restarting link-health-scheduler in 15000ms (attempt 1/3)
[2025-08-25T15:02:42.982Z] [autonomous-system-manager] [2025-08-25T15:02:42.976Z] Starting service: real-time-performance-monitor
[2025-08-25T15:02:42.980Z] Error starting real-time-performance-monitor: Cannot access 'process' before initialization
[2025-08-25T15:02:43.983Z] [autonomous-system-manager] [2025-08-25T15:02:43.982Z] Started 0/4 services successfully
[2025-08-25T15:02:43.984Z] [autonomous-system-manager] [2025-08-25T15:02:43.982Z] Autonomous System Manager is now running
[2025-08-25T15:02:57.592Z] [SYSTEM] Starting service: link-health-scheduler
[2025-08-25T15:02:57.595Z] [SYSTEM] Service link-health-scheduler started successfully
[2025-08-25T15:02:57.782Z] [link-health-scheduler] [2025-08-25T15:02:57.773Z] Starting Link Health Scheduler
[2025-08-25T15:02:57.784Z] [link-health-scheduler] [2025-08-25T15:02:57.783Z] Starting Link Health Scheduler
[2025-08-25T15:02:57.785Z] [link-health-scheduler] [2025-08-25T15:02:57.785Z] Scheduled check for homepage at Mon Aug 25 2025 12:07:57 GMT-0300 (Brasilia Standard Time)
[2025-08-25T15:02:57.787Z] [link-health-scheduler] [2025-08-25T15:02:57.785Z] Scheduled check for services at Mon Aug 25 2025 12:17:57 GMT-0300 (Brasilia Standard Time)
[2025-08-25T15:02:57.793Z] [link-health-scheduler] [2025-08-25T15:02:57.786Z] Scheduled check for about at Mon Aug 25 2025 13:02:57 GMT-0300 (Brasilia Standard Time)
[2025-08-25T15:02:57.794Z] [link-health-scheduler] [2025-08-25T15:02:57.788Z] Scheduled check for contact at Mon Aug 25 2025 12:17:57 GMT-0300 (Brasilia Standard Time)
[2025-08-25T15:02:57.793Z] Scheduled 4 links for health checks
[2025-08-25T15:03:06.798Z] [HEALTH] All services healthy
[2025-08-25T15:03:07.798Z] [link-health-scheduler] [2025-08-25T15:03:07.796Z] Status: 4 jobs scheduled, 0 active
[2025-08-25T15:03:17.064Z] [SYSTEM] Service real-time-performance-monitor exited with code 0, signal null
[2025-08-25T15:03:17.064Z] [SYSTEM] Restarting real-time-performance-monitor in 10000ms (attempt 1/3)
[2025-08-25T15:03:27.066Z] [SYSTEM] Starting service: real-time-performance-monitor
[2025-08-25T15:03:27.068Z] [SYSTEM] Service real-time-performance-monitor started successfully
[2025-08-25T15:03:27.246Z] [real-time-performance-monitor] [2025-08-25T15:03:27.237Z] Starting Real-Time Performance Monitor
[2025-08-25T15:03:27.248Z] [real-time-performance-monitor] [2025-08-25T15:03:27.246Z] Starting real-time performance monitoring
[2025-08-25T15:03:36.962Z] [HEALTH] All services healthy
[2025-08-25T15:03:57.293Z] [real-time-performance-monitor] [2025-08-25T15:03:57.290Z] ALERT [WARNING] Memory usage warning: 94.56%
[2025-08-25T15:03:57.294Z] [real-time-performance-monitor] [2025-08-25T15:03:57.293Z] metrics rss=30.59 MB heapUsed=4.28 MB cpuLoad=54.20 memUsage=94.56%
[2025-08-25T15:04:03.373Z] [autonomous-system-manager] [2025-08-25T15:04:03.372Z] Shutting down Autonomous System Manager gracefully...
[2025-08-25T15:04:03.374Z] [autonomous-system-manager] [2025-08-25T15:04:03.373Z] Stopping all services...
[2025-08-25T15:04:03.375Z] [autonomous-system-manager] [2025-08-25T15:04:03.374Z] Stopped 0 services
[2025-08-25T15:04:03.481Z] [SYSTEM] Service autonomous-system-manager exited with code 0, signal null
[2025-08-25T15:04:03.482Z] [SYSTEM] Restarting autonomous-system-manager in 5000ms (attempt 1/5)
[2025-08-25T15:04:03.496Z] [ml-link-intelligence] [2025-08-25T15:04:03.495Z] Stopping ML Link Intelligence...
[2025-08-25T15:04:03.605Z] [link-health-scheduler] [2025-08-25T15:04:03.604Z] Stopping Link Health Scheduler...
[2025-08-25T15:04:03.606Z] [link-health-scheduler] [2025-08-25T15:04:03.605Z] Stopping Link Health Scheduler
[2025-08-25T15:04:03.606Z] [link-health-scheduler] [2025-08-25T15:04:03.606Z] All scheduled jobs cleared
[2025-08-25T15:04:03.706Z] [real-time-performance-monitor] [2025-08-25T15:04:03.705Z] Stopping Real-Time Performance Monitor...
[2025-08-25T15:04:03.707Z] [real-time-performance-monitor] [2025-08-25T15:04:03.706Z] Stopping performance monitoring
[2025-08-25T15:04:06.963Z] [HEALTH] Health check issues found: Service autonomous-system-manager is enabled but not running
[2025-08-25T15:04:08.030Z] [SYSTEM] Service link-health-scheduler exited with code 0, signal null
[2025-08-25T15:04:08.031Z] [SYSTEM] Restarting link-health-scheduler in 15000ms (attempt 1/3)
[2025-08-25T15:04:08.482Z] [SYSTEM] Starting service: autonomous-system-manager
[2025-08-25T15:04:08.484Z] [SYSTEM] Service autonomous-system-manager started successfully
[2025-08-25T15:04:08.712Z] [autonomous-system-manager] [2025-08-25T15:04:08.702Z] Starting Autonomous System Manager
[2025-08-25T15:04:08.713Z] [autonomous-system-manager] [2025-08-25T15:04:08.712Z] Starting all enabled services...
[2025-08-25T15:04:08.713Z] [autonomous-system-manager] [2025-08-25T15:04:08.713Z] Starting service: autonomous-system-manager
[2025-08-25T15:04:08.714Z] [autonomous-system-manager] [2025-08-25T15:04:08.714Z] Error starting autonomous-system-manager: Cannot access 'process' before initialization
[2025-08-25T15:04:09.764Z] [autonomous-system-manager] [2025-08-25T15:04:09.751Z] Starting service: ml-link-intelligence
[2025-08-25T15:04:09.751Z] Error starting ml-link-intelligence: Cannot access 'process' before initialization
[2025-08-25T15:04:10.760Z] [autonomous-system-manager] [2025-08-25T15:04:10.758Z] Starting service: link-health-scheduler
[2025-08-25T15:04:10.761Z] [autonomous-system-manager] [2025-08-25T15:04:10.758Z] Error starting link-health-scheduler: Cannot access 'process' before initialization
[2025-08-25T15:04:11.849Z] [autonomous-system-manager] [2025-08-25T15:04:11.839Z] Starting service: real-time-performance-monitor
[2025-08-25T15:04:11.840Z] Error starting real-time-performance-monitor: Cannot access 'process' before initialization
[2025-08-25T15:04:12.925Z] [autonomous-system-manager] [2025-08-25T15:04:12.921Z] Started 0/4 services successfully
[2025-08-25T15:04:12.931Z] [autonomous-system-manager] [2025-08-25T15:04:12.923Z] Autonomous System Manager is now running
[2025-08-25T15:04:23.032Z] [SYSTEM] Starting service: link-health-scheduler
[2025-08-25T15:04:23.034Z] [SYSTEM] Service link-health-scheduler started successfully
[2025-08-25T15:04:23.164Z] [link-health-scheduler] [2025-08-25T15:04:23.158Z] Starting Link Health Scheduler
[2025-08-25T15:04:23.165Z] [link-health-scheduler] [2025-08-25T15:04:23.164Z] Starting Link Health Scheduler
[2025-08-25T15:04:23.165Z] [link-health-scheduler] [2025-08-25T15:04:23.165Z] Scheduled check for homepage at Mon Aug 25 2025 12:09:23 GMT-0300 (Brasilia Standard Time)
[2025-08-25T15:04:23.166Z] [link-health-scheduler] [2025-08-25T15:04:23.165Z] Scheduled check for services at Mon Aug 25 2025 12:19:23 GMT-0300 (Brasilia Standard Time)
[2025-08-25T15:04:23.166Z] [link-health-scheduler] [2025-08-25T15:04:23.166Z] Scheduled check for about at Mon Aug 25 2025 13:04:23 GMT-0300 (Brasilia Standard Time)
[2025-08-25T15:04:23.166Z] [link-health-scheduler] [2025-08-25T15:04:23.166Z] Scheduled check for contact at Mon Aug 25 2025 12:19:23 GMT-0300 (Brasilia Standard Time)
[2025-08-25T15:04:23.167Z] [link-health-scheduler] [2025-08-25T15:04:23.166Z] Scheduled 4 links for health checks
[2025-08-25T15:04:27.257Z] [SYSTEM] Service real-time-performance-monitor exited with code 0, signal null
[2025-08-25T15:04:27.258Z] [SYSTEM] Restarting real-time-performance-monitor in 10000ms (attempt 1/3)
[2025-08-25T15:04:29.083Z] [SYSTEM] Service ml-link-intelligence exited with code 0, signal null
[2025-08-25T15:04:29.084Z] [SYSTEM] Restarting ml-link-intelligence in 10000ms (attempt 1/3)
[2025-08-25T15:04:36.973Z] [HEALTH] Health check issues found: Service ml-link-intelligence is enabled but not running, Service real-time-performance-monitor is enabled but not running
[2025-08-25T15:04:37.259Z] [SYSTEM] Starting service: real-time-performance-monitor
[2025-08-25T15:04:37.261Z] [SYSTEM] Service real-time-performance-monitor started successfully
[2025-08-25T15:04:37.501Z] [real-time-performance-monitor] [2025-08-25T15:04:37.478Z] Starting Real-Time Performance Monitor
[2025-08-25T15:04:37.502Z] [real-time-performance-monitor] [2025-08-25T15:04:37.501Z] Starting real-time performance monitoring
