[2025-08-25T15:00:16.610Z] Starting Link Health Scheduler
[2025-08-25T15:00:16.617Z] Starting Link Health Scheduler
[2025-08-25T15:00:16.618Z] Scheduled check for homepage at Mon Aug 25 2025 12:05:16 GMT-0300 (Brasilia Standard Time)
[2025-08-25T15:00:16.618Z] Scheduled check for services at Mon Aug 25 2025 12:15:16 GMT-0300 (Brasilia Standard Time)
[2025-08-25T15:00:16.618Z] Scheduled check for about at Mon Aug 25 2025 13:00:16 GMT-0300 (Brasilia Standard Time)
[2025-08-25T15:00:16.618Z] Scheduled check for contact at Mon Aug 25 2025 12:15:16 GMT-0300 (Brasilia Standard Time)
[2025-08-25T15:00:16.619Z] Scheduled 4 links for health checks
[2025-08-25T15:01:06.632Z] Status: 4 jobs scheduled, 0 active
[2025-08-25T15:02:02.268Z] Stopping Link Health Scheduler...
[2025-08-25T15:02:02.270Z] Stopping Link Health Scheduler
[2025-08-25T15:02:02.271Z] All scheduled jobs cleared
[2025-08-25T15:02:11.774Z] Starting Link Health Scheduler
[2025-08-25T15:02:11.784Z] Starting Link Health Scheduler
[2025-08-25T15:02:11.784Z] Scheduled check for homepage at Mon Aug 25 2025 12:07:11 GMT-0300 (Brasilia Standard Time)
[2025-08-25T15:02:11.785Z] Scheduled check for services at Mon Aug 25 2025 12:17:11 GMT-0300 (Brasilia Standard Time)
[2025-08-25T15:02:11.785Z] Scheduled check for about at Mon Aug 25 2025 13:02:11 GMT-0300 (Brasilia Standard Time)
[2025-08-25T15:02:11.787Z] Scheduled check for contact at Mon Aug 25 2025 12:17:11 GMT-0300 (Brasilia Standard Time)
[2025-08-25T15:02:11.787Z] Scheduled 4 links for health checks
[2025-08-25T15:02:34.896Z] Stopping Link Health Scheduler...
[2025-08-25T15:02:34.897Z] Stopping Link Health Scheduler
[2025-08-25T15:02:34.899Z] All scheduled jobs cleared
[2025-08-25T15:02:47.085Z] Starting Link Health Scheduler
[2025-08-25T15:02:47.094Z] Starting Link Health Scheduler
[2025-08-25T15:02:47.095Z] Scheduled check for homepage at Mon Aug 25 2025 12:07:47 GMT-0300 (Brasilia Standard Time)
[2025-08-25T15:02:47.096Z] Scheduled check for services at Mon Aug 25 2025 12:17:47 GMT-0300 (Brasilia Standard Time)
[2025-08-25T15:02:47.096Z] Scheduled check for about at Mon Aug 25 2025 13:02:47 GMT-0300 (Brasilia Standard Time)
[2025-08-25T15:02:47.096Z] Scheduled check for contact at Mon Aug 25 2025 12:17:47 GMT-0300 (Brasilia Standard Time)
[2025-08-25T15:02:47.097Z] Scheduled 4 links for health checks
[2025-08-25T15:03:07.101Z] Status: 4 jobs scheduled, 0 active
[2025-08-25T15:04:03.604Z] Stopping Link Health Scheduler...
[2025-08-25T15:04:03.605Z] Stopping Link Health Scheduler
[2025-08-25T15:04:03.606Z] All scheduled jobs cleared
[2025-08-25T15:04:12.285Z] Starting Link Health Scheduler
[2025-08-25T15:04:12.300Z] Starting Link Health Scheduler
[2025-08-25T15:04:12.300Z] Scheduled check for homepage at Mon Aug 25 2025 12:09:12 GMT-0300 (Brasilia Standard Time)
[2025-08-25T15:04:12.301Z] Scheduled check for services at Mon Aug 25 2025 12:19:12 GMT-0300 (Brasilia Standard Time)
[2025-08-25T15:04:12.301Z] Scheduled check for about at Mon Aug 25 2025 13:04:12 GMT-0300 (Brasilia Standard Time)
[2025-08-25T15:04:12.301Z] Scheduled check for contact at Mon Aug 25 2025 12:19:12 GMT-0300 (Brasilia Standard Time)
[2025-08-25T15:04:12.301Z] Scheduled 4 links for health checks
