[2025-08-25T15:00:11.295Z] Starting ML Link Intelligence worker
[2025-08-25T15:00:11.310Z] Added https://github.com to analysis queue
[2025-08-25T15:00:11.311Z] Added https://stackoverflow.com to analysis queue
[2025-08-25T15:00:11.311Z] Added https://medium.com to analysis queue
[2025-08-25T15:00:11.311Z] Added https://dev.to to analysis queue
[2025-08-25T15:00:11.312Z] Added https://wikipedia.org to analysis queue
[2025-08-25T15:00:11.313Z] Processing queue with 5 links
[2025-08-25T15:00:11.314Z] Analyzing link: https://github.com
[2025-08-25T15:00:11.766Z] Analysis complete for https://github.com: good (200)
[2025-08-25T15:00:12.769Z] Analyzing link: https://stackoverflow.com
[2025-08-25T15:00:12.830Z] Analysis complete for https://stackoverflow.com: poor (403)
[2025-08-25T15:00:13.831Z] Analyzing link: https://medium.com
[2025-08-25T15:00:13.929Z] Analysis complete for https://medium.com: good (200)
[2025-08-25T15:00:14.931Z] Analyzing link: https://dev.to
[2025-08-25T15:00:14.986Z] Analysis complete for https://dev.to: poor (403)
[2025-08-25T15:00:15.986Z] Analyzing link: https://wikipedia.org
[2025-08-25T15:00:16.042Z] Analysis complete for https://wikipedia.org: poor (403)
[2025-08-25T15:00:17.043Z] Queue processing complete
[2025-08-25T15:00:17.044Z] Health Report: Score 90, Links 5, Issues 3
[2025-08-25T15:02:02.217Z] Stopping ML Link Intelligence...
[2025-08-25T15:02:22.496Z] Starting ML Link Intelligence worker
[2025-08-25T15:02:22.502Z] Added https://github.com to analysis queue
[2025-08-25T15:02:22.527Z] Added https://stackoverflow.com to analysis queue
[2025-08-25T15:02:22.550Z] Added https://medium.com to analysis queue
[2025-08-25T15:02:22.682Z] Added https://dev.to to analysis queue
[2025-08-25T15:02:22.699Z] Added https://wikipedia.org to analysis queue
[2025-08-25T15:02:22.700Z] Processing queue with 5 links
[2025-08-25T15:02:22.700Z] Analyzing link: https://github.com
[2025-08-25T15:02:22.881Z] Analysis complete for https://github.com: good (200)
[2025-08-25T15:02:23.882Z] Analyzing link: https://stackoverflow.com
[2025-08-25T15:02:24.067Z] Analysis complete for https://stackoverflow.com: poor (403)
[2025-08-25T15:02:25.151Z] Analyzing link: https://medium.com
[2025-08-25T15:02:25.268Z] Analysis complete for https://medium.com: good (200)
[2025-08-25T15:02:26.274Z] Analyzing link: https://dev.to
[2025-08-25T15:02:26.423Z] Analysis complete for https://dev.to: poor (403)
[2025-08-25T15:02:27.440Z] Analyzing link: https://wikipedia.org
[2025-08-25T15:02:27.536Z] Analysis complete for https://wikipedia.org: poor (403)
[2025-08-25T15:02:28.538Z] Queue processing complete
[2025-08-25T15:02:34.737Z] Stopping ML Link Intelligence...
[2025-08-25T15:04:03.495Z] Stopping ML Link Intelligence...
[2025-08-25T15:04:33.736Z] Starting ML Link Intelligence worker
[2025-08-25T15:04:33.744Z] Added https://github.com to analysis queue
[2025-08-25T15:04:33.745Z] Added https://stackoverflow.com to analysis queue
[2025-08-25T15:04:33.745Z] Added https://medium.com to analysis queue
[2025-08-25T15:04:33.746Z] Added https://dev.to to analysis queue
[2025-08-25T15:04:33.746Z] Added https://wikipedia.org to analysis queue
[2025-08-25T15:04:33.747Z] Processing queue with 5 links
[2025-08-25T15:04:33.747Z] Analyzing link: https://github.com
[2025-08-25T15:04:34.149Z] Analysis complete for https://github.com: good (200)
[2025-08-25T15:04:35.151Z] Analyzing link: https://stackoverflow.com
[2025-08-25T15:04:35.224Z] Analysis complete for https://stackoverflow.com: poor (403)
[2025-08-25T15:04:36.226Z] Analyzing link: https://medium.com
[2025-08-25T15:04:36.340Z] Analysis complete for https://medium.com: good (200)
[2025-08-25T15:04:37.348Z] Analyzing link: https://dev.to
[2025-08-25T15:04:37.470Z] Analysis complete for https://dev.to: poor (403)
