[2025-08-25T13:50:00.606Z] Starting ml-link-intelligence worker
[2025-08-25T13:50:00.609Z] analyze-links tick (placeholder)
[2025-08-25T13:52:00.611Z] analyze-links tick (placeholder)
[2025-08-25T13:52:05.917Z] Stopping ml-link-intelligence...
[2025-08-25T13:52:11.285Z] Starting ml-link-intelligence worker
[2025-08-25T13:52:11.287Z] analyze-links tick (placeholder)
[2025-08-25T13:52:20.660Z] Stopping ml-link-intelligence...
[2025-08-25T13:52:26.049Z] Starting ml-link-intelligence worker
[2025-08-25T13:52:26.051Z] analyze-links tick (placeholder)
[2025-08-25T13:54:08.330Z] Starting ml-link-intelligence worker
[2025-08-25T13:54:08.333Z] analyze-links tick (placeholder)
[2025-08-25T13:54:11.126Z] Stopping ml-link-intelligence...
[2025-08-25T13:56:08.334Z] analyze-links tick (placeholder)
[2025-08-25T14:00:08.320Z] analyze-links tick (placeholder)
[2025-08-25T14:02:08.386Z] analyze-links tick (placeholder)
[2025-08-25T14:04:08.386Z] analyze-links tick (placeholder)
[2025-08-25T14:16:08.354Z] analyze-links tick (placeholder)
[2025-08-25T14:18:08.354Z] analyze-links tick (placeholder)
[2025-08-25T14:19:05.837Z] Starting ml-link-intelligence worker
[2025-08-25T14:19:05.842Z] analyze-links tick (placeholder)
[2025-08-25T14:20:08.352Z] analyze-links tick (placeholder)
[2025-08-25T14:21:05.842Z] analyze-links tick (placeholder)
[2025-08-25T14:22:08.352Z] analyze-links tick (placeholder)
[2025-08-25T14:23:05.842Z] analyze-links tick (placeholder)
[2025-08-25T14:24:08.351Z] analyze-links tick (placeholder)
[2025-08-25T14:25:05.841Z] analyze-links tick (placeholder)
[2025-08-25T14:26:08.350Z] analyze-links tick (placeholder)
[2025-08-25T14:26:17.958Z] Starting ML Link Intelligence worker
[2025-08-25T14:26:17.960Z] Added https://github.com to analysis queue
[2025-08-25T14:26:17.960Z] [ml-link-intelligence] [2025-08-25T14:26:17.958Z] Starting ML Link Intelligence worker
[2025-08-25T14:26:17.961Z] Added https://stackoverflow.com to analysis queue
[2025-08-25T14:26:17.961Z] Added https://medium.com to analysis queue
[2025-08-25T14:26:17.961Z] Added https://dev.to to analysis queue
[2025-08-25T14:26:17.961Z] [ml-link-intelligence] [2025-08-25T14:26:17.960Z] Added https://github.com to analysis queue
[2025-08-25T14:26:17.961Z] Added https://stackoverflow.com to analysis queue
[2025-08-25T14:26:17.962Z] Added https://wikipedia.org to analysis queue
[2025-08-25T14:26:17.962Z] [ml-link-intelligence] [2025-08-25T14:26:17.961Z] Added https://medium.com to analysis queue
[2025-08-25T14:26:17.961Z] Added https://dev.to to analysis queue
[2025-08-25T14:26:17.962Z] Processing queue with 5 links
[2025-08-25T14:26:17.962Z] Analyzing link: https://github.com
[2025-08-25T14:26:17.964Z] [ml-link-intelligence] [2025-08-25T14:26:17.962Z] Added https://wikipedia.org to analysis queue
[2025-08-25T14:26:17.962Z] Processing queue with 5 links
[2025-08-25T14:26:17.962Z] Analyzing link: https://github.com
[2025-08-25T14:26:18.127Z] Analysis complete for https://github.com: good (200)
[2025-08-25T14:26:18.128Z] [ml-link-intelligence] [2025-08-25T14:26:18.127Z] Analysis complete for https://github.com: good (200)
[2025-08-25T14:26:19.128Z] Analyzing link: https://stackoverflow.com
[2025-08-25T14:26:19.129Z] [ml-link-intelligence] [2025-08-25T14:26:19.128Z] Analyzing link: https://stackoverflow.com
[2025-08-25T14:26:19.229Z] Analysis complete for https://stackoverflow.com: poor (403)
[2025-08-25T14:26:19.230Z] [ml-link-intelligence] [2025-08-25T14:26:19.229Z] Analysis complete for https://stackoverflow.com: poor (403)
[2025-08-25T14:26:20.230Z] Analyzing link: https://medium.com
[2025-08-25T14:26:20.230Z] [ml-link-intelligence] [2025-08-25T14:26:20.230Z] Analyzing link: https://medium.com
[2025-08-25T14:26:20.388Z] Analysis complete for https://medium.com: good (200)
[2025-08-25T14:26:20.388Z] [ml-link-intelligence] [2025-08-25T14:26:20.388Z] Analysis complete for https://medium.com: good (200)
[2025-08-25T14:26:21.388Z] Analyzing link: https://dev.to
[2025-08-25T14:26:21.389Z] [ml-link-intelligence] [2025-08-25T14:26:21.388Z] Analyzing link: https://dev.to
[2025-08-25T14:26:21.508Z] Analysis complete for https://dev.to: poor (403)
[2025-08-25T14:26:21.508Z] [ml-link-intelligence] [2025-08-25T14:26:21.508Z] Analysis complete for https://dev.to: poor (403)
[2025-08-25T14:26:22.508Z] Analyzing link: https://wikipedia.org
[2025-08-25T14:26:22.508Z] [ml-link-intelligence] [2025-08-25T14:26:22.508Z] Analyzing link: https://wikipedia.org
[2025-08-25T14:26:22.627Z] Analysis complete for https://wikipedia.org: poor (403)
[2025-08-25T14:26:22.628Z] [ml-link-intelligence] [2025-08-25T14:26:22.627Z] Analysis complete for https://wikipedia.org: poor (403)
[2025-08-25T14:26:23.628Z] Queue processing complete
[2025-08-25T14:26:23.628Z] [ml-link-intelligence] [2025-08-25T14:26:23.628Z] Queue processing complete
[2025-08-25T14:26:24.505Z] Starting ML Link Intelligence worker
[2025-08-25T14:26:24.513Z] Added https://github.com to analysis queue
[2025-08-25T14:26:24.513Z] Added https://stackoverflow.com to analysis queue
[2025-08-25T14:26:24.513Z] Added https://medium.com to analysis queue
[2025-08-25T14:26:24.513Z] Added https://dev.to to analysis queue
[2025-08-25T14:26:24.513Z] Added https://wikipedia.org to analysis queue
[2025-08-25T14:26:24.514Z] Processing queue with 5 links
[2025-08-25T14:26:24.514Z] Analyzing link: https://github.com
[2025-08-25T14:26:24.685Z] Analysis complete for https://github.com: good (200)
[2025-08-25T14:26:25.692Z] Analyzing link: https://stackoverflow.com
[2025-08-25T14:26:25.842Z] Analysis complete for https://stackoverflow.com: poor (403)
[2025-08-25T14:26:26.842Z] Analyzing link: https://medium.com
[2025-08-25T14:26:26.952Z] Analysis complete for https://medium.com: good (200)
[2025-08-25T14:26:27.952Z] Analyzing link: https://dev.to
[2025-08-25T14:26:28.003Z] Analysis complete for https://dev.to: poor (403)
[2025-08-25T14:26:29.003Z] Analyzing link: https://wikipedia.org
[2025-08-25T14:26:29.061Z] Analysis complete for https://wikipedia.org: poor (403)
[2025-08-25T14:26:30.061Z] Queue processing complete
[2025-08-25T14:28:08.349Z] analyze-links tick (placeholder)
[2025-08-25T14:30:08.388Z] analyze-links tick (placeholder)
[2025-08-25T14:32:08.525Z] analyze-links tick (placeholder)
[2025-08-25T14:34:08.529Z] analyze-links tick (placeholder)
[2025-08-25T14:36:08.534Z] analyze-links tick (placeholder)
[2025-08-25T14:56:08.578Z] analyze-links tick (placeholder)
[2025-08-25T14:57:33.320Z] Starting ML Link Intelligence worker
[2025-08-25T14:57:33.328Z] Added https://github.com to analysis queue
[2025-08-25T14:57:33.328Z] [ml-link-intelligence] [2025-08-25T14:57:33.320Z] Starting ML Link Intelligence worker
[2025-08-25T14:57:33.329Z] Added https://stackoverflow.com to analysis queue
[2025-08-25T14:57:33.329Z] Added https://medium.com to analysis queue
[2025-08-25T14:57:33.329Z] [ml-link-intelligence] [2025-08-25T14:57:33.328Z] Added https://github.com to analysis queue
[2025-08-25T14:57:33.329Z] Added https://stackoverflow.com to analysis queue
[2025-08-25T14:57:33.329Z] Added https://dev.to to analysis queue
[2025-08-25T14:57:33.329Z] Added https://wikipedia.org to analysis queue
[2025-08-25T14:57:33.329Z] [ml-link-intelligence] [2025-08-25T14:57:33.329Z] Added https://medium.com to analysis queue
[2025-08-25T14:57:33.330Z] [ml-link-intelligence] [2025-08-25T14:57:33.329Z] Added https://dev.to to analysis queue
[2025-08-25T14:57:33.329Z] Added https://wikipedia.org to analysis queue
[2025-08-25T14:57:33.330Z] Processing queue with 5 links
[2025-08-25T14:57:33.331Z] Analyzing link: https://github.com
[2025-08-25T14:57:33.331Z] [ml-link-intelligence] [2025-08-25T14:57:33.330Z] Processing queue with 5 links
[2025-08-25T14:57:33.331Z] Analyzing link: https://github.com
[2025-08-25T14:57:33.500Z] Analysis complete for https://github.com: good (200)
[2025-08-25T14:57:33.500Z] [ml-link-intelligence] [2025-08-25T14:57:33.500Z] Analysis complete for https://github.com: good (200)
[2025-08-25T14:57:34.501Z] Analyzing link: https://stackoverflow.com
[2025-08-25T14:57:34.501Z] [ml-link-intelligence] [2025-08-25T14:57:34.501Z] Analyzing link: https://stackoverflow.com
[2025-08-25T14:57:34.578Z] Analysis complete for https://stackoverflow.com: poor (403)
[2025-08-25T14:57:34.578Z] [ml-link-intelligence] [2025-08-25T14:57:34.578Z] Analysis complete for https://stackoverflow.com: poor (403)
[2025-08-25T14:57:35.579Z] Analyzing link: https://medium.com
[2025-08-25T14:57:35.579Z] [ml-link-intelligence] [2025-08-25T14:57:35.579Z] Analyzing link: https://medium.com
[2025-08-25T14:57:35.676Z] Analysis complete for https://medium.com: good (200)
[2025-08-25T14:57:35.677Z] [ml-link-intelligence] [2025-08-25T14:57:35.676Z] Analysis complete for https://medium.com: good (200)
[2025-08-25T14:57:36.677Z] Analyzing link: https://dev.to
[2025-08-25T14:57:36.677Z] [ml-link-intelligence] [2025-08-25T14:57:36.677Z] Analyzing link: https://dev.to
[2025-08-25T14:57:36.759Z] Analysis complete for https://dev.to: poor (403)
[2025-08-25T14:57:36.759Z] [ml-link-intelligence] [2025-08-25T14:57:36.759Z] Analysis complete for https://dev.to: poor (403)
[2025-08-25T14:57:37.759Z] Analyzing link: https://wikipedia.org
[2025-08-25T14:57:37.760Z] [ml-link-intelligence] [2025-08-25T14:57:37.759Z] Analyzing link: https://wikipedia.org
[2025-08-25T14:57:37.819Z] Analysis complete for https://wikipedia.org: poor (403)
[2025-08-25T14:57:37.820Z] [ml-link-intelligence] [2025-08-25T14:57:37.819Z] Analysis complete for https://wikipedia.org: poor (403)
[2025-08-25T14:57:38.820Z] Queue processing complete
[2025-08-25T14:57:38.821Z] [ml-link-intelligence] [2025-08-25T14:57:38.820Z] Queue processing complete
[2025-08-25T14:58:08.586Z] analyze-links tick (placeholder)
[2025-08-25T15:00:06.735Z] Starting ML Link Intelligence worker
[2025-08-25T15:00:06.741Z] [ml-link-intelligence] [2025-08-25T15:00:06.735Z] Starting ML Link Intelligence worker
[2025-08-25T15:00:06.741Z] Added https://github.com to analysis queue
[2025-08-25T15:00:06.742Z] Added https://stackoverflow.com to analysis queue
[2025-08-25T15:00:06.742Z] Added https://medium.com to analysis queue
[2025-08-25T15:00:06.742Z] Added https://dev.to to analysis queue
[2025-08-25T15:00:06.742Z] [ml-link-intelligence] [2025-08-25T15:00:06.741Z] Added https://github.com to analysis queue
[2025-08-25T15:00:06.742Z] Added https://wikipedia.org to analysis queue
[2025-08-25T15:00:06.743Z] [ml-link-intelligence] [2025-08-25T15:00:06.742Z] Added https://stackoverflow.com to analysis queue
[2025-08-25T15:00:06.742Z] Added https://medium.com to analysis queue
[2025-08-25T15:00:06.742Z] Added https://dev.to to analysis queue
[2025-08-25T15:00:06.743Z] Processing queue with 5 links
[2025-08-25T15:00:06.743Z] [ml-link-intelligence] [2025-08-25T15:00:06.742Z] Added https://wikipedia.org to analysis queue
[2025-08-25T15:00:06.743Z] Analyzing link: https://github.com
[2025-08-25T15:00:06.743Z] [ml-link-intelligence] [2025-08-25T15:00:06.743Z] Processing queue with 5 links
[2025-08-25T15:00:06.744Z] [ml-link-intelligence] [2025-08-25T15:00:06.743Z] Analyzing link: https://github.com
[2025-08-25T15:00:07.263Z] Analysis complete for https://github.com: good (200)
[2025-08-25T15:00:07.264Z] [ml-link-intelligence] [2025-08-25T15:00:07.263Z] Analysis complete for https://github.com: good (200)
[2025-08-25T15:00:08.265Z] Analyzing link: https://stackoverflow.com
[2025-08-25T15:00:08.266Z] [ml-link-intelligence] [2025-08-25T15:00:08.265Z] Analyzing link: https://stackoverflow.com
[2025-08-25T15:00:08.333Z] Analysis complete for https://stackoverflow.com: poor (403)
[2025-08-25T15:00:08.333Z] [ml-link-intelligence] [2025-08-25T15:00:08.333Z] Analysis complete for https://stackoverflow.com: poor (403)
[2025-08-25T15:00:08.591Z] analyze-links tick (placeholder)
[2025-08-25T15:00:09.392Z] Analyzing link: https://medium.com
[2025-08-25T15:00:09.394Z] [ml-link-intelligence] [2025-08-25T15:00:09.392Z] Analyzing link: https://medium.com
[2025-08-25T15:00:09.546Z] Analysis complete for https://medium.com: good (200)
[2025-08-25T15:00:09.547Z] [ml-link-intelligence] [2025-08-25T15:00:09.546Z] Analysis complete for https://medium.com: good (200)
[2025-08-25T15:00:10.548Z] Analyzing link: https://dev.to
[2025-08-25T15:00:10.548Z] [ml-link-intelligence] [2025-08-25T15:00:10.548Z] Analyzing link: https://dev.to
[2025-08-25T15:00:10.606Z] Analysis complete for https://dev.to: poor (403)
[2025-08-25T15:00:10.606Z] [ml-link-intelligence] [2025-08-25T15:00:10.606Z] Analysis complete for https://dev.to: poor (403)
[2025-08-25T15:00:11.295Z] Starting ML Link Intelligence worker
[2025-08-25T15:00:11.310Z] Added https://github.com to analysis queue
[2025-08-25T15:00:11.311Z] Added https://stackoverflow.com to analysis queue
[2025-08-25T15:00:11.311Z] Added https://medium.com to analysis queue
[2025-08-25T15:00:11.311Z] Added https://dev.to to analysis queue
[2025-08-25T15:00:11.312Z] Added https://wikipedia.org to analysis queue
[2025-08-25T15:00:11.313Z] Processing queue with 5 links
[2025-08-25T15:00:11.314Z] Analyzing link: https://github.com
[2025-08-25T15:00:11.606Z] Analyzing link: https://wikipedia.org
[2025-08-25T15:00:11.606Z] [ml-link-intelligence] [2025-08-25T15:00:11.606Z] Analyzing link: https://wikipedia.org
[2025-08-25T15:00:11.679Z] Analysis complete for https://wikipedia.org: poor (403)
[2025-08-25T15:00:11.679Z] [ml-link-intelligence] [2025-08-25T15:00:11.679Z] Analysis complete for https://wikipedia.org: poor (403)
[2025-08-25T15:00:11.766Z] Analysis complete for https://github.com: good (200)
[2025-08-25T15:00:12.680Z] Queue processing complete
[2025-08-25T15:00:12.680Z] [ml-link-intelligence] [2025-08-25T15:00:12.680Z] Queue processing complete
[2025-08-25T15:00:12.681Z] Health Report: Score 90, Links 5, Issues 3
[2025-08-25T15:00:12.681Z] [ml-link-intelligence] [2025-08-25T15:00:12.681Z] Health Report: Score 90, Links 5, Issues 3
[2025-08-25T15:00:12.769Z] Analyzing link: https://stackoverflow.com
[2025-08-25T15:00:12.830Z] Analysis complete for https://stackoverflow.com: poor (403)
[2025-08-25T15:00:13.831Z] Analyzing link: https://medium.com
[2025-08-25T15:00:13.929Z] Analysis complete for https://medium.com: good (200)
[2025-08-25T15:00:14.931Z] Analyzing link: https://dev.to
[2025-08-25T15:00:14.986Z] Analysis complete for https://dev.to: poor (403)
[2025-08-25T15:00:15.986Z] Analyzing link: https://wikipedia.org
[2025-08-25T15:00:16.042Z] Analysis complete for https://wikipedia.org: poor (403)
[2025-08-25T15:00:17.043Z] Queue processing complete
[2025-08-25T15:00:17.044Z] Health Report: Score 90, Links 5, Issues 3
[2025-08-25T15:00:35.781Z] Starting ML Link Intelligence worker
[2025-08-25T15:00:35.792Z] Added https://github.com to analysis queue
[2025-08-25T15:00:35.793Z] Added https://stackoverflow.com to analysis queue
[2025-08-25T15:00:35.793Z] Added https://medium.com to analysis queue
[2025-08-25T15:00:35.794Z] Added https://dev.to to analysis queue
[2025-08-25T15:00:35.794Z] Added https://wikipedia.org to analysis queue
[2025-08-25T15:00:35.794Z] Processing queue with 5 links
[2025-08-25T15:00:35.795Z] Analyzing link: https://github.com
[2025-08-25T15:00:35.995Z] Analysis complete for https://github.com: good (200)
[2025-08-25T15:00:36.996Z] Analyzing link: https://stackoverflow.com
[2025-08-25T15:00:37.071Z] Analysis complete for https://stackoverflow.com: poor (403)
[2025-08-25T15:00:38.072Z] Analyzing link: https://medium.com
[2025-08-25T15:00:38.187Z] Analysis complete for https://medium.com: good (200)
[2025-08-25T15:00:39.189Z] Analyzing link: https://dev.to
[2025-08-25T15:00:39.244Z] Analysis complete for https://dev.to: poor (403)
[2025-08-25T15:00:40.244Z] Analyzing link: https://wikipedia.org
[2025-08-25T15:00:40.296Z] Analysis complete for https://wikipedia.org: poor (403)
[2025-08-25T15:00:41.296Z] Queue processing complete
[2025-08-25T15:00:41.297Z] Health Report: Score 90, Links 5, Issues 3
[2025-08-25T15:01:28.730Z] Stopping ML Link Intelligence...
[2025-08-25T15:01:28.733Z] Stopping ML Link Intelligence...
[2025-08-25T15:01:28.734Z] [ml-link-intelligence] [2025-08-25T15:01:28.730Z] Stopping ML Link Intelligence...
[2025-08-25T15:01:28.733Z] Stopping ML Link Intelligence...
[2025-08-25T15:02:02.217Z] Stopping ml-link-intelligence...
[2025-08-25T15:02:02.217Z] Stopping ML Link Intelligence...
[2025-08-25T15:02:02.217Z] Stopping ML Link Intelligence...
[2025-08-25T15:02:02.217Z] Stopping ML Link Intelligence...
[2025-08-25T15:02:02.218Z] [ml-link-intelligence] [2025-08-25T15:02:02.217Z] Stopping ML Link Intelligence...
[2025-08-25T15:02:10.561Z] Starting ML Link Intelligence worker
[2025-08-25T15:02:10.680Z] Added https://github.com to analysis queue
[2025-08-25T15:02:10.681Z] Added https://stackoverflow.com to analysis queue
[2025-08-25T15:02:10.681Z] Added https://medium.com to analysis queue
[2025-08-25T15:02:10.681Z] Added https://dev.to to analysis queue
[2025-08-25T15:02:10.682Z] Added https://wikipedia.org to analysis queue
[2025-08-25T15:02:10.682Z] Processing queue with 5 links
[2025-08-25T15:02:10.682Z] Analyzing link: https://github.com
[2025-08-25T15:02:10.873Z] Analysis complete for https://github.com: good (200)
[2025-08-25T15:02:11.875Z] Analyzing link: https://stackoverflow.com
[2025-08-25T15:02:11.945Z] Analysis complete for https://stackoverflow.com: poor (403)
[2025-08-25T15:02:13.082Z] Analyzing link: https://medium.com
[2025-08-25T15:02:13.214Z] Analysis complete for https://medium.com: good (200)
[2025-08-25T15:02:14.217Z] Analyzing link: https://dev.to
[2025-08-25T15:02:14.266Z] Analysis complete for https://dev.to: poor (403)
[2025-08-25T15:02:15.267Z] Analyzing link: https://wikipedia.org
[2025-08-25T15:02:15.324Z] Analysis complete for https://wikipedia.org: poor (403)
[2025-08-25T15:02:16.325Z] Queue processing complete
[2025-08-25T15:02:22.496Z] Starting ML Link Intelligence worker
[2025-08-25T15:02:22.502Z] Added https://github.com to analysis queue
[2025-08-25T15:02:22.527Z] Added https://stackoverflow.com to analysis queue
[2025-08-25T15:02:22.550Z] Added https://medium.com to analysis queue
[2025-08-25T15:02:22.682Z] Added https://dev.to to analysis queue
[2025-08-25T15:02:22.699Z] Added https://wikipedia.org to analysis queue
[2025-08-25T15:02:22.700Z] Processing queue with 5 links
[2025-08-25T15:02:22.700Z] Analyzing link: https://github.com
[2025-08-25T15:02:22.881Z] Analysis complete for https://github.com: good (200)
[2025-08-25T15:02:22.916Z] Starting ML Link Intelligence worker
[2025-08-25T15:02:22.997Z] Added https://github.com to analysis queue
[2025-08-25T15:02:22.997Z] [ml-link-intelligence] [2025-08-25T15:02:22.916Z] Starting ML Link Intelligence worker
[2025-08-25T15:02:23.018Z] Added https://stackoverflow.com to analysis queue
[2025-08-25T15:02:23.019Z] [ml-link-intelligence] [2025-08-25T15:02:22.997Z] Added https://github.com to analysis queue
[2025-08-25T15:02:23.024Z] Added https://medium.com to analysis queue
[2025-08-25T15:02:23.024Z] Added https://dev.to to analysis queue
[2025-08-25T15:02:23.025Z] Added https://wikipedia.org to analysis queue
[2025-08-25T15:02:23.026Z] Processing queue with 5 links
[2025-08-25T15:02:23.025Z] [ml-link-intelligence] [2025-08-25T15:02:23.018Z] Added https://stackoverflow.com to analysis queue
[2025-08-25T15:02:23.024Z] Added https://medium.com to analysis queue
[2025-08-25T15:02:23.024Z] Added https://dev.to to analysis queue
[2025-08-25T15:02:23.025Z] Added https://wikipedia.org to analysis queue
[2025-08-25T15:02:23.090Z] Analyzing link: https://github.com
[2025-08-25T15:02:23.108Z] [ml-link-intelligence] [2025-08-25T15:02:23.026Z] Processing queue with 5 links
[2025-08-25T15:02:23.090Z] Analyzing link: https://github.com
[2025-08-25T15:02:23.380Z] Analysis complete for https://github.com: good (200)
[2025-08-25T15:02:23.380Z] [ml-link-intelligence] [2025-08-25T15:02:23.380Z] Analysis complete for https://github.com: good (200)
[2025-08-25T15:02:23.882Z] Analyzing link: https://stackoverflow.com
[2025-08-25T15:02:24.067Z] Analysis complete for https://stackoverflow.com: poor (403)
[2025-08-25T15:02:24.382Z] Analyzing link: https://stackoverflow.com
[2025-08-25T15:02:24.382Z] [ml-link-intelligence] [2025-08-25T15:02:24.382Z] Analyzing link: https://stackoverflow.com
[2025-08-25T15:02:24.482Z] Analysis complete for https://stackoverflow.com: poor (403)
[2025-08-25T15:02:24.483Z] [ml-link-intelligence] [2025-08-25T15:02:24.482Z] Analysis complete for https://stackoverflow.com: poor (403)
[2025-08-25T15:02:25.151Z] Analyzing link: https://medium.com
[2025-08-25T15:02:25.268Z] Analysis complete for https://medium.com: good (200)
[2025-08-25T15:02:25.488Z] Analyzing link: https://medium.com
[2025-08-25T15:02:25.492Z] [ml-link-intelligence] [2025-08-25T15:02:25.488Z] Analyzing link: https://medium.com
[2025-08-25T15:02:25.683Z] Analysis complete for https://medium.com: good (200)
[2025-08-25T15:02:25.711Z] [ml-link-intelligence] [2025-08-25T15:02:25.683Z] Analysis complete for https://medium.com: good (200)
[2025-08-25T15:02:26.274Z] Analyzing link: https://dev.to
[2025-08-25T15:02:26.423Z] Analysis complete for https://dev.to: poor (403)
[2025-08-25T15:02:26.720Z] Analyzing link: https://dev.to
[2025-08-25T15:02:26.727Z] [ml-link-intelligence] [2025-08-25T15:02:26.720Z] Analyzing link: https://dev.to
[2025-08-25T15:02:26.900Z] Analysis complete for https://dev.to: poor (403)
[2025-08-25T15:02:26.903Z] [ml-link-intelligence] [2025-08-25T15:02:26.900Z] Analysis complete for https://dev.to: poor (403)
[2025-08-25T15:02:27.440Z] Analyzing link: https://wikipedia.org
[2025-08-25T15:02:27.536Z] Analysis complete for https://wikipedia.org: poor (403)
[2025-08-25T15:02:27.904Z] Analyzing link: https://wikipedia.org
[2025-08-25T15:02:27.908Z] [ml-link-intelligence] [2025-08-25T15:02:27.904Z] Analyzing link: https://wikipedia.org
[2025-08-25T15:02:27.978Z] Analysis complete for https://wikipedia.org: poor (403)
[2025-08-25T15:02:27.979Z] [ml-link-intelligence] [2025-08-25T15:02:27.978Z] Analysis complete for https://wikipedia.org: poor (403)
[2025-08-25T15:02:28.538Z] Queue processing complete
[2025-08-25T15:02:28.982Z] Queue processing complete
[2025-08-25T15:02:28.983Z] [ml-link-intelligence] [2025-08-25T15:02:28.982Z] Queue processing complete
[2025-08-25T15:02:34.735Z] Stopping ml-link-intelligence...
[2025-08-25T15:02:34.735Z] Stopping ML Link Intelligence...
[2025-08-25T15:02:34.737Z] Stopping ML Link Intelligence...
[2025-08-25T15:02:34.737Z] Stopping ML Link Intelligence...
[2025-08-25T15:02:34.738Z] Stopping ML Link Intelligence...
[2025-08-25T15:02:34.742Z] [ml-link-intelligence] [2025-08-25T15:02:34.738Z] Stopping ML Link Intelligence...
[2025-08-25T15:02:43.174Z] Starting ML Link Intelligence worker
[2025-08-25T15:02:43.180Z] Added https://github.com to analysis queue
[2025-08-25T15:02:43.180Z] Added https://stackoverflow.com to analysis queue
[2025-08-25T15:02:43.181Z] Added https://medium.com to analysis queue
[2025-08-25T15:02:43.181Z] Added https://dev.to to analysis queue
[2025-08-25T15:02:43.181Z] Added https://wikipedia.org to analysis queue
[2025-08-25T15:02:43.182Z] Processing queue with 5 links
[2025-08-25T15:02:43.182Z] Analyzing link: https://github.com
[2025-08-25T15:02:43.411Z] Analysis complete for https://github.com: good (200)
[2025-08-25T15:02:44.412Z] Analyzing link: https://stackoverflow.com
[2025-08-25T15:02:44.477Z] Analysis complete for https://stackoverflow.com: poor (403)
[2025-08-25T15:02:45.478Z] Analyzing link: https://medium.com
[2025-08-25T15:02:45.586Z] Analysis complete for https://medium.com: good (200)
[2025-08-25T15:02:46.587Z] Analyzing link: https://dev.to
[2025-08-25T15:02:46.647Z] Analysis complete for https://dev.to: poor (403)
[2025-08-25T15:02:47.647Z] Analyzing link: https://wikipedia.org
[2025-08-25T15:02:47.703Z] Analysis complete for https://wikipedia.org: poor (403)
[2025-08-25T15:02:48.705Z] Queue processing complete
[2025-08-25T15:04:03.495Z] Stopping ML Link Intelligence...
[2025-08-25T15:04:03.495Z] Stopping ml-link-intelligence...
[2025-08-25T15:04:03.495Z] Stopping ML Link Intelligence...
[2025-08-25T15:04:03.495Z] Stopping ML Link Intelligence...
[2025-08-25T15:04:03.495Z] Stopping ML Link Intelligence...
[2025-08-25T15:04:03.496Z] [ml-link-intelligence] [2025-08-25T15:04:03.495Z] Stopping ML Link Intelligence...
[2025-08-25T15:04:12.014Z] Starting ML Link Intelligence worker
[2025-08-25T15:04:12.179Z] Added https://github.com to analysis queue
[2025-08-25T15:04:12.179Z] Added https://stackoverflow.com to analysis queue
[2025-08-25T15:04:12.180Z] Added https://medium.com to analysis queue
[2025-08-25T15:04:12.180Z] Added https://dev.to to analysis queue
[2025-08-25T15:04:12.181Z] Added https://wikipedia.org to analysis queue
[2025-08-25T15:04:12.185Z] Processing queue with 5 links
[2025-08-25T15:04:12.186Z] Analyzing link: https://github.com
[2025-08-25T15:04:12.445Z] Analysis complete for https://github.com: good (200)
[2025-08-25T15:04:13.456Z] Analyzing link: https://stackoverflow.com
[2025-08-25T15:04:13.538Z] Analysis complete for https://stackoverflow.com: poor (403)
[2025-08-25T15:04:14.540Z] Analyzing link: https://medium.com
[2025-08-25T15:04:14.640Z] Analysis complete for https://medium.com: good (200)
[2025-08-25T15:04:15.641Z] Analyzing link: https://dev.to
[2025-08-25T15:04:15.746Z] Analysis complete for https://dev.to: poor (403)
[2025-08-25T15:04:16.747Z] Analyzing link: https://wikipedia.org
[2025-08-25T15:04:16.798Z] Analysis complete for https://wikipedia.org: poor (403)
[2025-08-25T15:04:17.878Z] Queue processing complete
[2025-08-25T15:04:33.736Z] Starting ML Link Intelligence worker
[2025-08-25T15:04:33.744Z] Added https://github.com to analysis queue
[2025-08-25T15:04:33.745Z] Added https://stackoverflow.com to analysis queue
[2025-08-25T15:04:33.745Z] Added https://medium.com to analysis queue
[2025-08-25T15:04:33.746Z] Added https://dev.to to analysis queue
[2025-08-25T15:04:33.746Z] Added https://wikipedia.org to analysis queue
[2025-08-25T15:04:33.747Z] Processing queue with 5 links
[2025-08-25T15:04:33.747Z] Analyzing link: https://github.com
[2025-08-25T15:04:34.149Z] Analysis complete for https://github.com: good (200)
[2025-08-25T15:04:35.151Z] Analyzing link: https://stackoverflow.com
[2025-08-25T15:04:35.224Z] Analysis complete for https://stackoverflow.com: poor (403)
[2025-08-25T15:04:36.226Z] Analyzing link: https://medium.com
[2025-08-25T15:04:36.340Z] Analysis complete for https://medium.com: good (200)
[2025-08-25T15:04:37.348Z] Analyzing link: https://dev.to
[2025-08-25T15:04:37.470Z] Analysis complete for https://dev.to: poor (403)
