[2025-08-25T14:26:17.874Z] [SYSTEM] Starting all enabled services...
[2025-08-25T14:26:17.876Z] [SYSTEM] Starting service: autonomous-system-manager
[2025-08-25T14:26:17.879Z] [SYSTEM] Service autonomous-system-manager started successfully
[2025-08-25T14:26:17.880Z] [SYSTEM] Starting service: ml-link-intelligence
[2025-08-25T14:26:17.881Z] [SYSTEM] Service ml-link-intelligence started successfully
[2025-08-25T14:26:17.881Z] [SYSTEM] Starting service: link-health-scheduler
[2025-08-25T14:26:17.883Z] [SYSTEM] Service link-health-scheduler started successfully
[2025-08-25T14:26:17.883Z] [SYSTEM] Starting service: real-time-performance-monitor
[2025-08-25T14:26:17.884Z] [SYSTEM] Service real-time-performance-monitor started successfully
[2025-08-25T14:26:17.963Z] [SYSTEM] Service real-time-performance-monitor exited with code 1, signal null
[2025-08-25T14:26:17.964Z] [SYSTEM] Restarting real-time-performance-monitor in 10000ms (attempt 1/3)
[2025-08-25T14:26:27.965Z] [SYSTEM] Starting service: real-time-performance-monitor
[2025-08-25T14:26:27.966Z] [SYSTEM] Service real-time-performance-monitor started successfully
[2025-08-25T14:26:28.039Z] [SYSTEM] Service real-time-performance-monitor exited with code 1, signal null
[2025-08-25T14:26:28.039Z] [SYSTEM] Restarting real-time-performance-monitor in 10000ms (attempt 1/3)
[2025-08-25T14:26:38.041Z] [SYSTEM] Starting service: real-time-performance-monitor
[2025-08-25T14:26:38.042Z] [SYSTEM] Service real-time-performance-monitor started successfully
[2025-08-25T14:26:38.124Z] [SYSTEM] Service real-time-performance-monitor exited with code 1, signal null
[2025-08-25T14:26:38.124Z] [SYSTEM] Restarting real-time-performance-monitor in 10000ms (attempt 1/3)
[2025-08-25T14:26:48.125Z] [SYSTEM] Starting service: real-time-performance-monitor
[2025-08-25T14:26:48.126Z] [SYSTEM] Service real-time-performance-monitor started successfully
[2025-08-25T14:57:33.200Z] [SYSTEM] Starting all enabled services...
[2025-08-25T14:57:33.203Z] [SYSTEM] Starting service: autonomous-system-manager
[2025-08-25T14:57:33.207Z] [SYSTEM] Service autonomous-system-manager started successfully
[2025-08-25T14:57:33.207Z] [SYSTEM] Starting service: ml-link-intelligence
[2025-08-25T14:57:33.209Z] [SYSTEM] Service ml-link-intelligence started successfully
[2025-08-25T14:57:33.210Z] [SYSTEM] Starting service: link-health-scheduler
[2025-08-25T14:57:33.212Z] [SYSTEM] Service link-health-scheduler started successfully
[2025-08-25T14:57:33.212Z] [SYSTEM] Starting service: real-time-performance-monitor
[2025-08-25T14:57:33.214Z] [SYSTEM] Service real-time-performance-monitor started successfully
[2025-08-25T15:00:06.218Z] [SYSTEM] Starting all enabled services...
[2025-08-25T15:00:06.412Z] [SYSTEM] Starting service: autonomous-system-manager
[2025-08-25T15:00:06.437Z] [SYSTEM] Service autonomous-system-manager started successfully
[2025-08-25T15:00:06.441Z] [SYSTEM] Starting service: ml-link-intelligence
[2025-08-25T15:00:06.465Z] [SYSTEM] Service ml-link-intelligence started successfully
[2025-08-25T15:00:06.468Z] [SYSTEM] Starting service: link-health-scheduler
[2025-08-25T15:00:06.475Z] [SYSTEM] Service link-health-scheduler started successfully
[2025-08-25T15:00:06.476Z] [SYSTEM] Starting service: real-time-performance-monitor
[2025-08-25T15:00:06.484Z] [SYSTEM] Service real-time-performance-monitor started successfully
[2025-08-25T15:01:28.731Z] [SYSTEM] Stopping all services...
[2025-08-25T15:01:28.732Z] [SYSTEM] Stopping service: autonomous-system-manager
[2025-08-25T15:01:28.732Z] [SYSTEM] Stopping service: ml-link-intelligence
[2025-08-25T15:01:28.733Z] [SYSTEM] Stopping service: link-health-scheduler
[2025-08-25T15:01:28.733Z] [SYSTEM] Stopping service: real-time-performance-monitor
[2025-08-25T15:01:28.841Z] [SYSTEM] Service autonomous-system-manager exited with code 0, signal null
[2025-08-25T15:01:28.842Z] [SYSTEM] Restarting autonomous-system-manager in 5000ms (attempt 1/5)
[2025-08-25T15:02:02.293Z] [SYSTEM] Service autonomous-system-manager exited with code 0, signal null
[2025-08-25T15:02:02.293Z] [SYSTEM] Restarting autonomous-system-manager in 5000ms (attempt 1/5)
[2025-08-25T15:02:06.906Z] [SYSTEM] Service real-time-performance-monitor exited with code 0, signal null
[2025-08-25T15:02:06.906Z] [SYSTEM] Restarting real-time-performance-monitor in 10000ms (attempt 1/3)
[2025-08-25T15:02:06.914Z] [SYSTEM] Service link-health-scheduler exited with code 0, signal null
[2025-08-25T15:02:06.915Z] [SYSTEM] Restarting link-health-scheduler in 15000ms (attempt 1/3)
[2025-08-25T15:02:07.421Z] [SYSTEM] Starting service: autonomous-system-manager
[2025-08-25T15:02:07.425Z] [SYSTEM] Service autonomous-system-manager started successfully
[2025-08-25T15:02:12.756Z] [SYSTEM] Service ml-link-intelligence exited with code 0, signal null
[2025-08-25T15:02:12.756Z] [SYSTEM] Restarting ml-link-intelligence in 10000ms (attempt 1/3)
[2025-08-25T15:02:16.908Z] [SYSTEM] Starting service: real-time-performance-monitor
[2025-08-25T15:02:16.910Z] [SYSTEM] Service real-time-performance-monitor started successfully
[2025-08-25T15:02:21.966Z] [SYSTEM] Starting service: link-health-scheduler
[2025-08-25T15:02:21.993Z] [SYSTEM] Service link-health-scheduler started successfully
[2025-08-25T15:02:22.758Z] [SYSTEM] Starting service: ml-link-intelligence
[2025-08-25T15:02:22.760Z] [SYSTEM] Service ml-link-intelligence started successfully
[2025-08-25T15:02:34.755Z] [SYSTEM] Service autonomous-system-manager exited with code 0, signal null
[2025-08-25T15:02:34.756Z] [SYSTEM] Restarting autonomous-system-manager in 5000ms (attempt 1/5)
[2025-08-25T15:02:39.757Z] [SYSTEM] Starting service: autonomous-system-manager
[2025-08-25T15:02:39.759Z] [SYSTEM] Service autonomous-system-manager started successfully
[2025-08-25T15:02:42.586Z] [SYSTEM] Service link-health-scheduler exited with code 0, signal null
[2025-08-25T15:02:42.587Z] [SYSTEM] Restarting link-health-scheduler in 15000ms (attempt 1/3)
[2025-08-25T15:02:57.592Z] [SYSTEM] Starting service: link-health-scheduler
[2025-08-25T15:02:57.595Z] [SYSTEM] Service link-health-scheduler started successfully
[2025-08-25T15:03:17.064Z] [SYSTEM] Service real-time-performance-monitor exited with code 0, signal null
[2025-08-25T15:03:17.064Z] [SYSTEM] Restarting real-time-performance-monitor in 10000ms (attempt 1/3)
[2025-08-25T15:03:27.066Z] [SYSTEM] Starting service: real-time-performance-monitor
[2025-08-25T15:03:27.068Z] [SYSTEM] Service real-time-performance-monitor started successfully
[2025-08-25T15:04:03.481Z] [SYSTEM] Service autonomous-system-manager exited with code 0, signal null
[2025-08-25T15:04:03.482Z] [SYSTEM] Restarting autonomous-system-manager in 5000ms (attempt 1/5)
[2025-08-25T15:04:08.030Z] [SYSTEM] Service link-health-scheduler exited with code 0, signal null
[2025-08-25T15:04:08.031Z] [SYSTEM] Restarting link-health-scheduler in 15000ms (attempt 1/3)
[2025-08-25T15:04:08.482Z] [SYSTEM] Starting service: autonomous-system-manager
[2025-08-25T15:04:08.484Z] [SYSTEM] Service autonomous-system-manager started successfully
[2025-08-25T15:04:23.032Z] [SYSTEM] Starting service: link-health-scheduler
[2025-08-25T15:04:23.034Z] [SYSTEM] Service link-health-scheduler started successfully
[2025-08-25T15:04:27.257Z] [SYSTEM] Service real-time-performance-monitor exited with code 0, signal null
[2025-08-25T15:04:27.258Z] [SYSTEM] Restarting real-time-performance-monitor in 10000ms (attempt 1/3)
[2025-08-25T15:04:29.083Z] [SYSTEM] Service ml-link-intelligence exited with code 0, signal null
[2025-08-25T15:04:29.084Z] [SYSTEM] Restarting ml-link-intelligence in 10000ms (attempt 1/3)
[2025-08-25T15:04:37.259Z] [SYSTEM] Starting service: real-time-performance-monitor
[2025-08-25T15:04:37.261Z] [SYSTEM] Service real-time-performance-monitor started successfully
