[2025-09-11T11:48:25.714Z] [INFO] Running: Accessibility tests
[2025-09-11T11:48:34.179Z] [ERROR] Failed: Accessibility tests -> Command failed: npm run -s test:accessibility
● Multiple configurations found:

    * /workspace/jest.config.js
    * /workspace/jest.config.cjs

  Implicit config resolution does not allow multiple configuration files.
  Either remove unused config files or select one explicitly with `--config`.

  Configuration Documentation:
  https://jestjs.io/docs/configuration


[2025-09-11T11:48:34.179Z] [INFO] Running: ESLint (includes a11y rules)
[2025-09-11T11:49:08.377Z] [ERROR] Failed: ESLint (includes a11y rules) -> spawnSync /bin/sh ENOBUFS
[2025-09-11T11:49:08.378Z] [INFO] Report saved: /workspace/logs/accessibility-report-1757591348377.json
[2025-09-11T15:01:59.769Z] [INFO] Running: Accessibility tests
[2025-09-11T15:02:13.737Z] [ERROR] Failed: Accessibility tests -> Command failed: npm run -s test:accessibility
● Multiple configurations found:

    * /workspace/jest.config.js
    * /workspace/jest.config.cjs

  Implicit config resolution does not allow multiple configuration files.
  Either remove unused config files or select one explicitly with `--config`.

  Configuration Documentation:
  https://jestjs.io/docs/configuration


[2025-09-11T15:02:13.737Z] [INFO] Running: ESLint (includes a11y rules)
[2025-09-11T15:02:53.674Z] [ERROR] Failed: ESLint (includes a11y rules) -> spawnSync /bin/sh ENOBUFS
[2025-09-11T15:02:53.676Z] [INFO] Report saved: /workspace/logs/accessibility-report-1757602973676.json
