2025-08-25 10:50:00 -03:00: [2025-08-25T13:50:00.606Z] Starting autonomous-system-manager with args: ["start"]
2025-08-25 10:50:15 -03:00: [2025-08-25T13:50:15.611Z] heartbeat ok | rss=48373760 heapUsed=7109072
2025-08-25 10:50:30 -03:00: [2025-08-25T13:50:30.612Z] heartbeat ok | rss=48640000 heapUsed=7366032
2025-08-25 10:50:45 -03:00: [2025-08-25T13:50:45.611Z] heartbeat ok | rss=48971776 heapUsed=7672464
2025-08-25 10:51:00 -03:00: [2025-08-25T13:51:00.610Z] autonomous routine tick
2025-08-25 10:51:00 -03:00: [2025-08-25T13:51:00.611Z] heartbeat ok | rss=49430528 heapUsed=7260072
2025-08-25 10:51:15 -03:00: [2025-08-25T13:51:15.611Z] heartbeat ok | rss=49885184 heapUsed=7715480
2025-08-25 10:51:30 -03:00: [2025-08-25T13:51:30.611Z] heartbeat ok | rss=50089984 heapUsed=7405192
2025-08-25 10:51:45 -03:00: [2025-08-25T13:51:45.612Z] heartbeat ok | rss=50130944 heapUsed=7201896
2025-08-25 10:52:00 -03:00: [2025-08-25T13:52:00.611Z] autonomous routine tick
2025-08-25 10:52:00 -03:00: [2025-08-25T13:52:00.612Z] heartbeat ok | rss=50274304 heapUsed=7112696
2025-08-25 10:52:05 -03:00: [2025-08-25T13:52:05.911Z] Shutting down autonomous-system-manager gracefully...
2025-08-25 10:52:06 -03:00: [2025-08-25T13:52:06.341Z] Starting autonomous-system-manager with args: ["start"]
2025-08-25 10:52:20 -03:00: [2025-08-25T13:52:20.654Z] Shutting down autonomous-system-manager gracefully...
2025-08-25 10:52:21 -03:00: [2025-08-25T13:52:21.081Z] Starting autonomous-system-manager with args: ["start"]
2025-08-25 10:52:36 -03:00: [2025-08-25T13:52:36.085Z] heartbeat ok | rss=47194112 heapUsed=7090624
2025-08-25 10:52:51 -03:00: [2025-08-25T13:52:51.085Z] heartbeat ok | rss=47452160 heapUsed=7342592
2025-08-25 10:53:06 -03:00: [2025-08-25T13:53:06.085Z] heartbeat ok | rss=47783936 heapUsed=7647704
2025-08-25 10:53:21 -03:00: [2025-08-25T13:53:21.084Z] autonomous routine tick
2025-08-25 10:53:21 -03:00: [2025-08-25T13:53:21.086Z] heartbeat ok | rss=48242688 heapUsed=7221352
2025-08-25 10:53:36 -03:00: [2025-08-25T13:53:36.086Z] heartbeat ok | rss=48689152 heapUsed=7674304
2025-08-25 10:53:51 -03:00: [2025-08-25T13:53:51.086Z] heartbeat ok | rss=48922624 heapUsed=7358040
2025-08-25 10:54:06 -03:00: [2025-08-25T13:54:06.085Z] heartbeat ok | rss=48922624 heapUsed=7118080
2025-08-25 10:54:08 -03:00: [2025-08-25T13:54:08.329Z] Starting autonomous-system-manager with args: ["start"]
2025-08-25 10:54:08 -03:00: [2025-08-25T13:54:08.371Z] Shutting down autonomous-system-manager gracefully...
2025-08-25 10:54:23 -03:00: [2025-08-25T13:54:23.332Z] heartbeat ok | rss=48115712 heapUsed=7086072
2025-08-25 10:54:38 -03:00: [2025-08-25T13:54:38.333Z] heartbeat ok | rss=48373760 heapUsed=7343408
2025-08-25 10:54:53 -03:00: [2025-08-25T13:54:53.334Z] heartbeat ok | rss=48734208 heapUsed=7647136
2025-08-25 10:55:08 -03:00: [2025-08-25T13:55:08.389Z] autonomous routine tick
2025-08-25 10:55:08 -03:00: [2025-08-25T13:55:08.390Z] heartbeat ok | rss=49172480 heapUsed=7231888
2025-08-25 10:55:23 -03:00: [2025-08-25T13:55:23.391Z] heartbeat ok | rss=49643520 heapUsed=7704936
2025-08-25 10:55:38 -03:00: [2025-08-25T13:55:38.391Z] heartbeat ok | rss=49844224 heapUsed=7399232
2025-08-25 10:55:53 -03:00: [2025-08-25T13:55:53.392Z] heartbeat ok | rss=49856512 heapUsed=7163400
2025-08-25 10:56:08 -03:00: [2025-08-25T13:56:08.390Z] autonomous routine tick
2025-08-25 10:56:08 -03:00: [2025-08-25T13:56:08.391Z] heartbeat ok | rss=50053120 heapUsed=7915304
2025-08-25 10:56:23 -03:00: [2025-08-25T13:56:23.393Z] heartbeat ok | rss=50233344 heapUsed=7848288
2025-08-25 10:56:38 -03:00: [2025-08-25T13:56:38.393Z] heartbeat ok | rss=50233344 heapUsed=7878232
2025-08-25 10:56:53 -03:00: [2025-08-25T13:56:53.394Z] heartbeat ok | rss=50249728 heapUsed=7106136
2025-08-25 10:57:08 -03:00: [2025-08-25T13:57:08.389Z] autonomous routine tick
2025-08-25 10:57:08 -03:00: [2025-08-25T13:57:08.393Z] heartbeat ok | rss=50253824 heapUsed=7256440
2025-08-25 10:57:23 -03:00: [2025-08-25T13:57:23.393Z] heartbeat ok | rss=50253824 heapUsed=7488344
2025-08-25 10:57:38 -03:00: [2025-08-25T13:57:38.394Z] heartbeat ok | rss=50253824 heapUsed=7838392
2025-08-26 07:18:05 -03:00: [2025-08-26T10:18:05.320Z] Starting Autonomous System Manager
2025-08-26 07:18:05 -03:00: [2025-08-26T10:18:05.322Z] Starting all enabled services...
2025-08-26 07:18:05 -03:00: [2025-08-26T10:18:05.323Z] Starting service: autonomous-system-manager
2025-08-26 07:18:05 -03:00: [2025-08-26T10:18:05.323Z] Error starting autonomous-system-manager: Cannot access 'process' before initialization
2025-08-26 07:18:06 -03:00: [2025-08-26T10:18:06.324Z] Starting service: ml-link-intelligence
2025-08-26 07:18:06 -03:00: [2025-08-26T10:18:06.324Z] Error starting ml-link-intelligence: Cannot access 'process' before initialization
2025-08-26 07:18:07 -03:00: [2025-08-26T10:18:07.325Z] Starting service: link-health-scheduler
2025-08-26 07:18:07 -03:00: [2025-08-26T10:18:07.326Z] Error starting link-health-scheduler: Cannot access 'process' before initialization
2025-08-26 07:18:08 -03:00: [2025-08-26T10:18:08.328Z] Starting service: real-time-performance-monitor
2025-08-26 07:18:08 -03:00: [2025-08-26T10:18:08.328Z] Error starting real-time-performance-monitor: Cannot access 'process' before initialization
2025-08-26 07:18:09 -03:00: [2025-08-26T10:18:09.330Z] Started 0/4 services successfully
2025-08-26 07:18:09 -03:00: [2025-08-26T10:18:09.330Z] Autonomous System Manager is now running
2025-08-26 07:20:01 -03:00: [2025-08-26T10:20:01.919Z] Shutting down Autonomous System Manager gracefully...
2025-08-26 07:20:01 -03:00: [2025-08-26T10:20:01.920Z] Stopping all services...
2025-08-26 07:20:01 -03:00: [2025-08-26T10:20:01.920Z] Stopped 0 services
2025-08-26 07:20:06 -03:00: [2025-08-26T10:20:06.309Z] Starting Autonomous System Manager
2025-08-26 07:20:06 -03:00: [2025-08-26T10:20:06.312Z] Starting all enabled services...
2025-08-26 07:20:06 -03:00: [2025-08-26T10:20:06.312Z] Starting service: autonomous-system-manager
2025-08-26 07:20:06 -03:00: [2025-08-26T10:20:06.313Z] Error starting autonomous-system-manager: Cannot access 'process' before initialization
2025-08-26 07:20:07 -03:00: [2025-08-26T10:20:07.313Z] Starting service: ml-link-intelligence
2025-08-26 07:20:07 -03:00: [2025-08-26T10:20:07.314Z] Error starting ml-link-intelligence: Cannot access 'process' before initialization
2025-08-26 07:20:08 -03:00: [2025-08-26T10:20:08.314Z] Starting service: link-health-scheduler
2025-08-26 07:20:08 -03:00: [2025-08-26T10:20:08.315Z] Error starting link-health-scheduler: Cannot access 'process' before initialization
2025-08-26 07:20:09 -03:00: [2025-08-26T10:20:09.316Z] Starting service: real-time-performance-monitor
2025-08-26 07:20:09 -03:00: [2025-08-26T10:20:09.317Z] Error starting real-time-performance-monitor: Cannot access 'process' before initialization
2025-08-26 07:20:10 -03:00: [2025-08-26T10:20:10.317Z] Started 0/4 services successfully
2025-08-26 07:20:10 -03:00: [2025-08-26T10:20:10.318Z] Autonomous System Manager is now running
2025-08-26 07:22:00 -03:00: [2025-08-26T10:22:00.981Z] Shutting down Autonomous System Manager gracefully...
2025-08-26 07:22:00 -03:00: [2025-08-26T10:22:00.982Z] Stopping all services...
2025-08-26 07:22:00 -03:00: [2025-08-26T10:22:00.983Z] Stopped 0 services
2025-08-26 07:22:05 -03:00: [2025-08-26T10:22:05.398Z] Starting Autonomous System Manager
2025-08-26 07:22:05 -03:00: [2025-08-26T10:22:05.401Z] Starting all enabled services...
2025-08-26 07:22:05 -03:00: [2025-08-26T10:22:05.402Z] Starting service: autonomous-system-manager
2025-08-26 07:22:05 -03:00: [2025-08-26T10:22:05.402Z] Error starting autonomous-system-manager: Cannot access 'process' before initialization
2025-08-26 07:22:06 -03:00: [2025-08-26T10:22:06.403Z] Starting service: ml-link-intelligence
2025-08-26 07:22:06 -03:00: [2025-08-26T10:22:06.403Z] Error starting ml-link-intelligence: Cannot access 'process' before initialization
2025-08-26 07:22:07 -03:00: [2025-08-26T10:22:07.405Z] Starting service: link-health-scheduler
2025-08-26 07:22:07 -03:00: [2025-08-26T10:22:07.406Z] Error starting link-health-scheduler: Cannot access 'process' before initialization
2025-08-26 07:22:08 -03:00: [2025-08-26T10:22:08.407Z] Starting service: real-time-performance-monitor
2025-08-26 07:22:08 -03:00: [2025-08-26T10:22:08.408Z] Error starting real-time-performance-monitor: Cannot access 'process' before initialization
2025-08-26 07:22:09 -03:00: [2025-08-26T10:22:09.410Z] Started 0/4 services successfully
2025-08-26 07:22:09 -03:00: [2025-08-26T10:22:09.411Z] Autonomous System Manager is now running
2025-08-26 07:55:15 -03:00: [2025-08-26T10:55:15.875Z] Periodic status check - all systems operational
2025-08-26 07:55:20 -03:00: [2025-08-26T10:55:20.720Z] Shutting down Autonomous System Manager gracefully...
2025-08-26 07:55:20 -03:00: [2025-08-26T10:55:20.720Z] Stopping all services...
2025-08-26 07:55:20 -03:00: [2025-08-26T10:55:20.721Z] Stopped 0 services
2025-08-26 07:55:25 -03:00: [2025-08-26T10:55:25.042Z] Starting Autonomous System Manager
2025-08-26 07:55:25 -03:00: [2025-08-26T10:55:25.044Z] Starting all enabled services...
2025-08-26 07:55:25 -03:00: [2025-08-26T10:55:25.045Z] Starting service: autonomous-system-manager
2025-08-26 07:55:25 -03:00: [2025-08-26T10:55:25.045Z] Error starting autonomous-system-manager: Cannot access 'process' before initialization
2025-08-26 07:55:26 -03:00: [2025-08-26T10:55:26.047Z] Starting service: ml-link-intelligence
2025-08-26 07:55:26 -03:00: [2025-08-26T10:55:26.048Z] Error starting ml-link-intelligence: Cannot access 'process' before initialization
2025-08-26 07:55:27 -03:00: [2025-08-26T10:55:27.049Z] Starting service: link-health-scheduler
2025-08-26 07:55:27 -03:00: [2025-08-26T10:55:27.049Z] Error starting link-health-scheduler: Cannot access 'process' before initialization
2025-08-26 07:55:28 -03:00: [2025-08-26T10:55:28.050Z] Starting service: real-time-performance-monitor
2025-08-26 07:55:28 -03:00: [2025-08-26T10:55:28.051Z] Error starting real-time-performance-monitor: Cannot access 'process' before initialization
2025-08-26 07:55:29 -03:00: [2025-08-26T10:55:29.051Z] Started 0/4 services successfully
2025-08-26 07:55:29 -03:00: [2025-08-26T10:55:29.072Z] Autonomous System Manager is now running
2025-08-26 07:56:01 -03:00: [2025-08-26T10:56:01.806Z] Shutting down Autonomous System Manager gracefully...
2025-08-26 07:56:01 -03:00: [2025-08-26T10:56:01.806Z] Stopping all services...
2025-08-26 07:56:01 -03:00: [2025-08-26T10:56:01.807Z] Stopped 0 services
2025-08-26 07:56:06 -03:00: [2025-08-26T10:56:06.158Z] Starting Autonomous System Manager
2025-08-26 07:56:06 -03:00: [2025-08-26T10:56:06.160Z] Starting all enabled services...
2025-08-26 07:56:06 -03:00: [2025-08-26T10:56:06.161Z] Starting service: autonomous-system-manager
2025-08-26 07:56:06 -03:00: [2025-08-26T10:56:06.161Z] Error starting autonomous-system-manager: Cannot access 'process' before initialization
2025-08-26 07:56:07 -03:00: [2025-08-26T10:56:07.162Z] Starting service: ml-link-intelligence
2025-08-26 07:56:07 -03:00: [2025-08-26T10:56:07.162Z] Error starting ml-link-intelligence: Cannot access 'process' before initialization
2025-08-26 07:56:08 -03:00: [2025-08-26T10:56:08.163Z] Starting service: link-health-scheduler
2025-08-26 07:56:08 -03:00: [2025-08-26T10:56:08.164Z] Error starting link-health-scheduler: Cannot access 'process' before initialization
2025-08-26 07:56:09 -03:00: [2025-08-26T10:56:09.166Z] Starting service: real-time-performance-monitor
2025-08-26 07:56:09 -03:00: [2025-08-26T10:56:09.166Z] Error starting real-time-performance-monitor: Cannot access 'process' before initialization
2025-08-26 07:56:10 -03:00: [2025-08-26T10:56:10.167Z] Started 0/4 services successfully
2025-08-26 07:56:10 -03:00: [2025-08-26T10:56:10.168Z] Autonomous System Manager is now running
2025-08-26 07:58:01 -03:00: [2025-08-26T10:58:01.458Z] Shutting down Autonomous System Manager gracefully...
2025-08-26 07:58:01 -03:00: [2025-08-26T10:58:01.458Z] Stopping all services...
2025-08-26 07:58:01 -03:00: [2025-08-26T10:58:01.459Z] Stopped 0 services
2025-08-26 07:58:05 -03:00: [2025-08-26T10:58:05.898Z] Starting Autonomous System Manager
2025-08-26 07:58:05 -03:00: [2025-08-26T10:58:05.901Z] Starting all enabled services...
2025-08-26 07:58:05 -03:00: [2025-08-26T10:58:05.902Z] Starting service: autonomous-system-manager
2025-08-26 07:58:05 -03:00: [2025-08-26T10:58:05.903Z] Error starting autonomous-system-manager: Cannot access 'process' before initialization
2025-08-26 07:58:06 -03:00: [2025-08-26T10:58:06.904Z] Starting service: ml-link-intelligence
2025-08-26 07:58:06 -03:00: [2025-08-26T10:58:06.904Z] Error starting ml-link-intelligence: Cannot access 'process' before initialization
2025-08-26 07:58:07 -03:00: [2025-08-26T10:58:07.905Z] Starting service: link-health-scheduler
2025-08-26 07:58:07 -03:00: [2025-08-26T10:58:07.906Z] Error starting link-health-scheduler: Cannot access 'process' before initialization
2025-08-26 07:58:08 -03:00: [2025-08-26T10:58:08.908Z] Starting service: real-time-performance-monitor
2025-08-26 07:58:08 -03:00: [2025-08-26T10:58:08.908Z] Error starting real-time-performance-monitor: Cannot access 'process' before initialization
2025-08-26 07:58:09 -03:00: [2025-08-26T10:58:09.910Z] Started 0/4 services successfully
2025-08-26 07:58:09 -03:00: [2025-08-26T10:58:09.911Z] Autonomous System Manager is now running
2025-08-26 08:00:02 -03:00: [2025-08-26T11:00:02.293Z] Shutting down Autonomous System Manager gracefully...
2025-08-26 08:00:02 -03:00: [2025-08-26T11:00:02.294Z] Stopping all services...
2025-08-26 08:00:02 -03:00: [2025-08-26T11:00:02.294Z] Stopped 0 services
2025-08-26 08:00:06 -03:00: [2025-08-26T11:00:06.864Z] Starting Autonomous System Manager
2025-08-26 08:00:06 -03:00: [2025-08-26T11:00:06.867Z] Starting all enabled services...
2025-08-26 08:00:06 -03:00: [2025-08-26T11:00:06.868Z] Starting service: autonomous-system-manager
2025-08-26 08:00:06 -03:00: [2025-08-26T11:00:06.869Z] Error starting autonomous-system-manager: Cannot access 'process' before initialization
