2026-03-20 16:20:00,940 - __main__ - INFO - Starting lead discovery process
2026-03-20 16:20:00,941 - __main__ - WARNING - CRUNCHBASE_API_KEY not set
2026-03-20 16:20:00,941 - __main__ - WARNING - APOLLO_API_KEY not set
2026-03-20 16:20:00,941 - __main__ - INFO - LinkedIn integration requires API access - skipping
2026-03-20 16:20:00,941 - __main__ - WARNING - No leads fetched from any source
2026-03-20 16:20:00,941 - __main__ - INFO - Inserted None new leads
2026-03-20 16:30:00,480 - __main__ - INFO - Starting lead discovery process
2026-03-20 16:30:00,480 - __main__ - WARNING - CRUNCHBASE_API_KEY not set
2026-03-20 16:30:00,480 - __main__ - WARNING - APOLLO_API_KEY not set
2026-03-20 16:30:00,480 - __main__ - INFO - LinkedIn integration requires API access - skipping
2026-03-20 16:30:00,481 - __main__ - WARNING - No leads fetched from any source
2026-03-20 16:30:00,481 - __main__ - INFO - Inserted None new leads
2026-03-20 16:40:00,838 - __main__ - INFO - Starting lead discovery process
2026-03-20 16:40:00,838 - __main__ - WARNING - CRUNCHBASE_API_KEY not set
2026-03-20 16:40:00,838 - __main__ - WARNING - APOLLO_API_KEY not set
2026-03-20 16:40:00,838 - __main__ - INFO - LinkedIn integration requires API access - skipping
2026-03-20 16:40:00,839 - __main__ - WARNING - No leads fetched from any source
2026-03-20 16:40:00,839 - __main__ - INFO - Inserted None new leads
2026-03-20 16:50:01,216 - __main__ - INFO - Starting lead discovery process
2026-03-20 16:50:01,216 - __main__ - WARNING - CRUNCHBASE_API_KEY not set
2026-03-20 16:50:01,216 - __main__ - WARNING - APOLLO_API_KEY not set
2026-03-20 16:50:01,216 - __main__ - INFO - LinkedIn integration requires API access - skipping
2026-03-20 16:50:01,216 - __main__ - WARNING - No leads fetched from any source
2026-03-20 16:50:01,217 - __main__ - INFO - Inserted None new leads
2026-03-20 17:00:00,675 - __main__ - INFO - Starting lead discovery process
2026-03-20 17:00:00,676 - __main__ - WARNING - CRUNCHBASE_API_KEY not set
2026-03-20 17:00:00,676 - __main__ - WARNING - APOLLO_API_KEY not set
2026-03-20 17:00:00,676 - __main__ - INFO - LinkedIn integration requires API access - skipping
2026-03-20 17:00:00,676 - __main__ - WARNING - No leads fetched from any source
2026-03-20 17:00:00,677 - __main__ - INFO - Inserted None new leads
2026-03-20 17:10:01,101 - __main__ - INFO - Starting lead discovery process
2026-03-20 17:10:01,102 - __main__ - WARNING - CRUNCHBASE_API_KEY not set
2026-03-20 17:10:01,102 - __main__ - WARNING - APOLLO_API_KEY not set
2026-03-20 17:10:01,102 - __main__ - INFO - LinkedIn integration requires API access - skipping
2026-03-20 17:10:01,102 - __main__ - WARNING - No leads fetched from any source
2026-03-20 17:10:01,103 - __main__ - INFO - Inserted None new leads
2026-03-20 17:20:00,611 - __main__ - INFO - Starting lead discovery process
2026-03-20 17:20:00,611 - __main__ - WARNING - CRUNCHBASE_API_KEY not set
2026-03-20 17:20:00,611 - __main__ - WARNING - APOLLO_API_KEY not set
2026-03-20 17:20:00,611 - __main__ - INFO - LinkedIn integration requires API access - skipping
2026-03-20 17:20:00,611 - __main__ - WARNING - No leads fetched from any source
2026-03-20 17:20:00,611 - __main__ - INFO - Inserted None new leads
2026-03-20 17:30:01,055 - __main__ - INFO - Starting lead discovery process
2026-03-20 17:30:01,056 - __main__ - WARNING - CRUNCHBASE_API_KEY not set
2026-03-20 17:30:01,056 - __main__ - WARNING - APOLLO_API_KEY not set
2026-03-20 17:30:01,057 - __main__ - INFO - LinkedIn integration requires API access - skipping
2026-03-20 17:30:01,057 - __main__ - WARNING - No leads fetched from any source
2026-03-20 17:30:01,057 - __main__ - INFO - Inserted None new leads
2026-03-20 17:40:00,450 - __main__ - INFO - Starting lead discovery process
2026-03-20 17:40:00,451 - __main__ - WARNING - CRUNCHBASE_API_KEY not set
2026-03-20 17:40:00,451 - __main__ - WARNING - APOLLO_API_KEY not set
2026-03-20 17:40:00,451 - __main__ - INFO - LinkedIn integration requires API access - skipping
2026-03-20 17:40:00,451 - __main__ - WARNING - No leads fetched from any source
2026-03-20 17:40:00,451 - __main__ - INFO - Inserted None new leads
2026-03-20 17:50:00,790 - __main__ - INFO - Starting lead discovery process
2026-03-20 17:50:00,791 - __main__ - WARNING - CRUNCHBASE_API_KEY not set
2026-03-20 17:50:00,791 - __main__ - WARNING - APOLLO_API_KEY not set
2026-03-20 17:50:00,792 - __main__ - INFO - LinkedIn integration requires API access - skipping
2026-03-20 17:50:00,792 - __main__ - WARNING - No leads fetched from any source
2026-03-20 17:50:00,792 - __main__ - INFO - Inserted None new leads
2026-03-20 18:00:01,232 - __main__ - INFO - Starting lead discovery process
2026-03-20 18:00:01,232 - __main__ - WARNING - CRUNCHBASE_API_KEY not set
2026-03-20 18:00:01,232 - __main__ - WARNING - APOLLO_API_KEY not set
2026-03-20 18:00:01,233 - __main__ - INFO - LinkedIn integration requires API access - skipping
2026-03-20 18:00:01,233 - __main__ - WARNING - No leads fetched from any source
2026-03-20 18:00:01,233 - __main__ - INFO - Inserted None new leads
2026-03-20 18:10:00,702 - __main__ - INFO - Starting lead discovery process
2026-03-20 18:10:00,704 - __main__ - WARNING - CRUNCHBASE_API_KEY not set
2026-03-20 18:10:00,704 - __main__ - WARNING - APOLLO_API_KEY not set
2026-03-20 18:10:00,704 - __main__ - INFO - LinkedIn integration requires API access - skipping
2026-03-20 18:10:00,704 - __main__ - WARNING - No leads fetched from any source
2026-03-20 18:10:00,704 - __main__ - INFO - Inserted None new leads
2026-03-20 18:20:01,077 - __main__ - INFO - Starting lead discovery process
2026-03-20 18:20:01,077 - __main__ - WARNING - CRUNCHBASE_API_KEY not set
2026-03-20 18:20:01,077 - __main__ - WARNING - APOLLO_API_KEY not set
2026-03-20 18:20:01,077 - __main__ - INFO - LinkedIn integration requires API access - skipping
2026-03-20 18:20:01,078 - __main__ - WARNING - No leads fetched from any source
2026-03-20 18:20:01,078 - __main__ - INFO - Inserted None new leads
2026-03-20 18:30:00,625 - __main__ - INFO - Starting lead discovery process
2026-03-20 18:30:00,625 - __main__ - WARNING - CRUNCHBASE_API_KEY not set
2026-03-20 18:30:00,625 - __main__ - WARNING - APOLLO_API_KEY not set
2026-03-20 18:30:00,625 - __main__ - INFO - LinkedIn integration requires API access - skipping
2026-03-20 18:30:00,625 - __main__ - WARNING - No leads fetched from any source
2026-03-20 18:30:00,625 - __main__ - INFO - Inserted None new leads
2026-03-20 18:40:00,988 - __main__ - INFO - Starting lead discovery process
2026-03-20 18:40:00,989 - __main__ - WARNING - CRUNCHBASE_API_KEY not set
2026-03-20 18:40:00,989 - __main__ - WARNING - APOLLO_API_KEY not set
2026-03-20 18:40:00,989 - __main__ - INFO - LinkedIn integration requires API access - skipping
2026-03-20 18:40:00,989 - __main__ - WARNING - No leads fetched from any source
2026-03-20 18:40:00,989 - __main__ - INFO - Inserted None new leads
2026-03-20 18:50:00,480 - __main__ - INFO - Starting lead discovery process
2026-03-20 18:50:00,481 - __main__ - WARNING - CRUNCHBASE_API_KEY not set
2026-03-20 18:50:00,481 - __main__ - WARNING - APOLLO_API_KEY not set
2026-03-20 18:50:00,481 - __main__ - INFO - LinkedIn integration requires API access - skipping
2026-03-20 18:50:00,482 - __main__ - WARNING - No leads fetched from any source
2026-03-20 18:50:00,482 - __main__ - INFO - Inserted None new leads
2026-03-20 19:00:00,973 - __main__ - INFO - Starting lead discovery process
2026-03-20 19:00:00,974 - __main__ - WARNING - CRUNCHBASE_API_KEY not set
2026-03-20 19:00:00,974 - __main__ - WARNING - APOLLO_API_KEY not set
2026-03-20 19:00:00,974 - __main__ - INFO - LinkedIn integration requires API access - skipping
2026-03-20 19:00:00,974 - __main__ - WARNING - No leads fetched from any source
2026-03-20 19:00:00,975 - __main__ - INFO - Inserted None new leads
2026-03-20 19:10:00,550 - __main__ - INFO - Starting lead discovery process
2026-03-20 19:10:00,551 - __main__ - WARNING - CRUNCHBASE_API_KEY not set
2026-03-20 19:10:00,551 - __main__ - WARNING - APOLLO_API_KEY not set
2026-03-20 19:10:00,552 - __main__ - INFO - LinkedIn integration requires API access - skipping
2026-03-20 19:10:00,552 - __main__ - WARNING - No leads fetched from any source
2026-03-20 19:10:00,552 - __main__ - INFO - Inserted None new leads
2026-03-20 19:20:01,108 - __main__ - INFO - Starting lead discovery process
2026-03-20 19:20:01,108 - __main__ - WARNING - CRUNCHBASE_API_KEY not set
2026-03-20 19:20:01,109 - __main__ - WARNING - APOLLO_API_KEY not set
2026-03-20 19:20:01,109 - __main__ - INFO - LinkedIn integration requires API access - skipping
2026-03-20 19:20:01,109 - __main__ - WARNING - No leads fetched from any source
2026-03-20 19:20:01,109 - __main__ - INFO - Inserted None new leads
2026-03-20 19:30:00,482 - __main__ - INFO - Starting lead discovery process
2026-03-20 19:30:00,482 - __main__ - WARNING - CRUNCHBASE_API_KEY not set
2026-03-20 19:30:00,482 - __main__ - WARNING - APOLLO_API_KEY not set
2026-03-20 19:30:00,482 - __main__ - INFO - LinkedIn integration requires API access - skipping
2026-03-20 19:30:00,482 - __main__ - WARNING - No leads fetched from any source
2026-03-20 19:30:00,482 - __main__ - INFO - Inserted None new leads
2026-03-20 19:40:01,021 - __main__ - INFO - Starting lead discovery process
2026-03-20 19:40:01,021 - __main__ - WARNING - CRUNCHBASE_API_KEY not set
2026-03-20 19:40:01,022 - __main__ - WARNING - APOLLO_API_KEY not set
2026-03-20 19:40:01,022 - __main__ - INFO - LinkedIn integration requires API access - skipping
2026-03-20 19:40:01,022 - __main__ - WARNING - No leads fetched from any source
2026-03-20 19:40:01,022 - __main__ - INFO - Inserted None new leads
2026-03-20 19:50:00,791 - __main__ - INFO - Starting lead discovery process
2026-03-20 19:50:00,792 - __main__ - WARNING - CRUNCHBASE_API_KEY not set
2026-03-20 19:50:00,792 - __main__ - WARNING - APOLLO_API_KEY not set
2026-03-20 19:50:00,793 - __main__ - INFO - LinkedIn integration requires API access - skipping
2026-03-20 19:50:00,793 - __main__ - WARNING - No leads fetched from any source
2026-03-20 19:50:00,793 - __main__ - INFO - Inserted None new leads
2026-03-20 20:00:01,187 - __main__ - INFO - Starting lead discovery process
2026-03-20 20:00:01,187 - __main__ - WARNING - CRUNCHBASE_API_KEY not set
2026-03-20 20:00:01,188 - __main__ - WARNING - APOLLO_API_KEY not set
2026-03-20 20:00:01,188 - __main__ - INFO - LinkedIn integration requires API access - skipping
2026-03-20 20:00:01,188 - __main__ - WARNING - No leads fetched from any source
2026-03-20 20:00:01,188 - __main__ - INFO - Inserted None new leads
2026-03-20 20:10:00,559 - __main__ - INFO - Starting lead discovery process
2026-03-20 20:10:00,559 - __main__ - WARNING - CRUNCHBASE_API_KEY not set
2026-03-20 20:10:00,559 - __main__ - WARNING - APOLLO_API_KEY not set
2026-03-20 20:10:00,559 - __main__ - INFO - LinkedIn integration requires API access - skipping
2026-03-20 20:10:00,559 - __main__ - WARNING - No leads fetched from any source
2026-03-20 20:10:00,559 - __main__ - INFO - Inserted None new leads
2026-03-20 20:20:01,114 - __main__ - INFO - Starting lead discovery process
2026-03-20 20:20:01,114 - __main__ - WARNING - CRUNCHBASE_API_KEY not set
2026-03-20 20:20:01,115 - __main__ - WARNING - APOLLO_API_KEY not set
2026-03-20 20:20:01,115 - __main__ - INFO - LinkedIn integration requires API access - skipping
2026-03-20 20:20:01,115 - __main__ - WARNING - No leads fetched from any source
2026-03-20 20:20:01,115 - __main__ - INFO - Inserted None new leads
2026-03-20 20:30:00,637 - __main__ - INFO - Starting lead discovery process
2026-03-20 20:30:00,638 - __main__ - WARNING - CRUNCHBASE_API_KEY not set
2026-03-20 20:30:00,638 - __main__ - WARNING - APOLLO_API_KEY not set
2026-03-20 20:30:00,639 - __main__ - INFO - LinkedIn integration requires API access - skipping
2026-03-20 20:30:00,639 - __main__ - WARNING - No leads fetched from any source
2026-03-20 20:30:00,639 - __main__ - INFO - Inserted None new leads
2026-03-20 20:40:00,998 - __main__ - INFO - Starting lead discovery process
2026-03-20 20:40:00,999 - __main__ - WARNING - CRUNCHBASE_API_KEY not set
2026-03-20 20:40:00,999 - __main__ - WARNING - APOLLO_API_KEY not set
2026-03-20 20:40:00,999 - __main__ - INFO - LinkedIn integration requires API access - skipping
2026-03-20 20:40:00,999 - __main__ - WARNING - No leads fetched from any source
2026-03-20 20:40:00,999 - __main__ - INFO - Inserted None new leads
2026-03-20 20:50:00,466 - __main__ - INFO - Starting lead discovery process
2026-03-20 20:50:00,467 - __main__ - WARNING - CRUNCHBASE_API_KEY not set
2026-03-20 20:50:00,467 - __main__ - WARNING - APOLLO_API_KEY not set
2026-03-20 20:50:00,467 - __main__ - INFO - LinkedIn integration requires API access - skipping
2026-03-20 20:50:00,467 - __main__ - WARNING - No leads fetched from any source
2026-03-20 20:50:00,467 - __main__ - INFO - Inserted None new leads
2026-03-20 21:00:00,908 - __main__ - INFO - Starting lead discovery process
2026-03-20 21:00:00,908 - __main__ - WARNING - CRUNCHBASE_API_KEY not set
2026-03-20 21:00:00,908 - __main__ - WARNING - APOLLO_API_KEY not set
2026-03-20 21:00:00,908 - __main__ - INFO - LinkedIn integration requires API access - skipping
2026-03-20 21:00:00,908 - __main__ - WARNING - No leads fetched from any source
2026-03-20 21:00:00,908 - __main__ - INFO - Inserted None new leads
2026-03-20 21:10:01,234 - __main__ - INFO - Starting lead discovery process
2026-03-20 21:10:01,234 - __main__ - WARNING - CRUNCHBASE_API_KEY not set
2026-03-20 21:10:01,234 - __main__ - WARNING - APOLLO_API_KEY not set
2026-03-20 21:10:01,234 - __main__ - INFO - LinkedIn integration requires API access - skipping
2026-03-20 21:10:01,234 - __main__ - WARNING - No leads fetched from any source
2026-03-20 21:10:01,235 - __main__ - INFO - Inserted None new leads
2026-03-20 21:20:00,596 - __main__ - INFO - Starting lead discovery process
2026-03-20 21:20:00,597 - __main__ - WARNING - CRUNCHBASE_API_KEY not set
2026-03-20 21:20:00,597 - __main__ - WARNING - APOLLO_API_KEY not set
2026-03-20 21:20:00,597 - __main__ - INFO - LinkedIn integration requires API access - skipping
2026-03-20 21:20:00,597 - __main__ - WARNING - No leads fetched from any source
2026-03-20 21:20:00,597 - __main__ - INFO - Inserted None new leads
2026-03-20 21:30:01,141 - __main__ - INFO - Starting lead discovery process
2026-03-20 21:30:01,141 - __main__ - WARNING - CRUNCHBASE_API_KEY not set
2026-03-20 21:30:01,141 - __main__ - WARNING - APOLLO_API_KEY not set
2026-03-20 21:30:01,142 - __main__ - INFO - LinkedIn integration requires API access - skipping
2026-03-20 21:30:01,142 - __main__ - WARNING - No leads fetched from any source
2026-03-20 21:30:01,142 - __main__ - INFO - Inserted None new leads
2026-03-20 21:40:00,529 - __main__ - INFO - Starting lead discovery process
2026-03-20 21:40:00,530 - __main__ - WARNING - CRUNCHBASE_API_KEY not set
2026-03-20 21:40:00,531 - __main__ - WARNING - APOLLO_API_KEY not set
2026-03-20 21:40:00,531 - __main__ - INFO - LinkedIn integration requires API access - skipping
2026-03-20 21:40:00,531 - __main__ - WARNING - No leads fetched from any source
2026-03-20 21:40:00,532 - __main__ - INFO - Inserted None new leads
2026-03-20 21:50:01,072 - __main__ - INFO - Starting lead discovery process
2026-03-20 21:50:01,073 - __main__ - WARNING - CRUNCHBASE_API_KEY not set
2026-03-20 21:50:01,073 - __main__ - WARNING - APOLLO_API_KEY not set
2026-03-20 21:50:01,073 - __main__ - INFO - LinkedIn integration requires API access - skipping
2026-03-20 21:50:01,073 - __main__ - WARNING - No leads fetched from any source
2026-03-20 21:50:01,074 - __main__ - INFO - Inserted None new leads
2026-03-20 22:00:00,879 - __main__ - INFO - Starting lead discovery process
2026-03-20 22:00:00,880 - __main__ - WARNING - CRUNCHBASE_API_KEY not set
2026-03-20 22:00:00,880 - __main__ - WARNING - APOLLO_API_KEY not set
2026-03-20 22:00:00,880 - __main__ - INFO - LinkedIn integration requires API access - skipping
2026-03-20 22:00:00,880 - __main__ - WARNING - No leads fetched from any source
2026-03-20 22:00:00,880 - __main__ - INFO - Inserted None new leads
2026-03-20 22:10:01,158 - __main__ - INFO - Starting lead discovery process
2026-03-20 22:10:01,159 - __main__ - WARNING - CRUNCHBASE_API_KEY not set
2026-03-20 22:10:01,159 - __main__ - WARNING - APOLLO_API_KEY not set
2026-03-20 22:10:01,159 - __main__ - INFO - LinkedIn integration requires API access - skipping
2026-03-20 22:10:01,159 - __main__ - WARNING - No leads fetched from any source
2026-03-20 22:10:01,159 - __main__ - INFO - Inserted None new leads
2026-03-20 22:20:00,663 - __main__ - INFO - Starting lead discovery process
2026-03-20 22:20:00,664 - __main__ - WARNING - CRUNCHBASE_API_KEY not set
2026-03-20 22:20:00,664 - __main__ - WARNING - APOLLO_API_KEY not set
2026-03-20 22:20:00,664 - __main__ - INFO - LinkedIn integration requires API access - skipping
2026-03-20 22:20:00,664 - __main__ - WARNING - No leads fetched from any source
2026-03-20 22:20:00,664 - __main__ - INFO - Inserted None new leads
2026-03-20 22:30:01,174 - __main__ - INFO - Starting lead discovery process
2026-03-20 22:30:01,175 - __main__ - WARNING - CRUNCHBASE_API_KEY not set
2026-03-20 22:30:01,175 - __main__ - WARNING - APOLLO_API_KEY not set
2026-03-20 22:30:01,175 - __main__ - INFO - LinkedIn integration requires API access - skipping
2026-03-20 22:30:01,176 - __main__ - WARNING - No leads fetched from any source
2026-03-20 22:30:01,176 - __main__ - INFO - Inserted None new leads
2026-03-20 22:40:00,698 - __main__ - INFO - Starting lead discovery process
2026-03-20 22:40:00,698 - __main__ - WARNING - CRUNCHBASE_API_KEY not set
2026-03-20 22:40:00,699 - __main__ - WARNING - APOLLO_API_KEY not set
2026-03-20 22:40:00,699 - __main__ - INFO - LinkedIn integration requires API access - skipping
2026-03-20 22:40:00,699 - __main__ - WARNING - No leads fetched from any source
2026-03-20 22:40:00,699 - __main__ - INFO - Inserted None new leads
2026-03-20 22:50:01,073 - __main__ - INFO - Starting lead discovery process
2026-03-20 22:50:01,073 - __main__ - WARNING - CRUNCHBASE_API_KEY not set
2026-03-20 22:50:01,074 - __main__ - WARNING - APOLLO_API_KEY not set
2026-03-20 22:50:01,074 - __main__ - INFO - LinkedIn integration requires API access - skipping
2026-03-20 22:50:01,074 - __main__ - WARNING - No leads fetched from any source
2026-03-20 22:50:01,074 - __main__ - INFO - Inserted None new leads
2026-03-20 23:00:00,577 - __main__ - INFO - Starting lead discovery process
2026-03-20 23:00:00,578 - __main__ - WARNING - CRUNCHBASE_API_KEY not set
2026-03-20 23:00:00,578 - __main__ - WARNING - APOLLO_API_KEY not set
2026-03-20 23:00:00,578 - __main__ - INFO - LinkedIn integration requires API access - skipping
2026-03-20 23:00:00,578 - __main__ - WARNING - No leads fetched from any source
2026-03-20 23:00:00,579 - __main__ - INFO - Inserted None new leads
2026-03-20 23:10:00,837 - __main__ - INFO - Starting lead discovery process
2026-03-20 23:10:00,837 - __main__ - WARNING - CRUNCHBASE_API_KEY not set
2026-03-20 23:10:00,837 - __main__ - WARNING - APOLLO_API_KEY not set
2026-03-20 23:10:00,838 - __main__ - INFO - LinkedIn integration requires API access - skipping
2026-03-20 23:10:00,838 - __main__ - WARNING - No leads fetched from any source
2026-03-20 23:10:00,838 - __main__ - INFO - Inserted None new leads
2026-03-20 23:20:01,325 - __main__ - INFO - Starting lead discovery process
2026-03-20 23:20:01,325 - __main__ - WARNING - CRUNCHBASE_API_KEY not set
2026-03-20 23:20:01,326 - __main__ - WARNING - APOLLO_API_KEY not set
2026-03-20 23:20:01,326 - __main__ - INFO - LinkedIn integration requires API access - skipping
2026-03-20 23:20:01,326 - __main__ - WARNING - No leads fetched from any source
2026-03-20 23:20:01,326 - __main__ - INFO - Inserted None new leads
2026-03-20 23:30:00,860 - __main__ - INFO - Starting lead discovery process
2026-03-20 23:30:00,861 - __main__ - WARNING - CRUNCHBASE_API_KEY not set
2026-03-20 23:30:00,862 - __main__ - WARNING - APOLLO_API_KEY not set
2026-03-20 23:30:00,862 - __main__ - INFO - LinkedIn integration requires API access - skipping
2026-03-20 23:30:00,862 - __main__ - WARNING - No leads fetched from any source
2026-03-20 23:30:00,862 - __main__ - INFO - Inserted None new leads
2026-03-20 23:40:01,302 - __main__ - INFO - Starting lead discovery process
2026-03-20 23:40:01,303 - __main__ - WARNING - CRUNCHBASE_API_KEY not set
2026-03-20 23:40:01,303 - __main__ - WARNING - APOLLO_API_KEY not set
2026-03-20 23:40:01,304 - __main__ - INFO - LinkedIn integration requires API access - skipping
2026-03-20 23:40:01,304 - __main__ - WARNING - No leads fetched from any source
2026-03-20 23:40:01,304 - __main__ - INFO - Inserted None new leads
2026-03-20 23:50:00,780 - __main__ - INFO - Starting lead discovery process
2026-03-20 23:50:00,781 - __main__ - WARNING - CRUNCHBASE_API_KEY not set
2026-03-20 23:50:00,781 - __main__ - WARNING - APOLLO_API_KEY not set
2026-03-20 23:50:00,782 - __main__ - INFO - LinkedIn integration requires API access - skipping
2026-03-20 23:50:00,782 - __main__ - WARNING - No leads fetched from any source
2026-03-20 23:50:00,782 - __main__ - INFO - Inserted None new leads
2026-03-21 00:00:00,459 - __main__ - INFO - Starting lead discovery process
2026-03-21 00:00:00,459 - __main__ - WARNING - CRUNCHBASE_API_KEY not set
2026-03-21 00:00:00,459 - __main__ - WARNING - APOLLO_API_KEY not set
2026-03-21 00:00:00,460 - __main__ - INFO - LinkedIn integration requires API access - skipping
2026-03-21 00:00:00,460 - __main__ - WARNING - No leads fetched from any source
2026-03-21 00:00:00,460 - __main__ - INFO - Inserted None new leads
2026-03-21 00:10:01,109 - __main__ - INFO - Starting lead discovery process
2026-03-21 00:10:01,109 - __main__ - WARNING - CRUNCHBASE_API_KEY not set
2026-03-21 00:10:01,109 - __main__ - WARNING - APOLLO_API_KEY not set
2026-03-21 00:10:01,110 - __main__ - INFO - LinkedIn integration requires API access - skipping
2026-03-21 00:10:01,110 - __main__ - WARNING - No leads fetched from any source
2026-03-21 00:10:01,110 - __main__ - INFO - Inserted None new leads
2026-03-21 00:20:00,600 - __main__ - INFO - Starting lead discovery process
2026-03-21 00:20:00,600 - __main__ - WARNING - CRUNCHBASE_API_KEY not set
2026-03-21 00:20:00,601 - __main__ - WARNING - APOLLO_API_KEY not set
2026-03-21 00:20:00,601 - __main__ - INFO - LinkedIn integration requires API access - skipping
2026-03-21 00:20:00,601 - __main__ - WARNING - No leads fetched from any source
2026-03-21 00:20:00,601 - __main__ - INFO - Inserted None new leads
2026-03-21 00:30:01,228 - __main__ - INFO - Starting lead discovery process
2026-03-21 00:30:01,228 - __main__ - WARNING - CRUNCHBASE_API_KEY not set
2026-03-21 00:30:01,229 - __main__ - WARNING - APOLLO_API_KEY not set
2026-03-21 00:30:01,229 - __main__ - INFO - LinkedIn integration requires API access - skipping
2026-03-21 00:30:01,229 - __main__ - WARNING - No leads fetched from any source
2026-03-21 00:30:01,229 - __main__ - INFO - Inserted None new leads
2026-03-21 00:40:00,554 - __main__ - INFO - Starting lead discovery process
2026-03-21 00:40:00,554 - __main__ - WARNING - CRUNCHBASE_API_KEY not set
2026-03-21 00:40:00,554 - __main__ - WARNING - APOLLO_API_KEY not set
2026-03-21 00:40:00,554 - __main__ - INFO - LinkedIn integration requires API access - skipping
2026-03-21 00:40:00,554 - __main__ - WARNING - No leads fetched from any source
2026-03-21 00:40:00,554 - __main__ - INFO - Inserted None new leads
2026-03-21 00:50:01,233 - __main__ - INFO - Starting lead discovery process
2026-03-21 00:50:01,234 - __main__ - WARNING - CRUNCHBASE_API_KEY not set
2026-03-21 00:50:01,234 - __main__ - WARNING - APOLLO_API_KEY not set
2026-03-21 00:50:01,235 - __main__ - INFO - LinkedIn integration requires API access - skipping
2026-03-21 00:50:01,235 - __main__ - WARNING - No leads fetched from any source
2026-03-21 00:50:01,235 - __main__ - INFO - Inserted None new leads
2026-03-21 01:00:00,718 - __main__ - INFO - Starting lead discovery process
2026-03-21 01:00:00,719 - __main__ - WARNING - CRUNCHBASE_API_KEY not set
2026-03-21 01:00:00,719 - __main__ - WARNING - APOLLO_API_KEY not set
2026-03-21 01:00:00,719 - __main__ - INFO - LinkedIn integration requires API access - skipping
2026-03-21 01:00:00,719 - __main__ - WARNING - No leads fetched from any source
2026-03-21 01:00:00,719 - __main__ - INFO - Inserted None new leads
2026-03-21 01:10:01,220 - __main__ - INFO - Starting lead discovery process
2026-03-21 01:10:01,221 - __main__ - WARNING - CRUNCHBASE_API_KEY not set
2026-03-21 01:10:01,221 - __main__ - WARNING - APOLLO_API_KEY not set
2026-03-21 01:10:01,222 - __main__ - INFO - LinkedIn integration requires API access - skipping
2026-03-21 01:10:01,222 - __main__ - WARNING - No leads fetched from any source
2026-03-21 01:10:01,222 - __main__ - INFO - Inserted None new leads
2026-03-21 01:20:00,976 - __main__ - INFO - Starting lead discovery process
2026-03-21 01:20:00,976 - __main__ - WARNING - CRUNCHBASE_API_KEY not set
2026-03-21 01:20:00,976 - __main__ - WARNING - APOLLO_API_KEY not set
2026-03-21 01:20:00,977 - __main__ - INFO - LinkedIn integration requires API access - skipping
2026-03-21 01:20:00,977 - __main__ - WARNING - No leads fetched from any source
2026-03-21 01:20:00,977 - __main__ - INFO - Inserted None new leads
2026-03-21 01:30:00,628 - __main__ - INFO - Starting lead discovery process
2026-03-21 01:30:00,628 - __main__ - WARNING - CRUNCHBASE_API_KEY not set
2026-03-21 01:30:00,628 - __main__ - WARNING - APOLLO_API_KEY not set
2026-03-21 01:30:00,629 - __main__ - INFO - LinkedIn integration requires API access - skipping
2026-03-21 01:30:00,629 - __main__ - WARNING - No leads fetched from any source
2026-03-21 01:30:00,629 - __main__ - INFO - Inserted None new leads
2026-03-24 00:40:01,070 - __main__ - INFO - Starting lead discovery process
2026-03-24 00:40:01,070 - __main__ - WARNING - CRUNCHBASE_API_KEY not set
2026-03-24 00:40:01,071 - __main__ - WARNING - APOLLO_API_KEY not set
2026-03-24 00:40:01,071 - __main__ - INFO - LinkedIn integration requires API access - skipping
2026-03-24 00:40:01,071 - __main__ - WARNING - No leads fetched from any source
2026-03-24 00:40:01,072 - __main__ - INFO - Inserted None new leads
2026-03-24 00:50:01,029 - __main__ - INFO - Starting lead discovery process
2026-03-24 00:50:01,030 - __main__ - WARNING - CRUNCHBASE_API_KEY not set
2026-03-24 00:50:01,030 - __main__ - WARNING - APOLLO_API_KEY not set
2026-03-24 00:50:01,030 - __main__ - INFO - LinkedIn integration requires API access - skipping
2026-03-24 00:50:01,030 - __main__ - WARNING - No leads fetched from any source
2026-03-24 00:50:01,031 - __main__ - INFO - Inserted None new leads
2026-03-24 01:00:01,179 - __main__ - INFO - Starting lead discovery process
2026-03-24 01:00:01,180 - __main__ - WARNING - CRUNCHBASE_API_KEY not set
2026-03-24 01:00:01,180 - __main__ - WARNING - APOLLO_API_KEY not set
2026-03-24 01:00:01,180 - __main__ - INFO - LinkedIn integration requires API access - skipping
2026-03-24 01:00:01,180 - __main__ - WARNING - No leads fetched from any source
2026-03-24 01:00:01,181 - __main__ - INFO - Inserted None new leads
2026-03-24 01:10:00,827 - __main__ - INFO - Starting lead discovery process
2026-03-24 01:10:00,827 - __main__ - WARNING - CRUNCHBASE_API_KEY not set
2026-03-24 01:10:00,828 - __main__ - WARNING - APOLLO_API_KEY not set
2026-03-24 01:10:00,828 - __main__ - INFO - LinkedIn integration requires API access - skipping
2026-03-24 01:10:00,828 - __main__ - WARNING - No leads fetched from any source
2026-03-24 01:10:00,829 - __main__ - INFO - Inserted None new leads
2026-03-24 01:20:00,742 - __main__ - INFO - Starting lead discovery process
2026-03-24 01:20:00,743 - __main__ - WARNING - CRUNCHBASE_API_KEY not set
2026-03-24 01:20:00,743 - __main__ - WARNING - APOLLO_API_KEY not set
2026-03-24 01:20:00,743 - __main__ - INFO - LinkedIn integration requires API access - skipping
2026-03-24 01:20:00,744 - __main__ - WARNING - No leads fetched from any source
2026-03-24 01:20:00,744 - __main__ - INFO - Inserted None new leads
2026-03-24 01:30:01,012 - __main__ - INFO - Starting lead discovery process
2026-03-24 01:30:01,012 - __main__ - WARNING - CRUNCHBASE_API_KEY not set
2026-03-24 01:30:01,013 - __main__ - WARNING - APOLLO_API_KEY not set
2026-03-24 01:30:01,013 - __main__ - INFO - LinkedIn integration requires API access - skipping
2026-03-24 01:30:01,013 - __main__ - WARNING - No leads fetched from any source
2026-03-24 01:30:01,014 - __main__ - INFO - Inserted None new leads
2026-03-24 01:40:00,968 - __main__ - INFO - Starting lead discovery process
2026-03-24 01:40:00,968 - __main__ - WARNING - CRUNCHBASE_API_KEY not set
2026-03-24 01:40:00,969 - __main__ - WARNING - APOLLO_API_KEY not set
2026-03-24 01:40:00,969 - __main__ - INFO - LinkedIn integration requires API access - skipping
2026-03-24 01:40:00,969 - __main__ - WARNING - No leads fetched from any source
2026-03-24 01:40:00,969 - __main__ - INFO - Inserted None new leads
2026-03-24 01:50:00,906 - __main__ - INFO - Starting lead discovery process
2026-03-24 01:50:00,907 - __main__ - WARNING - CRUNCHBASE_API_KEY not set
2026-03-24 01:50:00,907 - __main__ - WARNING - APOLLO_API_KEY not set
2026-03-24 01:50:00,908 - __main__ - INFO - LinkedIn integration requires API access - skipping
2026-03-24 01:50:00,908 - __main__ - WARNING - No leads fetched from any source
2026-03-24 01:50:00,908 - __main__ - INFO - Inserted None new leads
2026-03-24 02:00:01,057 - __main__ - INFO - Starting lead discovery process
2026-03-24 02:00:01,057 - __main__ - WARNING - CRUNCHBASE_API_KEY not set
2026-03-24 02:00:01,057 - __main__ - WARNING - APOLLO_API_KEY not set
2026-03-24 02:00:01,058 - __main__ - INFO - LinkedIn integration requires API access - skipping
2026-03-24 02:00:01,058 - __main__ - WARNING - No leads fetched from any source
2026-03-24 02:00:01,058 - __main__ - INFO - Inserted None new leads
2026-03-24 02:10:01,007 - __main__ - INFO - Starting lead discovery process
2026-03-24 02:10:01,008 - __main__ - WARNING - CRUNCHBASE_API_KEY not set
2026-03-24 02:10:01,008 - __main__ - WARNING - APOLLO_API_KEY not set
2026-03-24 02:10:01,009 - __main__ - INFO - LinkedIn integration requires API access - skipping
2026-03-24 02:10:01,009 - __main__ - WARNING - No leads fetched from any source
2026-03-24 02:10:01,009 - __main__ - INFO - Inserted None new leads
2026-03-24 22:20:01,272 - __main__ - INFO - Starting lead discovery process
2026-03-24 22:20:01,273 - __main__ - WARNING - CRUNCHBASE_API_KEY not set
2026-03-24 22:20:01,273 - __main__ - WARNING - APOLLO_API_KEY not set
2026-03-24 22:20:01,274 - __main__ - INFO - LinkedIn integration requires API access - skipping
2026-03-24 22:20:01,274 - __main__ - WARNING - No leads fetched from any source
2026-03-24 22:20:01,274 - __main__ - INFO - Inserted None new leads
2026-03-24 22:30:01,539 - __main__ - INFO - Starting lead discovery process
2026-03-24 22:30:01,539 - __main__ - WARNING - CRUNCHBASE_API_KEY not set
2026-03-24 22:30:01,540 - __main__ - WARNING - APOLLO_API_KEY not set
2026-03-24 22:30:01,540 - __main__ - INFO - LinkedIn integration requires API access - skipping
2026-03-24 22:30:01,540 - __main__ - WARNING - No leads fetched from any source
2026-03-24 22:30:01,541 - __main__ - INFO - Inserted None new leads
2026-03-24 22:40:01,494 - __main__ - INFO - Starting lead discovery process
2026-03-24 22:40:01,495 - __main__ - WARNING - CRUNCHBASE_API_KEY not set
2026-03-24 22:40:01,495 - __main__ - WARNING - APOLLO_API_KEY not set
2026-03-24 22:40:01,496 - __main__ - INFO - LinkedIn integration requires API access - skipping
2026-03-24 22:40:01,496 - __main__ - WARNING - No leads fetched from any source
2026-03-24 22:40:01,496 - __main__ - INFO - Inserted None new leads
2026-03-24 22:50:01,300 - __main__ - INFO - Starting lead discovery process
2026-03-24 22:50:01,301 - __main__ - WARNING - CRUNCHBASE_API_KEY not set
2026-03-24 22:50:01,301 - __main__ - WARNING - APOLLO_API_KEY not set
2026-03-24 22:50:01,301 - __main__ - INFO - LinkedIn integration requires API access - skipping
2026-03-24 22:50:01,301 - __main__ - WARNING - No leads fetched from any source
2026-03-24 22:50:01,302 - __main__ - INFO - Inserted None new leads
2026-03-24 23:00:03,147 - __main__ - INFO - Starting lead discovery process
2026-03-24 23:00:03,148 - __main__ - WARNING - CRUNCHBASE_API_KEY not set
2026-03-24 23:00:03,149 - __main__ - WARNING - APOLLO_API_KEY not set
2026-03-24 23:00:03,150 - __main__ - INFO - LinkedIn integration requires API access - skipping
2026-03-24 23:00:03,151 - __main__ - WARNING - No leads fetched from any source
2026-03-24 23:00:03,152 - __main__ - INFO - Inserted None new leads
2026-03-24 23:10:02,759 - __main__ - INFO - Starting lead discovery process
2026-03-24 23:10:02,760 - __main__ - WARNING - CRUNCHBASE_API_KEY not set
2026-03-24 23:10:02,760 - __main__ - WARNING - APOLLO_API_KEY not set
2026-03-24 23:10:02,761 - __main__ - INFO - LinkedIn integration requires API access - skipping
2026-03-24 23:10:02,762 - __main__ - WARNING - No leads fetched from any source
2026-03-24 23:10:02,762 - __main__ - INFO - Inserted None new leads
2026-03-25 00:20:04,214 - __main__ - INFO - Starting lead discovery process
2026-03-25 00:20:04,215 - __main__ - WARNING - CRUNCHBASE_API_KEY not set
2026-03-25 00:20:04,216 - __main__ - WARNING - APOLLO_API_KEY not set
2026-03-25 00:20:04,217 - __main__ - INFO - LinkedIn integration requires API access - skipping
2026-03-25 00:20:04,217 - __main__ - WARNING - No leads fetched from any source
2026-03-25 00:20:04,218 - __main__ - INFO - Inserted None new leads
2026-03-25 00:30:05,426 - __main__ - INFO - Starting lead discovery process
2026-03-25 00:30:05,427 - __main__ - WARNING - CRUNCHBASE_API_KEY not set
2026-03-25 00:30:05,427 - __main__ - WARNING - APOLLO_API_KEY not set
2026-03-25 00:30:05,428 - __main__ - INFO - LinkedIn integration requires API access - skipping
2026-03-25 00:30:05,428 - __main__ - WARNING - No leads fetched from any source
2026-03-25 00:30:05,428 - __main__ - INFO - Inserted None new leads
