2025-08-25 10:50:00 -03:00: [2025-08-25T13:50:00.809Z] Starting link health scheduler
2025-08-25 10:50:00 -03:00: [2025-08-25T13:50:00.814Z] schedule: link-health-check (placeholder)
2025-08-25 10:52:11 -03:00: [2025-08-25T13:52:11.183Z] Stopping link health scheduler...
2025-08-25 10:52:16 -03:00: [2025-08-25T13:52:16.557Z] Starting link health scheduler
2025-08-25 10:52:16 -03:00: [2025-08-25T13:52:16.559Z] schedule: link-health-check (placeholder)
2025-08-25 10:52:25 -03:00: [2025-08-25T13:52:25.942Z] Stopping link health scheduler...
2025-08-25 10:52:31 -03:00: [2025-08-25T13:52:31.394Z] Starting link health scheduler
2025-08-25 10:52:31 -03:00: [2025-08-25T13:52:31.396Z] schedule: link-health-check (placeholder)
2025-08-25 10:54:16 -03:00: [2025-08-25T13:54:16.515Z] Starting link health scheduler
2025-08-25 10:54:16 -03:00: [2025-08-25T13:54:16.518Z] schedule: link-health-check (placeholder)
2025-08-25 10:54:19 -03:00: [2025-08-25T13:54:19.391Z] Stopping link health scheduler...
2025-08-26 07:18:06 -03:00: [2025-08-26T10:18:06.281Z] Starting Link Health Scheduler
2025-08-26 07:18:06 -03:00: [2025-08-26T10:18:06.283Z] Starting Link Health Scheduler
2025-08-26 07:18:06 -03:00: [2025-08-26T10:18:06.283Z] Scheduled 4 links for health checks
2025-08-26 07:18:06 -03:00: [2025-08-26T10:18:06.284Z] Status: 0 jobs scheduled, 0 active
2025-08-26 07:19:06 -03:00: [2025-08-26T10:19:06.284Z] Status: 0 jobs scheduled, 0 active
2025-08-26 07:20:02 -03:00: [2025-08-26T10:20:02.009Z] Stopping Link Health Scheduler...
2025-08-26 07:20:02 -03:00: [2025-08-26T10:20:02.010Z] Stopping Link Health Scheduler
2025-08-26 07:20:02 -03:00: [2025-08-26T10:20:02.011Z] All scheduled jobs cleared
2025-08-26 07:22:01 -03:00: [2025-08-26T10:22:01.080Z] Stopping Link Health Scheduler...
2025-08-26 07:22:01 -03:00: [2025-08-26T10:22:01.081Z] Scheduler is not running
2025-08-26 07:55:20 -03:00: [2025-08-26T10:55:20.788Z] Stopping Link Health Scheduler...
2025-08-26 07:55:20 -03:00: [2025-08-26T10:55:20.788Z] Scheduler is not running
2025-08-26 07:56:01 -03:00: [2025-08-26T10:56:01.880Z] Stopping Link Health Scheduler...
2025-08-26 07:56:01 -03:00: [2025-08-26T10:56:01.881Z] Scheduler is not running
2025-08-26 07:58:01 -03:00: [2025-08-26T10:58:01.533Z] Stopping Link Health Scheduler...
2025-08-26 07:58:01 -03:00: [2025-08-26T10:58:01.533Z] Scheduler is not running
2025-08-26 08:00:02 -03:00: [2025-08-26T11:00:02.497Z] Stopping Link Health Scheduler...
2025-08-26 08:00:02 -03:00: [2025-08-26T11:00:02.497Z] Scheduler is not running
