2025-08-25 10:50:00 -03:00: [2025-08-25T13:50:00.606Z] Starting ml-link-intelligence worker
2025-08-25 10:50:00 -03:00: [2025-08-25T13:50:00.609Z] analyze-links tick (placeholder)
2025-08-25 10:52:00 -03:00: [2025-08-25T13:52:00.611Z] analyze-links tick (placeholder)
2025-08-25 10:52:05 -03:00: [2025-08-25T13:52:05.917Z] Stopping ml-link-intelligence...
2025-08-25 10:52:11 -03:00: [2025-08-25T13:52:11.285Z] Starting ml-link-intelligence worker
2025-08-25 10:52:11 -03:00: [2025-08-25T13:52:11.287Z] analyze-links tick (placeholder)
2025-08-25 10:52:20 -03:00: [2025-08-25T13:52:20.660Z] Stopping ml-link-intelligence...
2025-08-25 10:52:26 -03:00: [2025-08-25T13:52:26.049Z] Starting ml-link-intelligence worker
2025-08-25 10:52:26 -03:00: [2025-08-25T13:52:26.051Z] analyze-links tick (placeholder)
2025-08-25 10:54:08 -03:00: [2025-08-25T13:54:08.330Z] Starting ml-link-intelligence worker
2025-08-25 10:54:08 -03:00: [2025-08-25T13:54:08.333Z] analyze-links tick (placeholder)
2025-08-25 10:54:11 -03:00: [2025-08-25T13:54:11.126Z] Stopping ml-link-intelligence...
2025-08-25 10:56:08 -03:00: [2025-08-25T13:56:08.334Z] analyze-links tick (placeholder)
2025-08-26 07:18:11 -03:00: [2025-08-26T10:18:11.235Z] Starting ML Link Intelligence worker
2025-08-26 07:18:11 -03:00: [2025-08-26T10:18:11.237Z] Added https://github.com to analysis queue
2025-08-26 07:18:11 -03:00: [2025-08-26T10:18:11.238Z] Added https://stackoverflow.com to analysis queue
2025-08-26 07:18:11 -03:00: [2025-08-26T10:18:11.238Z] Added https://medium.com to analysis queue
2025-08-26 07:18:11 -03:00: [2025-08-26T10:18:11.238Z] Added https://dev.to to analysis queue
2025-08-26 07:18:11 -03:00: [2025-08-26T10:18:11.238Z] Added https://wikipedia.org to analysis queue
2025-08-26 07:18:11 -03:00: [2025-08-26T10:18:11.239Z] Processing queue with 5 links
2025-08-26 07:18:11 -03:00: [2025-08-26T10:18:11.239Z] Analyzing link: https://github.com
2025-08-26 07:18:11 -03:00: [2025-08-26T10:18:11.381Z] Analysis complete for https://github.com: good (200)
2025-08-26 07:18:12 -03:00: [2025-08-26T10:18:12.382Z] Analyzing link: https://stackoverflow.com
2025-08-26 07:18:12 -03:00: [2025-08-26T10:18:12.442Z] Analysis complete for https://stackoverflow.com: poor (403)
2025-08-26 07:18:13 -03:00: [2025-08-26T10:18:13.443Z] Analyzing link: https://medium.com
2025-08-26 07:18:13 -03:00: [2025-08-26T10:18:13.527Z] Analysis complete for https://medium.com: good (200)
2025-08-26 07:18:14 -03:00: [2025-08-26T10:18:14.529Z] Analyzing link: https://dev.to
2025-08-26 07:18:14 -03:00: [2025-08-26T10:18:14.584Z] Analysis complete for https://dev.to: poor (403)
2025-08-26 07:18:15 -03:00: [2025-08-26T10:18:15.584Z] Analyzing link: https://wikipedia.org
2025-08-26 07:18:15 -03:00: [2025-08-26T10:18:15.632Z] Analysis complete for https://wikipedia.org: poor (403)
2025-08-26 07:18:16 -03:00: [2025-08-26T10:18:16.633Z] Queue processing complete
2025-08-26 07:20:01 -03:00: [2025-08-26T10:20:01.966Z] Stopping ML Link Intelligence...
2025-08-26 07:22:01 -03:00: [2025-08-26T10:22:01.031Z] Stopping ML Link Intelligence...
2025-08-26 07:55:20 -03:00: [2025-08-26T10:55:20.753Z] Stopping ML Link Intelligence...
2025-08-26 07:56:01 -03:00: [2025-08-26T10:56:01.842Z] Stopping ML Link Intelligence...
2025-08-26 07:58:01 -03:00: [2025-08-26T10:58:01.495Z] Stopping ML Link Intelligence...
2025-08-26 08:00:02 -03:00: [2025-08-26T11:00:02.432Z] Stopping ML Link Intelligence...
