[2025-08-25 12:04:38] Starting daily backup process...
[2025-08-25 12:04:38] Backup directory created: automation/backups/20250825_120438
[2025-08-25 12:04:38] Backing up automation data...
[2025-08-25 12:04:38] Automation data backed up
[2025-08-25 12:04:38] Backing up automation logs...
[2025-08-25 12:04:38] Automation logs backed up
[2025-08-25 12:04:38] Backing up configuration files...
[2025-08-25 12:04:38] Configuration files backed up
[2025-08-25 12:04:38] Backing up package files...
[2025-08-25 12:04:38] package.json backed up
[2025-08-25 12:04:38] package-lock.json backed up
[2025-08-25 12:04:38] Backing up source files...
[2025-08-25 12:05:12] Starting daily backup process...
[2025-08-25 12:05:12] Backup directory created: automation/backups/20250825_120512
[2025-08-25 12:05:12] Backing up automation data...
[2025-08-25 12:05:12] Automation data backed up
[2025-08-25 12:05:12] Backing up automation logs...
[2025-08-25 12:05:12] Automation logs backed up
[2025-08-25 12:05:12] Backing up configuration files...
[2025-08-25 12:05:12] Configuration files backed up
[2025-08-25 12:05:12] Backing up package files...
[2025-08-25 12:05:12] package.json backed up
[2025-08-25 12:05:12] package-lock.json backed up
[2025-08-25 12:05:12] Backing up source files...
[2025-08-25 12:05:14] Source files backed up
[2025-08-25 12:05:14] Backing up components...
[2025-08-25 12:05:14] Components backed up
[2025-08-25 12:05:14] Creating backup manifest...
[2025-08-25 12:05:14] Compressing backup...
