2025-08-19T03:40:09.090Z content-completer: start
2025-08-19T03:40:09.106Z run: node automation/metadata-optimizer.cjs 
2025-08-19T03:40:09.991Z updated meta: pages/products/rapid-1755574809927-42pnyc.tsx
2025-08-19T03:40:09.992Z updated meta: pages/reports/cases/ultra-1755574809963-2s0e11.tsx
2025-08-19T03:40:09.993Z updated meta: pages/reports/guides/ultra-1755574809962-ondfez.tsx
2025-08-19T03:40:09.994Z updated meta: pages/reports/insights/ultra-1755574809955-ctqb82.tsx
2025-08-19T03:40:09.995Z updated meta: pages/reports/patterns/ultra-1755574809964-jd670n.tsx
2025-08-19T03:40:09.997Z updated meta: pages/reports/updates/ultra-1755574809946-kqbdmk.tsx
2025-08-19T03:40:10.001Z updated meta: pages/reports/updates/update-2025-08-19-0040.tsx
2025-08-19T03:40:10.004Z updated meta: pages/services/rapid-1755574809900-7bzggm.tsx
2025-08-19T03:40:10.005Z updated meta: pages/tutorials/rapid-1755574809930-c639vp.tsx
2025-08-19T03:40:10.006Z run: node automation/homepage-updater.cjs 
2025-08-19T03:40:10.197Z run: node automation/front-index-directory-builder.cjs 
2025-08-19T03:40:10.669Z skip: missing scripts/generate-sitemap.js
2025-08-19T03:40:11.191Z skip: missing scripts/generate-search-index.js
2025-08-19T03:40:11.799Z git sync
2025-08-19T03:40:12.484Z run: node automation/git-sync.cjs 
2025-08-19T03:40:22.159Z content-completer: done (+9 file(s))
2025-08-19T03:40:22.518Z content-completer: start
2025-08-19T03:40:22.520Z run: node automation/metadata-optimizer.cjs 
2025-08-19T03:40:23.596Z updated meta: pages/products/rapid-1755542899644-ys6z9w.tsx
2025-08-19T03:40:23.597Z updated meta: pages/products/rapid-1755542902116-mscl8g.tsx
2025-08-19T03:40:23.598Z updated meta: pages/products/rapid-1755574817270-dx7dde.tsx
2025-08-19T03:40:23.757Z updated meta: pages/reports/cases/ultra-1755542897283-aa7hq8.tsx
2025-08-19T03:40:23.758Z updated meta: pages/reports/cases/ultra-1755542901820-zlmhe3.tsx
2025-08-19T03:40:23.857Z updated meta: pages/reports/guides/ultra-1755542897282-cxf204.tsx
2025-08-19T03:40:23.858Z updated meta: pages/reports/guides/ultra-1755542901820-c8gpb4.tsx
2025-08-19T03:40:23.976Z updated meta: pages/reports/insights/ultra-1755542897281-sr56hp.tsx
2025-08-19T03:40:23.977Z updated meta: pages/reports/insights/ultra-1755542901819-veza06.tsx
2025-08-19T03:40:24.070Z updated meta: pages/reports/patterns/ultra-1755542897283-ov9zfp.tsx
2025-08-19T03:40:24.070Z updated meta: pages/reports/patterns/ultra-1755542901821-kh1xo5.tsx
2025-08-19T03:40:24.160Z updated meta: pages/reports/updates/ultra-1755542897279-b4u1ve.tsx
2025-08-19T03:40:24.161Z updated meta: pages/reports/updates/ultra-1755542901818-qty9b1.tsx
2025-08-19T03:40:24.246Z updated meta: pages/services/rapid-1755542899643-9t0e6q.tsx
2025-08-19T03:40:24.247Z updated meta: pages/services/rapid-1755542902115-au7qc2.tsx
2025-08-19T03:40:24.248Z updated meta: pages/services/rapid-1755574817268-tyfv7f.tsx
2025-08-19T03:40:24.278Z updated meta: pages/tutorials/rapid-1755542899648-4gp634.tsx
2025-08-19T03:40:24.278Z updated meta: pages/tutorials/rapid-1755542902118-lbqsom.tsx
2025-08-19T03:40:24.279Z updated meta: pages/tutorials/rapid-1755574817272-2azbs8.tsx
2025-08-19T03:40:24.280Z updated meta: pages/user-management.tsx
2025-08-19T03:40:24.280Z run: node automation/homepage-updater.cjs 
2025-08-19T03:40:24.352Z run: node automation/front-index-directory-builder.cjs 
2025-08-19T03:40:24.469Z run: node scripts/generate-sitemap.js 
2025-08-19T03:40:24.604Z run: node scripts/generate-search-index.js 
2025-08-19T03:40:24.691Z git sync
2025-08-19T03:40:24.692Z run: node automation/git-sync.cjs 
2025-08-19T03:40:27.801Z content-completer: start
2025-08-19T03:40:27.804Z run: node automation/metadata-optimizer.cjs 
2025-08-19T03:40:30.128Z updated meta: pages/products/rapid-1755574826211-bs2pta.tsx
2025-08-19T03:40:30.129Z updated meta: pages/products/rapid-1755574829643-aq5izm.tsx
2025-08-19T03:40:30.351Z updated meta: pages/reports/cases/ultra-1755574826197-uev9f5.tsx
2025-08-19T03:40:30.540Z updated meta: pages/reports/guides/ultra-1755574826196-ixrf89.tsx
2025-08-19T03:40:30.737Z updated meta: pages/reports/insights/ultra-1755574826195-1981i4.tsx
2025-08-19T03:40:31.001Z updated meta: pages/reports/patterns/ultra-1755574826198-i3hfax.tsx
2025-08-19T03:40:31.262Z updated meta: pages/reports/updates/ultra-1755574826194-41ajkb.tsx
2025-08-19T03:40:31.500Z updated meta: pages/services/rapid-1755574826210-11wit1.tsx
2025-08-19T03:40:31.501Z updated meta: pages/services/rapid-1755574829642-edtxla.tsx
2025-08-19T03:40:31.502Z updated meta: pages/services/service-1755574829755-mjafzngh0.tsx
2025-08-19T03:40:31.503Z updated meta: pages/services/service-1755574829756-dtpjs3hda.tsx
2025-08-19T03:40:31.504Z updated meta: pages/services/service-1755574829757-004zwa9h5.tsx
2025-08-19T03:40:31.541Z updated meta: pages/tutorials/rapid-1755574826211-tziqyr.tsx
2025-08-19T03:40:31.541Z updated meta: pages/tutorials/rapid-1755574829645-26ti7p.tsx
2025-08-19T03:40:31.542Z run: node automation/homepage-updater.cjs 
2025-08-19T03:40:31.666Z run: node automation/front-index-directory-builder.cjs 
2025-08-19T03:40:31.800Z run: node scripts/generate-sitemap.js 
2025-08-19T03:40:31.964Z run: node scripts/generate-search-index.js 
2025-08-19T03:40:32.060Z git sync
2025-08-19T03:40:32.060Z run: node automation/git-sync.cjs 
2025-08-19T03:40:43.045Z content-completer: done (+14 file(s))
2025-08-19T03:40:43.839Z content-completer: start
2025-08-19T03:40:43.842Z run: node automation/metadata-optimizer.cjs 
2025-08-19T03:40:45.850Z updated meta: pages/reports/cases/ultra-1755574830735-wka8ps.tsx
2025-08-19T03:40:45.971Z updated meta: pages/reports/guides/ultra-1755574830734-1dig89.tsx
2025-08-19T03:40:46.128Z updated meta: pages/reports/insights/ultra-1755574830733-fchaox.tsx
2025-08-19T03:40:46.252Z updated meta: pages/reports/patterns/ultra-1755574830736-wmw89q.tsx
2025-08-19T03:40:46.424Z updated meta: pages/reports/updates/ultra-1755574830732-hv9ar5.tsx
2025-08-19T03:40:46.694Z run: node automation/homepage-updater.cjs 
2025-08-19T03:40:46.806Z run: node automation/front-index-directory-builder.cjs 
2025-08-19T03:40:46.927Z run: node scripts/generate-sitemap.js 
2025-08-19T03:40:47.088Z run: node scripts/generate-search-index.js 
2025-08-19T03:40:50.735Z git sync
2025-08-19T03:40:50.735Z run: node automation/git-sync.cjs 
2025-08-19T03:41:00.550Z content-completer: done (+5 file(s))
2025-08-19T03:41:01.315Z content-completer: start
2025-08-19T03:41:01.320Z run: node automation/metadata-optimizer.cjs 
2025-08-19T03:41:03.276Z content-completer: start
2025-08-19T03:41:03.282Z run: node automation/metadata-optimizer.cjs 
2025-08-19T03:41:06.296Z updated meta: pages/products/rapid-1755574861837-4jxifl.tsx
2025-08-19T03:41:06.297Z updated meta: pages/products/rapid-1755574865448-cx3yvo.tsx
2025-08-19T03:41:06.739Z updated meta: pages/reports/cases/ultra-1755574861785-zdg5a2.tsx
2025-08-19T03:41:06.877Z updated meta: pages/reports/guides/ultra-1755574861784-kvuzx1.tsx
2025-08-19T03:41:07.340Z updated meta: pages/reports/insights/ultra-1755574861784-fwxmyn.tsx
2025-08-19T03:41:07.547Z updated meta: pages/reports/patterns/ultra-1755574861786-m5j3ii.tsx
2025-08-19T03:41:07.725Z updated meta: pages/reports/updates/ultra-1755574861783-7p01y2.tsx
2025-08-19T03:41:07.926Z updated meta: pages/reports/updates/update-2025-08-19-0041.tsx
2025-08-19T03:41:07.996Z updated meta: pages/services/rapid-1755574861836-7phbrv.tsx
2025-08-19T03:41:07.997Z updated meta: pages/services/rapid-1755574865447-1j9d8q.tsx
2025-08-19T03:41:07.998Z updated meta: pages/services/service-1755574859753-s9ogm9oyk.tsx
2025-08-19T03:41:07.999Z updated meta: pages/services/service-1755574859754-skb3wundd.tsx
2025-08-19T03:41:08.000Z updated meta: pages/services/service-1755574859756-184u4o0ye.tsx
2025-08-19T03:41:08.113Z updated meta: pages/tutorials/rapid-1755574861838-1dwjxb.tsx
2025-08-19T03:41:08.114Z updated meta: pages/tutorials/rapid-1755574865451-f03xhz.tsx
2025-08-19T03:41:08.115Z run: node automation/homepage-updater.cjs 
2025-08-19T03:41:08.204Z run: node automation/front-index-directory-builder.cjs 
2025-08-19T03:41:08.545Z run: node scripts/generate-sitemap.js 
2025-08-19T03:41:08.770Z run: node scripts/generate-search-index.js 
2025-08-19T03:41:09.031Z git sync
2025-08-19T03:41:09.031Z run: node automation/git-sync.cjs 
2025-08-19T03:41:35.440Z content-completer: start
2025-08-19T03:41:35.445Z run: node automation/metadata-optimizer.cjs 
2025-08-19T03:41:38.343Z updated meta: pages/products/rapid-1755574893567-wd92ar.tsx
2025-08-19T03:41:38.345Z updated meta: pages/products/rapid-1755574897544-vlp030.tsx
2025-08-19T03:41:38.870Z updated meta: pages/reports/cases/ultra-1755574890659-8gqby8.tsx
2025-08-19T03:41:38.871Z updated meta: pages/reports/cases/ultra-1755574893480-h75r2l.tsx
2025-08-19T03:41:39.091Z updated meta: pages/reports/guides/ultra-1755574890658-hjjb1h.tsx
2025-08-19T03:41:39.092Z updated meta: pages/reports/guides/ultra-1755574893479-l7diyx.tsx
2025-08-19T03:41:39.268Z updated meta: pages/reports/insights/ultra-1755574890657-kltoam.tsx
2025-08-19T03:41:39.269Z updated meta: pages/reports/insights/ultra-1755574893478-59lafg.tsx
2025-08-19T03:41:39.370Z updated meta: pages/reports/patterns/ultra-1755574890660-19g2rc.tsx
2025-08-19T03:41:39.370Z updated meta: pages/reports/patterns/ultra-1755574893481-30hkza.tsx
2025-08-19T03:41:39.532Z updated meta: pages/reports/updates/ultra-1755574890656-8g0vnh.tsx
2025-08-19T03:41:39.548Z updated meta: pages/reports/updates/ultra-1755574893476-patkn0.tsx
2025-08-19T03:41:39.759Z updated meta: pages/services/rapid-1755574893565-gn47pq.tsx
2025-08-19T03:41:39.760Z updated meta: pages/services/rapid-1755574897543-6bj7c5.tsx
2025-08-19T03:41:39.761Z updated meta: pages/services/service-1755574889753-v110yzi0o.tsx
2025-08-19T03:41:39.762Z updated meta: pages/services/service-1755574889754-et85fjvw4.tsx
2025-08-19T03:41:39.762Z updated meta: pages/services/service-1755574889755-6zv3536x9.tsx
2025-08-19T03:41:39.763Z updated meta: pages/services/service-1755574889756-c59wed3zt.tsx
2025-08-19T03:41:39.764Z updated meta: pages/services/service-1755574889757-ig9lw8h18.tsx
2025-08-19T03:41:39.838Z updated meta: pages/tutorials/rapid-1755574893570-0uw2c9.tsx
2025-08-19T03:41:39.839Z updated meta: pages/tutorials/rapid-1755574897544-8rzyjt.tsx
2025-08-19T03:41:39.840Z run: node automation/homepage-updater.cjs 
2025-08-19T03:41:39.928Z run: node automation/front-index-directory-builder.cjs 
2025-08-19T03:41:40.076Z run: node scripts/generate-sitemap.js 
2025-08-19T03:41:40.303Z run: node scripts/generate-search-index.js 
2025-08-19T03:41:40.394Z git sync
2025-08-19T03:41:40.394Z run: node automation/git-sync.cjs 
2025-08-19T03:41:50.596Z content-completer: done (+21 file(s))
2025-08-19T03:41:50.929Z content-completer: start
2025-08-19T03:41:50.932Z run: node automation/metadata-optimizer.cjs 
2025-08-19T03:41:53.767Z run: node automation/homepage-updater.cjs 
2025-08-19T03:41:53.845Z run: node automation/front-index-directory-builder.cjs 
2025-08-19T03:41:53.922Z run: node scripts/generate-sitemap.js 
2025-08-19T03:41:54.048Z run: node scripts/generate-search-index.js 
2025-08-19T03:41:57.403Z git sync
2025-08-19T03:41:57.404Z run: node automation/git-sync.cjs 
2025-08-19T03:42:01.253Z content-completer: start
2025-08-19T03:42:01.816Z run: node automation/metadata-optimizer.cjs 
2025-08-19T03:42:05.254Z updated meta: pages/products/rapid-1755574922426-hvxexp.tsx
2025-08-19T03:42:06.624Z updated meta: pages/reports/insights/ultra-1755574922385-i7p9c3.tsx
2025-08-19T03:42:07.549Z updated meta: pages/reports/updates/ultra-1755574921208-o1ucfc.tsx
2025-08-19T03:42:08.206Z updated meta: pages/services/rapid-1755574921249-u1igra.tsx
2025-08-19T03:42:08.618Z updated meta: pages/services/service-1755574919753-4gecmz7p7.tsx
2025-08-19T03:42:08.619Z updated meta: pages/services/service-1755574919754-hiww4t3jq.tsx
2025-08-19T03:42:08.622Z updated meta: pages/services/service-1755574919755-1wskwszzn.tsx
2025-08-19T03:42:08.665Z run: node automation/homepage-updater.cjs 
2025-08-19T03:42:08.791Z run: node automation/front-index-directory-builder.cjs 
2025-08-19T03:42:08.880Z run: node scripts/generate-sitemap.js 
2025-08-19T03:42:09.066Z run: node scripts/generate-search-index.js 
2025-08-19T03:42:09.933Z content-completer: start
2025-08-19T03:42:09.937Z run: node automation/metadata-optimizer.cjs 
2025-08-19T03:42:12.825Z updated meta: pages/products/rapid-1755574928624-65jy39.tsx
2025-08-19T03:42:13.115Z updated meta: pages/reports/cases/ultra-1755574928165-mv134p.tsx
2025-08-19T03:42:13.116Z updated meta: pages/reports/cases/ultra-1755574932175-1ilffx.tsx
2025-08-19T03:42:13.294Z updated meta: pages/reports/guides/ultra-1755574928164-i61fkf.tsx
2025-08-19T03:42:13.296Z updated meta: pages/reports/guides/ultra-1755574932174-lmour7.tsx
2025-08-19T03:42:13.447Z updated meta: pages/reports/insights/ultra-1755574928163-qgkt6z.tsx
2025-08-19T03:42:13.447Z updated meta: pages/reports/insights/ultra-1755574932173-q17xf5.tsx
2025-08-19T03:42:13.541Z updated meta: pages/reports/patterns/ultra-1755574928167-k66rxh.tsx
2025-08-19T03:42:13.542Z updated meta: pages/reports/patterns/ultra-1755574932176-62g103.tsx
2025-08-19T03:42:13.655Z updated meta: pages/reports/updates/ultra-1755574928162-x54sl3.tsx
2025-08-19T03:42:13.656Z updated meta: pages/reports/updates/ultra-1755574932172-wmji88.tsx
2025-08-19T03:42:13.730Z updated meta: pages/reports/updates/update-2025-08-19-0042.tsx
2025-08-19T03:42:13.787Z updated meta: pages/services/rapid-1755574928620-k6eony.tsx
2025-08-19T03:42:13.824Z updated meta: pages/tutorials/rapid-1755574928625-bf66zr.tsx
2025-08-19T03:42:13.824Z run: node automation/homepage-updater.cjs 
2025-08-19T03:42:13.942Z run: node automation/front-index-directory-builder.cjs 
2025-08-19T03:42:14.063Z run: node scripts/generate-sitemap.js 
2025-08-19T03:42:14.265Z run: node scripts/generate-search-index.js 
2025-08-19T03:42:18.208Z git sync
2025-08-19T03:42:18.208Z run: node automation/git-sync.cjs 
2025-08-19T03:42:27.252Z content-completer: done (+14 file(s))
2025-08-19T03:42:27.568Z content-completer: start
2025-08-19T03:42:27.571Z run: node automation/metadata-optimizer.cjs 
2025-08-19T03:42:30.424Z run: node automation/homepage-updater.cjs 
2025-08-19T03:42:30.509Z run: node automation/front-index-directory-builder.cjs 
2025-08-19T03:42:30.606Z run: node scripts/generate-sitemap.js 
2025-08-19T03:42:30.755Z run: node scripts/generate-search-index.js 
2025-08-19T03:42:34.026Z git sync
2025-08-19T03:42:34.027Z run: node automation/git-sync.cjs 
2025-08-19T03:42:36.351Z content-completer: start
2025-08-19T03:42:36.355Z run: node automation/metadata-optimizer.cjs 
2025-08-19T03:42:38.230Z updated meta: pages/products/rapid-1755574954467-t7xva4.tsx
2025-08-19T03:42:38.231Z updated meta: pages/products/rapid-1755574958082-s6efi1.tsx
2025-08-19T03:42:38.850Z updated meta: pages/reports/cases/ultra-1755574950571-hapfhr.tsx
2025-08-19T03:42:38.851Z updated meta: pages/reports/cases/ultra-1755574954384-tdcbiu.tsx
2025-08-19T03:42:39.234Z updated meta: pages/reports/guides/ultra-1755574950570-mfom0e.tsx
2025-08-19T03:42:39.235Z updated meta: pages/reports/guides/ultra-1755574954383-gzdy6r.tsx
2025-08-19T03:42:39.545Z updated meta: pages/reports/insights/ultra-1755574950569-9fbrni.tsx
2025-08-19T03:42:39.547Z updated meta: pages/reports/insights/ultra-1755574954382-47c8ni.tsx
2025-08-19T03:42:39.743Z updated meta: pages/reports/patterns/ultra-1755574950572-7rb1im.tsx
2025-08-19T03:42:39.744Z updated meta: pages/reports/patterns/ultra-1755574954385-b28uat.tsx
2025-08-19T03:42:39.875Z updated meta: pages/reports/updates/ultra-1755574950568-ssf80s.tsx
2025-08-19T03:42:39.876Z updated meta: pages/reports/updates/ultra-1755574954381-lg5iyj.tsx
2025-08-19T03:42:40.018Z updated meta: pages/services/rapid-1755574954466-cs8hel.tsx
2025-08-19T03:42:40.019Z updated meta: pages/services/rapid-1755574958080-uun19e.tsx
2025-08-19T03:42:40.021Z updated meta: pages/services/service-1755574949752-w2vvoioe0.tsx
2025-08-19T03:42:40.022Z updated meta: pages/services/service-1755574949753-hibfys3hi.tsx
2025-08-19T03:42:40.022Z updated meta: pages/services/service-1755574949754-qtn3lrb9o.tsx
2025-08-19T03:42:40.023Z updated meta: pages/services/service-1755574949755-17j6xhums.tsx
2025-08-19T03:42:40.024Z updated meta: pages/services/service-1755574949756-57ueracld.tsx
2025-08-19T03:42:40.025Z updated meta: pages/services/service-1755574949757-bch15q12n.tsx
2025-08-19T03:42:40.065Z updated meta: pages/tutorials/rapid-1755574954468-r22cht.tsx
2025-08-19T03:42:40.066Z updated meta: pages/tutorials/rapid-1755574958082-5bwjun.tsx
2025-08-19T03:42:40.066Z run: node automation/homepage-updater.cjs 
2025-08-19T03:42:40.172Z run: node automation/front-index-directory-builder.cjs 
2025-08-19T03:42:40.394Z run: node scripts/generate-sitemap.js 
2025-08-19T03:42:40.567Z run: node scripts/generate-search-index.js 
2025-08-19T03:42:43.617Z git sync
2025-08-19T03:42:43.617Z run: node automation/git-sync.cjs 
2025-08-19T03:42:59.303Z content-completer: start
2025-08-19T03:42:59.310Z run: node automation/metadata-optimizer.cjs 
2025-08-19T03:43:01.846Z updated meta: pages/products/rapid-1755574977553-tz1vsm.tsx
2025-08-19T03:43:01.846Z updated meta: pages/products/rapid-1755574981028-97wvfw.tsx
2025-08-19T03:43:02.168Z updated meta: pages/reports/cases/ultra-1755574977523-illudt.tsx
2025-08-19T03:43:02.169Z updated meta: pages/reports/cases/ultra-1755574980768-ysu0hn.tsx
2025-08-19T03:43:02.288Z updated meta: pages/reports/guides/ultra-1755574977523-0ey9kk.tsx
2025-08-19T03:43:02.290Z updated meta: pages/reports/guides/ultra-1755574980768-l0umet.tsx
2025-08-19T03:43:02.434Z updated meta: pages/reports/insights/ultra-1755574977522-dg6dcb.tsx
2025-08-19T03:43:02.438Z updated meta: pages/reports/insights/ultra-1755574980767-9nn7h7.tsx
2025-08-19T03:43:02.615Z updated meta: pages/reports/patterns/ultra-1755574977524-cfefwy.tsx
2025-08-19T03:43:02.616Z updated meta: pages/reports/patterns/ultra-1755574980769-z44bmq.tsx
2025-08-19T03:43:02.780Z updated meta: pages/reports/updates/ultra-1755574977520-8k59mn.tsx
2025-08-19T03:43:02.780Z updated meta: pages/reports/updates/ultra-1755574980766-9rdu3z.tsx
2025-08-19T03:43:02.927Z updated meta: pages/services/rapid-1755574977552-k0yy9q.tsx
2025-08-19T03:43:02.928Z updated meta: pages/services/rapid-1755574981026-ixj1cc.tsx
2025-08-19T03:43:02.930Z updated meta: pages/services/service-1755574979751-9mkuw0246.tsx
2025-08-19T03:43:02.931Z updated meta: pages/services/service-1755574979752-29yzm6dwh.tsx
2025-08-19T03:43:02.932Z updated meta: pages/services/service-1755574979753-nyci554t5.tsx
2025-08-19T03:43:02.963Z updated meta: pages/tutorials/rapid-1755574977554-vzh6il.tsx
2025-08-19T03:43:02.964Z updated meta: pages/tutorials/rapid-1755574981030-tp4gjq.tsx
2025-08-19T03:43:02.964Z run: node automation/homepage-updater.cjs 
2025-08-19T03:43:03.082Z run: node automation/front-index-directory-builder.cjs 
2025-08-19T03:43:03.353Z run: node scripts/generate-sitemap.js 
2025-08-19T03:43:03.531Z run: node scripts/generate-search-index.js 
2025-08-19T03:43:06.763Z git sync
2025-08-19T03:43:06.763Z run: node automation/git-sync.cjs 
2025-08-19T03:43:15.770Z content-completer: done (+19 file(s))
2025-08-19T03:43:16.152Z content-completer: start
2025-08-19T03:43:16.194Z run: node automation/metadata-optimizer.cjs 
2025-08-19T03:43:17.710Z updated meta: pages/products/rapid-1755574983994-zt33lh.tsx
2025-08-19T03:43:18.677Z updated meta: pages/services/rapid-1755574983993-a1rvw1.tsx
2025-08-19T03:43:18.713Z updated meta: pages/tutorials/rapid-1755574983995-osujsa.tsx
2025-08-19T03:43:18.713Z run: node automation/homepage-updater.cjs 
2025-08-19T03:43:18.794Z run: node automation/front-index-directory-builder.cjs 
2025-08-19T03:43:18.927Z run: node scripts/generate-sitemap.js 
2025-08-19T03:43:19.098Z run: node scripts/generate-search-index.js 
2025-08-19T03:43:21.790Z git sync
2025-08-19T03:43:21.790Z run: node automation/git-sync.cjs 
2025-08-19T03:43:24.292Z content-completer: start
2025-08-19T03:43:24.300Z run: node automation/metadata-optimizer.cjs 
2025-08-19T03:43:26.810Z updated meta: pages/products/rapid-1755575002202-8qazr7.tsx
2025-08-19T03:43:26.811Z updated meta: pages/products/rapid-1755575005191-bk7ldw.tsx
2025-08-19T03:43:27.095Z updated meta: pages/reports/cases/ultra-1755575002189-q1ylkr.tsx
2025-08-19T03:43:27.265Z updated meta: pages/reports/guides/ultra-1755575002188-tplo7d.tsx
2025-08-19T03:43:27.786Z updated meta: pages/reports/insights/ultra-1755575002187-pqft9r.tsx
2025-08-19T03:43:28.042Z updated meta: pages/reports/patterns/ultra-1755575002190-gq0syj.tsx
2025-08-19T03:43:28.219Z updated meta: pages/reports/updates/ultra-1755575002186-rmtf0v.tsx
2025-08-19T03:43:28.297Z updated meta: pages/reports/updates/update-2025-08-19-0043.tsx
2025-08-19T03:43:28.325Z updated meta: pages/services/rapid-1755575002201-iasecr.tsx
2025-08-19T03:43:28.326Z updated meta: pages/services/rapid-1755575005190-qz2j57.tsx
2025-08-19T03:43:28.365Z updated meta: pages/tutorials/rapid-1755575002203-6xbykg.tsx
2025-08-19T03:43:28.366Z updated meta: pages/tutorials/rapid-1755575005192-ykdrsk.tsx
2025-08-19T03:43:28.366Z run: node automation/homepage-updater.cjs 
2025-08-19T03:43:28.592Z run: node automation/front-index-directory-builder.cjs 
2025-08-19T03:43:28.719Z run: node scripts/generate-sitemap.js 
2025-08-19T03:43:28.911Z run: node scripts/generate-search-index.js 
2025-08-19T03:43:32.673Z git sync
2025-08-19T03:43:32.674Z run: node automation/git-sync.cjs 
2025-08-19T03:43:41.729Z content-completer: done (+12 file(s))
2025-08-19T03:43:42.112Z content-completer: start
2025-08-19T03:43:42.115Z run: node automation/metadata-optimizer.cjs 
2025-08-19T03:43:43.830Z updated meta: pages/reports/cases/ultra-1755575010574-in0c7c.tsx
2025-08-19T03:43:43.939Z updated meta: pages/reports/guides/ultra-1755575010572-ai1ayc.tsx
2025-08-19T03:43:44.063Z updated meta: pages/reports/insights/ultra-1755575010571-fo8mwp.tsx
2025-08-19T03:43:44.184Z updated meta: pages/reports/patterns/ultra-1755575010575-a5zkvh.tsx
2025-08-19T03:43:44.307Z updated meta: pages/reports/updates/ultra-1755575010568-civyfu.tsx
2025-08-19T03:43:44.416Z updated meta: pages/services/service-1755575009752-x5t9dpn2n.tsx
2025-08-19T03:43:44.417Z updated meta: pages/services/service-1755575009753-22zvmi50q.tsx
2025-08-19T03:43:44.418Z updated meta: pages/services/service-1755575009754-gd85ryy56.tsx
2025-08-19T03:43:44.419Z updated meta: pages/services/service-1755575009754-uwdlyewog.tsx
2025-08-19T03:43:44.463Z run: node automation/homepage-updater.cjs 
2025-08-19T03:43:44.582Z run: node automation/front-index-directory-builder.cjs 
2025-08-19T03:43:44.758Z run: node scripts/generate-sitemap.js 
2025-08-19T03:43:44.900Z run: node scripts/generate-search-index.js 
2025-08-19T03:43:47.696Z git sync
2025-08-19T03:43:47.738Z run: node automation/git-sync.cjs 
2025-08-19T03:43:50.388Z content-completer: start
2025-08-19T03:43:50.392Z run: node automation/metadata-optimizer.cjs 
2025-08-19T03:43:53.682Z updated meta: pages/products/rapid-1755575028579-wrj78j.tsx
2025-08-19T03:43:53.683Z updated meta: pages/products/rapid-1755575032169-dc2y0r.tsx
2025-08-19T03:43:54.047Z updated meta: pages/reports/cases/ultra-1755575028538-mdiylm.tsx
2025-08-19T03:43:54.414Z updated meta: pages/reports/guides/ultra-1755575028537-gxu9l5.tsx
2025-08-19T03:43:54.843Z updated meta: pages/reports/insights/ultra-1755575028536-hp6rip.tsx
2025-08-19T03:43:55.105Z updated meta: pages/reports/patterns/ultra-1755575028538-bq48ni.tsx
2025-08-19T03:43:55.540Z updated meta: pages/reports/updates/ultra-1755575028535-zjtatn.tsx
2025-08-19T03:43:55.906Z updated meta: pages/services/rapid-1755575028578-3u2c84.tsx
2025-08-19T03:43:55.906Z updated meta: pages/services/rapid-1755575032167-tloohv.tsx
2025-08-19T03:43:55.952Z updated meta: pages/tutorials/rapid-1755575028580-k4ib3a.tsx
2025-08-19T03:43:55.953Z updated meta: pages/tutorials/rapid-1755575032170-d9txyp.tsx
2025-08-19T03:43:55.953Z run: node automation/homepage-updater.cjs 
2025-08-19T03:43:56.047Z run: node automation/front-index-directory-builder.cjs 
2025-08-19T03:43:56.407Z run: node scripts/generate-sitemap.js 
2025-08-19T03:43:56.554Z run: node scripts/generate-search-index.js 
2025-08-19T03:44:00.792Z content-completer: start
2025-08-19T03:44:00.818Z run: node automation/metadata-optimizer.cjs 
2025-08-19T03:44:03.846Z updated meta: pages/products/rapid-1755575040758-1trb8x.tsx
2025-08-19T03:44:04.316Z updated meta: pages/reports/cases/ultra-1755575040840-0r4f1e.tsx
2025-08-19T03:44:04.317Z updated meta: pages/reports/cases/ultra-1755575043180-ftazth.tsx
2025-08-19T03:44:04.497Z updated meta: pages/reports/guides/ultra-1755575040818-cquob3.tsx
2025-08-19T03:44:04.498Z updated meta: pages/reports/guides/ultra-1755575043180-lknxuz.tsx
2025-08-19T03:44:04.734Z updated meta: pages/reports/insights/ultra-1755575040812-jdu92k.tsx
2025-08-19T03:44:04.753Z updated meta: pages/reports/insights/ultra-1755575043179-esj8b0.tsx
2025-08-19T03:44:04.895Z updated meta: pages/reports/patterns/ultra-1755575040845-m5iyvh.tsx
2025-08-19T03:44:04.896Z updated meta: pages/reports/patterns/ultra-1755575043181-xfxn59.tsx
2025-08-19T03:44:05.074Z updated meta: pages/reports/updates/ultra-1755575040811-b9qqu2.tsx
2025-08-19T03:44:05.075Z updated meta: pages/reports/updates/ultra-1755575043177-8sv3wr.tsx
2025-08-19T03:44:05.286Z updated meta: pages/services/rapid-1755575040756-wgtepg.tsx
2025-08-19T03:44:05.415Z updated meta: pages/tutorials/rapid-1755575040759-e9oftx.tsx
2025-08-19T03:44:05.417Z run: node automation/homepage-updater.cjs 
2025-08-19T03:44:05.506Z run: node automation/front-index-directory-builder.cjs 
2025-08-19T03:44:05.594Z run: node scripts/generate-sitemap.js 
2025-08-19T03:44:05.752Z run: node scripts/generate-search-index.js 
2025-08-19T03:44:08.196Z git sync
2025-08-19T03:44:08.197Z run: node automation/git-sync.cjs 
2025-08-19T03:44:09.560Z content-completer: done (+13 file(s))
2025-08-19T03:44:10.058Z content-completer: start
2025-08-19T03:44:10.061Z run: node automation/metadata-optimizer.cjs 
2025-08-19T03:44:11.112Z updated meta: pages/products/rapid-1755575044295-lnlwkj.tsx
2025-08-19T03:44:11.112Z updated meta: pages/products/rapid-1755575044941-8wh13k.tsx
2025-08-19T03:44:11.113Z updated meta: pages/products/rapid-1755575045603-1koh11.tsx
2025-08-19T03:44:11.114Z updated meta: pages/products/rapid-1755575046166-8pnjac.tsx
2025-08-19T03:44:11.114Z updated meta: pages/products/rapid-1755575046672-xm5iaz.tsx
2025-08-19T03:44:11.115Z updated meta: pages/products/rapid-1755575047216-1xzrx4.tsx
2025-08-19T03:44:11.116Z updated meta: pages/products/rapid-1755575047706-qdanfg.tsx
2025-08-19T03:44:11.117Z updated meta: pages/products/rapid-1755575048172-jglmkf.tsx
2025-08-19T03:44:11.272Z updated meta: pages/reports/cases/ultra-1755575043862-e1oqwl.tsx
2025-08-19T03:44:11.273Z updated meta: pages/reports/cases/ultra-1755575044466-kgiq4f.tsx
2025-08-19T03:44:11.274Z updated meta: pages/reports/cases/ultra-1755575045233-v0jrw7.tsx
2025-08-19T03:44:11.275Z updated meta: pages/reports/cases/ultra-1755575045926-v8edg1.tsx
2025-08-19T03:44:11.275Z updated meta: pages/reports/cases/ultra-1755575046415-ip5h3k.tsx
2025-08-19T03:44:11.276Z updated meta: pages/reports/cases/ultra-1755575046916-psvvn7.tsx
2025-08-19T03:44:11.277Z updated meta: pages/reports/cases/ultra-1755575047458-6jyzxg.tsx
2025-08-19T03:44:11.277Z updated meta: pages/reports/cases/ultra-1755575047945-i6wu4u.tsx
2025-08-19T03:44:11.372Z updated meta: pages/reports/guides/ultra-1755575043860-a85icp.tsx
2025-08-19T03:44:11.373Z updated meta: pages/reports/guides/ultra-1755575044465-g49nz2.tsx
2025-08-19T03:44:11.373Z updated meta: pages/reports/guides/ultra-1755575045232-0hjm3m.tsx
2025-08-19T03:44:11.374Z updated meta: pages/reports/guides/ultra-1755575045925-hwxfqv.tsx
2025-08-19T03:44:11.374Z updated meta: pages/reports/guides/ultra-1755575046415-3h7k16.tsx
2025-08-19T03:44:11.375Z updated meta: pages/reports/guides/ultra-1755575046915-idht1p.tsx
2025-08-19T03:44:11.375Z updated meta: pages/reports/guides/ultra-1755575047457-gx45r7.tsx
2025-08-19T03:44:11.376Z updated meta: pages/reports/guides/ultra-1755575047944-57p0kn.tsx
2025-08-19T03:44:11.490Z updated meta: pages/reports/insights/ultra-1755575043859-ojp4nt.tsx
2025-08-19T03:44:11.491Z updated meta: pages/reports/insights/ultra-1755575044464-erspct.tsx
2025-08-19T03:44:11.491Z updated meta: pages/reports/insights/ultra-1755575045231-m3cdci.tsx
2025-08-19T03:44:11.492Z updated meta: pages/reports/insights/ultra-1755575045924-du2uyp.tsx
2025-08-19T03:44:11.492Z updated meta: pages/reports/insights/ultra-1755575046414-ezzx06.tsx
2025-08-19T03:44:11.493Z updated meta: pages/reports/insights/ultra-1755575046915-j2erf9.tsx
2025-08-19T03:44:11.493Z updated meta: pages/reports/insights/ultra-1755575047456-tw88dv.tsx
2025-08-19T03:44:11.494Z updated meta: pages/reports/insights/ultra-1755575047941-8a1dks.tsx
2025-08-19T03:44:11.594Z updated meta: pages/reports/patterns/ultra-1755575043863-5fzp1b.tsx
2025-08-19T03:44:11.594Z updated meta: pages/reports/patterns/ultra-1755575044467-1cal9h.tsx
2025-08-19T03:44:11.595Z updated meta: pages/reports/patterns/ultra-1755575045233-oox564.tsx
2025-08-19T03:44:11.595Z updated meta: pages/reports/patterns/ultra-1755575045926-zpqzdf.tsx
2025-08-19T03:44:11.598Z updated meta: pages/reports/patterns/ultra-1755575046416-lfxp2e.tsx
2025-08-19T03:44:11.600Z updated meta: pages/reports/patterns/ultra-1755575046917-zqcw7x.tsx
2025-08-19T03:44:11.601Z updated meta: pages/reports/patterns/ultra-1755575047459-a0nwy0.tsx
2025-08-19T03:44:11.602Z updated meta: pages/reports/patterns/ultra-1755575047946-ohfkke.tsx
2025-08-19T03:44:11.714Z updated meta: pages/reports/updates/ultra-1755575043858-69tp97.tsx
2025-08-19T03:44:11.714Z updated meta: pages/reports/updates/ultra-1755575044463-db6qc6.tsx
2025-08-19T03:44:11.715Z updated meta: pages/reports/updates/ultra-1755575045230-9e7umo.tsx
2025-08-19T03:44:11.716Z updated meta: pages/reports/updates/ultra-1755575045923-is59ge.tsx
2025-08-19T03:44:11.717Z updated meta: pages/reports/updates/ultra-1755575046413-p9q7bl.tsx
2025-08-19T03:44:11.719Z updated meta: pages/reports/updates/ultra-1755575046913-bcgkmp.tsx
2025-08-19T03:44:11.719Z updated meta: pages/reports/updates/ultra-1755575047455-n8b1wb.tsx
2025-08-19T03:44:11.721Z updated meta: pages/reports/updates/ultra-1755575047940-ha0gxe.tsx
2025-08-19T03:44:11.839Z updated meta: pages/services/rapid-1755575044293-l859ja.tsx
2025-08-19T03:44:11.839Z updated meta: pages/services/rapid-1755575044940-qtn2a2.tsx
2025-08-19T03:44:11.840Z updated meta: pages/services/rapid-1755575045602-8qvcfy.tsx
2025-08-19T03:44:11.840Z updated meta: pages/services/rapid-1755575046164-au5v2x.tsx
2025-08-19T03:44:11.841Z updated meta: pages/services/rapid-1755575046671-llrpuy.tsx
2025-08-19T03:44:11.842Z updated meta: pages/services/rapid-1755575047215-2mu18l.tsx
2025-08-19T03:44:11.842Z updated meta: pages/services/rapid-1755575047704-nzff3v.tsx
2025-08-19T03:44:11.843Z updated meta: pages/services/rapid-1755575048171-1wapu4.tsx
2025-08-19T03:44:11.880Z updated meta: pages/tutorials/rapid-1755575044296-w5h21w.tsx
2025-08-19T03:44:11.884Z updated meta: pages/tutorials/rapid-1755575044942-9ndym1.tsx
2025-08-19T03:44:11.884Z updated meta: pages/tutorials/rapid-1755575045603-ovz4y5.tsx
2025-08-19T03:44:11.885Z updated meta: pages/tutorials/rapid-1755575046167-m3d0j2.tsx
2025-08-19T03:44:11.886Z updated meta: pages/tutorials/rapid-1755575046673-1m87tx.tsx
2025-08-19T03:44:11.887Z updated meta: pages/tutorials/rapid-1755575047217-h4x3zm.tsx
2025-08-19T03:44:11.888Z updated meta: pages/tutorials/rapid-1755575047707-e93xy9.tsx
2025-08-19T03:44:11.888Z updated meta: pages/tutorials/rapid-1755575048173-zlaf4l.tsx
2025-08-19T03:44:11.889Z run: node automation/homepage-updater.cjs 
2025-08-19T03:44:12.099Z run: node automation/front-index-directory-builder.cjs 
2025-08-19T03:44:12.234Z run: node scripts/generate-sitemap.js 
2025-08-19T03:44:12.393Z run: node scripts/generate-search-index.js 
2025-08-19T03:44:14.367Z git sync
2025-08-19T03:44:14.368Z run: node automation/git-sync.cjs 
2025-08-19T03:44:15.200Z content-completer: done (+64 file(s))
2025-08-19T03:44:15.520Z content-completer: start
2025-08-19T03:44:15.525Z run: node automation/metadata-optimizer.cjs 
2025-08-19T03:44:17.421Z content-completer: start
2025-08-19T03:44:17.424Z run: node automation/metadata-optimizer.cjs 
2025-08-19T03:44:20.334Z updated meta: pages/products/rapid-1755575055897-zt1vmm.tsx
2025-08-19T03:44:20.792Z updated meta: pages/products/rapid-1755575056536-j57s5z.tsx
