2025-08-19T03:40:08.234Z content-creator: start
2025-08-19T03:40:08.730Z created: pages/reports/updates/update-2025-08-19-0040.tsx
2025-08-19T03:40:09.105Z run: node automation/docs-pages-indexer.cjs 
2025-08-19T03:40:09.190Z run: node automation/front-index-directory-builder.cjs 
2025-08-19T03:40:09.798Z run: node automation/homepage-updater.cjs 
2025-08-19T03:40:10.139Z run: node automation/front-index-advertiser.cjs 
2025-08-19T03:40:10.558Z run: node automation/content-quality-analyzer.cjs 
2025-08-19T03:40:12.135Z git sync
2025-08-19T03:40:12.731Z run: node automation/git-sync.cjs 
2025-08-19T03:40:26.538Z content-creator: start
2025-08-19T03:40:26.585Z homepage: advertised latest content
2025-08-19T03:40:26.585Z run: node automation/docs-pages-indexer.cjs 
2025-08-19T03:40:26.704Z run: node automation/front-index-directory-builder.cjs 
2025-08-19T03:40:26.800Z run: node automation/homepage-updater.cjs 
2025-08-19T03:40:26.907Z run: node automation/front-index-advertiser.cjs 
2025-08-19T03:40:27.024Z run: node automation/content-quality-analyzer.cjs 
2025-08-19T03:40:27.257Z git sync
2025-08-19T03:40:27.257Z run: node automation/git-sync.cjs 
2025-08-19T03:41:02.413Z content-creator: start
2025-08-19T03:41:02.417Z created: pages/reports/updates/update-2025-08-19-0041.tsx
2025-08-19T03:41:02.565Z homepage: advertised latest content
2025-08-19T03:41:02.566Z run: node automation/docs-pages-indexer.cjs 
2025-08-19T03:41:04.721Z run: node automation/front-index-directory-builder.cjs 
2025-08-19T03:41:04.983Z run: node automation/homepage-updater.cjs 
2025-08-19T03:41:05.076Z run: node automation/front-index-advertiser.cjs 
2025-08-19T03:41:05.165Z run: node automation/content-quality-analyzer.cjs 
2025-08-19T03:41:05.332Z git sync
2025-08-19T03:41:05.333Z run: node automation/git-sync.cjs 
2025-08-19T03:41:23.580Z content-creator: done (update-2025-08-19-0041.tsx + homepage)
2025-08-19T03:41:23.937Z content-creator: start
2025-08-19T03:41:23.991Z homepage: advertised latest content
2025-08-19T03:41:23.991Z run: node automation/docs-pages-indexer.cjs 
2025-08-19T03:41:24.098Z run: node automation/front-index-directory-builder.cjs 
2025-08-19T03:41:24.243Z run: node automation/homepage-updater.cjs 
2025-08-19T03:41:24.357Z run: node automation/front-index-advertiser.cjs 
2025-08-19T03:41:24.476Z run: node automation/content-quality-analyzer.cjs 
2025-08-19T03:41:24.670Z git sync
2025-08-19T03:41:24.670Z run: node automation/git-sync.cjs 
2025-08-19T03:41:34.283Z content-creator: start
2025-08-19T03:41:34.422Z homepage: advertised latest content
2025-08-19T03:41:34.423Z run: node automation/docs-pages-indexer.cjs 
2025-08-19T03:41:34.529Z run: node automation/front-index-directory-builder.cjs 
2025-08-19T03:41:34.795Z run: node automation/homepage-updater.cjs 
2025-08-19T03:41:34.928Z run: node automation/front-index-advertiser.cjs 
2025-08-19T03:41:35.059Z run: node automation/content-quality-analyzer.cjs 
2025-08-19T03:41:35.227Z git sync
2025-08-19T03:41:35.261Z run: node automation/git-sync.cjs 
2025-08-19T03:42:08.458Z content-creator: start
2025-08-19T03:42:08.620Z created: pages/reports/updates/update-2025-08-19-0042.tsx
2025-08-19T03:42:08.667Z homepage: advertised latest content
2025-08-19T03:42:08.667Z run: node automation/docs-pages-indexer.cjs 
2025-08-19T03:42:10.391Z run: node automation/front-index-directory-builder.cjs 
2025-08-19T03:42:10.658Z run: node automation/homepage-updater.cjs 
2025-08-19T03:42:10.786Z run: node automation/front-index-advertiser.cjs 
2025-08-19T03:42:10.940Z run: node automation/content-quality-analyzer.cjs 
2025-08-19T03:42:11.132Z git sync
2025-08-19T03:42:11.133Z run: node automation/git-sync.cjs 
2025-08-19T03:42:21.104Z content-creator: done (update-2025-08-19-0042.tsx + homepage)
2025-08-19T03:42:21.633Z content-creator: start
2025-08-19T03:42:21.747Z homepage: advertised latest content
2025-08-19T03:42:21.748Z run: node automation/docs-pages-indexer.cjs 
2025-08-19T03:42:22.952Z run: node automation/front-index-directory-builder.cjs 
2025-08-19T03:42:23.103Z run: node automation/homepage-updater.cjs 
2025-08-19T03:42:23.270Z run: node automation/front-index-advertiser.cjs 
2025-08-19T03:42:23.415Z run: node automation/content-quality-analyzer.cjs 
2025-08-19T03:42:23.568Z git sync
2025-08-19T03:42:23.568Z run: node automation/git-sync.cjs 
2025-08-19T03:42:32.268Z content-creator: done (update-2025-08-19-0042.tsx + homepage)
2025-08-19T03:42:32.816Z content-creator: start
2025-08-19T03:42:32.880Z homepage: advertised latest content
2025-08-19T03:42:32.881Z run: node automation/docs-pages-indexer.cjs 
2025-08-19T03:42:33.707Z run: node automation/front-index-directory-builder.cjs 
2025-08-19T03:42:33.854Z run: node automation/homepage-updater.cjs 
2025-08-19T03:42:33.926Z run: node automation/front-index-advertiser.cjs 
2025-08-19T03:42:34.646Z content-creator: start
2025-08-19T03:42:34.772Z homepage: advertised latest content
2025-08-19T03:42:34.775Z run: node automation/docs-pages-indexer.cjs 
2025-08-19T03:42:36.900Z run: node automation/front-index-directory-builder.cjs 
2025-08-19T03:42:37.040Z run: node automation/homepage-updater.cjs 
2025-08-19T03:42:37.126Z run: node automation/front-index-advertiser.cjs 
2025-08-19T03:42:37.234Z run: node automation/content-quality-analyzer.cjs 
2025-08-19T03:42:37.383Z git sync
2025-08-19T03:42:37.383Z run: node automation/git-sync.cjs 
2025-08-19T03:42:57.810Z content-creator: start
2025-08-19T03:42:57.857Z homepage: advertised latest content
2025-08-19T03:42:57.858Z run: node automation/docs-pages-indexer.cjs 
2025-08-19T03:42:59.347Z run: node automation/front-index-directory-builder.cjs 
2025-08-19T03:42:59.474Z run: node automation/homepage-updater.cjs 
2025-08-19T03:42:59.564Z run: node automation/front-index-advertiser.cjs 
2025-08-19T03:42:59.681Z run: node automation/content-quality-analyzer.cjs 
2025-08-19T03:42:59.939Z git sync
2025-08-19T03:42:59.951Z run: node automation/git-sync.cjs 
2025-08-19T03:43:22.555Z content-creator: start
2025-08-19T03:43:22.571Z created: pages/reports/updates/update-2025-08-19-0043.tsx
2025-08-19T03:43:22.685Z homepage: advertised latest content
2025-08-19T03:43:22.686Z run: node automation/docs-pages-indexer.cjs 
2025-08-19T03:43:24.586Z run: node automation/front-index-directory-builder.cjs 
2025-08-19T03:43:24.803Z run: node automation/homepage-updater.cjs 
2025-08-19T03:43:24.892Z run: node automation/front-index-advertiser.cjs 
2025-08-19T03:43:24.983Z run: node automation/content-quality-analyzer.cjs 
2025-08-19T03:43:25.132Z git sync
2025-08-19T03:43:25.133Z run: node automation/git-sync.cjs 
2025-08-19T03:43:35.191Z content-creator: done (update-2025-08-19-0043.tsx + homepage)
2025-08-19T03:43:35.494Z content-creator: start
2025-08-19T03:43:35.540Z homepage: advertised latest content
2025-08-19T03:43:35.540Z run: node automation/docs-pages-indexer.cjs 
2025-08-19T03:43:36.867Z run: node automation/front-index-directory-builder.cjs 
2025-08-19T03:43:37.036Z run: node automation/homepage-updater.cjs 
2025-08-19T03:43:37.145Z run: node automation/front-index-advertiser.cjs 
2025-08-19T03:43:37.363Z run: node automation/content-quality-analyzer.cjs 
2025-08-19T03:43:37.532Z git sync
2025-08-19T03:43:37.532Z run: node automation/git-sync.cjs 
2025-08-19T03:43:46.584Z content-creator: done (update-2025-08-19-0043.tsx + homepage)
2025-08-19T03:43:46.895Z content-creator: start
2025-08-19T03:43:46.933Z run: node automation/docs-pages-indexer.cjs 
2025-08-19T03:43:47.784Z run: node automation/front-index-directory-builder.cjs 
2025-08-19T03:43:47.938Z run: node automation/homepage-updater.cjs 
2025-08-19T03:43:48.134Z run: node automation/front-index-advertiser.cjs 
2025-08-19T03:43:48.883Z content-creator: start
2025-08-19T03:43:49.047Z homepage: advertised latest content
2025-08-19T03:43:49.048Z run: node automation/docs-pages-indexer.cjs 
2025-08-19T03:43:51.083Z run: node automation/front-index-directory-builder.cjs 
2025-08-19T03:43:51.213Z run: node automation/homepage-updater.cjs 
2025-08-19T03:43:51.302Z run: node automation/front-index-advertiser.cjs 
2025-08-19T03:43:51.394Z run: node automation/content-quality-analyzer.cjs 
2025-08-19T03:43:51.694Z git sync
2025-08-19T03:43:51.694Z run: node automation/git-sync.cjs 
2025-08-19T03:44:16.325Z content-creator: start
2025-08-19T03:44:16.351Z created: pages/reports/updates/update-2025-08-19-0044.tsx
2025-08-19T03:44:16.398Z homepage: advertised latest content
2025-08-19T03:44:16.398Z run: node automation/docs-pages-indexer.cjs 
2025-08-19T03:44:18.733Z run: node automation/front-index-directory-builder.cjs 
2025-08-19T03:44:18.905Z run: node automation/homepage-updater.cjs 
2025-08-19T03:44:19.308Z run: node automation/front-index-advertiser.cjs 
2025-08-19T03:44:19.831Z run: node automation/content-quality-analyzer.cjs 
