[2025-08-25 12:00:02] Starting infinite improvement process...
[2025-08-25 12:00:02] Starting continuous automation improvement system...
[2025-08-25 12:00:05] Starting master automation coordinator...
[2025-08-25 12:00:08] Running automation improvement cycle...
[2025-08-25 12:00:08] Checking for automation improvements...
[2025-08-25 12:15:01] Starting infinite improvement process...
[2025-08-25 12:15:01] Running automation improvement cycle...
[2025-08-25 12:15:01] Checking for automation improvements...
[2025-08-25 12:30:02] Starting infinite improvement process...
[2025-08-25 12:30:02] Running automation improvement cycle...
[2025-08-25 12:30:02] Checking for automation improvements...
[2025-08-26 01:00:01] Starting infinite improvement process...
[2025-08-26 01:00:01] Running automation improvement cycle...
[2025-08-26 01:00:01] Checking for automation improvements...
[2025-08-26 02:15:02] Starting infinite improvement process...
[2025-08-26 02:15:02] Running automation improvement cycle...
[2025-08-26 02:15:02] Checking for automation improvements...
[2025-08-26 03:03:06] Starting infinite improvement process...
[2025-08-26 03:03:06] Running automation improvement cycle...
[2025-08-26 03:03:06] Checking for automation improvements...
[2025-08-26 04:04:11] Starting infinite improvement process...
[2025-08-26 04:04:12] Running automation improvement cycle...
[2025-08-26 04:04:12] Checking for automation improvements...
[2025-08-26 05:03:28] Starting infinite improvement process...
[2025-08-26 05:03:28] Running automation improvement cycle...
[2025-08-26 05:03:28] Checking for automation improvements...
[2025-08-26 06:45:00] Starting infinite improvement process...
[2025-08-26 06:45:00] Running automation improvement cycle...
[2025-08-26 06:45:00] Checking for automation improvements...
[2025-08-26 07:00:00] Starting infinite improvement process...
[2025-08-26 07:00:00] Starting continuous automation improvement system...
[2025-08-26 07:00:03] Starting master automation coordinator...
[2025-08-26 07:00:07] Running automation improvement cycle...
[2025-08-26 07:00:07] Checking for automation improvements...
