Starting Enhanced Autonomous System...
[2025-08-25T15:00:06.218Z] [SYSTEM] Starting all enabled services...
[2025-08-25T15:00:06.412Z] [SYSTEM] Starting service: autonomous-system-manager
[2025-08-25T15:00:06.437Z] [SYSTEM] Service autonomous-system-manager started successfully
[2025-08-25T15:00:06.441Z] [SYSTEM] Starting service: ml-link-intelligence
[2025-08-25T15:00:06.465Z] [SYSTEM] Service ml-link-intelligence started successfully
[2025-08-25T15:00:06.468Z] [SYSTEM] Starting service: link-health-scheduler
[2025-08-25T15:00:06.475Z] [SYSTEM] Service link-health-scheduler started successfully
[2025-08-25T15:00:06.476Z] [SYSTEM] Starting service: real-time-performance-monitor
[2025-08-25T15:00:06.484Z] [SYSTEM] Service real-time-performance-monitor started successfully
[2025-08-25T15:00:06.732Z] [autonomous-system-manager] [2025-08-25T15:00:06.720Z] Starting Autonomous System Manager
[2025-08-25T15:00:06.732Z] [autonomous-system-manager] [2025-08-25T15:00:06.732Z] Starting all enabled services...
[2025-08-25T15:00:06.733Z] [autonomous-system-manager] [2025-08-25T15:00:06.733Z] Starting service: autonomous-system-manager
[2025-08-25T15:00:06.734Z] [autonomous-system-manager] [2025-08-25T15:00:06.733Z] Error starting autonomous-system-manager: Cannot access 'process' before initialization
[2025-08-25T15:00:06.741Z] [ml-link-intelligence] [2025-08-25T15:00:06.735Z] Starting ML Link Intelligence worker
[2025-08-25T15:00:06.742Z] [ml-link-intelligence] [2025-08-25T15:00:06.741Z] Added https://github.com to analysis queue
[2025-08-25T15:00:06.743Z] [ml-link-intelligence] [2025-08-25T15:00:06.742Z] Added https://stackoverflow.com to analysis queue
[2025-08-25T15:00:06.742Z] Added https://medium.com to analysis queue
[2025-08-25T15:00:06.742Z] Added https://dev.to to analysis queue
[2025-08-25T15:00:06.743Z] [ml-link-intelligence] [2025-08-25T15:00:06.742Z] Added https://wikipedia.org to analysis queue
[2025-08-25T15:00:06.743Z] [ml-link-intelligence] [2025-08-25T15:00:06.743Z] Processing queue with 5 links
[2025-08-25T15:00:06.744Z] [ml-link-intelligence] [2025-08-25T15:00:06.743Z] Analyzing link: https://github.com
[2025-08-25T15:00:06.760Z] [real-time-performance-monitor] [2025-08-25T15:00:06.753Z] Starting Real-Time Performance Monitor
[2025-08-25T15:00:06.761Z] [real-time-performance-monitor] [2025-08-25T15:00:06.760Z] Starting real-time performance monitoring
[2025-08-25T15:00:06.763Z] [real-time-performance-monitor] No metrics available
[2025-08-25T15:00:06.785Z] [link-health-scheduler] [2025-08-25T15:00:06.777Z] Starting Link Health Scheduler
[2025-08-25T15:00:06.784Z] Starting Link Health Scheduler
[2025-08-25T15:00:06.785Z] Scheduled check for homepage at Mon Aug 25 2025 12:05:06 GMT-0300 (Brasilia Standard Time)
[2025-08-25T15:00:06.786Z] [link-health-scheduler] [2025-08-25T15:00:06.786Z] Scheduled check for services at Mon Aug 25 2025 12:15:06 GMT-0300 (Brasilia Standard Time)
[2025-08-25T15:00:06.786Z] [link-health-scheduler] [2025-08-25T15:00:06.786Z] Scheduled check for about at Mon Aug 25 2025 13:00:06 GMT-0300 (Brasilia Standard Time)
[2025-08-25T15:00:06.787Z] [link-health-scheduler] [2025-08-25T15:00:06.787Z] Scheduled check for contact at Mon Aug 25 2025 12:15:06 GMT-0300 (Brasilia Standard Time)
[2025-08-25T15:00:06.787Z] Scheduled 4 links for health checks
[2025-08-25T15:00:06.788Z] [link-health-scheduler] [2025-08-25T15:00:06.788Z] Status: 4 jobs scheduled, 0 active
[2025-08-25T15:00:07.264Z] [ml-link-intelligence] [2025-08-25T15:00:07.263Z] Analysis complete for https://github.com: good (200)
[2025-08-25T15:00:07.735Z] [autonomous-system-manager] [2025-08-25T15:00:07.735Z] Starting service: ml-link-intelligence
[2025-08-25T15:00:07.735Z] [autonomous-system-manager] [2025-08-25T15:00:07.735Z] Error starting ml-link-intelligence: Cannot access 'process' before initialization
[2025-08-25T15:00:08.266Z] [ml-link-intelligence] [2025-08-25T15:00:08.265Z] Analyzing link: https://stackoverflow.com
[2025-08-25T15:00:08.333Z] [ml-link-intelligence] [2025-08-25T15:00:08.333Z] Analysis complete for https://stackoverflow.com: poor (403)
[2025-08-25T15:00:08.736Z] [autonomous-system-manager] [2025-08-25T15:00:08.735Z] Starting service: link-health-scheduler
[2025-08-25T15:00:08.736Z] [autonomous-system-manager] [2025-08-25T15:00:08.736Z] Error starting link-health-scheduler: Cannot access 'process' before initialization
[2025-08-25T15:00:09.394Z] [ml-link-intelligence] [2025-08-25T15:00:09.392Z] Analyzing link: https://medium.com
[2025-08-25T15:00:09.547Z] [ml-link-intelligence] [2025-08-25T15:00:09.546Z] Analysis complete for https://medium.com: good (200)
[2025-08-25T15:00:09.737Z] [autonomous-system-manager] [2025-08-25T15:00:09.737Z] Starting service: real-time-performance-monitor
[2025-08-25T15:00:09.738Z] [autonomous-system-manager] [2025-08-25T15:00:09.737Z] Error starting real-time-performance-monitor: Cannot access 'process' before initialization
[2025-08-25T15:00:10.548Z] [ml-link-intelligence] [2025-08-25T15:00:10.548Z] Analyzing link: https://dev.to
[2025-08-25T15:00:10.606Z] [ml-link-intelligence] [2025-08-25T15:00:10.606Z] Analysis complete for https://dev.to: poor (403)
[2025-08-25T15:00:10.739Z] [autonomous-system-manager] [2025-08-25T15:00:10.738Z] Started 0/4 services successfully
[2025-08-25T15:00:10.740Z] [autonomous-system-manager] [2025-08-25T15:00:10.739Z] Autonomous System Manager is now running
[2025-08-25T15:00:11.606Z] [ml-link-intelligence] [2025-08-25T15:00:11.606Z] Analyzing link: https://wikipedia.org
[2025-08-25T15:00:11.679Z] [ml-link-intelligence] [2025-08-25T15:00:11.679Z] Analysis complete for https://wikipedia.org: poor (403)
[2025-08-25T15:00:12.680Z] [ml-link-intelligence] [2025-08-25T15:00:12.680Z] Queue processing complete
[2025-08-25T15:00:12.681Z] [ml-link-intelligence] [2025-08-25T15:00:12.681Z] Health Report: Score 90, Links 5, Issues 3
[2025-08-25T15:00:36.494Z] [HEALTH] All services healthy
[2025-08-25T15:00:36.767Z] [real-time-performance-monitor] [2025-08-25T15:00:36.767Z] CRITICAL MEMORY ALERT: Memory usage critical: 95.30% - Memory pressure detected
[2025-08-25T15:00:36.768Z] [real-time-performance-monitor] [2025-08-25T15:00:36.767Z] ALERT [CRITICAL] Memory usage critical: 95.30%
[2025-08-25T15:00:36.768Z] [real-time-performance-monitor] [2025-08-25T15:00:36.768Z] metrics rss=30.80 MB heapUsed=4.32 MB cpuLoad=64.39 memUsage=95.30%
[2025-08-25T15:01:06.494Z] [HEALTH] All services healthy
[2025-08-25T15:01:06.772Z] [real-time-performance-monitor] [2025-08-25T15:01:06.766Z] CRITICAL MEMORY ALERT: Memory usage critical: 97.63% - Memory pressure detected
[2025-08-25T15:01:06.766Z] ALERT [CRITICAL] Memory usage critical: 97.63%
[2025-08-25T15:01:06.767Z] metrics rss=31.00 MB heapUsed=4.38 MB cpuLoad=51.98 memUsage=97.63%
[2025-08-25T15:01:06.798Z] [link-health-scheduler] [2025-08-25T15:01:06.794Z] Status: 4 jobs scheduled, 0 active
[2025-08-25T15:01:36.565Z] [HEALTH] All services healthy
[2025-08-25T15:01:36.767Z] [real-time-performance-monitor] [2025-08-25T15:01:36.767Z] ALERT [WARNING] Memory usage warning: 93.20%
[2025-08-25T15:01:36.768Z] [real-time-performance-monitor] [2025-08-25T15:01:36.767Z] metrics rss=31.07 MB heapUsed=4.44 MB cpuLoad=46.75 memUsage=93.20%
[2025-08-25T15:02:02.167Z] [autonomous-system-manager] [2025-08-25T15:02:02.166Z] Shutting down Autonomous System Manager gracefully...
[2025-08-25T15:02:02.168Z] [autonomous-system-manager] [2025-08-25T15:02:02.167Z] Stopping all services...
[2025-08-25T15:02:02.168Z] [autonomous-system-manager] [2025-08-25T15:02:02.167Z] Stopped 0 services
[2025-08-25T15:02:02.218Z] [ml-link-intelligence] [2025-08-25T15:02:02.217Z] Stopping ML Link Intelligence...
[2025-08-25T15:02:02.269Z] [link-health-scheduler] [2025-08-25T15:02:02.266Z] Stopping Link Health Scheduler...
[2025-08-25T15:02:02.274Z] [link-health-scheduler] [2025-08-25T15:02:02.268Z] Stopping Link Health Scheduler
[2025-08-25T15:02:02.281Z] [link-health-scheduler] [2025-08-25T15:02:02.275Z] All scheduled jobs cleared
[2025-08-25T15:02:02.293Z] [SYSTEM] Service autonomous-system-manager exited with code 0, signal null
[2025-08-25T15:02:02.293Z] [SYSTEM] Restarting autonomous-system-manager in 5000ms (attempt 1/5)
[2025-08-25T15:02:02.358Z] [real-time-performance-monitor] [2025-08-25T15:02:02.356Z] Stopping Real-Time Performance Monitor...
[2025-08-25T15:02:02.357Z] Stopping performance monitoring
[2025-08-25T15:02:06.567Z] [HEALTH] Health check issues found: Service autonomous-system-manager is enabled but not running
[2025-08-25T15:02:06.906Z] [SYSTEM] Service real-time-performance-monitor exited with code 0, signal null
[2025-08-25T15:02:06.906Z] [SYSTEM] Restarting real-time-performance-monitor in 10000ms (attempt 1/3)
[2025-08-25T15:02:06.914Z] [SYSTEM] Service link-health-scheduler exited with code 0, signal null
[2025-08-25T15:02:06.915Z] [SYSTEM] Restarting link-health-scheduler in 15000ms (attempt 1/3)
[2025-08-25T15:02:07.421Z] [SYSTEM] Starting service: autonomous-system-manager
[2025-08-25T15:02:07.425Z] [SYSTEM] Service autonomous-system-manager started successfully
[2025-08-25T15:02:07.606Z] [autonomous-system-manager] [2025-08-25T15:02:07.599Z] Starting Autonomous System Manager
[2025-08-25T15:02:07.607Z] [autonomous-system-manager] [2025-08-25T15:02:07.606Z] Starting all enabled services...
[2025-08-25T15:02:07.607Z] Starting service: autonomous-system-manager
[2025-08-25T15:02:07.607Z] Error starting autonomous-system-manager: Cannot access 'process' before initialization
[2025-08-25T15:02:08.613Z] [autonomous-system-manager] [2025-08-25T15:02:08.612Z] Starting service: ml-link-intelligence
[2025-08-25T15:02:08.617Z] [autonomous-system-manager] [2025-08-25T15:02:08.612Z] Error starting ml-link-intelligence: Cannot access 'process' before initialization
[2025-08-25T15:02:09.619Z] [autonomous-system-manager] [2025-08-25T15:02:09.617Z] Starting service: link-health-scheduler
[2025-08-25T15:02:09.618Z] Error starting link-health-scheduler: Cannot access 'process' before initialization
[2025-08-25T15:02:10.620Z] [autonomous-system-manager] [2025-08-25T15:02:10.620Z] Starting service: real-time-performance-monitor
[2025-08-25T15:02:10.623Z] [autonomous-system-manager] [2025-08-25T15:02:10.620Z] Error starting real-time-performance-monitor: Cannot access 'process' before initialization
[2025-08-25T15:02:11.629Z] [autonomous-system-manager] [2025-08-25T15:02:11.628Z] Started 0/4 services successfully
[2025-08-25T15:02:11.628Z] Autonomous System Manager is now running
[2025-08-25T15:02:12.756Z] [SYSTEM] Service ml-link-intelligence exited with code 0, signal null
[2025-08-25T15:02:12.756Z] [SYSTEM] Restarting ml-link-intelligence in 10000ms (attempt 1/3)
[2025-08-25T15:02:16.908Z] [SYSTEM] Starting service: real-time-performance-monitor
[2025-08-25T15:02:16.910Z] [SYSTEM] Service real-time-performance-monitor started successfully
[2025-08-25T15:02:17.052Z] [real-time-performance-monitor] [2025-08-25T15:02:17.034Z] Starting Real-Time Performance Monitor
[2025-08-25T15:02:17.049Z] Starting real-time performance monitoring
[2025-08-25T15:02:21.966Z] [SYSTEM] Starting service: link-health-scheduler
[2025-08-25T15:02:21.993Z] [SYSTEM] Service link-health-scheduler started successfully
[2025-08-25T15:02:22.409Z] [link-health-scheduler] [2025-08-25T15:02:22.284Z] Starting Link Health Scheduler
[2025-08-25T15:02:22.400Z] Starting Link Health Scheduler
[2025-08-25T15:02:22.445Z] [link-health-scheduler] [2025-08-25T15:02:22.400Z] Scheduled check for homepage at Mon Aug 25 2025 12:07:22 GMT-0300 (Brasilia Standard Time)
[2025-08-25T15:02:22.444Z] Scheduled check for services at Mon Aug 25 2025 12:17:22 GMT-0300 (Brasilia Standard Time)
[2025-08-25T15:02:22.476Z] [link-health-scheduler] [2025-08-25T15:02:22.444Z] Scheduled check for about at Mon Aug 25 2025 13:02:22 GMT-0300 (Brasilia Standard Time)
[2025-08-25T15:02:22.446Z] Scheduled check for contact at Mon Aug 25 2025 12:17:22 GMT-0300 (Brasilia Standard Time)
[2025-08-25T15:02:22.488Z] [link-health-scheduler] [2025-08-25T15:02:22.476Z] Scheduled 4 links for health checks
[2025-08-25T15:02:22.758Z] [SYSTEM] Starting service: ml-link-intelligence
[2025-08-25T15:02:22.760Z] [SYSTEM] Service ml-link-intelligence started successfully
[2025-08-25T15:02:22.997Z] [ml-link-intelligence] [2025-08-25T15:02:22.916Z] Starting ML Link Intelligence worker
[2025-08-25T15:02:23.019Z] [ml-link-intelligence] [2025-08-25T15:02:22.997Z] Added https://github.com to analysis queue
[2025-08-25T15:02:23.025Z] [ml-link-intelligence] [2025-08-25T15:02:23.018Z] Added https://stackoverflow.com to analysis queue
[2025-08-25T15:02:23.024Z] Added https://medium.com to analysis queue
[2025-08-25T15:02:23.024Z] Added https://dev.to to analysis queue
[2025-08-25T15:02:23.025Z] Added https://wikipedia.org to analysis queue
[2025-08-25T15:02:23.108Z] [ml-link-intelligence] [2025-08-25T15:02:23.026Z] Processing queue with 5 links
[2025-08-25T15:02:23.090Z] Analyzing link: https://github.com
[2025-08-25T15:02:23.380Z] [ml-link-intelligence] [2025-08-25T15:02:23.380Z] Analysis complete for https://github.com: good (200)
[2025-08-25T15:02:24.382Z] [ml-link-intelligence] [2025-08-25T15:02:24.382Z] Analyzing link: https://stackoverflow.com
[2025-08-25T15:02:24.483Z] [ml-link-intelligence] [2025-08-25T15:02:24.482Z] Analysis complete for https://stackoverflow.com: poor (403)
[2025-08-25T15:02:25.492Z] [ml-link-intelligence] [2025-08-25T15:02:25.488Z] Analyzing link: https://medium.com
[2025-08-25T15:02:25.711Z] [ml-link-intelligence] [2025-08-25T15:02:25.683Z] Analysis complete for https://medium.com: good (200)
[2025-08-25T15:02:26.727Z] [ml-link-intelligence] [2025-08-25T15:02:26.720Z] Analyzing link: https://dev.to
[2025-08-25T15:02:26.903Z] [ml-link-intelligence] [2025-08-25T15:02:26.900Z] Analysis complete for https://dev.to: poor (403)
[2025-08-25T15:02:27.908Z] [ml-link-intelligence] [2025-08-25T15:02:27.904Z] Analyzing link: https://wikipedia.org
[2025-08-25T15:02:27.979Z] [ml-link-intelligence] [2025-08-25T15:02:27.978Z] Analysis complete for https://wikipedia.org: poor (403)
[2025-08-25T15:02:28.983Z] [ml-link-intelligence] [2025-08-25T15:02:28.982Z] Queue processing complete
[2025-08-25T15:02:34.635Z] [autonomous-system-manager] [2025-08-25T15:02:34.632Z] Shutting down Autonomous System Manager gracefully...
[2025-08-25T15:02:34.636Z] [autonomous-system-manager] [2025-08-25T15:02:34.633Z] Stopping all services...
[2025-08-25T15:02:34.636Z] [autonomous-system-manager] [2025-08-25T15:02:34.635Z] Stopped 0 services
[2025-08-25T15:02:34.742Z] [ml-link-intelligence] [2025-08-25T15:02:34.738Z] Stopping ML Link Intelligence...
[2025-08-25T15:02:34.755Z] [SYSTEM] Service autonomous-system-manager exited with code 0, signal null
[2025-08-25T15:02:34.756Z] [SYSTEM] Restarting autonomous-system-manager in 5000ms (attempt 1/5)
[2025-08-25T15:02:34.897Z] [link-health-scheduler] [2025-08-25T15:02:34.896Z] Stopping Link Health Scheduler...
[2025-08-25T15:02:34.899Z] [link-health-scheduler] [2025-08-25T15:02:34.897Z] Stopping Link Health Scheduler
[2025-08-25T15:02:34.900Z] [link-health-scheduler] [2025-08-25T15:02:34.899Z] All scheduled jobs cleared
[2025-08-25T15:02:35.017Z] [real-time-performance-monitor] [2025-08-25T15:02:35.009Z] Stopping Real-Time Performance Monitor...
[2025-08-25T15:02:35.011Z] Stopping performance monitoring
[2025-08-25T15:02:36.796Z] [HEALTH] Health check issues found: Service autonomous-system-manager is enabled but not running
[2025-08-25T15:02:39.757Z] [SYSTEM] Starting service: autonomous-system-manager
[2025-08-25T15:02:39.759Z] [SYSTEM] Service autonomous-system-manager started successfully
[2025-08-25T15:02:39.891Z] [autonomous-system-manager] [2025-08-25T15:02:39.884Z] Starting Autonomous System Manager
[2025-08-25T15:02:39.892Z] [autonomous-system-manager] [2025-08-25T15:02:39.891Z] Starting all enabled services...
[2025-08-25T15:02:39.893Z] [autonomous-system-manager] [2025-08-25T15:02:39.892Z] Starting service: autonomous-system-manager
[2025-08-25T15:02:39.894Z] [autonomous-system-manager] [2025-08-25T15:02:39.893Z] Error starting autonomous-system-manager: Cannot access 'process' before initialization
[2025-08-25T15:02:40.895Z] [autonomous-system-manager] [2025-08-25T15:02:40.895Z] Starting service: ml-link-intelligence
[2025-08-25T15:02:40.896Z] [autonomous-system-manager] [2025-08-25T15:02:40.895Z] Error starting ml-link-intelligence: Cannot access 'process' before initialization
[2025-08-25T15:02:41.934Z] [autonomous-system-manager] [2025-08-25T15:02:41.932Z] Starting service: link-health-scheduler
[2025-08-25T15:02:41.934Z] [autonomous-system-manager] [2025-08-25T15:02:41.933Z] Error starting link-health-scheduler: Cannot access 'process' before initialization
[2025-08-25T15:02:42.586Z] [SYSTEM] Service link-health-scheduler exited with code 0, signal null
[2025-08-25T15:02:42.587Z] [SYSTEM] Restarting link-health-scheduler in 15000ms (attempt 1/3)
[2025-08-25T15:02:42.982Z] [autonomous-system-manager] [2025-08-25T15:02:42.976Z] Starting service: real-time-performance-monitor
[2025-08-25T15:02:42.980Z] Error starting real-time-performance-monitor: Cannot access 'process' before initialization
[2025-08-25T15:02:43.983Z] [autonomous-system-manager] [2025-08-25T15:02:43.982Z] Started 0/4 services successfully
[2025-08-25T15:02:43.984Z] [autonomous-system-manager] [2025-08-25T15:02:43.982Z] Autonomous System Manager is now running
[2025-08-25T15:02:57.592Z] [SYSTEM] Starting service: link-health-scheduler
[2025-08-25T15:02:57.595Z] [SYSTEM] Service link-health-scheduler started successfully
[2025-08-25T15:02:57.782Z] [link-health-scheduler] [2025-08-25T15:02:57.773Z] Starting Link Health Scheduler
[2025-08-25T15:02:57.784Z] [link-health-scheduler] [2025-08-25T15:02:57.783Z] Starting Link Health Scheduler
[2025-08-25T15:02:57.785Z] [link-health-scheduler] [2025-08-25T15:02:57.785Z] Scheduled check for homepage at Mon Aug 25 2025 12:07:57 GMT-0300 (Brasilia Standard Time)
[2025-08-25T15:02:57.787Z] [link-health-scheduler] [2025-08-25T15:02:57.785Z] Scheduled check for services at Mon Aug 25 2025 12:17:57 GMT-0300 (Brasilia Standard Time)
[2025-08-25T15:02:57.793Z] [link-health-scheduler] [2025-08-25T15:02:57.786Z] Scheduled check for about at Mon Aug 25 2025 13:02:57 GMT-0300 (Brasilia Standard Time)
[2025-08-25T15:02:57.794Z] [link-health-scheduler] [2025-08-25T15:02:57.788Z] Scheduled check for contact at Mon Aug 25 2025 12:17:57 GMT-0300 (Brasilia Standard Time)
[2025-08-25T15:02:57.793Z] Scheduled 4 links for health checks
[2025-08-25T15:03:06.798Z] [HEALTH] All services healthy
[2025-08-25T15:03:07.798Z] [link-health-scheduler] [2025-08-25T15:03:07.796Z] Status: 4 jobs scheduled, 0 active
[2025-08-25T15:03:17.064Z] [SYSTEM] Service real-time-performance-monitor exited with code 0, signal null
[2025-08-25T15:03:17.064Z] [SYSTEM] Restarting real-time-performance-monitor in 10000ms (attempt 1/3)
[2025-08-25T15:03:27.066Z] [SYSTEM] Starting service: real-time-performance-monitor
[2025-08-25T15:03:27.068Z] [SYSTEM] Service real-time-performance-monitor started successfully
[2025-08-25T15:03:27.246Z] [real-time-performance-monitor] [2025-08-25T15:03:27.237Z] Starting Real-Time Performance Monitor
[2025-08-25T15:03:27.248Z] [real-time-performance-monitor] [2025-08-25T15:03:27.246Z] Starting real-time performance monitoring
[2025-08-25T15:03:36.962Z] [HEALTH] All services healthy
[2025-08-25T15:03:57.293Z] [real-time-performance-monitor] [2025-08-25T15:03:57.290Z] ALERT [WARNING] Memory usage warning: 94.56%
[2025-08-25T15:03:57.294Z] [real-time-performance-monitor] [2025-08-25T15:03:57.293Z] metrics rss=30.59 MB heapUsed=4.28 MB cpuLoad=54.20 memUsage=94.56%
[2025-08-25T15:04:03.373Z] [autonomous-system-manager] [2025-08-25T15:04:03.372Z] Shutting down Autonomous System Manager gracefully...
[2025-08-25T15:04:03.374Z] [autonomous-system-manager] [2025-08-25T15:04:03.373Z] Stopping all services...
[2025-08-25T15:04:03.375Z] [autonomous-system-manager] [2025-08-25T15:04:03.374Z] Stopped 0 services
[2025-08-25T15:04:03.481Z] [SYSTEM] Service autonomous-system-manager exited with code 0, signal null
[2025-08-25T15:04:03.482Z] [SYSTEM] Restarting autonomous-system-manager in 5000ms (attempt 1/5)
[2025-08-25T15:04:03.496Z] [ml-link-intelligence] [2025-08-25T15:04:03.495Z] Stopping ML Link Intelligence...
[2025-08-25T15:04:03.605Z] [link-health-scheduler] [2025-08-25T15:04:03.604Z] Stopping Link Health Scheduler...
[2025-08-25T15:04:03.606Z] [link-health-scheduler] [2025-08-25T15:04:03.605Z] Stopping Link Health Scheduler
[2025-08-25T15:04:03.606Z] [link-health-scheduler] [2025-08-25T15:04:03.606Z] All scheduled jobs cleared
[2025-08-25T15:04:03.706Z] [real-time-performance-monitor] [2025-08-25T15:04:03.705Z] Stopping Real-Time Performance Monitor...
[2025-08-25T15:04:03.707Z] [real-time-performance-monitor] [2025-08-25T15:04:03.706Z] Stopping performance monitoring
[2025-08-25T15:04:06.963Z] [HEALTH] Health check issues found: Service autonomous-system-manager is enabled but not running
[2025-08-25T15:04:08.030Z] [SYSTEM] Service link-health-scheduler exited with code 0, signal null
[2025-08-25T15:04:08.031Z] [SYSTEM] Restarting link-health-scheduler in 15000ms (attempt 1/3)
[2025-08-25T15:04:08.482Z] [SYSTEM] Starting service: autonomous-system-manager
[2025-08-25T15:04:08.484Z] [SYSTEM] Service autonomous-system-manager started successfully
[2025-08-25T15:04:08.712Z] [autonomous-system-manager] [2025-08-25T15:04:08.702Z] Starting Autonomous System Manager
[2025-08-25T15:04:08.713Z] [autonomous-system-manager] [2025-08-25T15:04:08.712Z] Starting all enabled services...
[2025-08-25T15:04:08.713Z] [autonomous-system-manager] [2025-08-25T15:04:08.713Z] Starting service: autonomous-system-manager
[2025-08-25T15:04:08.714Z] [autonomous-system-manager] [2025-08-25T15:04:08.714Z] Error starting autonomous-system-manager: Cannot access 'process' before initialization
[2025-08-25T15:04:09.764Z] [autonomous-system-manager] [2025-08-25T15:04:09.751Z] Starting service: ml-link-intelligence
[2025-08-25T15:04:09.751Z] Error starting ml-link-intelligence: Cannot access 'process' before initialization
[2025-08-25T15:04:10.760Z] [autonomous-system-manager] [2025-08-25T15:04:10.758Z] Starting service: link-health-scheduler
[2025-08-25T15:04:10.761Z] [autonomous-system-manager] [2025-08-25T15:04:10.758Z] Error starting link-health-scheduler: Cannot access 'process' before initialization
[2025-08-25T15:04:11.849Z] [autonomous-system-manager] [2025-08-25T15:04:11.839Z] Starting service: real-time-performance-monitor
[2025-08-25T15:04:11.840Z] Error starting real-time-performance-monitor: Cannot access 'process' before initialization
[2025-08-25T15:04:12.925Z] [autonomous-system-manager] [2025-08-25T15:04:12.921Z] Started 0/4 services successfully
[2025-08-25T15:04:12.931Z] [autonomous-system-manager] [2025-08-25T15:04:12.923Z] Autonomous System Manager is now running
[2025-08-25T15:04:23.032Z] [SYSTEM] Starting service: link-health-scheduler
[2025-08-25T15:04:23.034Z] [SYSTEM] Service link-health-scheduler started successfully
[2025-08-25T15:04:23.164Z] [link-health-scheduler] [2025-08-25T15:04:23.158Z] Starting Link Health Scheduler
[2025-08-25T15:04:23.165Z] [link-health-scheduler] [2025-08-25T15:04:23.164Z] Starting Link Health Scheduler
[2025-08-25T15:04:23.165Z] [link-health-scheduler] [2025-08-25T15:04:23.165Z] Scheduled check for homepage at Mon Aug 25 2025 12:09:23 GMT-0300 (Brasilia Standard Time)
[2025-08-25T15:04:23.166Z] [link-health-scheduler] [2025-08-25T15:04:23.165Z] Scheduled check for services at Mon Aug 25 2025 12:19:23 GMT-0300 (Brasilia Standard Time)
[2025-08-25T15:04:23.166Z] [link-health-scheduler] [2025-08-25T15:04:23.166Z] Scheduled check for about at Mon Aug 25 2025 13:04:23 GMT-0300 (Brasilia Standard Time)
[2025-08-25T15:04:23.166Z] [link-health-scheduler] [2025-08-25T15:04:23.166Z] Scheduled check for contact at Mon Aug 25 2025 12:19:23 GMT-0300 (Brasilia Standard Time)
[2025-08-25T15:04:23.167Z] [link-health-scheduler] [2025-08-25T15:04:23.166Z] Scheduled 4 links for health checks
[2025-08-25T15:04:27.257Z] [SYSTEM] Service real-time-performance-monitor exited with code 0, signal null
[2025-08-25T15:04:27.258Z] [SYSTEM] Restarting real-time-performance-monitor in 10000ms (attempt 1/3)
[2025-08-25T15:04:29.083Z] [SYSTEM] Service ml-link-intelligence exited with code 0, signal null
[2025-08-25T15:04:29.084Z] [SYSTEM] Restarting ml-link-intelligence in 10000ms (attempt 1/3)
[2025-08-25T15:04:36.973Z] [HEALTH] Health check issues found: Service ml-link-intelligence is enabled but not running, Service real-time-performance-monitor is enabled but not running
[2025-08-25T15:04:37.259Z] [SYSTEM] Starting service: real-time-performance-monitor
[2025-08-25T15:04:37.261Z] [SYSTEM] Service real-time-performance-monitor started successfully
[2025-08-25T15:04:37.501Z] [real-time-performance-monitor] [2025-08-25T15:04:37.478Z] Starting Real-Time Performance Monitor
[2025-08-25T15:04:37.502Z] [real-time-performance-monitor] [2025-08-25T15:04:37.501Z] Starting real-time performance monitoring
[2025-08-25T15:04:39.100Z] [SYSTEM] Starting service: ml-link-intelligence
[2025-08-25T15:04:39.103Z] [SYSTEM] Service ml-link-intelligence started successfully
[2025-08-25T15:04:39.260Z] [ml-link-intelligence] [2025-08-25T15:04:39.254Z] Starting ML Link Intelligence worker
[2025-08-25T15:04:39.261Z] [ml-link-intelligence] [2025-08-25T15:04:39.260Z] Added https://github.com to analysis queue
[2025-08-25T15:04:39.261Z] [ml-link-intelligence] [2025-08-25T15:04:39.261Z] Added https://stackoverflow.com to analysis queue
[2025-08-25T15:04:39.262Z] [ml-link-intelligence] [2025-08-25T15:04:39.261Z] Added https://medium.com to analysis queue
[2025-08-25T15:04:39.261Z] Added https://dev.to to analysis queue
[2025-08-25T15:04:39.262Z] [ml-link-intelligence] [2025-08-25T15:04:39.262Z] Added https://wikipedia.org to analysis queue
[2025-08-25T15:04:39.263Z] [ml-link-intelligence] [2025-08-25T15:04:39.262Z] Processing queue with 5 links
[2025-08-25T15:04:39.263Z] [ml-link-intelligence] [2025-08-25T15:04:39.263Z] Analyzing link: https://github.com
[2025-08-25T15:04:39.441Z] [ml-link-intelligence] [2025-08-25T15:04:39.441Z] Analysis complete for https://github.com: good (200)
[2025-08-25T15:04:40.442Z] [ml-link-intelligence] [2025-08-25T15:04:40.441Z] Analyzing link: https://stackoverflow.com
[2025-08-25T15:04:40.535Z] [ml-link-intelligence] [2025-08-25T15:04:40.534Z] Analysis complete for https://stackoverflow.com: poor (403)
[2025-08-25T15:04:41.536Z] [ml-link-intelligence] [2025-08-25T15:04:41.536Z] Analyzing link: https://medium.com
[2025-08-25T15:04:41.679Z] [ml-link-intelligence] [2025-08-25T15:04:41.679Z] Analysis complete for https://medium.com: good (200)
[2025-08-25T15:04:42.679Z] [ml-link-intelligence] [2025-08-25T15:04:42.679Z] Analyzing link: https://dev.to
[2025-08-25T15:04:42.746Z] [ml-link-intelligence] [2025-08-25T15:04:42.746Z] Analysis complete for https://dev.to: poor (403)
[2025-08-25T15:04:43.875Z] [ml-link-intelligence] [2025-08-25T15:04:43.867Z] Analyzing link: https://wikipedia.org
[2025-08-25T15:04:43.935Z] [ml-link-intelligence] [2025-08-25T15:04:43.935Z] Analysis complete for https://wikipedia.org: poor (403)
[2025-08-25T15:04:44.935Z] [ml-link-intelligence] [2025-08-25T15:04:44.935Z] Queue processing complete
[2025-08-25T15:05:03.186Z] [link-health-scheduler] [2025-08-25T15:05:03.170Z] Status: 4 jobs scheduled, 0 active
[2025-08-25T15:05:06.975Z] [HEALTH] All services healthy
[2025-08-25T15:05:07.506Z] [real-time-performance-monitor] [2025-08-25T15:05:07.506Z] ALERT [WARNING] Memory usage warning: 92.58%
[2025-08-25T15:05:07.506Z] [real-time-performance-monitor] [2025-08-25T15:05:07.506Z] metrics rss=30.72 MB heapUsed=4.28 MB cpuLoad=56.49 memUsage=92.58%
[2025-08-25T15:05:12.932Z] [autonomous-system-manager] [2025-08-25T15:05:12.932Z] Periodic status check - all systems operational
[2025-08-25T15:05:36.977Z] [HEALTH] All services healthy
[2025-08-25T15:05:37.509Z] [real-time-performance-monitor] [2025-08-25T15:05:37.508Z] ALERT [WARNING] Memory usage warning: 93.62%
[2025-08-25T15:05:37.510Z] [real-time-performance-monitor] [2025-08-25T15:05:37.509Z] metrics rss=30.91 MB heapUsed=4.34 MB cpuLoad=40.63 memUsage=93.62%
[2025-08-25T15:05:37.512Z] [real-time-performance-monitor] === Performance Monitor Summary ===
[2025-08-25T15:05:37.513Z] [real-time-performance-monitor] Timestamp: 2025-08-25T15:05:37.504Z
[2025-08-25T15:05:37.514Z] [real-time-performance-monitor] System Uptime: 1 hours
[2025-08-25T15:05:37.515Z] [real-time-performance-monitor] Hostname: MacBook-Pro-de-Kleber.local

Current Status:
  CPU Load: 40.63
  Memory Usage: 93.62%
[2025-08-25T15:05:37.516Z] [real-time-performance-monitor] Memory Free: 2.04 GB
  Process Memory: 30.91 MB
[2025-08-25T15:05:37.517Z] [real-time-performance-monitor] Process Uptime: 1 minutes

Alerts:
[2025-08-25T15:05:37.517Z] [real-time-performance-monitor] Total: 2
  Critical: 0 🔴
  Warning: 2 🟡

===================================
[2025-08-25T15:06:02.907Z] [autonomous-system-manager] [2025-08-25T15:06:02.900Z] Shutting down Autonomous System Manager gracefully...
[2025-08-25T15:06:02.900Z] Stopping all services...
[2025-08-25T15:06:02.901Z] Stopped 0 services
[2025-08-25T15:06:03.015Z] [SYSTEM] Service autonomous-system-manager exited with code 0, signal null
[2025-08-25T15:06:03.017Z] [SYSTEM] Restarting autonomous-system-manager in 5000ms (attempt 1/5)
[2025-08-25T15:06:03.046Z] [ml-link-intelligence] [2025-08-25T15:06:03.044Z] Stopping ML Link Intelligence...
[2025-08-25T15:06:03.167Z] [link-health-scheduler] [2025-08-25T15:06:03.165Z] Stopping Link Health Scheduler...
[2025-08-25T15:06:03.166Z] Stopping Link Health Scheduler
[2025-08-25T15:06:03.167Z] All scheduled jobs cleared
[2025-08-25T15:06:03.349Z] [SYSTEM] Service link-health-scheduler exited with code 0, signal null
[2025-08-25T15:06:03.349Z] [SYSTEM] Restarting link-health-scheduler in 15000ms (attempt 1/3)
[2025-08-25T15:06:03.461Z] [real-time-performance-monitor] [2025-08-25T15:06:03.451Z] Stopping Real-Time Performance Monitor...
[2025-08-25T15:06:03.464Z] [real-time-performance-monitor] [2025-08-25T15:06:03.453Z] Stopping performance monitoring
[2025-08-25T15:06:06.990Z] [HEALTH] Health check issues found: Service autonomous-system-manager is enabled but not running, Service link-health-scheduler is enabled but not running
[2025-08-25T15:06:08.018Z] [SYSTEM] Starting service: autonomous-system-manager
[2025-08-25T15:06:08.020Z] [SYSTEM] Service autonomous-system-manager started successfully
[2025-08-25T15:06:08.262Z] [autonomous-system-manager] [2025-08-25T15:06:08.246Z] Starting Autonomous System Manager
[2025-08-25T15:06:08.263Z] [autonomous-system-manager] [2025-08-25T15:06:08.263Z] Starting all enabled services...
[2025-08-25T15:06:08.264Z] [autonomous-system-manager] [2025-08-25T15:06:08.264Z] Starting service: autonomous-system-manager
[2025-08-25T15:06:08.265Z] [autonomous-system-manager] [2025-08-25T15:06:08.264Z] Error starting autonomous-system-manager: Cannot access 'process' before initialization
[2025-08-25T15:06:09.266Z] [autonomous-system-manager] [2025-08-25T15:06:09.266Z] Starting service: ml-link-intelligence
[2025-08-25T15:06:09.266Z] Error starting ml-link-intelligence: Cannot access 'process' before initialization
[2025-08-25T15:06:10.267Z] [autonomous-system-manager] [2025-08-25T15:06:10.267Z] Starting service: link-health-scheduler
[2025-08-25T15:06:10.268Z] [autonomous-system-manager] [2025-08-25T15:06:10.267Z] Error starting link-health-scheduler: Cannot access 'process' before initialization
[2025-08-25T15:06:11.278Z] [autonomous-system-manager] [2025-08-25T15:06:11.276Z] Starting service: real-time-performance-monitor
[2025-08-25T15:06:11.278Z] [autonomous-system-manager] [2025-08-25T15:06:11.277Z] Error starting real-time-performance-monitor: Cannot access 'process' before initialization
[2025-08-25T15:06:12.283Z] [autonomous-system-manager] [2025-08-25T15:06:12.280Z] Started 0/4 services successfully
[2025-08-25T15:06:12.282Z] Autonomous System Manager is now running
[2025-08-25T15:06:18.354Z] [SYSTEM] Starting service: link-health-scheduler
[2025-08-25T15:06:18.357Z] [SYSTEM] Service link-health-scheduler started successfully
[2025-08-25T15:06:18.632Z] [link-health-scheduler] [2025-08-25T15:06:18.608Z] Starting Link Health Scheduler
[2025-08-25T15:06:18.635Z] [link-health-scheduler] [2025-08-25T15:06:18.632Z] Starting Link Health Scheduler
[2025-08-25T15:06:18.634Z] Scheduled check for homepage at Mon Aug 25 2025 12:11:18 GMT-0300 (Brasilia Standard Time)
[2025-08-25T15:06:18.634Z] Scheduled check for services at Mon Aug 25 2025 12:21:18 GMT-0300 (Brasilia Standard Time)
[2025-08-25T15:06:18.635Z] Scheduled check for about at Mon Aug 25 2025 13:06:18 GMT-0300 (Brasilia Standard Time)
[2025-08-25T15:06:18.637Z] [link-health-scheduler] [2025-08-25T15:06:18.635Z] Scheduled check for contact at Mon Aug 25 2025 12:21:18 GMT-0300 (Brasilia Standard Time)
[2025-08-25T15:06:18.639Z] [link-health-scheduler] [2025-08-25T15:06:18.635Z] Scheduled 4 links for health checks
[2025-08-25T15:06:36.994Z] [HEALTH] All services healthy
[2025-08-25T15:06:37.583Z] [SYSTEM] Service real-time-performance-monitor exited with code 0, signal null
[2025-08-25T15:06:37.583Z] [SYSTEM] Restarting real-time-performance-monitor in 10000ms (attempt 1/3)
[2025-08-25T15:06:45.078Z] [SYSTEM] Service ml-link-intelligence exited with code 0, signal null
[2025-08-25T15:06:45.079Z] [SYSTEM] Restarting ml-link-intelligence in 10000ms (attempt 1/3)
[2025-08-25T15:06:47.611Z] [SYSTEM] Starting service: real-time-performance-monitor
[2025-08-25T15:06:47.625Z] [SYSTEM] Service real-time-performance-monitor started successfully
[2025-08-25T15:06:47.952Z] [real-time-performance-monitor] [2025-08-25T15:06:47.943Z] Starting Real-Time Performance Monitor
[2025-08-25T15:06:47.953Z] [real-time-performance-monitor] [2025-08-25T15:06:47.952Z] Starting real-time performance monitoring
[2025-08-25T15:06:55.128Z] [SYSTEM] Starting service: ml-link-intelligence
[2025-08-25T15:06:55.152Z] [SYSTEM] Service ml-link-intelligence started successfully
[2025-08-25T15:06:55.577Z] [ml-link-intelligence] [2025-08-25T15:06:55.468Z] Starting ML Link Intelligence worker
[2025-08-25T15:06:55.576Z] Added https://github.com to analysis queue
[2025-08-25T15:06:55.577Z] [ml-link-intelligence] [2025-08-25T15:06:55.576Z] Added https://stackoverflow.com to analysis queue
[2025-08-25T15:06:55.577Z] Added https://medium.com to analysis queue
[2025-08-25T15:06:55.578Z] [ml-link-intelligence] [2025-08-25T15:06:55.577Z] Added https://dev.to to analysis queue
[2025-08-25T15:06:55.578Z] [ml-link-intelligence] [2025-08-25T15:06:55.578Z] Added https://wikipedia.org to analysis queue
[2025-08-25T15:06:55.580Z] [ml-link-intelligence] [2025-08-25T15:06:55.578Z] Processing queue with 5 links
[2025-08-25T15:06:55.579Z] Analyzing link: https://github.com
[2025-08-25T15:06:56.008Z] [ml-link-intelligence] [2025-08-25T15:06:55.998Z] Analysis complete for https://github.com: good (200)
[2025-08-25T15:06:57.019Z] [ml-link-intelligence] [2025-08-25T15:06:57.015Z] Analyzing link: https://stackoverflow.com
[2025-08-25T15:06:57.100Z] [ml-link-intelligence] [2025-08-25T15:06:57.097Z] Analysis complete for https://stackoverflow.com: poor (403)
[2025-08-25T15:06:58.102Z] [ml-link-intelligence] [2025-08-25T15:06:58.099Z] Analyzing link: https://medium.com
[2025-08-25T15:06:58.349Z] [ml-link-intelligence] [2025-08-25T15:06:58.348Z] Analysis complete for https://medium.com: good (200)
[2025-08-25T15:06:59.447Z] [ml-link-intelligence] [2025-08-25T15:06:59.443Z] Analyzing link: https://dev.to
[2025-08-25T15:06:59.693Z] [ml-link-intelligence] [2025-08-25T15:06:59.693Z] Analysis complete for https://dev.to: poor (403)
[2025-08-25T15:07:00.724Z] [ml-link-intelligence] [2025-08-25T15:07:00.700Z] Analyzing link: https://wikipedia.org
[2025-08-25T15:07:00.915Z] [ml-link-intelligence] [2025-08-25T15:07:00.914Z] Analysis complete for https://wikipedia.org: poor (403)
[2025-08-25T15:07:01.919Z] [ml-link-intelligence] [2025-08-25T15:07:01.916Z] Queue processing complete
[2025-08-25T15:07:06.995Z] [HEALTH] All services healthy
[2025-08-25T15:07:08.886Z] [link-health-scheduler] [2025-08-25T15:07:08.884Z] Status: 4 jobs scheduled, 0 active
[2025-08-25T15:07:17.970Z] [real-time-performance-monitor] [2025-08-25T15:07:17.968Z] CRITICAL MEMORY ALERT: Memory usage critical: 98.17% - Memory pressure detected
[2025-08-25T15:07:17.995Z] [real-time-performance-monitor] [2025-08-25T15:07:17.969Z] ALERT [CRITICAL] Memory usage critical: 98.17%
[2025-08-25T15:07:17.995Z] [real-time-performance-monitor] [2025-08-25T15:07:17.995Z] metrics rss=30.86 MB heapUsed=4.28 MB cpuLoad=57.39 memUsage=98.17%
[2025-08-25T15:07:37.198Z] [HEALTH] All services healthy
[2025-08-25T15:07:47.967Z] [real-time-performance-monitor] [2025-08-25T15:07:47.966Z] ALERT [WARNING] CPU load warning: 78.43
[2025-08-25T15:07:47.967Z] [real-time-performance-monitor] [2025-08-25T15:07:47.967Z] CRITICAL MEMORY ALERT: Memory usage critical: 98.77% - Memory pressure detected
[2025-08-25T15:07:47.968Z] [real-time-performance-monitor] [2025-08-25T15:07:47.967Z] ALERT [CRITICAL] Memory usage critical: 98.77%
[2025-08-25T15:07:47.968Z] [real-time-performance-monitor] [2025-08-25T15:07:47.968Z] metrics rss=31.06 MB heapUsed=4.34 MB cpuLoad=78.43 memUsage=98.77%
[2025-08-25T15:08:05.124Z] [autonomous-system-manager] [2025-08-25T15:08:05.123Z] Shutting down Autonomous System Manager gracefully...
[2025-08-25T15:08:05.125Z] [autonomous-system-manager] [2025-08-25T15:08:05.123Z] Stopping all services...
[2025-08-25T15:08:05.125Z] [autonomous-system-manager] [2025-08-25T15:08:05.124Z] Stopped 0 services
[2025-08-25T15:08:05.239Z] [SYSTEM] Service autonomous-system-manager exited with code 0, signal null
[2025-08-25T15:08:05.239Z] [SYSTEM] Restarting autonomous-system-manager in 5000ms (attempt 1/5)
[2025-08-25T15:08:05.372Z] [ml-link-intelligence] [2025-08-25T15:08:05.369Z] Stopping ML Link Intelligence...
[2025-08-25T15:08:05.591Z] [link-health-scheduler] [2025-08-25T15:08:05.590Z] Stopping Link Health Scheduler...
[2025-08-25T15:08:05.592Z] [link-health-scheduler] [2025-08-25T15:08:05.591Z] Stopping Link Health Scheduler
[2025-08-25T15:08:05.593Z] [link-health-scheduler] [2025-08-25T15:08:05.592Z] All scheduled jobs cleared
[2025-08-25T15:08:05.740Z] [real-time-performance-monitor] [2025-08-25T15:08:05.739Z] Stopping Real-Time Performance Monitor...
[2025-08-25T15:08:05.741Z] [real-time-performance-monitor] [2025-08-25T15:08:05.740Z] Stopping performance monitoring
[2025-08-25T15:08:07.197Z] [HEALTH] Health check issues found: Service autonomous-system-manager is enabled but not running
[2025-08-25T15:08:08.977Z] [SYSTEM] Service link-health-scheduler exited with code 0, signal null
[2025-08-25T15:08:08.978Z] [SYSTEM] Restarting link-health-scheduler in 15000ms (attempt 1/3)
[2025-08-25T15:08:10.248Z] [SYSTEM] Starting service: autonomous-system-manager
[2025-08-25T15:08:10.252Z] [SYSTEM] Service autonomous-system-manager started successfully
[2025-08-25T15:08:10.522Z] [autonomous-system-manager] [2025-08-25T15:08:10.514Z] Starting Autonomous System Manager
[2025-08-25T15:08:10.523Z] [autonomous-system-manager] [2025-08-25T15:08:10.522Z] Starting all enabled services...
[2025-08-25T15:08:10.524Z] [autonomous-system-manager] [2025-08-25T15:08:10.523Z] Starting service: autonomous-system-manager
[2025-08-25T15:08:10.524Z] [autonomous-system-manager] [2025-08-25T15:08:10.524Z] Error starting autonomous-system-manager: Cannot access 'process' before initialization
[2025-08-25T15:08:11.526Z] [autonomous-system-manager] [2025-08-25T15:08:11.525Z] Starting service: ml-link-intelligence
[2025-08-25T15:08:11.525Z] Error starting ml-link-intelligence: Cannot access 'process' before initialization
[2025-08-25T15:08:12.527Z] [autonomous-system-manager] [2025-08-25T15:08:12.526Z] Starting service: link-health-scheduler
[2025-08-25T15:08:12.527Z] [autonomous-system-manager] [2025-08-25T15:08:12.527Z] Error starting link-health-scheduler: Cannot access 'process' before initialization
[2025-08-25T15:08:13.529Z] [autonomous-system-manager] [2025-08-25T15:08:13.528Z] Starting service: real-time-performance-monitor
[2025-08-25T15:08:13.530Z] [autonomous-system-manager] [2025-08-25T15:08:13.529Z] Error starting real-time-performance-monitor: Cannot access 'process' before initialization
[2025-08-25T15:08:14.531Z] [autonomous-system-manager] [2025-08-25T15:08:14.531Z] Started 0/4 services successfully
[2025-08-25T15:08:14.532Z] [autonomous-system-manager] [2025-08-25T15:08:14.531Z] Autonomous System Manager is now running
[2025-08-25T15:08:23.992Z] [SYSTEM] Starting service: link-health-scheduler
[2025-08-25T15:08:23.999Z] [SYSTEM] Service link-health-scheduler started successfully
[2025-08-25T15:08:24.418Z] [link-health-scheduler] [2025-08-25T15:08:24.411Z] Starting Link Health Scheduler
[2025-08-25T15:08:24.419Z] [link-health-scheduler] [2025-08-25T15:08:24.419Z] Starting Link Health Scheduler
[2025-08-25T15:08:24.421Z] [link-health-scheduler] [2025-08-25T15:08:24.420Z] Scheduled check for homepage at Mon Aug 25 2025 12:13:24 GMT-0300 (Brasilia Standard Time)
[2025-08-25T15:08:24.422Z] [link-health-scheduler] [2025-08-25T15:08:24.421Z] Scheduled check for services at Mon Aug 25 2025 12:23:24 GMT-0300 (Brasilia Standard Time)
[2025-08-25T15:08:24.425Z] [link-health-scheduler] [2025-08-25T15:08:24.422Z] Scheduled check for about at Mon Aug 25 2025 13:08:24 GMT-0300 (Brasilia Standard Time)
[2025-08-25T15:08:24.422Z] Scheduled check for contact at Mon Aug 25 2025 12:23:24 GMT-0300 (Brasilia Standard Time)
[2025-08-25T15:08:24.423Z] Scheduled 4 links for health checks
[2025-08-25T15:08:37.200Z] [HEALTH] All services healthy
[2025-08-25T15:08:48.015Z] [SYSTEM] Service real-time-performance-monitor exited with code 0, signal null
[2025-08-25T15:08:48.015Z] [SYSTEM] Restarting real-time-performance-monitor in 10000ms (attempt 1/3)
[2025-08-25T15:08:58.017Z] [SYSTEM] Starting service: real-time-performance-monitor
[2025-08-25T15:08:58.020Z] [SYSTEM] Service real-time-performance-monitor started successfully
[2025-08-25T15:08:58.264Z] [real-time-performance-monitor] [2025-08-25T15:08:58.252Z] Starting Real-Time Performance Monitor
[2025-08-25T15:08:58.265Z] [real-time-performance-monitor] [2025-08-25T15:08:58.264Z] Starting real-time performance monitoring
[2025-08-25T15:09:01.932Z] [SYSTEM] Service ml-link-intelligence exited with code 0, signal null
[2025-08-25T15:09:01.933Z] [SYSTEM] Restarting ml-link-intelligence in 10000ms (attempt 1/3)
[2025-08-25T15:09:04.435Z] [link-health-scheduler] [2025-08-25T15:09:04.431Z] Status: 4 jobs scheduled, 0 active
[2025-08-25T15:09:07.201Z] [HEALTH] Health check issues found: Service ml-link-intelligence is enabled but not running
[2025-08-25T15:09:11.933Z] [SYSTEM] Starting service: ml-link-intelligence
[2025-08-25T15:09:11.936Z] [SYSTEM] Service ml-link-intelligence started successfully
[2025-08-25T15:09:12.126Z] [ml-link-intelligence] [2025-08-25T15:09:12.104Z] Starting ML Link Intelligence worker
[2025-08-25T15:09:12.127Z] [ml-link-intelligence] [2025-08-25T15:09:12.127Z] Added https://github.com to analysis queue
[2025-08-25T15:09:12.128Z] [ml-link-intelligence] [2025-08-25T15:09:12.127Z] Added https://stackoverflow.com to analysis queue
[2025-08-25T15:09:12.127Z] Added https://medium.com to analysis queue
[2025-08-25T15:09:12.128Z] [ml-link-intelligence] [2025-08-25T15:09:12.127Z] Added https://dev.to to analysis queue
[2025-08-25T15:09:12.128Z] [ml-link-intelligence] [2025-08-25T15:09:12.128Z] Added https://wikipedia.org to analysis queue
[2025-08-25T15:09:12.129Z] [ml-link-intelligence] [2025-08-25T15:09:12.128Z] Processing queue with 5 links
[2025-08-25T15:09:12.129Z] [ml-link-intelligence] [2025-08-25T15:09:12.129Z] Analyzing link: https://github.com
[2025-08-25T15:09:12.338Z] [ml-link-intelligence] [2025-08-25T15:09:12.338Z] Analysis complete for https://github.com: good (200)
[2025-08-25T15:09:13.339Z] [ml-link-intelligence] [2025-08-25T15:09:13.338Z] Analyzing link: https://stackoverflow.com
[2025-08-25T15:09:13.456Z] [ml-link-intelligence] [2025-08-25T15:09:13.455Z] Analysis complete for https://stackoverflow.com: poor (403)
[2025-08-25T15:09:14.456Z] [ml-link-intelligence] [2025-08-25T15:09:14.456Z] Analyzing link: https://medium.com
[2025-08-25T15:09:14.605Z] [ml-link-intelligence] [2025-08-25T15:09:14.605Z] Analysis complete for https://medium.com: good (200)
[2025-08-25T15:09:15.666Z] [ml-link-intelligence] [2025-08-25T15:09:15.661Z] Analyzing link: https://dev.to
[2025-08-25T15:09:15.787Z] [ml-link-intelligence] [2025-08-25T15:09:15.772Z] Analysis complete for https://dev.to: poor (403)
[2025-08-25T15:09:16.778Z] [ml-link-intelligence] [2025-08-25T15:09:16.777Z] Analyzing link: https://wikipedia.org
[2025-08-25T15:09:16.828Z] [ml-link-intelligence] [2025-08-25T15:09:16.827Z] Analysis complete for https://wikipedia.org: poor (403)
[2025-08-25T15:09:17.828Z] [ml-link-intelligence] [2025-08-25T15:09:17.828Z] Queue processing complete
[2025-08-25T15:09:28.388Z] [real-time-performance-monitor] [2025-08-25T15:09:28.363Z] CRITICAL CPU ALERT: CPU load critical: 196.80 - Consider restarting or scaling
[2025-08-25T15:09:28.363Z] ALERT [CRITICAL] CPU load critical: 196.80
[2025-08-25T15:09:28.364Z] CRITICAL MEMORY ALERT: Memory usage critical: 99.94% - Memory pressure detected
[2025-08-25T15:09:28.364Z] ALERT [CRITICAL] Memory usage critical: 99.94%
[2025-08-25T15:09:28.365Z] metrics rss=30.58 MB heapUsed=4.28 MB cpuLoad=196.80 memUsage=99.94%
[2025-08-25T15:09:37.202Z] [HEALTH] All services healthy
[2025-08-25T15:09:58.354Z] [real-time-performance-monitor] [2025-08-25T15:09:58.354Z] CRITICAL CPU ALERT: CPU load critical: 159.13 - Consider restarting or scaling
[2025-08-25T15:09:58.355Z] [real-time-performance-monitor] [2025-08-25T15:09:58.354Z] ALERT [CRITICAL] CPU load critical: 159.13
[2025-08-25T15:09:58.355Z] [real-time-performance-monitor] [2025-08-25T15:09:58.355Z] CRITICAL MEMORY ALERT: Memory usage critical: 97.25% - Memory pressure detected
[2025-08-25T15:09:58.356Z] [real-time-performance-monitor] [2025-08-25T15:09:58.355Z] ALERT [CRITICAL] Memory usage critical: 97.25%
[2025-08-25T15:09:58.356Z] [real-time-performance-monitor] [2025-08-25T15:09:58.355Z] metrics rss=30.78 MB heapUsed=4.35 MB cpuLoad=159.13 memUsage=97.25%
Starting Enhanced Autonomous System...
[2025-08-26T10:00:04.140Z] [SYSTEM] Starting all enabled services...
[2025-08-26T10:00:04.237Z] [SYSTEM] Starting service: autonomous-system-manager
[2025-08-26T10:00:04.242Z] [SYSTEM] Service autonomous-system-manager started successfully
[2025-08-26T10:00:04.243Z] [SYSTEM] Starting service: ml-link-intelligence
[2025-08-26T10:00:04.247Z] [SYSTEM] Service ml-link-intelligence started successfully
[2025-08-26T10:00:04.247Z] [SYSTEM] Starting service: link-health-scheduler
[2025-08-26T10:00:04.255Z] [SYSTEM] Service link-health-scheduler started successfully
[2025-08-26T10:00:04.255Z] [SYSTEM] Starting service: real-time-performance-monitor
[2025-08-26T10:00:04.261Z] [SYSTEM] Service real-time-performance-monitor started successfully
[2025-08-26T10:00:04.366Z] [autonomous-system-manager] [2025-08-26T10:00:04.362Z] Starting Autonomous System Manager
[2025-08-26T10:00:04.367Z] [autonomous-system-manager] [2025-08-26T10:00:04.366Z] Starting all enabled services...
[2025-08-26T10:00:04.366Z] Starting service: autonomous-system-manager
[2025-08-26T10:00:04.367Z] [link-health-scheduler] [2025-08-26T10:00:04.363Z] Starting Link Health Scheduler
[2025-08-26T10:00:04.366Z] Starting Link Health Scheduler
[2025-08-26T10:00:04.366Z] Scheduled 4 links for health checks
[2025-08-26T10:00:04.366Z] Status: 0 jobs scheduled, 0 active
[2025-08-26T10:00:04.367Z] [autonomous-system-manager] [2025-08-26T10:00:04.367Z] Error starting autonomous-system-manager: Cannot access 'process' before initialization
[2025-08-26T10:00:04.377Z] [ml-link-intelligence] [2025-08-26T10:00:04.373Z] Starting ML Link Intelligence worker
[2025-08-26T10:00:04.377Z] [ml-link-intelligence] [2025-08-26T10:00:04.377Z] Added https://github.com to analysis queue
[2025-08-26T10:00:04.378Z] [ml-link-intelligence] [2025-08-26T10:00:04.377Z] Added https://stackoverflow.com to analysis queue
[2025-08-26T10:00:04.377Z] Added https://medium.com to analysis queue
[2025-08-26T10:00:04.378Z] Added https://dev.to to analysis queue
[2025-08-26T10:00:04.378Z] [ml-link-intelligence] [2025-08-26T10:00:04.378Z] Added https://wikipedia.org to analysis queue
[2025-08-26T10:00:04.379Z] [ml-link-intelligence] [2025-08-26T10:00:04.378Z] Processing queue with 5 links
[2025-08-26T10:00:04.378Z] Analyzing link: https://github.com
[2025-08-26T10:00:04.382Z] [real-time-performance-monitor] [2025-08-26T10:00:04.378Z] Starting Real-Time Performance Monitor
[2025-08-26T10:00:04.383Z] [real-time-performance-monitor] [2025-08-26T10:00:04.382Z] Starting real-time performance monitoring
[2025-08-26T10:00:04.384Z] [real-time-performance-monitor] No metrics available
[2025-08-26T10:00:04.670Z] [ml-link-intelligence] [2025-08-26T10:00:04.669Z] Analysis complete for https://github.com: good (200)
[2025-08-26T10:00:05.368Z] [autonomous-system-manager] [2025-08-26T10:00:05.367Z] Starting service: ml-link-intelligence
[2025-08-26T10:00:05.368Z] [autonomous-system-manager] [2025-08-26T10:00:05.368Z] Error starting ml-link-intelligence: Cannot access 'process' before initialization
[2025-08-26T10:00:05.670Z] [ml-link-intelligence] [2025-08-26T10:00:05.669Z] Analyzing link: https://stackoverflow.com
[2025-08-26T10:00:05.744Z] [ml-link-intelligence] [2025-08-26T10:00:05.744Z] Analysis complete for https://stackoverflow.com: poor (403)
[2025-08-26T10:00:06.369Z] [autonomous-system-manager] [2025-08-26T10:00:06.369Z] Starting service: link-health-scheduler
[2025-08-26T10:00:06.369Z] [autonomous-system-manager] [2025-08-26T10:00:06.369Z] Error starting link-health-scheduler: Cannot access 'process' before initialization
[2025-08-26T10:00:06.745Z] [ml-link-intelligence] [2025-08-26T10:00:06.745Z] Analyzing link: https://medium.com
[2025-08-26T10:00:06.844Z] [ml-link-intelligence] [2025-08-26T10:00:06.844Z] Analysis complete for https://medium.com: good (200)
[2025-08-26T10:00:07.371Z] [autonomous-system-manager] [2025-08-26T10:00:07.370Z] Starting service: real-time-performance-monitor
[2025-08-26T10:00:07.371Z] [autonomous-system-manager] [2025-08-26T10:00:07.371Z] Error starting real-time-performance-monitor: Cannot access 'process' before initialization
[2025-08-26T10:00:07.846Z] [ml-link-intelligence] [2025-08-26T10:00:07.846Z] Analyzing link: https://dev.to
[2025-08-26T10:00:08.033Z] [ml-link-intelligence] [2025-08-26T10:00:08.033Z] Analysis complete for https://dev.to: poor (403)
[2025-08-26T10:00:08.372Z] [autonomous-system-manager] [2025-08-26T10:00:08.372Z] Started 0/4 services successfully
[2025-08-26T10:00:08.373Z] [autonomous-system-manager] [2025-08-26T10:00:08.372Z] Autonomous System Manager is now running
[2025-08-26T10:00:09.036Z] [ml-link-intelligence] [2025-08-26T10:00:09.035Z] Analyzing link: https://wikipedia.org
[2025-08-26T10:00:09.104Z] [ml-link-intelligence] [2025-08-26T10:00:09.104Z] Analysis complete for https://wikipedia.org: poor (403)
[2025-08-26T10:00:10.105Z] [ml-link-intelligence] [2025-08-26T10:00:10.104Z] Queue processing complete
[2025-08-26T10:00:10.105Z] [ml-link-intelligence] [2025-08-26T10:00:10.105Z] Health Report: Score 90, Links 5, Issues 3
[2025-08-26T10:00:34.263Z] [HEALTH] All services healthy
[2025-08-26T10:00:34.384Z] [real-time-performance-monitor] [2025-08-26T10:00:34.383Z] metrics rss=30.35 MB heapUsed=4.39 MB cpuLoad=2.94 memUsage=38.27%
[2025-08-26T10:01:04.264Z] [HEALTH] All services healthy
[2025-08-26T10:01:04.368Z] [link-health-scheduler] [2025-08-26T10:01:04.367Z] Status: 0 jobs scheduled, 0 active
[2025-08-26T10:01:04.381Z] [real-time-performance-monitor] [2025-08-26T10:01:04.381Z] metrics rss=30.55 MB heapUsed=4.45 MB cpuLoad=2.47 memUsage=34.92%
[2025-08-26T10:01:34.263Z] [HEALTH] All services healthy
[2025-08-26T10:01:34.398Z] [real-time-performance-monitor] [2025-08-26T10:01:34.397Z] metrics rss=30.59 MB heapUsed=4.48 MB cpuLoad=7.61 memUsage=52.22%
[2025-08-26T10:02:01.243Z] [autonomous-system-manager] [2025-08-26T10:02:01.242Z] Shutting down Autonomous System Manager gracefully...
[2025-08-26T10:02:01.243Z] [autonomous-system-manager] [2025-08-26T10:02:01.242Z] Stopping all services...
[2025-08-26T10:02:01.243Z] Stopped 0 services
[2025-08-26T10:02:01.281Z] [ml-link-intelligence] [2025-08-26T10:02:01.280Z] Stopping ML Link Intelligence...
[2025-08-26T10:02:01.317Z] [link-health-scheduler] [2025-08-26T10:02:01.316Z] Stopping Link Health Scheduler...
[2025-08-26T10:02:01.317Z] Stopping Link Health Scheduler
[2025-08-26T10:02:01.318Z] [link-health-scheduler] [2025-08-26T10:02:01.317Z] All scheduled jobs cleared
[2025-08-26T10:02:01.349Z] [SYSTEM] Service autonomous-system-manager exited with code 0, signal null
[2025-08-26T10:02:01.349Z] [SYSTEM] Restarting autonomous-system-manager in 5000ms (attempt 1/5)
[2025-08-26T10:02:01.352Z] [real-time-performance-monitor] [2025-08-26T10:02:01.352Z] Stopping Real-Time Performance Monitor...
[2025-08-26T10:02:01.353Z] [real-time-performance-monitor] [2025-08-26T10:02:01.352Z] Stopping performance monitoring
[2025-08-26T10:02:04.261Z] [HEALTH] Health check issues found: Service autonomous-system-manager is enabled but not running
[2025-08-26T10:02:04.380Z] [SYSTEM] Service link-health-scheduler exited with code 0, signal null
[2025-08-26T10:02:04.380Z] [SYSTEM] Restarting link-health-scheduler in 15000ms (attempt 1/3)
[2025-08-26T10:02:04.381Z] [SYSTEM] Service real-time-performance-monitor exited with code 0, signal null
[2025-08-26T10:02:04.381Z] [SYSTEM] Restarting real-time-performance-monitor in 10000ms (attempt 1/3)
[2025-08-26T10:02:06.350Z] [SYSTEM] Starting service: autonomous-system-manager
[2025-08-26T10:02:06.351Z] [SYSTEM] Service autonomous-system-manager started successfully
[2025-08-26T10:02:06.435Z] [autonomous-system-manager] [2025-08-26T10:02:06.429Z] Starting Autonomous System Manager
[2025-08-26T10:02:06.434Z] Starting all enabled services...
[2025-08-26T10:02:06.435Z] [autonomous-system-manager] [2025-08-26T10:02:06.435Z] Starting service: autonomous-system-manager
[2025-08-26T10:02:06.435Z] [autonomous-system-manager] [2025-08-26T10:02:06.435Z] Error starting autonomous-system-manager: Cannot access 'process' before initialization
[2025-08-26T10:02:07.436Z] [autonomous-system-manager] [2025-08-26T10:02:07.436Z] Starting service: ml-link-intelligence
[2025-08-26T10:02:07.437Z] [autonomous-system-manager] [2025-08-26T10:02:07.436Z] Error starting ml-link-intelligence: Cannot access 'process' before initialization
[2025-08-26T10:02:08.438Z] [autonomous-system-manager] [2025-08-26T10:02:08.438Z] Starting service: link-health-scheduler
[2025-08-26T10:02:08.438Z] [autonomous-system-manager] [2025-08-26T10:02:08.438Z] Error starting link-health-scheduler: Cannot access 'process' before initialization
[2025-08-26T10:02:09.439Z] [autonomous-system-manager] [2025-08-26T10:02:09.439Z] Starting service: real-time-performance-monitor
[2025-08-26T10:02:09.440Z] [autonomous-system-manager] [2025-08-26T10:02:09.440Z] Error starting real-time-performance-monitor: Cannot access 'process' before initialization
[2025-08-26T10:02:10.104Z] [SYSTEM] Service ml-link-intelligence exited with code 0, signal null
[2025-08-26T10:02:10.104Z] [SYSTEM] Restarting ml-link-intelligence in 10000ms (attempt 1/3)
[2025-08-26T10:02:10.441Z] [autonomous-system-manager] [2025-08-26T10:02:10.441Z] Started 0/4 services successfully
[2025-08-26T10:02:10.442Z] [autonomous-system-manager] [2025-08-26T10:02:10.441Z] Autonomous System Manager is now running
[2025-08-26T10:02:14.382Z] [SYSTEM] Starting service: real-time-performance-monitor
[2025-08-26T10:02:14.383Z] [SYSTEM] Service real-time-performance-monitor started successfully
[2025-08-26T10:02:14.444Z] [real-time-performance-monitor] [2025-08-26T10:02:14.441Z] Starting Real-Time Performance Monitor
[2025-08-26T10:02:14.444Z] [real-time-performance-monitor] [2025-08-26T10:02:14.444Z] Starting real-time performance monitoring
[2025-08-26T10:02:19.380Z] [SYSTEM] Starting service: link-health-scheduler
[2025-08-26T10:02:19.381Z] [SYSTEM] Service link-health-scheduler started successfully
[2025-08-26T10:02:19.539Z] [link-health-scheduler] [2025-08-26T10:02:19.456Z] Starting Link Health Scheduler
[2025-08-26T10:02:19.562Z] [link-health-scheduler] [2025-08-26T10:02:19.538Z] Starting Link Health Scheduler
[2025-08-26T10:02:19.595Z] [link-health-scheduler] [2025-08-26T10:02:19.539Z] Scheduled 4 links for health checks
[2025-08-26T10:02:20.105Z] [SYSTEM] Starting service: ml-link-intelligence
[2025-08-26T10:02:20.106Z] [SYSTEM] Service ml-link-intelligence started successfully
[2025-08-26T10:02:20.210Z] [ml-link-intelligence] [2025-08-26T10:02:20.191Z] Starting ML Link Intelligence worker
[2025-08-26T10:02:20.211Z] [ml-link-intelligence] [2025-08-26T10:02:20.211Z] Added https://github.com to analysis queue
[2025-08-26T10:02:20.212Z] [ml-link-intelligence] [2025-08-26T10:02:20.211Z] Added https://stackoverflow.com to analysis queue
[2025-08-26T10:02:20.212Z] [ml-link-intelligence] [2025-08-26T10:02:20.211Z] Added https://medium.com to analysis queue
[2025-08-26T10:02:20.212Z] Added https://dev.to to analysis queue
[2025-08-26T10:02:20.212Z] Added https://wikipedia.org to analysis queue
[2025-08-26T10:02:20.213Z] [ml-link-intelligence] [2025-08-26T10:02:20.213Z] Processing queue with 5 links
[2025-08-26T10:02:20.213Z] [ml-link-intelligence] [2025-08-26T10:02:20.213Z] Analyzing link: https://github.com
[2025-08-26T10:02:20.346Z] [ml-link-intelligence] [2025-08-26T10:02:20.345Z] Analysis complete for https://github.com: good (200)
[2025-08-26T10:02:21.347Z] [ml-link-intelligence] [2025-08-26T10:02:21.347Z] Analyzing link: https://stackoverflow.com
[2025-08-26T10:02:21.406Z] [ml-link-intelligence] [2025-08-26T10:02:21.406Z] Analysis complete for https://stackoverflow.com: poor (403)
[2025-08-26T10:02:22.407Z] [ml-link-intelligence] [2025-08-26T10:02:22.407Z] Analyzing link: https://medium.com
[2025-08-26T10:02:22.488Z] [ml-link-intelligence] [2025-08-26T10:02:22.488Z] Analysis complete for https://medium.com: good (200)
[2025-08-26T10:02:23.489Z] [ml-link-intelligence] [2025-08-26T10:02:23.488Z] Analyzing link: https://dev.to
[2025-08-26T10:02:23.538Z] [ml-link-intelligence] [2025-08-26T10:02:23.538Z] Analysis complete for https://dev.to: poor (403)
[2025-08-26T10:02:24.539Z] [ml-link-intelligence] [2025-08-26T10:02:24.539Z] Analyzing link: https://wikipedia.org
[2025-08-26T10:02:24.589Z] [ml-link-intelligence] [2025-08-26T10:02:24.589Z] Analysis complete for https://wikipedia.org: poor (403)
[2025-08-26T10:02:25.590Z] [ml-link-intelligence] [2025-08-26T10:02:25.590Z] Queue processing complete
[2025-08-26T10:02:34.260Z] [HEALTH] All services healthy
[2025-08-26T10:02:44.448Z] [real-time-performance-monitor] [2025-08-26T10:02:44.447Z] metrics rss=30.05 MB heapUsed=4.28 MB cpuLoad=4.93 memUsage=56.29%
[2025-08-26T10:03:04.259Z] [HEALTH] All services healthy
[2025-08-26T10:03:09.566Z] [link-health-scheduler] [2025-08-26T10:03:09.566Z] Status: 0 jobs scheduled, 0 active
[2025-08-26T10:03:14.463Z] [real-time-performance-monitor] [2025-08-26T10:03:14.463Z] metrics rss=30.25 MB heapUsed=4.35 MB cpuLoad=3.64 memUsage=50.85%
[2025-08-26T10:03:34.258Z] [HEALTH] All services healthy
[2025-08-26T10:03:44.554Z] [real-time-performance-monitor] [2025-08-26T10:03:44.553Z] metrics rss=30.29 MB heapUsed=4.37 MB cpuLoad=5.99 memUsage=69.45%
[2025-08-26T10:04:02.597Z] [autonomous-system-manager] [2025-08-26T10:04:02.587Z] Shutting down Autonomous System Manager gracefully...
[2025-08-26T10:04:02.588Z] Stopping all services...
[2025-08-26T10:04:02.589Z] Stopped 0 services
[2025-08-26T10:04:02.760Z] [SYSTEM] Service autonomous-system-manager exited with code 0, signal null
[2025-08-26T10:04:02.761Z] [SYSTEM] Restarting autonomous-system-manager in 5000ms (attempt 1/5)
[2025-08-26T10:04:02.818Z] [ml-link-intelligence] [2025-08-26T10:04:02.816Z] Stopping ML Link Intelligence...
[2025-08-26T10:04:02.901Z] [link-health-scheduler] [2025-08-26T10:04:02.884Z] Stopping Link Health Scheduler...
[2025-08-26T10:04:02.891Z] Stopping Link Health Scheduler
[2025-08-26T10:04:02.904Z] [link-health-scheduler] [2025-08-26T10:04:02.894Z] All scheduled jobs cleared
[2025-08-26T10:04:03.223Z] [real-time-performance-monitor] [2025-08-26T10:04:03.219Z] Stopping Real-Time Performance Monitor...
[2025-08-26T10:04:03.219Z] Stopping performance monitoring
[2025-08-26T10:04:04.257Z] [HEALTH] Health check issues found: Service autonomous-system-manager is enabled but not running
[2025-08-26T10:04:07.763Z] [SYSTEM] Starting service: autonomous-system-manager
[2025-08-26T10:04:07.782Z] [SYSTEM] Service autonomous-system-manager started successfully
[2025-08-26T10:04:08.118Z] [autonomous-system-manager] [2025-08-26T10:04:08.044Z] Starting Autonomous System Manager
[2025-08-26T10:04:08.113Z] Starting all enabled services...
[2025-08-26T10:04:08.114Z] Starting service: autonomous-system-manager
[2025-08-26T10:04:08.116Z] Error starting autonomous-system-manager: Cannot access 'process' before initialization
[2025-08-26T10:04:09.118Z] [autonomous-system-manager] [2025-08-26T10:04:09.118Z] Starting service: ml-link-intelligence
[2025-08-26T10:04:09.119Z] [autonomous-system-manager] [2025-08-26T10:04:09.118Z] Error starting ml-link-intelligence: Cannot access 'process' before initialization
[2025-08-26T10:04:09.573Z] [SYSTEM] Service link-health-scheduler exited with code 0, signal null
[2025-08-26T10:04:09.573Z] [SYSTEM] Restarting link-health-scheduler in 15000ms (attempt 1/3)
[2025-08-26T10:04:10.120Z] [autonomous-system-manager] [2025-08-26T10:04:10.120Z] Starting service: link-health-scheduler
[2025-08-26T10:04:10.122Z] [autonomous-system-manager] [2025-08-26T10:04:10.121Z] Error starting link-health-scheduler: Cannot access 'process' before initialization
[2025-08-26T10:04:11.122Z] [autonomous-system-manager] [2025-08-26T10:04:11.122Z] Starting service: real-time-performance-monitor
[2025-08-26T10:04:11.122Z] [autonomous-system-manager] [2025-08-26T10:04:11.122Z] Error starting real-time-performance-monitor: Cannot access 'process' before initialization
[2025-08-26T10:04:12.124Z] [autonomous-system-manager] [2025-08-26T10:04:12.124Z] Started 0/4 services successfully
[2025-08-26T10:04:12.125Z] [autonomous-system-manager] [2025-08-26T10:04:12.124Z] Autonomous System Manager is now running
[2025-08-26T10:04:14.444Z] [SYSTEM] Service real-time-performance-monitor exited with code 0, signal null
[2025-08-26T10:04:14.445Z] [SYSTEM] Restarting real-time-performance-monitor in 10000ms (attempt 1/3)
[2025-08-26T10:04:24.445Z] [SYSTEM] Starting service: real-time-performance-monitor
[2025-08-26T10:04:24.447Z] [SYSTEM] Service real-time-performance-monitor started successfully
[2025-08-26T10:04:24.542Z] [real-time-performance-monitor] [2025-08-26T10:04:24.537Z] Starting Real-Time Performance Monitor
[2025-08-26T10:04:24.542Z] [real-time-performance-monitor] [2025-08-26T10:04:24.542Z] Starting real-time performance monitoring
[2025-08-26T10:04:24.574Z] [SYSTEM] Starting service: link-health-scheduler
[2025-08-26T10:04:24.575Z] [SYSTEM] Service link-health-scheduler started successfully
[2025-08-26T10:04:24.667Z] [link-health-scheduler] [2025-08-26T10:04:24.662Z] Starting Link Health Scheduler
[2025-08-26T10:04:24.667Z] [link-health-scheduler] [2025-08-26T10:04:24.667Z] Starting Link Health Scheduler
[2025-08-26T10:04:24.668Z] [link-health-scheduler] [2025-08-26T10:04:24.667Z] Scheduled 4 links for health checks
[2025-08-26T10:04:25.592Z] [SYSTEM] Service ml-link-intelligence exited with code 0, signal null
[2025-08-26T10:04:25.593Z] [SYSTEM] Restarting ml-link-intelligence in 10000ms (attempt 1/3)
[2025-08-26T10:04:34.256Z] [HEALTH] Health check issues found: Service ml-link-intelligence is enabled but not running
[2025-08-26T10:04:35.594Z] [SYSTEM] Starting service: ml-link-intelligence
[2025-08-26T10:04:35.595Z] [SYSTEM] Service ml-link-intelligence started successfully
[2025-08-26T10:04:35.693Z] [ml-link-intelligence] [2025-08-26T10:04:35.688Z] Starting ML Link Intelligence worker
[2025-08-26T10:04:35.693Z] [ml-link-intelligence] [2025-08-26T10:04:35.693Z] Added https://github.com to analysis queue
[2025-08-26T10:04:35.694Z] [ml-link-intelligence] [2025-08-26T10:04:35.693Z] Added https://stackoverflow.com to analysis queue
[2025-08-26T10:04:35.694Z] [ml-link-intelligence] [2025-08-26T10:04:35.693Z] Added https://medium.com to analysis queue
[2025-08-26T10:04:35.694Z] [ml-link-intelligence] [2025-08-26T10:04:35.694Z] Added https://dev.to to analysis queue
[2025-08-26T10:04:35.694Z] Added https://wikipedia.org to analysis queue
[2025-08-26T10:04:35.695Z] [ml-link-intelligence] [2025-08-26T10:04:35.695Z] Processing queue with 5 links
[2025-08-26T10:04:35.695Z] [ml-link-intelligence] [2025-08-26T10:04:35.695Z] Analyzing link: https://github.com
[2025-08-26T10:04:35.885Z] [ml-link-intelligence] [2025-08-26T10:04:35.885Z] Analysis complete for https://github.com: good (200)
[2025-08-26T10:04:36.887Z] [ml-link-intelligence] [2025-08-26T10:04:36.887Z] Analyzing link: https://stackoverflow.com
[2025-08-26T10:04:36.957Z] [ml-link-intelligence] [2025-08-26T10:04:36.957Z] Analysis complete for https://stackoverflow.com: poor (403)
[2025-08-26T10:04:37.959Z] [ml-link-intelligence] [2025-08-26T10:04:37.958Z] Analyzing link: https://medium.com
[2025-08-26T10:04:38.041Z] [ml-link-intelligence] [2025-08-26T10:04:38.041Z] Analysis complete for https://medium.com: good (200)
[2025-08-26T10:04:39.042Z] [ml-link-intelligence] [2025-08-26T10:04:39.042Z] Analyzing link: https://dev.to
[2025-08-26T10:04:39.100Z] [ml-link-intelligence] [2025-08-26T10:04:39.100Z] Analysis complete for https://dev.to: poor (403)
[2025-08-26T10:04:40.102Z] [ml-link-intelligence] [2025-08-26T10:04:40.101Z] Analyzing link: https://wikipedia.org
[2025-08-26T10:04:40.150Z] [ml-link-intelligence] [2025-08-26T10:04:40.150Z] Analysis complete for https://wikipedia.org: poor (403)
[2025-08-26T10:04:41.151Z] [ml-link-intelligence] [2025-08-26T10:04:41.151Z] Queue processing complete
[2025-08-26T10:04:54.545Z] [real-time-performance-monitor] [2025-08-26T10:04:54.545Z] metrics rss=30.15 MB heapUsed=4.28 MB cpuLoad=12.20 memUsage=77.51%
[2025-08-26T10:05:04.255Z] [HEALTH] All services healthy
[2025-08-26T10:05:04.668Z] [link-health-scheduler] [2025-08-26T10:05:04.668Z] Status: 0 jobs scheduled, 0 active
[2025-08-26T10:05:12.122Z] [autonomous-system-manager] [2025-08-26T10:05:12.122Z] Periodic status check - all systems operational
[2025-08-26T10:05:24.541Z] [real-time-performance-monitor] === Performance Monitor Summary ===
[2025-08-26T10:05:24.542Z] [real-time-performance-monitor] Timestamp: 2025-08-26T10:04:54.542Z
System Uptime: 0 hours
Hostname: MacBook-Pro-de-Kleber.local

Current Status:
  CPU Load: 12.20
[2025-08-26T10:05:24.542Z] [real-time-performance-monitor] Memory Usage: 77.51%
  Memory Free: 7.20 GB
  Process Memory: 30.15 MB
[2025-08-26T10:05:24.542Z] [real-time-performance-monitor] Process Uptime: 0 minutes

Alerts:
  Total: 0
  Critical: 0 🔴
  Warning: 0 🟡

===================================
[2025-08-26T10:05:24.544Z] [real-time-performance-monitor] [2025-08-26T10:05:24.544Z] metrics rss=30.54 MB heapUsed=4.43 MB cpuLoad=9.28 memUsage=79.68%
[2025-08-26T10:05:34.254Z] [HEALTH] All services healthy
[2025-08-26T10:05:54.543Z] [real-time-performance-monitor] [2025-08-26T10:05:54.542Z] metrics rss=30.58 MB heapUsed=4.46 MB cpuLoad=6.90 memUsage=79.75%
[2025-08-26T10:06:01.932Z] [autonomous-system-manager] [2025-08-26T10:06:01.931Z] Shutting down Autonomous System Manager gracefully...
[2025-08-26T10:06:01.933Z] [autonomous-system-manager] [2025-08-26T10:06:01.933Z] Stopping all services...
[2025-08-26T10:06:01.934Z] [autonomous-system-manager] [2025-08-26T10:06:01.933Z] Stopped 0 services
[2025-08-26T10:06:01.973Z] [ml-link-intelligence] [2025-08-26T10:06:01.973Z] Stopping ML Link Intelligence...
[2025-08-26T10:06:02.012Z] [link-health-scheduler] [2025-08-26T10:06:02.011Z] Stopping Link Health Scheduler...
[2025-08-26T10:06:02.012Z] [link-health-scheduler] [2025-08-26T10:06:02.012Z] Stopping Link Health Scheduler
[2025-08-26T10:06:02.012Z] All scheduled jobs cleared
[2025-08-26T10:06:02.041Z] [SYSTEM] Service autonomous-system-manager exited with code 0, signal null
[2025-08-26T10:06:02.041Z] [SYSTEM] Restarting autonomous-system-manager in 5000ms (attempt 1/5)
[2025-08-26T10:06:02.060Z] [real-time-performance-monitor] [2025-08-26T10:06:02.059Z] Stopping Real-Time Performance Monitor...
[2025-08-26T10:06:02.060Z] [real-time-performance-monitor] [2025-08-26T10:06:02.060Z] Stopping performance monitoring
[2025-08-26T10:06:04.252Z] [HEALTH] Health check issues found: Service autonomous-system-manager is enabled but not running
[2025-08-26T10:06:04.675Z] [SYSTEM] Service link-health-scheduler exited with code 0, signal null
[2025-08-26T10:06:04.676Z] [SYSTEM] Restarting link-health-scheduler in 15000ms (attempt 1/3)
[2025-08-26T10:06:07.041Z] [SYSTEM] Starting service: autonomous-system-manager
[2025-08-26T10:06:07.043Z] [SYSTEM] Service autonomous-system-manager started successfully
[2025-08-26T10:06:07.161Z] [autonomous-system-manager] [2025-08-26T10:06:07.154Z] Starting Autonomous System Manager
[2025-08-26T10:06:07.160Z] Starting all enabled services...
[2025-08-26T10:06:07.162Z] [autonomous-system-manager] [2025-08-26T10:06:07.161Z] Starting service: autonomous-system-manager
[2025-08-26T10:06:07.163Z] [autonomous-system-manager] [2025-08-26T10:06:07.162Z] Error starting autonomous-system-manager: Cannot access 'process' before initialization
[2025-08-26T10:06:08.166Z] [autonomous-system-manager] [2025-08-26T10:06:08.164Z] Starting service: ml-link-intelligence
[2025-08-26T10:06:08.164Z] Error starting ml-link-intelligence: Cannot access 'process' before initialization
[2025-08-26T10:06:09.166Z] [autonomous-system-manager] [2025-08-26T10:06:09.166Z] Starting service: link-health-scheduler
[2025-08-26T10:06:09.167Z] [autonomous-system-manager] [2025-08-26T10:06:09.166Z] Error starting link-health-scheduler: Cannot access 'process' before initialization
[2025-08-26T10:06:10.169Z] [autonomous-system-manager] [2025-08-26T10:06:10.169Z] Starting service: real-time-performance-monitor
[2025-08-26T10:06:10.170Z] [autonomous-system-manager] [2025-08-26T10:06:10.169Z] Error starting real-time-performance-monitor: Cannot access 'process' before initialization
[2025-08-26T10:06:11.171Z] [autonomous-system-manager] [2025-08-26T10:06:11.170Z] Started 0/4 services successfully
[2025-08-26T10:06:11.172Z] [autonomous-system-manager] [2025-08-26T10:06:11.171Z] Autonomous System Manager is now running
[2025-08-26T10:06:19.676Z] [SYSTEM] Starting service: link-health-scheduler
[2025-08-26T10:06:19.677Z] [SYSTEM] Service link-health-scheduler started successfully
[2025-08-26T10:06:19.757Z] [link-health-scheduler] [2025-08-26T10:06:19.753Z] Starting Link Health Scheduler
[2025-08-26T10:06:19.757Z] [link-health-scheduler] [2025-08-26T10:06:19.757Z] Starting Link Health Scheduler
[2025-08-26T10:06:19.758Z] [link-health-scheduler] [2025-08-26T10:06:19.757Z] Scheduled 4 links for health checks
[2025-08-26T10:06:24.544Z] [SYSTEM] Service real-time-performance-monitor exited with code 0, signal null
[2025-08-26T10:06:24.544Z] [SYSTEM] Restarting real-time-performance-monitor in 10000ms (attempt 1/3)
[2025-08-26T10:06:34.251Z] [HEALTH] Health check issues found: Service real-time-performance-monitor is enabled but not running
[2025-08-26T10:06:34.545Z] [SYSTEM] Starting service: real-time-performance-monitor
[2025-08-26T10:06:34.545Z] [SYSTEM] Service real-time-performance-monitor started successfully
[2025-08-26T10:06:34.622Z] [real-time-performance-monitor] [2025-08-26T10:06:34.618Z] Starting Real-Time Performance Monitor
[2025-08-26T10:06:34.622Z] [real-time-performance-monitor] [2025-08-26T10:06:34.622Z] Starting real-time performance monitoring
[2025-08-26T10:06:41.153Z] [SYSTEM] Service ml-link-intelligence exited with code 0, signal null
[2025-08-26T10:06:41.154Z] [SYSTEM] Restarting ml-link-intelligence in 10000ms (attempt 1/3)
[2025-08-26T10:06:51.154Z] [SYSTEM] Starting service: ml-link-intelligence
[2025-08-26T10:06:51.155Z] [SYSTEM] Service ml-link-intelligence started successfully
[2025-08-26T10:06:51.239Z] [ml-link-intelligence] [2025-08-26T10:06:51.236Z] Starting ML Link Intelligence worker
[2025-08-26T10:06:51.240Z] [ml-link-intelligence] [2025-08-26T10:06:51.239Z] Added https://github.com to analysis queue
[2025-08-26T10:06:51.240Z] [ml-link-intelligence] [2025-08-26T10:06:51.240Z] Added https://stackoverflow.com to analysis queue
[2025-08-26T10:06:51.240Z] [ml-link-intelligence] [2025-08-26T10:06:51.240Z] Added https://medium.com to analysis queue
[2025-08-26T10:06:51.241Z] [ml-link-intelligence] [2025-08-26T10:06:51.240Z] Added https://dev.to to analysis queue
[2025-08-26T10:06:51.241Z] [ml-link-intelligence] [2025-08-26T10:06:51.241Z] Added https://wikipedia.org to analysis queue
[2025-08-26T10:06:51.241Z] [ml-link-intelligence] [2025-08-26T10:06:51.241Z] Processing queue with 5 links
[2025-08-26T10:06:51.242Z] [ml-link-intelligence] [2025-08-26T10:06:51.241Z] Analyzing link: https://github.com
[2025-08-26T10:06:51.399Z] [ml-link-intelligence] [2025-08-26T10:06:51.398Z] Analysis complete for https://github.com: good (200)
[2025-08-26T10:06:52.400Z] [ml-link-intelligence] [2025-08-26T10:06:52.400Z] Analyzing link: https://stackoverflow.com
[2025-08-26T10:06:52.464Z] [ml-link-intelligence] [2025-08-26T10:06:52.463Z] Analysis complete for https://stackoverflow.com: poor (403)
[2025-08-26T10:06:53.465Z] [ml-link-intelligence] [2025-08-26T10:06:53.464Z] Analyzing link: https://medium.com
[2025-08-26T10:06:53.547Z] [ml-link-intelligence] [2025-08-26T10:06:53.546Z] Analysis complete for https://medium.com: good (200)
[2025-08-26T10:06:54.547Z] [ml-link-intelligence] [2025-08-26T10:06:54.547Z] Analyzing link: https://dev.to
[2025-08-26T10:06:54.601Z] [ml-link-intelligence] [2025-08-26T10:06:54.601Z] Analysis complete for https://dev.to: poor (403)
[2025-08-26T10:06:55.601Z] [ml-link-intelligence] [2025-08-26T10:06:55.601Z] Analyzing link: https://wikipedia.org
[2025-08-26T10:06:55.648Z] [ml-link-intelligence] [2025-08-26T10:06:55.648Z] Analysis complete for https://wikipedia.org: poor (403)
[2025-08-26T10:06:56.650Z] [ml-link-intelligence] [2025-08-26T10:06:56.650Z] Queue processing complete
[2025-08-26T10:07:04.251Z] [HEALTH] All services healthy
[2025-08-26T10:07:04.638Z] [real-time-performance-monitor] [2025-08-26T10:07:04.637Z] metrics rss=30.44 MB heapUsed=4.28 MB cpuLoad=10.72 memUsage=79.60%
[2025-08-26T10:07:09.760Z] [link-health-scheduler] [2025-08-26T10:07:09.760Z] Status: 0 jobs scheduled, 0 active
[2025-08-26T10:07:34.250Z] [HEALTH] All services healthy
[2025-08-26T10:07:34.636Z] [real-time-performance-monitor] [2025-08-26T10:07:34.636Z] ALERT [WARNING] Memory usage warning: 81.99%
[2025-08-26T10:07:34.636Z] [real-time-performance-monitor] [2025-08-26T10:07:34.636Z] metrics rss=30.63 MB heapUsed=4.35 MB cpuLoad=8.94 memUsage=81.99%
[2025-08-26T10:08:01.895Z] [autonomous-system-manager] [2025-08-26T10:08:01.895Z] Shutting down Autonomous System Manager gracefully...
[2025-08-26T10:08:01.896Z] [autonomous-system-manager] [2025-08-26T10:08:01.895Z] Stopping all services...
[2025-08-26T10:08:01.896Z] Stopped 0 services
[2025-08-26T10:08:01.936Z] [ml-link-intelligence] [2025-08-26T10:08:01.935Z] Stopping ML Link Intelligence...
[2025-08-26T10:08:01.979Z] [link-health-scheduler] [2025-08-26T10:08:01.978Z] Stopping Link Health Scheduler...
[2025-08-26T10:08:01.978Z] Stopping Link Health Scheduler
[2025-08-26T10:08:01.979Z] [link-health-scheduler] [2025-08-26T10:08:01.979Z] All scheduled jobs cleared
[2025-08-26T10:08:02.001Z] [SYSTEM] Service autonomous-system-manager exited with code 0, signal null
[2025-08-26T10:08:02.002Z] [SYSTEM] Restarting autonomous-system-manager in 5000ms (attempt 1/5)
[2025-08-26T10:08:02.021Z] [real-time-performance-monitor] [2025-08-26T10:08:02.021Z] Stopping Real-Time Performance Monitor...
[2025-08-26T10:08:02.021Z] Stopping performance monitoring
