[2025-08-25T14:26:47.885Z] [HEALTH] Health check issues found: Service real-time-performance-monitor is enabled but not running
[2025-08-25T14:27:17.885Z] [HEALTH] All services healthy
[2025-08-25T14:58:03.218Z] [HEALTH] All services healthy
[2025-08-25T14:58:33.218Z] [HEALTH] All services healthy
[2025-08-25T14:59:03.219Z] [HEALTH] All services healthy
[2025-08-25T14:59:33.220Z] [HEALTH] All services healthy
[2025-08-25T15:00:03.221Z] [HEALTH] All services healthy
[2025-08-25T15:00:33.222Z] [HEALTH] All services healthy
[2025-08-25T15:00:36.494Z] [HEALTH] All services healthy
[2025-08-25T15:01:03.223Z] [HEALTH] All services healthy
[2025-08-25T15:01:06.494Z] [HEALTH] All services healthy
[2025-08-25T15:01:36.565Z] [HEALTH] All services healthy
[2025-08-25T15:02:06.567Z] [HEALTH] Health check issues found: Service autonomous-system-manager is enabled but not running
[2025-08-25T15:02:36.796Z] [HEALTH] Health check issues found: Service autonomous-system-manager is enabled but not running
[2025-08-25T15:03:06.798Z] [HEALTH] All services healthy
[2025-08-25T15:03:36.962Z] [HEALTH] All services healthy
[2025-08-25T15:04:06.963Z] [HEALTH] Health check issues found: Service autonomous-system-manager is enabled but not running
[2025-08-25T15:04:36.973Z] [HEALTH] Health check issues found: Service ml-link-intelligence is enabled but not running, Service real-time-performance-monitor is enabled but not running
[2025-08-25T15:05:06.975Z] [HEALTH] All services healthy
[2025-08-25T15:05:36.977Z] [HEALTH] All services healthy
[2025-08-25T15:06:06.990Z] [HEALTH] Health check issues found: Service autonomous-system-manager is enabled but not running, Service link-health-scheduler is enabled but not running
[2025-08-25T15:06:36.994Z] [HEALTH] All services healthy
[2025-08-25T15:07:06.995Z] [HEALTH] All services healthy
[2025-08-25T15:07:37.198Z] [HEALTH] All services healthy
[2025-08-25T15:08:07.197Z] [HEALTH] Health check issues found: Service autonomous-system-manager is enabled but not running
[2025-08-25T15:08:37.200Z] [HEALTH] All services healthy
[2025-08-25T15:09:07.201Z] [HEALTH] Health check issues found: Service ml-link-intelligence is enabled but not running
[2025-08-25T15:09:37.202Z] [HEALTH] All services healthy
[2025-08-25T15:14:37.267Z] [HEALTH] All services healthy
[2025-08-25T15:15:07.326Z] [HEALTH] All services healthy
[2025-08-25T15:15:37.328Z] [HEALTH] All services healthy
[2025-08-25T15:16:07.329Z] [HEALTH] All services healthy
[2025-08-25T15:16:37.331Z] [HEALTH] Health check issues found: Service real-time-performance-monitor is enabled but not running
[2025-08-25T15:17:07.333Z] [HEALTH] All services healthy
[2025-08-25T15:17:37.334Z] [HEALTH] All services healthy
[2025-08-25T15:18:07.337Z] [HEALTH] Health check issues found: Service ml-link-intelligence is enabled but not running, Service link-health-scheduler is enabled but not running
[2025-08-25T15:18:37.339Z] [HEALTH] All services healthy
[2025-08-25T15:19:07.341Z] [HEALTH] All services healthy
[2025-08-25T15:19:37.343Z] [HEALTH] All services healthy
[2025-08-25T15:20:07.346Z] [HEALTH] All services healthy
[2025-08-25T15:20:37.348Z] [HEALTH] All services healthy
[2025-08-25T15:21:07.349Z] [HEALTH] All services healthy
[2025-08-25T15:21:37.351Z] [HEALTH] All services healthy
[2025-08-25T15:22:07.353Z] [HEALTH] Health check issues found: Service link-health-scheduler is enabled but not running
[2025-08-25T15:22:37.354Z] [HEALTH] Health check issues found: Service ml-link-intelligence is enabled but not running
[2025-08-25T15:23:07.357Z] [HEALTH] Health check issues found: Service real-time-performance-monitor is enabled but not running
[2025-08-25T15:23:37.358Z] [HEALTH] All services healthy
[2025-08-25T15:24:07.359Z] [HEALTH] All services healthy
[2025-08-25T15:24:37.367Z] [HEALTH] All services healthy
[2025-08-25T15:25:07.363Z] [HEALTH] All services healthy
[2025-08-25T15:25:37.365Z] [HEALTH] All services healthy
[2025-08-25T15:27:37.681Z] [HEALTH] All services healthy
[2025-08-25T15:28:07.684Z] [HEALTH] Health check issues found: Service autonomous-system-manager is enabled but not running
[2025-08-25T15:28:37.685Z] [HEALTH] Health check issues found: Service real-time-performance-monitor is enabled but not running
[2025-08-25T15:29:07.687Z] [HEALTH] All services healthy
[2025-08-25T15:29:37.690Z] [HEALTH] All services healthy
[2025-08-25T15:30:07.691Z] [HEALTH] Health check issues found: Service autonomous-system-manager is enabled but not running, Service link-health-scheduler is enabled but not running
[2025-08-25T15:30:37.693Z] [HEALTH] All services healthy
[2025-08-25T15:31:07.695Z] [HEALTH] All services healthy
[2025-08-25T15:31:37.937Z] [HEALTH] All services healthy
[2025-08-26T03:30:36.144Z] [HEALTH] All services healthy
[2025-08-26T03:31:06.160Z] [HEALTH] All services healthy
[2025-08-26T03:31:36.162Z] [HEALTH] All services healthy
[2025-08-26T03:32:06.175Z] [HEALTH] Health check issues found: Service autonomous-system-manager is enabled but not running, Service ml-link-intelligence is enabled but not running
[2025-08-26T03:32:36.175Z] [HEALTH] Health check issues found: Service real-time-performance-monitor is enabled but not running
[2025-08-26T03:33:06.177Z] [HEALTH] All services healthy
[2025-08-26T03:33:36.178Z] [HEALTH] All services healthy
[2025-08-26T03:34:06.180Z] [HEALTH] Health check issues found: Service autonomous-system-manager is enabled but not running, Service link-health-scheduler is enabled but not running
[2025-08-26T03:34:36.227Z] [HEALTH] All services healthy
[2025-08-26T03:35:06.230Z] [HEALTH] All services healthy
[2025-08-26T03:35:36.232Z] [HEALTH] All services healthy
