[2025-08-25 12:00:02] Starting health check process...
[2025-08-25 12:00:02] Starting health check process...
[2025-08-25 12:00:02] Checking system resources...
[2025-08-25 12:00:02] Checking system resources...
[2025-08-25 12:00:23] CPU usage: 44.65%
[2025-08-25 12:00:23] CPU usage: 44.63%
[2025-08-25 12:00:23] Memory usage: 100%
[2025-08-25 12:00:23] Disk usage: 8%
[2025-08-25 12:00:23] Checking automation services health...
[2025-08-25 12:00:23] Memory usage: 100%
[2025-08-25 12:00:23] Disk usage: 8%
[2025-08-25 12:00:23] Checking automation services health...
🔍 Checking Zion Automation Systems Status...

🟢 Online autonomous-system-manager
   Last Activity: 11s ago

🟢 Online ml-link-intelligence
   Last Activity: 6s ago

🟢 Online link-health-scheduler
   Last Activity: 6s ago

🟢 Online real-time-performance-monitor
   Last Activity: 1s ago

📊 Log Files: 33 found
   HEALTH.runtime.log: 0.46 KB
   SYSTEM.runtime.log: 3.31 KB
   ai-trends-cron.log: 0.13 KB
   ai-trends-research.log: 0.25 KB
   autonomous-system-manager.log: 2.27 KB
   autonomous-system-manager.runtime.log: 25.49 KB
   build.log: 0.73 KB
   code-quality.log: 1.02 KB
   continuous-improvement.log: 0.06 KB
   cron.log: 0.32 KB
   dependency.log: 0.68 KB
   enhanced-autonomous-coordinated.log: 5.76 KB
   error-recovery.log: 0.27 KB
   git-pull-rebase.log: 0.27 KB
   git-status.log: 1.11 KB
   git-sync.log: 0.38 KB
   health-check.log: 0.56 KB
   health.log: 0.28 KB
   infinite-improvement.log: 1.17 KB
   link-health-scheduler-coordinated.log: 0.63 KB
   link-health-scheduler.log: 0.12 KB
   link-health-scheduler.runtime.log: 7.55 KB
   master-coordinator.log: 0.25 KB
   ml-link-intelligence-coordinated.log: 1.29 KB
   ml-link-intelligence.log: 0.30 KB
   ml-link-intelligence.runtime.log: 14.30 KB
   performance-monitor-coordinated.log: 0.15 KB
   real-time-performance-monitor.log: 1.36 KB
   real-time-performance-monitor.runtime.log: 22.67 KB
   run-automation.log: 2.04 KB
   security.log: 2.54 KB
   sitemap-keeper.log: 1.15 KB
   test.log: 0.71 KB

💾 Data Files: 8 found
   ai-trends.json: 2.23 KB
   analyzed-links.json: 2.17 KB
   autonomous-config.json: 1.36 KB
   autonomous-state.json: 0.34 KB
   link-schedule.json: 0.45 KB
   performance-alerts.json: 1.00 KB
   performance-metrics.json: 13.29 KB
   scheduled-links.json: 1.11 KB

==================================================
✅ All automation systems are healthy and running!
==================================================
[2025-08-25 12:00:23] Checking process counts...
[2025-08-25 12:00:23] Process counts:
[2025-08-25 12:00:23]   Autonomous System Manager: 0
🔍 Checking Zion Automation Systems Status...

🟢 Online autonomous-system-manager
   Last Activity: 11s ago

🟢 Online ml-link-intelligence
   Last Activity: 6s ago

🟢 Online link-health-scheduler
   Last Activity: 7s ago

🟢 Online real-time-performance-monitor
   Last Activity: 1s ago

📊 Log Files: 33 found
   HEALTH.runtime.log: 0.46 KB
   SYSTEM.runtime.log: 3.31 KB
   ai-trends-cron.log: 0.13 KB
   ai-trends-research.log: 0.25 KB
   autonomous-system-manager.log: 2.27 KB
   autonomous-system-manager.runtime.log: 25.49 KB
   build.log: 0.73 KB
   code-quality.log: 1.02 KB
   continuous-improvement.log: 0.06 KB
   cron.log: 0.32 KB
   dependency.log: 0.68 KB
   enhanced-autonomous-coordinated.log: 5.76 KB
   error-recovery.log: 0.27 KB
   git-pull-rebase.log: 0.27 KB
   git-status.log: 1.11 KB
   git-sync.log: 0.38 KB
   health-check.log: 2.50 KB
   health.log: 0.33 KB
   infinite-improvement.log: 1.17 KB
   link-health-scheduler-coordinated.log: 0.63 KB
   link-health-scheduler.log: 0.12 KB
   link-health-scheduler.runtime.log: 7.55 KB
   master-coordinator.log: 0.25 KB
   ml-link-intelligence-coordinated.log: 1.29 KB
   ml-link-intelligence.log: 0.30 KB
   ml-link-intelligence.runtime.log: 14.30 KB
   performance-monitor-coordinated.log: 0.15 KB
   real-time-performance-monitor.log: 1.36 KB
   real-time-performance-monitor.runtime.log: 22.67 KB
   run-automation.log: 2.04 KB
   security.log: 2.54 KB
   sitemap-keeper.log: 1.15 KB
   test.log: 0.71 KB

💾 Data Files: 8 found
   ai-trends.json: 2.23 KB
   analyzed-links.json: 2.17 KB
   autonomous-config.json: 1.36 KB
   autonomous-state.json: 0.34 KB
   link-schedule.json: 0.45 KB
   performance-alerts.json: 1.00 KB
   performance-metrics.json: 13.29 KB
   scheduled-links.json: 1.11 KB

==================================================
✅ All automation systems are healthy and running!
==================================================
[2025-08-25 12:00:23]   ML Link Intelligence: 0
[2025-08-25 12:00:23]   Link Health Scheduler: 0
[2025-08-25 12:00:23] Checking process counts...
[2025-08-25 12:00:23]   Performance Monitor: 0
[2025-08-25 12:00:23] Process counts:
[2025-08-25 12:00:23]   Autonomous System Manager: 0
[2025-08-25 12:00:24]   ML Link Intelligence: 0
[2025-08-25 12:00:24]   Link Health Scheduler: 0
[2025-08-25 12:00:24]   Performance Monitor: 0
[2025-08-25 12:00:25] WARNING: 42 zombie processes detected!
[2025-08-25 12:00:25] Checking log file health...
[2025-08-25 12:00:25] WARNING: 44 zombie processes detected!
[2025-08-25 12:00:25] Checking log file health...
[2025-08-25 12:00:27] WARNING: Log file automation/logs/sitemap-keeper.log is stale (age: 4686s)
[2025-08-25 12:00:27] WARNING: Log file automation/logs/sitemap-keeper.log is stale (age: 4686s)
[2025-08-25 12:00:27] Health report saved to automation/data/health-report.json
[2025-08-25 12:00:27] Health check process completed
[2025-08-25 12:00:27] Health report saved to automation/data/health-report.json
[2025-08-25 12:00:27] Health check process completed
[2025-08-25 12:01:46] Starting health check process...
[2025-08-25 12:01:46] Checking system resources...
[2025-08-25 12:01:49] CPU usage: 24.78%
[2025-08-25 12:01:49] Memory usage: 95.00%
[2025-08-25 12:01:49] Disk usage: 8%
[2025-08-25 12:01:49] Checking automation services health...
🔍 Checking Zion Automation Systems Status...

🟢 Online autonomous-system-manager
   Last Activity: 11s ago

🟢 Online ml-link-intelligence
   Last Activity: 21s ago

🟢 Online link-health-scheduler
   Last Activity: 21s ago

🟢 Online real-time-performance-monitor
   Last Activity: 10s ago

📊 Log Files: 34 found
   HEALTH.runtime.log: 0.74 KB
   SYSTEM.runtime.log: 3.87 KB
   ai-trends-cron.log: 0.13 KB
   ai-trends-research.log: 0.25 KB
   autonomous-manager-coordinated.log: 0.96 KB
   autonomous-system-manager.log: 2.27 KB
   autonomous-system-manager.runtime.log: 27.60 KB
   build.log: 4.47 KB
   code-quality.log: 1.02 KB
   continuous-improvement.log: 0.13 KB
   cron.log: 0.32 KB
   dependency.log: 5.22 KB
   enhanced-autonomous-coordinated.log: 7.08 KB
   error-recovery.log: 0.27 KB
   git-pull-rebase.log: 0.27 KB
   git-status.log: 1.11 KB
   git-sync.log: 6.47 KB
   health-check.log: 5.85 KB
   health.log: 1.46 KB
   infinite-improvement.log: 1.51 KB
   link-health-scheduler-coordinated.log: 0.69 KB
   link-health-scheduler.log: 0.12 KB
   link-health-scheduler.runtime.log: 9.25 KB
   master-coordinator.log: 0.39 KB
   ml-link-intelligence-coordinated.log: 1.29 KB
   ml-link-intelligence.log: 0.30 KB
   ml-link-intelligence.runtime.log: 15.88 KB
   performance-monitor-coordinated.log: 0.69 KB
   real-time-performance-monitor.log: 1.36 KB
   real-time-performance-monitor.runtime.log: 27.76 KB
   run-automation.log: 4.41 KB
   security.log: 2.54 KB
   sitemap-keeper.log: 1.15 KB
   test.log: 7580.39 KB

💾 Data Files: 9 found
   ai-trends.json: 2.23 KB
   analyzed-links.json: 2.17 KB
   autonomous-config.json: 1.36 KB
   autonomous-state.json: 0.34 KB
   health-report.json: 0.37 KB
   link-schedule.json: 0.45 KB
   performance-alerts.json: 0.60 KB
   performance-metrics.json: 7.97 KB
   scheduled-links.json: 1.11 KB

==================================================
✅ All automation systems are healthy and running!
==================================================
[2025-08-25 12:01:49] Checking process counts...
[2025-08-25 12:01:50] Process counts:
[2025-08-25 12:01:50]   Autonomous System Manager: 0
[2025-08-25 12:01:50]   ML Link Intelligence: 0
[2025-08-25 12:01:50]   Link Health Scheduler: 0
[2025-08-25 12:01:50]   Performance Monitor: 0
[2025-08-25 12:01:50] WARNING: 16 zombie processes detected!
[2025-08-25 12:01:50] Checking log file health...
[2025-08-25 12:01:51] WARNING: Log file automation/logs/sitemap-keeper.log is stale (age: 4770s)
[2025-08-25 12:01:51] Health report saved to automation/data/health-report.json
[2025-08-25 12:01:51] Health check process completed
[2025-08-25 12:02:17] Starting health check process...
[2025-08-25 12:02:17] Checking system resources...
[2025-08-25 12:02:24] CPU usage: 46.12%
[2025-08-25 12:02:24] Memory usage: 98.00%
[2025-08-25 12:02:24] Disk usage: 8%
[2025-08-25 12:02:24] Checking automation services health...
🔍 Checking Zion Automation Systems Status...

🟢 Online autonomous-system-manager
   Last Activity: 12s ago

🟢 Online ml-link-intelligence
   Last Activity: 0s ago

🟢 Online link-health-scheduler
   Last Activity: 1s ago

🟢 Online real-time-performance-monitor
   Last Activity: 7s ago

📊 Log Files: 34 found
   HEALTH.runtime.log: 0.86 KB
   SYSTEM.runtime.log: 5.30 KB
   ai-trends-cron.log: 0.13 KB
   ai-trends-research.log: 0.25 KB
   autonomous-manager-coordinated.log: 2.10 KB
   autonomous-system-manager.log: 2.27 KB
   autonomous-system-manager.runtime.log: 33.06 KB
   build.log: 4.47 KB
   code-quality.log: 1.02 KB
   continuous-improvement.log: 0.21 KB
   cron.log: 0.32 KB
   dependency.log: 5.22 KB
   enhanced-autonomous-coordinated.log: 12.95 KB
   error-recovery.log: 3.57 KB
   git-pull-rebase.log: 0.27 KB
   git-status.log: 1.11 KB
   git-sync.log: 6.85 KB
   health-check.log: 8.72 KB
   health.log: 1.46 KB
   infinite-improvement.log: 2.36 KB
   link-health-scheduler-coordinated.log: 1.49 KB
   link-health-scheduler.log: 0.12 KB
   link-health-scheduler.runtime.log: 12.93 KB
   master-coordinator.log: 1.11 KB
   ml-link-intelligence-coordinated.log: 2.11 KB
   ml-link-intelligence.log: 0.30 KB
   ml-link-intelligence.runtime.log: 19.83 KB
   performance-monitor-coordinated.log: 0.98 KB
   real-time-performance-monitor.log: 1.36 KB
   real-time-performance-monitor.runtime.log: 29.00 KB
   run-automation.log: 4.41 KB
   security.log: 2.54 KB
   sitemap-keeper.log: 1.15 KB
   test.log: 7580.39 KB

💾 Data Files: 9 found
   ai-trends.json: 2.23 KB
   analyzed-links.json: 2.18 KB
   autonomous-config.json: 1.36 KB
   autonomous-state.json: 0.34 KB
   health-report.json: 0.37 KB
   link-schedule.json: 0.45 KB
   performance-alerts.json: 0.60 KB
   performance-metrics.json: 7.95 KB
   scheduled-links.json: 1.11 KB

==================================================
✅ All automation systems are healthy and running!
==================================================
[2025-08-25 12:02:24] Checking process counts...
[2025-08-25 12:02:24] Process counts:
[2025-08-25 12:02:24]   Autonomous System Manager:        4
[2025-08-25 12:02:24]   ML Link Intelligence:        5
[2025-08-25 12:02:25]   Link Health Scheduler:        4
[2025-08-25 12:02:25]   Performance Monitor:        4
[2025-08-25 12:02:25] WARNING: 20 zombie processes detected!
[2025-08-25 12:02:25] Checking log file health...
[2025-08-25 12:02:27] WARNING: Log file automation/logs/sitemap-keeper.log is stale (age: 4806s)
[2025-08-25 12:02:27] Health report saved to automation/data/health-report.json
[2025-08-25 12:02:27] Health check process completed
[2025-08-25 12:10:01] Starting health check process...
[2025-08-25 12:10:02] Checking system resources...
[2025-08-25 12:20:01] Starting health check process...
[2025-08-25 12:20:01] Checking system resources...
[2025-08-25 12:20:05] CPU usage: 32.96%
[2025-08-25 12:20:05] Memory usage: 83.00%
[2025-08-25 12:20:05] Disk usage: 8%
[2025-08-25 12:20:05] Checking automation services health...
🔍 Checking Zion Automation Systems Status...

🟢 Online autonomous-system-manager
   Last Activity: 3s ago

🟢 Online ml-link-intelligence
   Last Activity: 3s ago

🟢 Online link-health-scheduler
   Last Activity: 3s ago

🟢 Online real-time-performance-monitor
   Last Activity: 3s ago

📊 Log Files: 36 found
   HEALTH.runtime.log: 3.00 KB
   SYSTEM.runtime.log: 14.26 KB
   ai-trends-cron.log: 0.13 KB
   ai-trends-research.log: 0.25 KB
   autonomous-manager-coordinated.log: 8.99 KB
   autonomous-system-manager.log: 2.27 KB
   autonomous-system-manager.runtime.log: 65.92 KB
   backup.log: 1.47 KB
   build.log: 4.47 KB
   code-quality.log: 1.02 KB
   continuous-improvement.log: 1.54 KB
   cron.log: 0.50 KB
   dependency.log: 5.22 KB
   enhanced-autonomous-coordinated.log: 45.52 KB
   error-recovery.log: 34.27 KB
   git-pull-rebase.log: 1.63 KB
   git-status.log: 1.66 KB
   git-sync.log: 58.30 KB
   health-check.log: 11.72 KB
   health.log: 1.46 KB
   infinite-improvement.log: 7.30 KB
   link-health-scheduler-coordinated.log: 6.84 KB
   link-health-scheduler.log: 0.12 KB
   link-health-scheduler.runtime.log: 40.80 KB
   maintenance.log: 0.83 KB
   master-coordinator.log: 8.47 KB
   ml-link-intelligence-coordinated.log: 10.39 KB
   ml-link-intelligence.log: 0.30 KB
   ml-link-intelligence.runtime.log: 55.64 KB
   performance-monitor-coordinated.log: 6.30 KB
   real-time-performance-monitor.log: 1.36 KB
   real-time-performance-monitor.runtime.log: 55.01 KB
   run-automation.log: 14.94 KB
   security.log: 2.54 KB
   sitemap-keeper.log: 1.15 KB
   test.log: 7580.39 KB

💾 Data Files: 9 found
   ai-trends.json: 2.23 KB
   analyzed-links.json: 2.17 KB
   autonomous-config.json: 1.36 KB
   autonomous-state.json: 0.34 KB
   health-report.json: 0.40 KB
   link-schedule.json: 0.45 KB
   performance-alerts.json: 0.40 KB
   performance-metrics.json: 5.31 KB
   scheduled-links.json: 1.11 KB

==================================================
✅ All automation systems are healthy and running!
==================================================
[2025-08-25 12:20:05] Checking process counts...
[2025-08-25 12:20:06] Process counts:
[2025-08-25 12:20:06]   Autonomous System Manager:        0
[2025-08-25 12:20:06]   ML Link Intelligence:        4
[2025-08-25 12:20:06]   Link Health Scheduler:        3
[2025-08-25 12:20:06]   Performance Monitor:        4
[2025-08-25 12:20:07] WARNING: 21 zombie processes detected!
[2025-08-25 12:20:07] Checking log file health...
[2025-08-25 12:20:07] WARNING: Log file automation/logs/link-health-scheduler.log is stale (age: 3659s)
[2025-08-25 12:20:08] WARNING: Log file automation/logs/sitemap-keeper.log is stale (age: 5867s)
[2025-08-25 12:20:08] Health report saved to automation/data/health-report.json
[2025-08-25 12:20:08] Health check process completed
[2025-08-25 12:30:02] Starting health check process...
[2025-08-25 12:30:02] Checking system resources...
[2025-08-25 12:30:11] CPU usage: 50.84%
[2025-08-25 12:30:11] Memory usage: 93.00%
[2025-08-25 12:30:11] Disk usage: 8%
[2025-08-25 12:30:11] Checking automation services health...
🔍 Checking Zion Automation Systems Status...

🟢 Online autonomous-system-manager
   Last Activity: 0s ago

🟢 Online ml-link-intelligence
   Last Activity: 8s ago

🟢 Online link-health-scheduler
   Last Activity: 1s ago

🟢 Online real-time-performance-monitor
   Last Activity: 7s ago

📊 Log Files: 42 found
   HEALTH.runtime.log: 4.45 KB
   SYSTEM.runtime.log: 20.53 KB
   ai-trends-cron.log: 0.13 KB
   ai-trends-research.log: 0.25 KB
   autonomous-manager-coordinated.log: 14.20 KB
   autonomous-system-manager.log: 2.27 KB
   autonomous-system-manager.runtime.log: 91.21 KB
   backup.log: 1.47 KB
   build.log: 4.47 KB
   code-quality.log: 2.05 KB
   config-sync.log: 3.46 KB
   continuous-improvement.log: 2.27 KB
   cron.log: 0.68 KB
   data-sync.log: 3.95 KB
   dependency.log: 5.22 KB
   enhanced-autonomous-coordinated.log: 45.52 KB
   enhanced-git-sync.log: 4.14 KB
   error-recovery.log: 51.69 KB
   file-sync.log: 2.84 KB
   git-pull-rebase.log: 2.17 KB
   git-status.log: 949.14 KB
   git-sync.log: 84.15 KB
   health-check.log: 14.77 KB
   health.log: 1.46 KB
   infinite-improvement.log: 7.55 KB
   link-health-scheduler-coordinated.log: 10.75 KB
   link-health-scheduler.log: 0.12 KB
   link-health-scheduler.runtime.log: 58.51 KB
   maintenance.log: 1.39 KB
   master-coordinator.log: 13.36 KB
   ml-link-intelligence-coordinated.log: 14.23 KB
   ml-link-intelligence.log: 0.30 KB
   ml-link-intelligence.runtime.log: 79.16 KB
   performance-monitor-coordinated.log: 9.50 KB
   real-time-performance-monitor.log: 1.36 KB
   real-time-performance-monitor.runtime.log: 69.36 KB
   run-automation.log: 20.01 KB
   security.log: 2.54 KB
   sitemap-keeper.log: 1.15 KB
   sync-launcher.log: 1.22 KB
   sync-orchestrator.log: 1.75 KB
   test.log: 7580.39 KB

💾 Data Files: 9 found
   ai-trends.json: 2.23 KB
   analyzed-links.json: 2.17 KB
   autonomous-config.json: 1.36 KB
   autonomous-state.json: 0.34 KB
   health-report.json: 0.40 KB
   link-schedule.json: 0.45 KB
   performance-alerts.json: 0.60 KB
   performance-metrics.json: 7.94 KB
   scheduled-links.json: 1.11 KB

==================================================
✅ All automation systems are healthy and running!
==================================================
[2025-08-25 12:30:12] Checking process counts...
[2025-08-25 12:30:13] Process counts:
[2025-08-25 12:30:13]   Autonomous System Manager:        4
[2025-08-25 12:30:13]   ML Link Intelligence:        5
[2025-08-25 12:30:13]   Link Health Scheduler:        2
[2025-08-25 12:30:13]   Performance Monitor:        4
[2025-08-25 12:30:14] WARNING: 25 zombie processes detected!
[2025-08-25 12:30:14] Checking log file health...
[2025-08-25 12:30:18] Health report saved to automation/data/health-report.json
[2025-08-25 12:30:18] Health check process completed
[2025-08-26 00:40:01] Starting health check process...
[2025-08-26 00:40:01] Checking system resources...
[2025-08-26 00:40:06] CPU usage: 51.71%
[2025-08-26 00:40:06] Memory usage: 88.00%
[2025-08-26 00:40:06] Disk usage: 8%
[2025-08-26 00:40:06] Checking automation services health...
🔍 Checking Zion Automation Systems Status...

🟢 Online autonomous-system-manager
   Last Activity: 4s ago

🟢 Online ml-link-intelligence
   Last Activity: 4s ago

🟢 Online link-health-scheduler
   Last Activity: 4s ago

🟢 Online real-time-performance-monitor
   Last Activity: 4s ago

📊 Log Files: 43 found
   HEALTH.runtime.log: 6.42 KB
   SYSTEM.runtime.log: 28.04 KB
   ai-trends-cron.log: 0.13 KB
   ai-trends-research.log: 0.25 KB
   autonomous-manager-coordinated.log: 18.95 KB
   autonomous-system-manager.log: 2.27 KB
   autonomous-system-manager.runtime.log: 113.84 KB
   backup.log: 1.47 KB
   build.log: 4.47 KB
   code-quality.log: 2.05 KB
   config-sync.log: 3.46 KB
   continuous-improvement.log: 3.29 KB
   cron.log: 0.68 KB
   data-sync.log: 3.95 KB
   dependency.log: 5.22 KB
   enhanced-automation-orchestrator.runtime.log: 12.20 KB
   enhanced-autonomous-coordinated.log: 45.52 KB
   enhanced-git-sync.log: 7.60 KB
   error-recovery.log: 74.48 KB
   file-sync.log: 2.84 KB
   git-pull-rebase.log: 2.72 KB
   git-status.log: 949.14 KB
   git-sync.log: 134.92 KB
   health-check.log: 17.80 KB
   health.log: 1.46 KB
   infinite-improvement.log: 7.55 KB
   link-health-scheduler-coordinated.log: 15.30 KB
   link-health-scheduler.log: 0.12 KB
   link-health-scheduler.runtime.log: 80.43 KB
   maintenance.log: 1.39 KB
   master-coordinator.log: 19.60 KB
   ml-link-intelligence-coordinated.log: 20.71 KB
   ml-link-intelligence.log: 0.30 KB
   ml-link-intelligence.runtime.log: 109.44 KB
   performance-monitor-coordinated.log: 13.21 KB
   real-time-performance-monitor.log: 1.36 KB
   real-time-performance-monitor.runtime.log: 85.34 KB
   run-automation.log: 25.36 KB
   security.log: 2.54 KB
   sitemap-keeper.log: 1.15 KB
   sync-launcher.log: 1.37 KB
   sync-orchestrator.log: 1.75 KB
   test.log: 7580.39 KB

💾 Data Files: 9 found
   ai-trends.json: 2.23 KB
   analyzed-links.json: 2.18 KB
   autonomous-config.json: 1.36 KB
   autonomous-state.json: 0.82 KB
   health-report.json: 0.40 KB
   link-schedule.json: 0.45 KB
   performance-alerts.json: 0.60 KB
   performance-metrics.json: 7.54 KB
   scheduled-links.json: 1.11 KB

==================================================
✅ All automation systems are healthy and running!
==================================================
[2025-08-26 00:40:06] Checking process counts...
[2025-08-26 00:40:06] Process counts:
[2025-08-26 00:40:07]   Autonomous System Manager:        1
[2025-08-26 00:40:07]   ML Link Intelligence:        3
[2025-08-26 00:40:07]   Link Health Scheduler:        2
[2025-08-26 00:40:07]   Performance Monitor:        3
[2025-08-26 00:40:07] WARNING: 25 zombie processes detected!
[2025-08-26 00:40:07] Checking log file health...
[2025-08-26 00:40:07] WARNING: Log file automation/logs/ai-trends-cron.log is stale (age: 4297s)
[2025-08-26 00:40:07] WARNING: Log file automation/logs/ai-trends-research.log is stale (age: 4297s)
[2025-08-26 00:40:08] WARNING: Log file automation/logs/autonomous-system-manager.log is stale (age: 4298s)
[2025-08-26 00:40:08] WARNING: Log file automation/logs/backup.log is stale (age: 4298s)
[2025-08-26 00:40:08] WARNING: Log file automation/logs/config-sync.log is stale (age: 43957s)
[2025-08-26 00:40:08] WARNING: Log file automation/logs/data-sync.log is stale (age: 43956s)
[2025-08-26 00:40:09] WARNING: Log file automation/logs/enhanced-automation-orchestrator.runtime.log is stale (age: 21792s)
[2025-08-26 00:40:09] WARNING: Log file automation/logs/enhanced-git-sync.log is stale (age: 43324s)
[2025-08-26 00:40:09] WARNING: Log file automation/logs/file-sync.log is stale (age: 43955s)
[2025-08-26 00:40:09] WARNING: Log file automation/logs/link-health-scheduler.log is stale (age: 4299s)
[2025-08-26 00:40:09] WARNING: Log file automation/logs/maintenance.log is stale (age: 4299s)
[2025-08-26 00:40:10] WARNING: Log file automation/logs/ml-link-intelligence.log is stale (age: 4300s)
[2025-08-26 00:40:10] WARNING: Log file automation/logs/real-time-performance-monitor.log is stale (age: 4300s)
[2025-08-26 00:40:10] WARNING: Log file automation/logs/sitemap-keeper.log is stale (age: 4299s)
[2025-08-26 00:40:10] WARNING: Log file automation/logs/sync-launcher.log is stale (age: 43561s)
[2025-08-26 00:40:10] WARNING: Log file automation/logs/sync-orchestrator.log is stale (age: 43953s)
[2025-08-26 00:40:10] Health report saved to automation/data/health-report.json
[2025-08-26 00:40:10] Health check process completed
