[2025-08-25 12:00:02] Starting infinite improvement process...
[2025-08-25 12:00:02] Starting continuous automation improvement system...
🚀 Starting Continuous Automation Improvement System...
📊 Performance monitoring started (60s intervals)
🔄 Improvement cycles started (5-minute intervals)
🧹 Log cleanup scheduled (daily)
✅ Continuous improvement system is now running
📊 Monitor improvements with: npm run automation:improvement status
[2025-08-25 12:00:05] Starting master automation coordinator...
🎯 Starting Master Automation Coordinator...
🚀 Starting all automation systems...
🔄 Starting enhanced-autonomous (high priority)...
[2025-08-25 12:00:08] Running automation improvement cycle...
[2025-08-25 12:00:08] Checking for automation improvements...
✅ enhanced-autonomous started successfully (PID: 63190)
Usage: node continuous-automation-improvement-system.js [start|status]
🔄 Starting ml-link-intelligence (medium priority)...
✅ ml-link-intelligence started successfully (PID: 63489)
🔄 Starting link-health-scheduler (medium priority)...
✅ link-health-scheduler started successfully (PID: 64024)
🔄 Starting performance-monitor (high priority)...
✅ performance-monitor started successfully (PID: 64482)
🔄 Starting autonomous-manager (high priority)...
✅ autonomous-manager started successfully (PID: 64791)
🔍 Health monitoring started (30s intervals)
📄 Log rotation scheduled (daily)
✅ Master coordinator is now running
📊 Monitor with: npm run automation:coordinator status
⚠️ autonomous-manager exited with code 0 (signal: null)
🔄 Auto-restarting autonomous-manager in 5s...
⚠️ link-health-scheduler exited with code 0 (signal: null)
🔄 Auto-restarting link-health-scheduler in 5s...
🔄 Restarting autonomous-manager (attempt 1)
🔄 Starting autonomous-manager (high priority)...
✅ autonomous-manager started successfully (PID: 68907)
🔄 Restarting link-health-scheduler (attempt 1)
🔄 Starting link-health-scheduler (medium priority)...
✅ link-health-scheduler started successfully (PID: 68940)
⚠️ ml-link-intelligence exited with code 0 (signal: null)
🔄 Auto-restarting ml-link-intelligence in 5s...
⚠️ performance-monitor exited with code 0 (signal: null)
🔄 Auto-restarting performance-monitor in 5s...
🔄 Restarting ml-link-intelligence (attempt 1)
🔄 Starting ml-link-intelligence (medium priority)...
✅ ml-link-intelligence started successfully (PID: 69290)
🔄 Restarting performance-monitor (attempt 1)
🔄 Starting performance-monitor (high priority)...
✅ performance-monitor started successfully (PID: 69500)
⚠️ autonomous-manager exited with code 0 (signal: null)
🔄 Auto-restarting autonomous-manager in 5s...
🔄 Restarting autonomous-manager (attempt 1)
🔄 Starting autonomous-manager (high priority)...
⚠️ link-health-scheduler exited with code 0 (signal: null)
🔄 Auto-restarting link-health-scheduler in 5s...
✅ autonomous-manager started successfully (PID: 70048)
🔄 Restarting link-health-scheduler (attempt 1)
🔄 Starting link-health-scheduler (medium priority)...
✅ link-health-scheduler started successfully (PID: 70192)
⚠️ performance-monitor exited with code 0 (signal: null)
🔄 Auto-restarting performance-monitor in 5s...
⚠️ Health check: performance-monitor is not running
🔄 Restarting performance-monitor (attempt 1)
🔄 Starting performance-monitor (high priority)...
✅ performance-monitor started successfully (PID: 70869)
⚠️ autonomous-manager exited with code 0 (signal: null)
🔄 Auto-restarting autonomous-manager in 5s...
⚠️ link-health-scheduler exited with code 0 (signal: null)
🔄 Auto-restarting link-health-scheduler in 5s...
🔄 Restarting autonomous-manager (attempt 1)
🔄 Starting autonomous-manager (high priority)...
✅ autonomous-manager started successfully (PID: 71274)
🔄 Restarting link-health-scheduler (attempt 1)
🔄 Starting link-health-scheduler (medium priority)...
✅ link-health-scheduler started successfully (PID: 71304)
⚠️ ml-link-intelligence exited with code 0 (signal: null)
🔄 Auto-restarting ml-link-intelligence in 5s...
[2025-08-25 12:04:30] Starting infinite improvement process...
[2025-08-25 12:04:30] Running automation improvement cycle...
[2025-08-25 12:04:30] Checking for automation improvements...
Usage: node continuous-automation-improvement-system.js [start|status]
⚠️ Health check: ml-link-intelligence is not running
⚠️ performance-monitor exited with code 0 (signal: null)
🔄 Auto-restarting performance-monitor in 5s...
🔄 Restarting ml-link-intelligence (attempt 1)
🔄 Starting ml-link-intelligence (medium priority)...
✅ ml-link-intelligence started successfully (PID: 71957)
🔄 Restarting performance-monitor (attempt 1)
🔄 Starting performance-monitor (high priority)...
✅ performance-monitor started successfully (PID: 72113)
🔍 Analyzing automation systems for improvements...
⚠️ autonomous-manager exited with code 0 (signal: null)
🔄 Auto-restarting autonomous-manager in 5s...
🔄 Restarting autonomous-manager (attempt 1)
🔄 Starting autonomous-manager (high priority)...
✅ autonomous-manager started successfully (PID: 75060)
⚠️ link-health-scheduler exited with code 0 (signal: null)
🔄 Auto-restarting link-health-scheduler in 5s...
🔄 Restarting link-health-scheduler (attempt 1)
🔄 Starting link-health-scheduler (medium priority)...
✅ link-health-scheduler started successfully (PID: 75627)
⚠️ performance-monitor exited with code 0 (signal: null)
🔄 Auto-restarting performance-monitor in 5s...
⚠️ ml-link-intelligence exited with code 0 (signal: null)
🔄 Auto-restarting ml-link-intelligence in 5s...
🔄 Restarting performance-monitor (attempt 1)
🔄 Starting performance-monitor (high priority)...
🔄 Restarting ml-link-intelligence (attempt 1)
🔄 Starting ml-link-intelligence (medium priority)...
✅ performance-monitor started successfully (PID: 76491)
✅ ml-link-intelligence started successfully (PID: 76517)
⚠️ autonomous-manager exited with code 0 (signal: null)
🔄 Auto-restarting autonomous-manager in 5s...
⚠️ link-health-scheduler exited with code 0 (signal: null)
🔄 Auto-restarting link-health-scheduler in 5s...
🔄 Restarting autonomous-manager (attempt 1)
🔄 Starting autonomous-manager (high priority)...
🔄 Restarting link-health-scheduler (attempt 1)
🔄 Starting link-health-scheduler (medium priority)...
✅ autonomous-manager started successfully (PID: 77773)
✅ link-health-scheduler started successfully (PID: 77794)
⚠️ performance-monitor exited with code 0 (signal: null)
🔄 Auto-restarting performance-monitor in 5s...
🔄 Restarting performance-monitor (attempt 1)
🔄 Starting performance-monitor (high priority)...
⚠️ ml-link-intelligence exited with code 0 (signal: null)
🔄 Auto-restarting ml-link-intelligence in 5s...
✅ performance-monitor started successfully (PID: 78244)
🔄 Restarting ml-link-intelligence (attempt 1)
🔄 Starting ml-link-intelligence (medium priority)...
✅ ml-link-intelligence started successfully (PID: 78327)
🔍 Analyzing automation systems for improvements...
[2025-08-25 12:15:01] Starting infinite improvement process...
[2025-08-25 12:15:01] Running automation improvement cycle...
[2025-08-25 12:15:01] Checking for automation improvements...
Usage: node continuous-automation-improvement-system.js [start|status]
[2025-08-25 12:30:02] Starting infinite improvement process...
[2025-08-25 12:30:02] Running automation improvement cycle...
[2025-08-25 12:30:02] Checking for automation improvements...
Usage: node continuous-automation-improvement-system.js [start|status]
[2025-08-26 01:00:01] Starting infinite improvement process...
[2025-08-26 01:00:01] Running automation improvement cycle...
[2025-08-26 01:00:01] Checking for automation improvements...
Usage: node continuous-automation-improvement-system.js [start|status]
[2025-08-26 02:15:02] Starting infinite improvement process...
[2025-08-26 02:15:02] Running automation improvement cycle...
[2025-08-26 02:15:02] Checking for automation improvements...
Usage: node continuous-automation-improvement-system.js [start|status]
[2025-08-26 03:03:06] Starting infinite improvement process...
[2025-08-26 03:03:06] Running automation improvement cycle...
[2025-08-26 03:03:06] Checking for automation improvements...
Usage: node continuous-automation-improvement-system.js [start|status]
[2025-08-26 04:04:11] Starting infinite improvement process...
[2025-08-26 04:04:12] Running automation improvement cycle...
[2025-08-26 04:04:12] Checking for automation improvements...
Usage: node continuous-automation-improvement-system.js [start|status]
[2025-08-26 05:03:28] Starting infinite improvement process...
[2025-08-26 05:03:28] Running automation improvement cycle...
[2025-08-26 05:03:28] Checking for automation improvements...
Usage: node continuous-automation-improvement-system.js [start|status]
[2025-08-26 06:45:00] Starting infinite improvement process...
[2025-08-26 06:45:00] Running automation improvement cycle...
[2025-08-26 06:45:00] Checking for automation improvements...
Usage: node continuous-automation-improvement-system.js [start|status]
[2025-08-26 07:00:00] Starting infinite improvement process...
[2025-08-26 07:00:00] Starting continuous automation improvement system...
🚀 Starting Continuous Automation Improvement System...
📊 Performance monitoring started (60s intervals)
🔄 Improvement cycles started (5-minute intervals)
🧹 Log cleanup scheduled (daily)
✅ Continuous improvement system is now running
📊 Monitor improvements with: npm run automation:improvement status
[2025-08-26 07:00:03] Starting master automation coordinator...
🎯 Starting Master Automation Coordinator...
🚀 Starting all automation systems...
🔄 Starting enhanced-autonomous (high priority)...
✅ enhanced-autonomous started successfully (PID: 4982)
[2025-08-26 07:00:07] Running automation improvement cycle...
[2025-08-26 07:00:07] Checking for automation improvements...
Usage: node continuous-automation-improvement-system.js [start|status]
🔄 Starting ml-link-intelligence (medium priority)...
✅ ml-link-intelligence started successfully (PID: 5093)
🔄 Starting link-health-scheduler (medium priority)...
✅ link-health-scheduler started successfully (PID: 5095)
🔄 Starting performance-monitor (high priority)...
✅ performance-monitor started successfully (PID: 5097)
🔄 Starting autonomous-manager (high priority)...
✅ autonomous-manager started successfully (PID: 5099)
🔍 Health monitoring started (30s intervals)
📄 Log rotation scheduled (daily)
✅ Master coordinator is now running
📊 Monitor with: npm run automation:coordinator status
⚠️ autonomous-manager exited with code 0 (signal: null)
🔄 Auto-restarting autonomous-manager in 5s...
⚠️ link-health-scheduler exited with code 0 (signal: null)
🔄 Auto-restarting link-health-scheduler in 5s...
🔄 Restarting autonomous-manager (attempt 1)
🔄 Starting autonomous-manager (high priority)...
🔄 Restarting link-health-scheduler (attempt 1)
🔄 Starting link-health-scheduler (medium priority)...
✅ autonomous-manager started successfully (PID: 6733)
✅ link-health-scheduler started successfully (PID: 6740)
⚠️ ml-link-intelligence exited with code 0 (signal: null)
🔄 Auto-restarting ml-link-intelligence in 5s...
⚠️ performance-monitor exited with code 0 (signal: null)
🔄 Auto-restarting performance-monitor in 5s...
🔄 Restarting ml-link-intelligence (attempt 1)
🔄 Starting ml-link-intelligence (medium priority)...
✅ ml-link-intelligence started successfully (PID: 6883)
🔄 Restarting performance-monitor (attempt 1)
🔄 Starting performance-monitor (high priority)...
✅ performance-monitor started successfully (PID: 6904)
⚠️ autonomous-manager exited with code 0 (signal: null)
🔄 Auto-restarting autonomous-manager in 5s...
🔄 Restarting autonomous-manager (attempt 1)
🔄 Starting autonomous-manager (high priority)...
⚠️ link-health-scheduler exited with code 0 (signal: null)
🔄 Auto-restarting link-health-scheduler in 5s...
✅ autonomous-manager started successfully (PID: 8592)
🔄 Restarting link-health-scheduler (attempt 1)
🔄 Starting link-health-scheduler (medium priority)...
✅ link-health-scheduler started successfully (PID: 8672)
⚠️ performance-monitor exited with code 0 (signal: null)
🔄 Auto-restarting performance-monitor in 5s...
⚠️ ml-link-intelligence exited with code 0 (signal: null)
🔄 Auto-restarting ml-link-intelligence in 5s...
⚠️ Health check: ml-link-intelligence is not running
⚠️ Health check: performance-monitor is not running
🔄 Restarting performance-monitor (attempt 1)
🔄 Starting performance-monitor (high priority)...
🔄 Restarting ml-link-intelligence (attempt 1)
🔄 Starting ml-link-intelligence (medium priority)...
✅ performance-monitor started successfully (PID: 8897)
✅ ml-link-intelligence started successfully (PID: 8903)
🔍 Analyzing automation systems for improvements...
⚠️ autonomous-manager exited with code 0 (signal: null)
🔄 Auto-restarting autonomous-manager in 5s...
⚠️ link-health-scheduler exited with code 0 (signal: null)
🔄 Auto-restarting link-health-scheduler in 5s...
🔄 Restarting autonomous-manager (attempt 1)
🔄 Starting autonomous-manager (high priority)...
🔄 Restarting link-health-scheduler (attempt 1)
🔄 Starting link-health-scheduler (medium priority)...
✅ autonomous-manager started successfully (PID: 10828)
✅ link-health-scheduler started successfully (PID: 10867)
⚠️ performance-monitor exited with code 0 (signal: null)
🔄 Auto-restarting performance-monitor in 5s...
🔄 Restarting performance-monitor (attempt 1)
🔄 Starting performance-monitor (high priority)...
⚠️ ml-link-intelligence exited with code 0 (signal: null)
🔄 Auto-restarting ml-link-intelligence in 5s...
✅ performance-monitor started successfully (PID: 11254)
🔄 Restarting ml-link-intelligence (attempt 1)
🔄 Starting ml-link-intelligence (medium priority)...
✅ ml-link-intelligence started successfully (PID: 11303)
⚠️ autonomous-manager exited with code 0 (signal: null)
🔄 Auto-restarting autonomous-manager in 5s...
