[2025-08-25T15:00:16.610Z] Starting Link Health Scheduler
[2025-08-25T15:00:16.617Z] Starting Link Health Scheduler
[2025-08-25T15:00:16.618Z] Scheduled check for homepage at Mon Aug 25 2025 12:05:16 GMT-0300 (Brasilia Standard Time)
[2025-08-25T15:00:16.618Z] Scheduled check for services at Mon Aug 25 2025 12:15:16 GMT-0300 (Brasilia Standard Time)
[2025-08-25T15:00:16.618Z] Scheduled check for about at Mon Aug 25 2025 13:00:16 GMT-0300 (Brasilia Standard Time)
[2025-08-25T15:00:16.618Z] Scheduled check for contact at Mon Aug 25 2025 12:15:16 GMT-0300 (Brasilia Standard Time)
[2025-08-25T15:00:16.619Z] Scheduled 4 links for health checks
[2025-08-25T15:01:06.632Z] Status: 4 jobs scheduled, 0 active
[2025-08-25T15:02:02.268Z] Stopping Link Health Scheduler...
[2025-08-25T15:02:02.270Z] Stopping Link Health Scheduler
[2025-08-25T15:02:02.271Z] All scheduled jobs cleared
[2025-08-25T15:02:11.774Z] Starting Link Health Scheduler
[2025-08-25T15:02:11.784Z] Starting Link Health Scheduler
[2025-08-25T15:02:11.784Z] Scheduled check for homepage at Mon Aug 25 2025 12:07:11 GMT-0300 (Brasilia Standard Time)
[2025-08-25T15:02:11.785Z] Scheduled check for services at Mon Aug 25 2025 12:17:11 GMT-0300 (Brasilia Standard Time)
[2025-08-25T15:02:11.785Z] Scheduled check for about at Mon Aug 25 2025 13:02:11 GMT-0300 (Brasilia Standard Time)
[2025-08-25T15:02:11.787Z] Scheduled check for contact at Mon Aug 25 2025 12:17:11 GMT-0300 (Brasilia Standard Time)
[2025-08-25T15:02:11.787Z] Scheduled 4 links for health checks
[2025-08-25T15:02:34.896Z] Stopping Link Health Scheduler...
[2025-08-25T15:02:34.897Z] Stopping Link Health Scheduler
[2025-08-25T15:02:34.899Z] All scheduled jobs cleared
[2025-08-25T15:02:47.085Z] Starting Link Health Scheduler
[2025-08-25T15:02:47.094Z] Starting Link Health Scheduler
[2025-08-25T15:02:47.095Z] Scheduled check for homepage at Mon Aug 25 2025 12:07:47 GMT-0300 (Brasilia Standard Time)
[2025-08-25T15:02:47.096Z] Scheduled check for services at Mon Aug 25 2025 12:17:47 GMT-0300 (Brasilia Standard Time)
[2025-08-25T15:02:47.096Z] Scheduled check for about at Mon Aug 25 2025 13:02:47 GMT-0300 (Brasilia Standard Time)
[2025-08-25T15:02:47.096Z] Scheduled check for contact at Mon Aug 25 2025 12:17:47 GMT-0300 (Brasilia Standard Time)
[2025-08-25T15:02:47.097Z] Scheduled 4 links for health checks
[2025-08-25T15:03:07.101Z] Status: 4 jobs scheduled, 0 active
[2025-08-25T15:04:03.604Z] Stopping Link Health Scheduler...
[2025-08-25T15:04:03.605Z] Stopping Link Health Scheduler
[2025-08-25T15:04:03.606Z] All scheduled jobs cleared
[2025-08-25T15:04:12.285Z] Starting Link Health Scheduler
[2025-08-25T15:04:12.300Z] Starting Link Health Scheduler
[2025-08-25T15:04:12.300Z] Scheduled check for homepage at Mon Aug 25 2025 12:09:12 GMT-0300 (Brasilia Standard Time)
[2025-08-25T15:04:12.301Z] Scheduled check for services at Mon Aug 25 2025 12:19:12 GMT-0300 (Brasilia Standard Time)
[2025-08-25T15:04:12.301Z] Scheduled check for about at Mon Aug 25 2025 13:04:12 GMT-0300 (Brasilia Standard Time)
[2025-08-25T15:04:12.301Z] Scheduled check for contact at Mon Aug 25 2025 12:19:12 GMT-0300 (Brasilia Standard Time)
[2025-08-25T15:04:12.301Z] Scheduled 4 links for health checks
[2025-08-25T15:05:02.308Z] Status: 4 jobs scheduled, 0 active
[2025-08-25T15:06:02.418Z] Status: 4 jobs scheduled, 0 active
[2025-08-25T15:06:03.165Z] Stopping Link Health Scheduler...
[2025-08-25T15:06:03.168Z] Stopping Link Health Scheduler
[2025-08-25T15:06:03.168Z] All scheduled jobs cleared
[2025-08-25T15:06:17.751Z] Starting Link Health Scheduler
[2025-08-25T15:06:17.762Z] Starting Link Health Scheduler
[2025-08-25T15:06:17.763Z] Scheduled check for homepage at Mon Aug 25 2025 12:11:17 GMT-0300 (Brasilia Standard Time)
[2025-08-25T15:06:17.764Z] Scheduled check for services at Mon Aug 25 2025 12:21:17 GMT-0300 (Brasilia Standard Time)
[2025-08-25T15:06:17.764Z] Scheduled check for about at Mon Aug 25 2025 13:06:17 GMT-0300 (Brasilia Standard Time)
[2025-08-25T15:06:17.764Z] Scheduled check for contact at Mon Aug 25 2025 12:21:17 GMT-0300 (Brasilia Standard Time)
[2025-08-25T15:06:17.765Z] Scheduled 4 links for health checks
[2025-08-25T15:07:07.848Z] Status: 4 jobs scheduled, 0 active
[2025-08-25T15:08:05.590Z] Stopping Link Health Scheduler...
[2025-08-25T15:08:05.593Z] Stopping Link Health Scheduler
[2025-08-25T15:08:05.594Z] All scheduled jobs cleared
[2025-08-25T15:08:13.122Z] Starting Link Health Scheduler
[2025-08-25T15:08:13.131Z] Starting Link Health Scheduler
[2025-08-25T15:08:13.132Z] Scheduled check for homepage at Mon Aug 25 2025 12:13:13 GMT-0300 (Brasilia Standard Time)
[2025-08-25T15:08:13.132Z] Scheduled check for services at Mon Aug 25 2025 12:23:13 GMT-0300 (Brasilia Standard Time)
[2025-08-25T15:08:13.133Z] Scheduled check for about at Mon Aug 25 2025 13:08:13 GMT-0300 (Brasilia Standard Time)
[2025-08-25T15:08:13.133Z] Scheduled check for contact at Mon Aug 25 2025 12:23:13 GMT-0300 (Brasilia Standard Time)
[2025-08-25T15:08:13.133Z] Scheduled 4 links for health checks
[2025-08-25T15:09:03.145Z] Status: 4 jobs scheduled, 0 active
[2025-08-25T15:10:03.154Z] Status: 4 jobs scheduled, 0 active
[2025-08-25T15:16:14.010Z] Starting Link Health Scheduler
[2025-08-25T15:16:14.014Z] Starting Link Health Scheduler
[2025-08-25T15:16:14.014Z] Scheduled check for homepage at Mon Aug 25 2025 12:21:14 GMT-0300 (Brasilia Standard Time)
[2025-08-25T15:16:14.014Z] Scheduled check for services at Mon Aug 25 2025 12:31:14 GMT-0300 (Brasilia Standard Time)
[2025-08-25T15:16:14.014Z] Scheduled check for about at Mon Aug 25 2025 13:16:14 GMT-0300 (Brasilia Standard Time)
[2025-08-25T15:16:14.015Z] Scheduled check for contact at Mon Aug 25 2025 12:31:14 GMT-0300 (Brasilia Standard Time)
[2025-08-25T15:16:14.015Z] Scheduled 4 links for health checks
[2025-08-25T15:17:04.020Z] Status: 4 jobs scheduled, 0 active
[2025-08-25T15:18:02.018Z] Stopping Link Health Scheduler...
[2025-08-25T15:18:02.019Z] Stopping Link Health Scheduler
[2025-08-25T15:18:02.020Z] All scheduled jobs cleared
[2025-08-25T15:18:09.132Z] Starting Link Health Scheduler
[2025-08-25T15:18:09.137Z] Starting Link Health Scheduler
[2025-08-25T15:18:09.137Z] Scheduled check for homepage at Mon Aug 25 2025 12:23:09 GMT-0300 (Brasilia Standard Time)
[2025-08-25T15:18:09.138Z] Scheduled check for services at Mon Aug 25 2025 12:33:09 GMT-0300 (Brasilia Standard Time)
[2025-08-25T15:18:09.138Z] Scheduled check for about at Mon Aug 25 2025 13:18:09 GMT-0300 (Brasilia Standard Time)
[2025-08-25T15:18:09.138Z] Scheduled check for contact at Mon Aug 25 2025 12:33:09 GMT-0300 (Brasilia Standard Time)
[2025-08-25T15:18:09.138Z] Scheduled 4 links for health checks
[2025-08-25T15:18:09.138Z] Status: 4 jobs scheduled, 0 active
[2025-08-25T15:19:09.145Z] Status: 4 jobs scheduled, 0 active
[2025-08-25T15:20:02.294Z] Stopping Link Health Scheduler...
[2025-08-25T15:20:02.297Z] Stopping Link Health Scheduler
[2025-08-25T15:20:02.298Z] All scheduled jobs cleared
[2025-08-25T15:20:14.429Z] Starting Link Health Scheduler
[2025-08-25T15:20:14.444Z] Starting Link Health Scheduler
[2025-08-25T15:20:14.446Z] Scheduled check for homepage at Mon Aug 25 2025 12:25:14 GMT-0300 (Brasilia Standard Time)
[2025-08-25T15:20:14.459Z] Scheduled check for services at Mon Aug 25 2025 12:35:14 GMT-0300 (Brasilia Standard Time)
[2025-08-25T15:20:14.459Z] Scheduled check for about at Mon Aug 25 2025 13:20:14 GMT-0300 (Brasilia Standard Time)
[2025-08-25T15:20:14.472Z] Scheduled check for contact at Mon Aug 25 2025 12:35:14 GMT-0300 (Brasilia Standard Time)
[2025-08-25T15:20:14.474Z] Scheduled 4 links for health checks
[2025-08-25T15:21:04.496Z] Status: 4 jobs scheduled, 0 active
[2025-08-25T15:22:02.292Z] Stopping Link Health Scheduler...
[2025-08-25T15:22:02.293Z] Stopping Link Health Scheduler
[2025-08-25T15:22:02.294Z] All scheduled jobs cleared
[2025-08-25T15:22:09.717Z] Starting Link Health Scheduler
[2025-08-25T15:22:09.738Z] Starting Link Health Scheduler
[2025-08-25T15:22:09.741Z] Scheduled check for homepage at Mon Aug 25 2025 12:27:09 GMT-0300 (Brasilia Standard Time)
[2025-08-25T15:22:09.743Z] Scheduled check for services at Mon Aug 25 2025 12:37:09 GMT-0300 (Brasilia Standard Time)
[2025-08-25T15:22:09.745Z] Scheduled check for about at Mon Aug 25 2025 13:22:09 GMT-0300 (Brasilia Standard Time)
[2025-08-25T15:22:09.746Z] Scheduled check for contact at Mon Aug 25 2025 12:37:09 GMT-0300 (Brasilia Standard Time)
[2025-08-25T15:22:09.747Z] Scheduled 4 links for health checks
[2025-08-25T15:22:09.748Z] Status: 4 jobs scheduled, 0 active
[2025-08-25T15:23:09.757Z] Status: 4 jobs scheduled, 0 active
[2025-08-25T15:24:02.104Z] Stopping Link Health Scheduler...
[2025-08-25T15:24:02.105Z] Stopping Link Health Scheduler
[2025-08-25T15:24:02.106Z] All scheduled jobs cleared
[2025-08-25T15:24:14.864Z] Starting Link Health Scheduler
[2025-08-25T15:24:14.870Z] Starting Link Health Scheduler
[2025-08-25T15:24:14.870Z] Scheduled check for homepage at Mon Aug 25 2025 12:29:14 GMT-0300 (Brasilia Standard Time)
[2025-08-25T15:24:14.871Z] Scheduled check for services at Mon Aug 25 2025 12:39:14 GMT-0300 (Brasilia Standard Time)
[2025-08-25T15:24:14.871Z] Scheduled check for about at Mon Aug 25 2025 13:24:14 GMT-0300 (Brasilia Standard Time)
[2025-08-25T15:24:14.871Z] Scheduled check for contact at Mon Aug 25 2025 12:39:14 GMT-0300 (Brasilia Standard Time)
[2025-08-25T15:24:14.871Z] Scheduled 4 links for health checks
[2025-08-25T15:28:15.697Z] Starting Link Health Scheduler
[2025-08-25T15:28:15.703Z] Starting Link Health Scheduler
[2025-08-25T15:28:15.704Z] Scheduled check for homepage at Mon Aug 25 2025 12:33:15 GMT-0300 (Brasilia Standard Time)
[2025-08-25T15:28:15.705Z] Scheduled check for services at Mon Aug 25 2025 12:43:15 GMT-0300 (Brasilia Standard Time)
[2025-08-25T15:28:15.705Z] Scheduled check for about at Mon Aug 25 2025 13:28:15 GMT-0300 (Brasilia Standard Time)
[2025-08-25T15:28:15.706Z] Scheduled check for contact at Mon Aug 25 2025 12:43:15 GMT-0300 (Brasilia Standard Time)
[2025-08-25T15:28:15.706Z] Scheduled 4 links for health checks
[2025-08-25T15:29:05.713Z] Status: 4 jobs scheduled, 0 active
[2025-08-25T15:30:04.150Z] Stopping Link Health Scheduler...
[2025-08-25T15:30:04.152Z] Stopping Link Health Scheduler
[2025-08-25T15:30:04.153Z] All scheduled jobs cleared
[2025-08-25T15:30:10.932Z] Starting Link Health Scheduler
[2025-08-25T15:30:10.957Z] Starting Link Health Scheduler
[2025-08-25T15:30:10.958Z] Scheduled check for homepage at Mon Aug 25 2025 12:35:10 GMT-0300 (Brasilia Standard Time)
[2025-08-25T15:30:10.958Z] Scheduled check for services at Mon Aug 25 2025 12:45:10 GMT-0300 (Brasilia Standard Time)
[2025-08-25T15:30:10.958Z] Scheduled check for about at Mon Aug 25 2025 13:30:10 GMT-0300 (Brasilia Standard Time)
[2025-08-25T15:30:10.959Z] Scheduled check for contact at Mon Aug 25 2025 12:45:10 GMT-0300 (Brasilia Standard Time)
[2025-08-25T15:30:10.959Z] Scheduled 4 links for health checks
[2025-08-25T15:31:01.057Z] Status: 4 jobs scheduled, 0 active
[2025-08-25T15:32:01.212Z] Status: 4 jobs scheduled, 0 active
[2025-08-26T03:30:17.823Z] Starting Link Health Scheduler
[2025-08-26T03:30:17.836Z] Starting Link Health Scheduler
[2025-08-26T03:30:17.840Z] Scheduled check for homepage at Tue Aug 26 2025 00:35:17 GMT-0300 (Brasilia Standard Time)
[2025-08-26T03:30:17.841Z] Scheduled check for services at Tue Aug 26 2025 00:45:17 GMT-0300 (Brasilia Standard Time)
[2025-08-26T03:30:17.841Z] Scheduled check for about at Tue Aug 26 2025 01:30:17 GMT-0300 (Brasilia Standard Time)
[2025-08-26T03:30:17.842Z] Scheduled check for contact at Tue Aug 26 2025 00:45:17 GMT-0300 (Brasilia Standard Time)
[2025-08-26T03:30:17.842Z] Scheduled 4 links for health checks
[2025-08-26T03:31:07.851Z] Status: 4 jobs scheduled, 0 active
[2025-08-26T03:32:02.115Z] Stopping Link Health Scheduler...
[2025-08-26T03:32:02.115Z] Stopping Link Health Scheduler
[2025-08-26T03:32:02.116Z] All scheduled jobs cleared
[2025-08-26T03:32:13.126Z] Starting Link Health Scheduler
[2025-08-26T03:32:13.133Z] Starting Link Health Scheduler
[2025-08-26T03:32:13.134Z] Scheduled check for homepage at Tue Aug 26 2025 00:37:13 GMT-0300 (Brasilia Standard Time)
[2025-08-26T03:32:13.135Z] Scheduled check for services at Tue Aug 26 2025 00:47:13 GMT-0300 (Brasilia Standard Time)
[2025-08-26T03:32:13.137Z] Scheduled check for about at Tue Aug 26 2025 01:32:13 GMT-0300 (Brasilia Standard Time)
[2025-08-26T03:32:13.138Z] Scheduled check for contact at Tue Aug 26 2025 00:47:13 GMT-0300 (Brasilia Standard Time)
[2025-08-26T03:32:13.139Z] Scheduled 4 links for health checks
[2025-08-26T03:33:03.162Z] Status: 4 jobs scheduled, 0 active
[2025-08-26T03:34:02.491Z] Stopping Link Health Scheduler...
[2025-08-26T03:34:02.492Z] Stopping Link Health Scheduler
[2025-08-26T03:34:02.506Z] All scheduled jobs cleared
[2025-08-26T03:34:08.380Z] Starting Link Health Scheduler
[2025-08-26T03:34:08.384Z] Starting Link Health Scheduler
[2025-08-26T03:34:08.385Z] Scheduled check for homepage at Tue Aug 26 2025 00:39:08 GMT-0300 (Brasilia Standard Time)
[2025-08-26T03:34:08.388Z] Scheduled check for services at Tue Aug 26 2025 00:49:08 GMT-0300 (Brasilia Standard Time)
[2025-08-26T03:34:08.389Z] Scheduled check for about at Tue Aug 26 2025 01:34:08 GMT-0300 (Brasilia Standard Time)
[2025-08-26T03:34:08.389Z] Scheduled check for contact at Tue Aug 26 2025 00:49:08 GMT-0300 (Brasilia Standard Time)
[2025-08-26T03:34:08.389Z] Scheduled 4 links for health checks
[2025-08-26T03:34:08.390Z] Status: 4 jobs scheduled, 0 active
[2025-08-26T03:35:08.429Z] Status: 4 jobs scheduled, 0 active
[2025-08-26T03:36:01.333Z] Stopping Link Health Scheduler...
[2025-08-26T03:36:01.333Z] Stopping Link Health Scheduler
[2025-08-26T03:36:01.335Z] All scheduled jobs cleared
[2025-08-26T03:36:13.602Z] Starting Link Health Scheduler
[2025-08-26T03:36:13.609Z] Starting Link Health Scheduler
[2025-08-26T03:36:13.610Z] Scheduled check for homepage at Tue Aug 26 2025 00:41:13 GMT-0300 (Brasilia Standard Time)
[2025-08-26T03:36:13.610Z] Scheduled check for services at Tue Aug 26 2025 00:51:13 GMT-0300 (Brasilia Standard Time)
[2025-08-26T03:36:13.610Z] Scheduled check for about at Tue Aug 26 2025 01:36:13 GMT-0300 (Brasilia Standard Time)
[2025-08-26T03:36:13.610Z] Scheduled check for contact at Tue Aug 26 2025 00:51:13 GMT-0300 (Brasilia Standard Time)
[2025-08-26T03:36:13.611Z] Scheduled 4 links for health checks
[2025-08-26T03:37:03.762Z] Status: 4 jobs scheduled, 0 active
[2025-08-26T03:38:03.468Z] Stopping Link Health Scheduler...
[2025-08-26T03:38:03.469Z] Stopping Link Health Scheduler
[2025-08-26T03:38:03.471Z] All scheduled jobs cleared
[2025-08-26T03:38:09.060Z] Starting Link Health Scheduler
[2025-08-26T03:38:09.078Z] Starting Link Health Scheduler
[2025-08-26T03:38:09.079Z] Scheduled check for homepage at Tue Aug 26 2025 00:43:09 GMT-0300 (Brasilia Standard Time)
[2025-08-26T03:38:09.079Z] Scheduled check for services at Tue Aug 26 2025 00:53:09 GMT-0300 (Brasilia Standard Time)
[2025-08-26T03:38:09.079Z] Scheduled check for about at Tue Aug 26 2025 01:38:09 GMT-0300 (Brasilia Standard Time)
[2025-08-26T03:38:09.080Z] Scheduled check for contact at Tue Aug 26 2025 00:53:09 GMT-0300 (Brasilia Standard Time)
[2025-08-26T03:38:09.080Z] Scheduled 4 links for health checks
[2025-08-26T03:38:09.080Z] Status: 4 jobs scheduled, 0 active
[2025-08-26T03:39:09.193Z] Status: 4 jobs scheduled, 0 active
[2025-08-26T03:40:02.373Z] Stopping Link Health Scheduler...
[2025-08-26T03:40:02.374Z] Stopping Link Health Scheduler
[2025-08-26T03:40:02.374Z] All scheduled jobs cleared
[2025-08-26T03:40:14.406Z] Starting Link Health Scheduler
[2025-08-26T03:40:14.442Z] Starting Link Health Scheduler
[2025-08-26T03:40:14.443Z] Scheduled check for homepage at Tue Aug 26 2025 00:45:14 GMT-0300 (Brasilia Standard Time)
[2025-08-26T03:40:14.443Z] Scheduled check for services at Tue Aug 26 2025 00:55:14 GMT-0300 (Brasilia Standard Time)
[2025-08-26T03:40:14.443Z] Scheduled check for about at Tue Aug 26 2025 01:40:14 GMT-0300 (Brasilia Standard Time)
[2025-08-26T03:40:14.443Z] Scheduled check for contact at Tue Aug 26 2025 00:55:14 GMT-0300 (Brasilia Standard Time)
[2025-08-26T03:40:14.443Z] Scheduled 4 links for health checks
[2025-08-26T03:41:04.569Z] Status: 4 jobs scheduled, 0 active
[2025-08-26T03:42:02.558Z] Stopping Link Health Scheduler...
[2025-08-26T03:42:02.559Z] Stopping Link Health Scheduler
[2025-08-26T03:42:02.560Z] All scheduled jobs cleared
[2025-08-26T03:42:09.791Z] Starting Link Health Scheduler
[2025-08-26T03:42:09.795Z] Starting Link Health Scheduler
[2025-08-26T03:42:09.795Z] Scheduled check for homepage at Tue Aug 26 2025 00:47:09 GMT-0300 (Brasilia Standard Time)
[2025-08-26T03:42:09.795Z] Scheduled check for services at Tue Aug 26 2025 00:57:09 GMT-0300 (Brasilia Standard Time)
[2025-08-26T03:42:09.796Z] Scheduled check for about at Tue Aug 26 2025 01:42:09 GMT-0300 (Brasilia Standard Time)
[2025-08-26T03:42:09.796Z] Scheduled check for contact at Tue Aug 26 2025 00:57:09 GMT-0300 (Brasilia Standard Time)
[2025-08-26T03:42:09.796Z] Scheduled 4 links for health checks
[2025-08-26T03:42:09.796Z] Status: 4 jobs scheduled, 0 active
[2025-08-26T03:43:09.812Z] Status: 4 jobs scheduled, 0 active
[2025-08-26T03:44:01.439Z] Stopping Link Health Scheduler...
[2025-08-26T03:44:01.440Z] Stopping Link Health Scheduler
[2025-08-26T03:44:01.440Z] All scheduled jobs cleared
[2025-08-26T03:48:15.198Z] Starting Link Health Scheduler
[2025-08-26T03:48:15.206Z] Starting Link Health Scheduler
[2025-08-26T03:48:15.207Z] Scheduled check for homepage at Tue Aug 26 2025 00:53:15 GMT-0300 (Brasilia Standard Time)
[2025-08-26T03:48:15.207Z] Scheduled check for services at Tue Aug 26 2025 01:03:15 GMT-0300 (Brasilia Standard Time)
[2025-08-26T03:48:15.207Z] Scheduled check for about at Tue Aug 26 2025 01:48:15 GMT-0300 (Brasilia Standard Time)
[2025-08-26T03:48:15.207Z] Scheduled check for contact at Tue Aug 26 2025 01:03:15 GMT-0300 (Brasilia Standard Time)
[2025-08-26T03:48:15.208Z] Scheduled 4 links for health checks
[2025-08-26T03:49:05.221Z] Status: 4 jobs scheduled, 0 active
[2025-08-26T03:50:01.999Z] Stopping Link Health Scheduler...
[2025-08-26T03:50:02.000Z] Stopping Link Health Scheduler
[2025-08-26T03:50:02.002Z] All scheduled jobs cleared
[2025-08-26T03:50:10.399Z] Starting Link Health Scheduler
[2025-08-26T03:50:10.409Z] Starting Link Health Scheduler
[2025-08-26T03:50:10.409Z] Scheduled check for homepage at Tue Aug 26 2025 00:55:10 GMT-0300 (Brasilia Standard Time)
[2025-08-26T03:50:10.409Z] Scheduled check for services at Tue Aug 26 2025 01:05:10 GMT-0300 (Brasilia Standard Time)
[2025-08-26T03:50:10.410Z] Scheduled check for about at Tue Aug 26 2025 01:50:10 GMT-0300 (Brasilia Standard Time)
[2025-08-26T03:50:10.410Z] Scheduled check for contact at Tue Aug 26 2025 01:05:10 GMT-0300 (Brasilia Standard Time)
[2025-08-26T03:50:10.410Z] Scheduled 4 links for health checks
[2025-08-26T03:51:00.415Z] Status: 4 jobs scheduled, 0 active
[2025-08-26T03:52:00.429Z] Status: 4 jobs scheduled, 0 active
[2025-08-26T03:52:01.278Z] Stopping Link Health Scheduler...
[2025-08-26T03:52:01.279Z] Stopping Link Health Scheduler
[2025-08-26T03:52:01.279Z] All scheduled jobs cleared
[2025-08-26T03:52:15.533Z] Starting Link Health Scheduler
[2025-08-26T03:52:15.538Z] Starting Link Health Scheduler
[2025-08-26T03:52:15.538Z] Scheduled check for homepage at Tue Aug 26 2025 00:57:15 GMT-0300 (Brasilia Standard Time)
[2025-08-26T03:52:15.538Z] Scheduled check for services at Tue Aug 26 2025 01:07:15 GMT-0300 (Brasilia Standard Time)
[2025-08-26T03:52:15.539Z] Scheduled check for about at Tue Aug 26 2025 01:52:15 GMT-0300 (Brasilia Standard Time)
[2025-08-26T03:52:15.539Z] Scheduled check for contact at Tue Aug 26 2025 01:07:15 GMT-0300 (Brasilia Standard Time)
[2025-08-26T03:52:15.539Z] Scheduled 4 links for health checks
[2025-08-26T03:53:05.547Z] Status: 4 jobs scheduled, 0 active
[2025-08-26T03:54:01.628Z] Stopping Link Health Scheduler...
[2025-08-26T03:54:01.628Z] Stopping Link Health Scheduler
[2025-08-26T03:54:01.629Z] All scheduled jobs cleared
[2025-08-26T03:54:10.660Z] Starting Link Health Scheduler
[2025-08-26T03:54:10.664Z] Starting Link Health Scheduler
[2025-08-26T03:54:10.664Z] Scheduled check for homepage at Tue Aug 26 2025 00:59:10 GMT-0300 (Brasilia Standard Time)
[2025-08-26T03:54:10.664Z] Scheduled check for services at Tue Aug 26 2025 01:09:10 GMT-0300 (Brasilia Standard Time)
[2025-08-26T03:54:10.665Z] Scheduled check for about at Tue Aug 26 2025 01:54:10 GMT-0300 (Brasilia Standard Time)
[2025-08-26T03:54:10.665Z] Scheduled check for contact at Tue Aug 26 2025 01:09:10 GMT-0300 (Brasilia Standard Time)
[2025-08-26T03:54:10.665Z] Scheduled 4 links for health checks
[2025-08-26T03:55:00.829Z] Status: 4 jobs scheduled, 0 active
[2025-08-26T03:56:00.835Z] Status: 4 jobs scheduled, 0 active
[2025-08-26T03:56:02.282Z] Stopping Link Health Scheduler...
[2025-08-26T03:56:02.574Z] Stopping Link Health Scheduler
[2025-08-26T03:56:02.576Z] All scheduled jobs cleared
[2025-08-26T03:56:15.974Z] Starting Link Health Scheduler
[2025-08-26T03:56:15.978Z] Starting Link Health Scheduler
[2025-08-26T03:56:15.979Z] Scheduled check for homepage at Tue Aug 26 2025 01:01:15 GMT-0300 (Brasilia Standard Time)
[2025-08-26T03:56:15.979Z] Scheduled check for services at Tue Aug 26 2025 01:11:15 GMT-0300 (Brasilia Standard Time)
[2025-08-26T03:56:15.979Z] Scheduled check for about at Tue Aug 26 2025 01:56:15 GMT-0300 (Brasilia Standard Time)
[2025-08-26T03:56:15.980Z] Scheduled check for contact at Tue Aug 26 2025 01:11:15 GMT-0300 (Brasilia Standard Time)
[2025-08-26T03:56:15.980Z] Scheduled 4 links for health checks
[2025-08-26T03:57:05.984Z] Status: 4 jobs scheduled, 0 active
[2025-08-26T03:58:01.081Z] Stopping Link Health Scheduler...
[2025-08-26T03:58:01.082Z] Stopping Link Health Scheduler
[2025-08-26T03:58:01.082Z] All scheduled jobs cleared
[2025-08-26T03:58:11.087Z] Starting Link Health Scheduler
[2025-08-26T03:58:11.092Z] Starting Link Health Scheduler
[2025-08-26T03:58:11.092Z] Scheduled check for homepage at Tue Aug 26 2025 01:03:11 GMT-0300 (Brasilia Standard Time)
[2025-08-26T03:58:11.093Z] Scheduled check for services at Tue Aug 26 2025 01:13:11 GMT-0300 (Brasilia Standard Time)
[2025-08-26T03:58:11.093Z] Scheduled check for about at Tue Aug 26 2025 01:58:11 GMT-0300 (Brasilia Standard Time)
[2025-08-26T03:58:11.093Z] Scheduled check for contact at Tue Aug 26 2025 01:13:11 GMT-0300 (Brasilia Standard Time)
[2025-08-26T03:58:11.093Z] Scheduled 4 links for health checks
[2025-08-26T03:59:01.100Z] Status: 4 jobs scheduled, 0 active
[2025-08-26T04:00:01.106Z] Status: 4 jobs scheduled, 0 active
[2025-08-26T04:00:02.159Z] Stopping Link Health Scheduler...
[2025-08-26T04:00:02.159Z] Stopping Link Health Scheduler
[2025-08-26T04:00:02.161Z] All scheduled jobs cleared
[2025-08-26T04:00:16.203Z] Starting Link Health Scheduler
[2025-08-26T04:00:16.209Z] Starting Link Health Scheduler
[2025-08-26T04:00:16.210Z] Scheduled check for homepage at Tue Aug 26 2025 01:05:16 GMT-0300 (Brasilia Standard Time)
[2025-08-26T04:00:16.210Z] Scheduled check for services at Tue Aug 26 2025 01:15:16 GMT-0300 (Brasilia Standard Time)
[2025-08-26T04:00:16.210Z] Scheduled check for about at Tue Aug 26 2025 02:00:16 GMT-0300 (Brasilia Standard Time)
[2025-08-26T04:00:16.210Z] Scheduled check for contact at Tue Aug 26 2025 01:15:16 GMT-0300 (Brasilia Standard Time)
[2025-08-26T04:00:16.210Z] Scheduled 4 links for health checks
[2025-08-26T04:01:06.213Z] Status: 4 jobs scheduled, 0 active
[2025-08-26T04:02:02.042Z] Stopping Link Health Scheduler...
[2025-08-26T04:02:02.043Z] Stopping Link Health Scheduler
[2025-08-26T04:02:02.043Z] All scheduled jobs cleared
[2025-08-26T04:02:11.324Z] Starting Link Health Scheduler
[2025-08-26T04:02:11.329Z] Starting Link Health Scheduler
[2025-08-26T04:02:11.330Z] Scheduled check for homepage at Tue Aug 26 2025 01:07:11 GMT-0300 (Brasilia Standard Time)
[2025-08-26T04:02:11.330Z] Scheduled check for services at Tue Aug 26 2025 01:17:11 GMT-0300 (Brasilia Standard Time)
[2025-08-26T04:02:11.330Z] Scheduled check for about at Tue Aug 26 2025 02:02:11 GMT-0300 (Brasilia Standard Time)
[2025-08-26T04:02:11.331Z] Scheduled check for contact at Tue Aug 26 2025 01:17:11 GMT-0300 (Brasilia Standard Time)
[2025-08-26T04:02:11.331Z] Scheduled 4 links for health checks
[2025-08-26T04:17:27.885Z] Executing health check for homepage (https://ziontechgroup.com)
[2025-08-26T04:17:27.893Z] Executing health check for services (https://ziontechgroup.com/services)
[2025-08-26T04:17:27.893Z] Executing health check for contact (https://ziontechgroup.com/contact)
[2025-08-26T04:17:29.325Z] Health check completed for homepage: Score 100
[2025-08-26T04:17:29.325Z] Scheduled check for homepage at Tue Aug 26 2025 01:22:27 GMT-0300 (Brasilia Standard Time)
[2025-08-26T04:17:29.758Z] Health check completed for contact: Score 100
[2025-08-26T04:17:29.759Z] Scheduled check for contact at Tue Aug 26 2025 01:32:27 GMT-0300 (Brasilia Standard Time)
[2025-08-26T04:17:29.911Z] Health check completed for services: Score 90
[2025-08-26T04:17:29.912Z] Scheduled check for services at Tue Aug 26 2025 01:32:27 GMT-0300 (Brasilia Standard Time)
[2025-08-26T04:18:03.096Z] Stopping Link Health Scheduler...
[2025-08-26T04:18:03.097Z] Stopping Link Health Scheduler
[2025-08-26T04:18:03.098Z] All scheduled jobs cleared
[2025-08-26T04:18:13.194Z] Starting Link Health Scheduler
[2025-08-26T04:18:13.207Z] Starting Link Health Scheduler
[2025-08-26T04:18:13.208Z] Scheduled 4 links for health checks
[2025-08-26T04:20:00.043Z] Status: 0 jobs scheduled, 0 active
[2025-08-26T04:20:21.186Z] Stopping Link Health Scheduler...
[2025-08-26T04:20:21.188Z] Stopping Link Health Scheduler
[2025-08-26T04:20:21.188Z] All scheduled jobs cleared
[2025-08-26T04:35:32.555Z] Starting Link Health Scheduler
[2025-08-26T04:35:32.562Z] Starting Link Health Scheduler
[2025-08-26T04:35:32.562Z] Scheduled 4 links for health checks
[2025-08-26T04:36:02.562Z] Status: 0 jobs scheduled, 0 active
[2025-08-26T04:36:04.055Z] Stopping Link Health Scheduler...
[2025-08-26T04:36:04.057Z] Stopping Link Health Scheduler
[2025-08-26T04:36:04.057Z] All scheduled jobs cleared
[2025-08-26T04:36:17.973Z] Starting Link Health Scheduler
[2025-08-26T04:36:17.987Z] Starting Link Health Scheduler
[2025-08-26T04:36:17.987Z] Scheduled 4 links for health checks
[2025-08-26T04:37:07.993Z] Status: 0 jobs scheduled, 0 active
[2025-08-26T04:38:03.738Z] Stopping Link Health Scheduler...
[2025-08-26T04:38:03.739Z] Stopping Link Health Scheduler
[2025-08-26T04:38:03.740Z] All scheduled jobs cleared
[2025-08-26T04:38:13.234Z] Starting Link Health Scheduler
[2025-08-26T04:38:13.246Z] Starting Link Health Scheduler
[2025-08-26T04:38:13.246Z] Scheduled 4 links for health checks
[2025-08-26T04:39:03.253Z] Status: 0 jobs scheduled, 0 active
[2025-08-26T04:40:03.265Z] Status: 0 jobs scheduled, 0 active
[2025-08-26T04:40:03.819Z] Stopping Link Health Scheduler...
[2025-08-26T04:40:03.821Z] Stopping Link Health Scheduler
[2025-08-26T04:40:03.822Z] All scheduled jobs cleared
[2025-08-26T04:40:18.536Z] Starting Link Health Scheduler
[2025-08-26T04:40:18.550Z] Starting Link Health Scheduler
[2025-08-26T04:40:18.550Z] Scheduled 4 links for health checks
[2025-08-26T04:41:08.562Z] Status: 0 jobs scheduled, 0 active
[2025-08-26T04:57:09.146Z] Status: 0 jobs scheduled, 0 active
[2025-08-26T05:13:02.716Z] Status: 0 jobs scheduled, 0 active
[2025-08-26T05:14:02.726Z] Status: 0 jobs scheduled, 0 active
[2025-08-26T05:14:03.298Z] Stopping Link Health Scheduler...
[2025-08-26T05:14:03.299Z] Stopping Link Health Scheduler
[2025-08-26T05:14:03.301Z] All scheduled jobs cleared
[2025-08-26T05:14:17.956Z] Starting Link Health Scheduler
[2025-08-26T05:14:17.968Z] Starting Link Health Scheduler
[2025-08-26T05:14:17.969Z] Scheduled 4 links for health checks
[2025-08-26T05:15:07.976Z] Status: 0 jobs scheduled, 0 active
[2025-08-26T05:16:03.588Z] Stopping Link Health Scheduler...
[2025-08-26T05:16:03.590Z] Stopping Link Health Scheduler
[2025-08-26T05:16:03.590Z] All scheduled jobs cleared
[2025-08-26T05:16:13.222Z] Starting Link Health Scheduler
[2025-08-26T05:16:13.235Z] Starting Link Health Scheduler
[2025-08-26T05:16:13.235Z] Scheduled 4 links for health checks
[2025-08-26T05:17:03.246Z] Status: 0 jobs scheduled, 0 active
[2025-08-26T05:18:02.924Z] Stopping Link Health Scheduler...
[2025-08-26T05:18:02.925Z] Stopping Link Health Scheduler
[2025-08-26T05:18:02.925Z] All scheduled jobs cleared
[2025-08-26T05:18:08.607Z] Starting Link Health Scheduler
[2025-08-26T05:18:08.620Z] Starting Link Health Scheduler
[2025-08-26T05:18:08.620Z] Scheduled 4 links for health checks
[2025-08-26T05:18:08.621Z] Status: 0 jobs scheduled, 0 active
[2025-08-26T05:19:08.627Z] Status: 0 jobs scheduled, 0 active
[2025-08-26T05:20:03.544Z] Stopping Link Health Scheduler...
[2025-08-26T05:20:03.545Z] Stopping Link Health Scheduler
[2025-08-26T05:20:03.546Z] All scheduled jobs cleared
[2025-08-26T05:20:13.941Z] Starting Link Health Scheduler
[2025-08-26T05:20:13.953Z] Starting Link Health Scheduler
[2025-08-26T05:20:13.953Z] Scheduled 4 links for health checks
[2025-08-26T05:21:03.961Z] Status: 0 jobs scheduled, 0 active
[2025-08-26T05:22:02.975Z] Stopping Link Health Scheduler...
[2025-08-26T05:22:02.976Z] Stopping Link Health Scheduler
[2025-08-26T05:22:02.976Z] All scheduled jobs cleared
[2025-08-26T05:22:09.212Z] Starting Link Health Scheduler
[2025-08-26T05:22:09.225Z] Starting Link Health Scheduler
[2025-08-26T05:22:09.225Z] Scheduled 4 links for health checks
[2025-08-26T05:22:09.226Z] Status: 0 jobs scheduled, 0 active
[2025-08-26T05:53:07.079Z] Status: 0 jobs scheduled, 0 active
[2025-08-26T06:03:02.953Z] Status: 0 jobs scheduled, 0 active
[2025-08-26T06:03:07.126Z] Stopping Link Health Scheduler...
[2025-08-26T06:03:07.127Z] Stopping Link Health Scheduler
[2025-08-26T06:03:07.127Z] All scheduled jobs cleared
[2025-08-26T06:03:18.341Z] Starting Link Health Scheduler
[2025-08-26T06:03:18.354Z] Starting Link Health Scheduler
[2025-08-26T06:03:18.354Z] Scheduled 4 links for health checks
[2025-08-26T06:04:02.951Z] Stopping Link Health Scheduler...
[2025-08-26T06:04:02.954Z] Stopping Link Health Scheduler
[2025-08-26T06:04:02.955Z] All scheduled jobs cleared
[2025-08-26T06:04:13.608Z] Starting Link Health Scheduler
[2025-08-26T06:04:13.620Z] Starting Link Health Scheduler
[2025-08-26T06:04:13.621Z] Scheduled 4 links for health checks
[2025-08-26T06:21:00.481Z] Status: 0 jobs scheduled, 0 active
[2025-08-26T06:37:07.822Z] Status: 0 jobs scheduled, 0 active
[2025-08-26T06:54:35.437Z] Stopping Link Health Scheduler...
[2025-08-26T06:54:35.438Z] Stopping Link Health Scheduler
[2025-08-26T06:54:35.438Z] All scheduled jobs cleared
[2025-08-26T06:54:50.702Z] Starting Link Health Scheduler
[2025-08-26T06:54:50.717Z] Starting Link Health Scheduler
[2025-08-26T06:54:50.718Z] Scheduled 4 links for health checks
[2025-08-26T06:55:00.723Z] Status: 0 jobs scheduled, 0 active
[2025-08-26T07:04:06.513Z] Status: 0 jobs scheduled, 0 active
[2025-08-26T07:04:14.397Z] Stopping Link Health Scheduler...
[2025-08-26T07:04:14.398Z] Stopping Link Health Scheduler
[2025-08-26T07:04:14.399Z] All scheduled jobs cleared
[2025-08-26T07:04:22.183Z] Starting Link Health Scheduler
[2025-08-26T07:04:22.253Z] Starting Link Health Scheduler
[2025-08-26T07:04:22.254Z] Scheduled 4 links for health checks
[2025-08-26T07:38:02.876Z] Stopping Link Health Scheduler...
[2025-08-26T07:38:02.877Z] Stopping Link Health Scheduler
[2025-08-26T07:38:02.877Z] All scheduled jobs cleared
[2025-08-26T07:38:12.074Z] Starting Link Health Scheduler
[2025-08-26T07:38:12.085Z] Starting Link Health Scheduler
[2025-08-26T07:38:12.086Z] Scheduled 4 links for health checks
[2025-08-26T07:56:05.870Z] Status: 0 jobs scheduled, 0 active
[2025-08-26T08:03:28.718Z] Stopping Link Health Scheduler...
[2025-08-26T08:03:28.718Z] Stopping Link Health Scheduler
[2025-08-26T08:03:28.719Z] All scheduled jobs cleared
[2025-08-26T08:03:40.916Z] Starting Link Health Scheduler
[2025-08-26T08:03:40.928Z] Starting Link Health Scheduler
[2025-08-26T08:03:40.928Z] Scheduled 4 links for health checks
[2025-08-26T08:04:00.930Z] Status: 0 jobs scheduled, 0 active
[2025-08-26T08:04:03.778Z] Stopping Link Health Scheduler...
[2025-08-26T08:04:03.779Z] Stopping Link Health Scheduler
[2025-08-26T08:04:03.780Z] All scheduled jobs cleared
[2025-08-26T08:21:31.152Z] Starting Link Health Scheduler
[2025-08-26T08:21:31.158Z] Starting Link Health Scheduler
[2025-08-26T08:21:31.158Z] Scheduled 4 links for health checks
[2025-08-26T08:22:01.157Z] Status: 0 jobs scheduled, 0 active
[2025-08-26T08:22:03.213Z] Stopping Link Health Scheduler...
[2025-08-26T08:22:03.214Z] Stopping Link Health Scheduler
[2025-08-26T08:22:03.215Z] All scheduled jobs cleared
[2025-08-26T08:22:16.575Z] Starting Link Health Scheduler
[2025-08-26T08:22:16.586Z] Starting Link Health Scheduler
[2025-08-26T08:22:16.587Z] Scheduled 4 links for health checks
[2025-08-26T08:39:04.370Z] Status: 0 jobs scheduled, 0 active
[2025-08-26T08:57:00.064Z] Status: 0 jobs scheduled, 0 active
[2025-08-26T09:05:05.841Z] Status: 0 jobs scheduled, 0 active
[2025-08-26T09:22:01.526Z] Status: 0 jobs scheduled, 0 active
[2025-08-26T09:22:03.311Z] Stopping Link Health Scheduler...
[2025-08-26T09:22:03.312Z] Stopping Link Health Scheduler
[2025-08-26T09:22:03.314Z] All scheduled jobs cleared
[2025-08-26T09:22:16.762Z] Starting Link Health Scheduler
[2025-08-26T09:22:16.774Z] Starting Link Health Scheduler
[2025-08-26T09:22:16.776Z] Scheduled 4 links for health checks
[2025-08-26T09:33:04.979Z] Status: 0 jobs scheduled, 0 active
[2025-08-26T09:34:00.912Z] Stopping Link Health Scheduler...
[2025-08-26T09:34:00.912Z] Stopping Link Health Scheduler
[2025-08-26T09:34:00.913Z] All scheduled jobs cleared
[2025-08-26T09:34:10.056Z] Starting Link Health Scheduler
[2025-08-26T09:34:10.060Z] Starting Link Health Scheduler
[2025-08-26T09:34:10.060Z] Scheduled 4 links for health checks
[2025-08-26T09:35:00.059Z] Status: 0 jobs scheduled, 0 active
[2025-08-26T09:36:00.059Z] Status: 0 jobs scheduled, 0 active
[2025-08-26T09:36:01.301Z] Stopping Link Health Scheduler...
[2025-08-26T09:36:01.302Z] Stopping Link Health Scheduler
[2025-08-26T09:36:01.302Z] All scheduled jobs cleared
[2025-08-26T09:36:15.132Z] Starting Link Health Scheduler
[2025-08-26T09:36:15.136Z] Starting Link Health Scheduler
[2025-08-26T09:36:15.136Z] Scheduled 4 links for health checks
[2025-08-26T09:37:05.263Z] Status: 0 jobs scheduled, 0 active
[2025-08-26T09:38:01.748Z] Stopping Link Health Scheduler...
[2025-08-26T09:38:01.749Z] Stopping Link Health Scheduler
[2025-08-26T09:38:01.749Z] All scheduled jobs cleared
[2025-08-26T09:38:10.380Z] Starting Link Health Scheduler
[2025-08-26T09:38:10.385Z] Starting Link Health Scheduler
[2025-08-26T09:38:10.385Z] Scheduled 4 links for health checks
[2025-08-26T09:41:20.652Z] Stopping Link Health Scheduler...
[2025-08-26T09:41:20.652Z] Stopping Link Health Scheduler
[2025-08-26T09:41:20.653Z] All scheduled jobs cleared
[2025-08-26T09:41:31.450Z] Starting Link Health Scheduler
[2025-08-26T09:41:31.454Z] Starting Link Health Scheduler
[2025-08-26T09:41:31.454Z] Scheduled 4 links for health checks
[2025-08-26T09:42:01.459Z] Status: 0 jobs scheduled, 0 active
[2025-08-26T09:42:01.486Z] Stopping Link Health Scheduler...
[2025-08-26T09:42:01.487Z] Stopping Link Health Scheduler
[2025-08-26T09:42:01.487Z] All scheduled jobs cleared
[2025-08-26T09:42:16.535Z] Starting Link Health Scheduler
[2025-08-26T09:42:16.539Z] Starting Link Health Scheduler
[2025-08-26T09:42:16.539Z] Scheduled 4 links for health checks
[2025-08-26T09:43:06.544Z] Status: 0 jobs scheduled, 0 active
[2025-08-26T09:44:01.814Z] Stopping Link Health Scheduler...
[2025-08-26T09:44:01.815Z] Stopping Link Health Scheduler
[2025-08-26T09:44:01.815Z] All scheduled jobs cleared
[2025-08-26T09:44:11.625Z] Starting Link Health Scheduler
[2025-08-26T09:44:11.629Z] Starting Link Health Scheduler
[2025-08-26T09:44:11.629Z] Scheduled 4 links for health checks
[2025-08-26T09:45:01.633Z] Status: 0 jobs scheduled, 0 active
[2025-08-26T09:46:01.652Z] Status: 0 jobs scheduled, 0 active
[2025-08-26T10:00:14.168Z] Starting Link Health Scheduler
[2025-08-26T10:00:14.174Z] Starting Link Health Scheduler
[2025-08-26T10:00:14.174Z] Scheduled 4 links for health checks
[2025-08-26T10:01:04.177Z] Status: 0 jobs scheduled, 0 active
[2025-08-26T10:02:01.316Z] Stopping Link Health Scheduler...
[2025-08-26T10:02:01.317Z] Stopping Link Health Scheduler
[2025-08-26T10:02:01.317Z] All scheduled jobs cleared
[2025-08-26T10:02:09.248Z] Starting Link Health Scheduler
[2025-08-26T10:02:09.251Z] Starting Link Health Scheduler
[2025-08-26T10:02:09.252Z] Scheduled 4 links for health checks
[2025-08-26T10:02:09.252Z] Status: 0 jobs scheduled, 0 active
[2025-08-26T10:03:09.254Z] Status: 0 jobs scheduled, 0 active
[2025-08-26T10:04:02.884Z] Stopping Link Health Scheduler...
[2025-08-26T10:04:02.884Z] Stopping Link Health Scheduler
[2025-08-26T10:04:02.884Z] All scheduled jobs cleared
[2025-08-26T10:04:14.357Z] Starting Link Health Scheduler
[2025-08-26T10:04:14.362Z] Starting Link Health Scheduler
[2025-08-26T10:04:14.363Z] Scheduled 4 links for health checks
[2025-08-26T10:05:04.366Z] Status: 0 jobs scheduled, 0 active
[2025-08-26T10:06:02.012Z] Stopping Link Health Scheduler...
[2025-08-26T10:06:02.012Z] Stopping Link Health Scheduler
[2025-08-26T10:06:02.012Z] All scheduled jobs cleared
[2025-08-26T10:06:09.462Z] Starting Link Health Scheduler
[2025-08-26T10:06:09.467Z] Starting Link Health Scheduler
[2025-08-26T10:06:09.467Z] Scheduled 4 links for health checks
[2025-08-26T10:06:09.468Z] Status: 0 jobs scheduled, 0 active
[2025-08-26T10:07:09.470Z] Status: 0 jobs scheduled, 0 active
[2025-08-26T10:08:01.978Z] Stopping Link Health Scheduler...
[2025-08-26T10:08:01.978Z] Stopping Link Health Scheduler
[2025-08-26T10:08:01.979Z] All scheduled jobs cleared
[2025-08-26T10:10:09.649Z] Starting Link Health Scheduler
[2025-08-26T10:10:09.654Z] Starting Link Health Scheduler
[2025-08-26T10:10:09.654Z] Scheduled 4 links for health checks
[2025-08-26T10:10:09.654Z] Status: 0 jobs scheduled, 0 active
[2025-08-26T10:16:33.601Z] Stopping Link Health Scheduler...
[2025-08-26T10:16:33.602Z] Stopping Link Health Scheduler
[2025-08-26T10:16:33.602Z] All scheduled jobs cleared
[2025-08-26T10:16:45.080Z] Starting Link Health Scheduler
[2025-08-26T10:16:45.087Z] Starting Link Health Scheduler
[2025-08-26T10:16:45.088Z] Scheduled 4 links for health checks
[2025-08-26T10:17:05.094Z] Status: 0 jobs scheduled, 0 active
[2025-08-26T10:18:00.991Z] Stopping Link Health Scheduler...
[2025-08-26T10:18:00.991Z] Stopping Link Health Scheduler
[2025-08-26T10:18:00.992Z] All scheduled jobs cleared
[2025-08-26T10:18:10.338Z] Starting Link Health Scheduler
[2025-08-26T10:18:10.343Z] Starting Link Health Scheduler
[2025-08-26T10:18:10.343Z] Scheduled 4 links for health checks
[2025-08-26T10:19:00.344Z] Status: 0 jobs scheduled, 0 active
[2025-08-26T10:20:00.364Z] Status: 0 jobs scheduled, 0 active
[2025-08-26T10:20:02.009Z] Stopping Link Health Scheduler...
[2025-08-26T10:20:02.010Z] Stopping Link Health Scheduler
[2025-08-26T10:20:02.011Z] All scheduled jobs cleared
[2025-08-26T10:20:15.449Z] Starting Link Health Scheduler
[2025-08-26T10:20:15.454Z] Starting Link Health Scheduler
[2025-08-26T10:20:15.455Z] Scheduled 4 links for health checks
[2025-08-26T10:21:05.457Z] Status: 0 jobs scheduled, 0 active
[2025-08-26T10:22:01.081Z] Stopping Link Health Scheduler...
[2025-08-26T10:22:01.081Z] Stopping Link Health Scheduler
[2025-08-26T10:22:01.082Z] All scheduled jobs cleared
[2025-08-26T10:22:10.553Z] Starting Link Health Scheduler
[2025-08-26T10:22:10.558Z] Starting Link Health Scheduler
[2025-08-26T10:22:10.559Z] Scheduled 4 links for health checks
[2025-08-26T10:55:20.788Z] Stopping Link Health Scheduler...
[2025-08-26T10:55:20.789Z] Stopping Link Health Scheduler
[2025-08-26T10:55:20.789Z] All scheduled jobs cleared
[2025-08-26T10:55:32.323Z] Starting Link Health Scheduler
[2025-08-26T10:55:32.327Z] Starting Link Health Scheduler
[2025-08-26T10:55:32.327Z] Scheduled 4 links for health checks
[2025-08-26T10:56:01.881Z] Stopping Link Health Scheduler...
[2025-08-26T10:56:01.882Z] Stopping Link Health Scheduler
[2025-08-26T10:56:01.882Z] All scheduled jobs cleared
[2025-08-26T10:56:07.409Z] Starting Link Health Scheduler
[2025-08-26T10:56:07.413Z] Starting Link Health Scheduler
[2025-08-26T10:56:07.414Z] Scheduled 4 links for health checks
[2025-08-26T10:56:07.414Z] Status: 0 jobs scheduled, 0 active
[2025-08-26T10:57:07.418Z] Status: 0 jobs scheduled, 0 active
[2025-08-26T10:58:01.533Z] Stopping Link Health Scheduler...
[2025-08-26T10:58:01.534Z] Stopping Link Health Scheduler
[2025-08-26T10:58:01.534Z] All scheduled jobs cleared
[2025-08-26T10:58:12.509Z] Starting Link Health Scheduler
[2025-08-26T10:58:12.513Z] Starting Link Health Scheduler
[2025-08-26T10:58:12.514Z] Scheduled 4 links for health checks
[2025-08-26T10:59:02.518Z] Status: 0 jobs scheduled, 0 active
[2025-08-26T11:00:02.497Z] Stopping Link Health Scheduler...
[2025-08-26T11:00:02.498Z] Stopping Link Health Scheduler
[2025-08-26T11:00:02.498Z] All scheduled jobs cleared
[2025-08-26T11:04:07.965Z] Starting Link Health Scheduler
[2025-08-26T11:04:07.969Z] Starting Link Health Scheduler
[2025-08-26T11:04:07.969Z] Scheduled 4 links for health checks
[2025-08-26T11:04:07.970Z] Status: 0 jobs scheduled, 0 active
[2025-08-26T11:05:07.975Z] Status: 0 jobs scheduled, 0 active
[2025-08-26T11:06:01.236Z] Stopping Link Health Scheduler...
[2025-08-26T11:06:01.236Z] Stopping Link Health Scheduler
[2025-08-26T11:06:01.237Z] All scheduled jobs cleared
[2025-08-26T11:06:13.122Z] Starting Link Health Scheduler
[2025-08-26T11:06:13.128Z] Starting Link Health Scheduler
[2025-08-26T11:06:13.129Z] Scheduled 4 links for health checks
[2025-08-26T11:12:00.043Z] Stopping Link Health Scheduler...
[2025-08-26T11:12:00.044Z] Stopping Link Health Scheduler
[2025-08-26T11:12:00.044Z] All scheduled jobs cleared
[2025-08-26T11:12:04.502Z] Stopping Link Health Scheduler...
[2025-08-26T11:12:04.502Z] Scheduler is not running
[2025-08-26T11:12:11.109Z] Starting Link Health Scheduler
[2025-08-26T11:12:11.128Z] Starting Link Health Scheduler
[2025-08-26T11:12:11.129Z] Scheduled 4 links for health checks
[2025-08-26T11:37:04.917Z] Status: 0 jobs scheduled, 0 active
[2025-08-26T11:52:01.263Z] Status: 0 jobs scheduled, 0 active
[2025-08-26T11:53:01.278Z] Status: 0 jobs scheduled, 0 active
[2025-08-26T11:54:01.129Z] Stopping Link Health Scheduler...
[2025-08-26T11:54:01.129Z] Stopping Link Health Scheduler
[2025-08-26T11:54:01.131Z] All scheduled jobs cleared
[2025-08-26T11:54:06.383Z] Starting Link Health Scheduler
[2025-08-26T11:54:06.388Z] Starting Link Health Scheduler
[2025-08-26T11:54:06.388Z] Scheduled 4 links for health checks
[2025-08-26T11:54:06.389Z] Status: 0 jobs scheduled, 0 active
[2025-08-26T11:55:06.396Z] Status: 0 jobs scheduled, 0 active
[2025-08-26T11:56:01.070Z] Stopping Link Health Scheduler...
[2025-08-26T11:56:01.071Z] Stopping Link Health Scheduler
[2025-08-26T11:56:01.072Z] All scheduled jobs cleared
[2025-08-26T11:56:11.507Z] Starting Link Health Scheduler
[2025-08-26T11:56:11.511Z] Starting Link Health Scheduler
[2025-08-26T11:56:11.511Z] Scheduled 4 links for health checks
[2025-08-26T12:19:08.787Z] Status: 0 jobs scheduled, 0 active
[2025-08-26T12:20:02.087Z] Stopping Link Health Scheduler...
[2025-08-26T12:20:02.088Z] Stopping Link Health Scheduler
[2025-08-26T12:20:02.088Z] All scheduled jobs cleared
[2025-08-26T12:20:13.868Z] Starting Link Health Scheduler
[2025-08-26T12:20:13.872Z] Starting Link Health Scheduler
[2025-08-26T12:20:13.872Z] Scheduled 4 links for health checks
[2025-08-26T12:21:03.893Z] Status: 0 jobs scheduled, 0 active
[2025-08-26T12:22:01.590Z] Stopping Link Health Scheduler...
[2025-08-26T12:22:01.590Z] Stopping Link Health Scheduler
[2025-08-26T12:22:01.591Z] All scheduled jobs cleared
[2025-08-26T12:22:08.987Z] Starting Link Health Scheduler
[2025-08-26T12:22:08.992Z] Starting Link Health Scheduler
[2025-08-26T12:22:08.992Z] Scheduled 4 links for health checks
[2025-08-26T12:22:08.992Z] Status: 0 jobs scheduled, 0 active
[2025-08-26T12:23:08.993Z] Status: 0 jobs scheduled, 0 active
