[2025-08-25T13:50:00.809Z] Starting link health scheduler
[2025-08-25T13:50:00.814Z] schedule: link-health-check (placeholder)
[2025-08-25T13:52:11.183Z] Stopping link health scheduler...
[2025-08-25T13:52:16.557Z] Starting link health scheduler
[2025-08-25T13:52:16.559Z] schedule: link-health-check (placeholder)
[2025-08-25T13:52:25.942Z] Stopping link health scheduler...
[2025-08-25T13:52:31.394Z] Starting link health scheduler
[2025-08-25T13:52:31.396Z] schedule: link-health-check (placeholder)
[2025-08-25T13:54:16.515Z] Starting link health scheduler
[2025-08-25T13:54:16.518Z] schedule: link-health-check (placeholder)
[2025-08-25T13:54:19.391Z] Stopping link health scheduler...
[2025-08-25T14:19:08.377Z] Starting link health scheduler
[2025-08-25T14:19:08.382Z] schedule: link-health-check (placeholder)
[2025-08-25T14:24:16.453Z] schedule: link-health-check (placeholder)
[2025-08-25T14:26:17.953Z] Starting Link Health Scheduler
[2025-08-25T14:26:17.956Z] [link-health-scheduler] [2025-08-25T14:26:17.953Z] Starting Link Health Scheduler
[2025-08-25T14:26:17.956Z] Starting Link Health Scheduler
[2025-08-25T14:26:17.957Z] Scheduled check for homepage at Mon Aug 25 2025 11:31:17 GMT-0300 (Brasilia Standard Time)
[2025-08-25T14:26:17.957Z] [link-health-scheduler] [2025-08-25T14:26:17.956Z] Starting Link Health Scheduler
[2025-08-25T14:26:17.957Z] Scheduled check for services at Mon Aug 25 2025 11:41:17 GMT-0300 (Brasilia Standard Time)
[2025-08-25T14:26:17.957Z] Scheduled check for about at Mon Aug 25 2025 12:26:17 GMT-0300 (Brasilia Standard Time)
[2025-08-25T14:26:17.958Z] Scheduled check for contact at Mon Aug 25 2025 11:41:17 GMT-0300 (Brasilia Standard Time)
[2025-08-25T14:26:17.957Z] [link-health-scheduler] [2025-08-25T14:26:17.957Z] Scheduled check for homepage at Mon Aug 25 2025 11:31:17 GMT-0300 (Brasilia Standard Time)
[2025-08-25T14:26:17.958Z] Scheduled 4 links for health checks
[2025-08-25T14:26:17.958Z] [link-health-scheduler] [2025-08-25T14:26:17.957Z] Scheduled check for services at Mon Aug 25 2025 11:41:17 GMT-0300 (Brasilia Standard Time)
[2025-08-25T14:26:17.957Z] Scheduled check for about at Mon Aug 25 2025 12:26:17 GMT-0300 (Brasilia Standard Time)
[2025-08-25T14:26:17.958Z] Scheduled check for contact at Mon Aug 25 2025 11:41:17 GMT-0300 (Brasilia Standard Time)
[2025-08-25T14:26:17.958Z] [link-health-scheduler] [2025-08-25T14:26:17.958Z] Scheduled 4 links for health checks
[2025-08-25T14:26:30.013Z] Starting Link Health Scheduler
[2025-08-25T14:26:30.019Z] Starting Link Health Scheduler
[2025-08-25T14:26:30.020Z] Scheduled check for homepage at Mon Aug 25 2025 11:31:30 GMT-0300 (Brasilia Standard Time)
[2025-08-25T14:26:30.020Z] Scheduled check for services at Mon Aug 25 2025 11:41:30 GMT-0300 (Brasilia Standard Time)
[2025-08-25T14:26:30.020Z] Scheduled check for about at Mon Aug 25 2025 12:26:30 GMT-0300 (Brasilia Standard Time)
[2025-08-25T14:26:30.020Z] Scheduled check for contact at Mon Aug 25 2025 11:41:30 GMT-0300 (Brasilia Standard Time)
[2025-08-25T14:26:30.021Z] Scheduled 4 links for health checks
[2025-08-25T14:27:00.023Z] Status: 4 jobs scheduled, 0 active
[2025-08-25T14:27:07.960Z] Status: 4 jobs scheduled, 0 active
[2025-08-25T14:27:07.960Z] [link-health-scheduler] [2025-08-25T14:27:07.960Z] Status: 4 jobs scheduled, 0 active
[2025-08-25T14:34:16.587Z] schedule: link-health-check (placeholder)
[2025-08-25T14:57:33.313Z] Starting Link Health Scheduler
[2025-08-25T14:57:33.320Z] Starting Link Health Scheduler
[2025-08-25T14:57:33.320Z] [link-health-scheduler] [2025-08-25T14:57:33.313Z] Starting Link Health Scheduler
[2025-08-25T14:57:33.320Z] Scheduled check for homepage at Mon Aug 25 2025 12:02:33 GMT-0300 (Brasilia Standard Time)
[2025-08-25T14:57:33.321Z] Scheduled check for services at Mon Aug 25 2025 12:12:33 GMT-0300 (Brasilia Standard Time)
[2025-08-25T14:57:33.321Z] [link-health-scheduler] [2025-08-25T14:57:33.320Z] Starting Link Health Scheduler
[2025-08-25T14:57:33.321Z] Scheduled check for about at Mon Aug 25 2025 12:57:33 GMT-0300 (Brasilia Standard Time)
[2025-08-25T14:57:33.321Z] [link-health-scheduler] [2025-08-25T14:57:33.320Z] Scheduled check for homepage at Mon Aug 25 2025 12:02:33 GMT-0300 (Brasilia Standard Time)
[2025-08-25T14:57:33.321Z] Scheduled check for services at Mon Aug 25 2025 12:12:33 GMT-0300 (Brasilia Standard Time)
[2025-08-25T14:57:33.321Z] Scheduled check for contact at Mon Aug 25 2025 12:12:33 GMT-0300 (Brasilia Standard Time)
[2025-08-25T14:57:33.322Z] Scheduled 4 links for health checks
[2025-08-25T14:57:33.322Z] [link-health-scheduler] [2025-08-25T14:57:33.321Z] Scheduled check for about at Mon Aug 25 2025 12:57:33 GMT-0300 (Brasilia Standard Time)
[2025-08-25T14:57:33.321Z] Scheduled check for contact at Mon Aug 25 2025 12:12:33 GMT-0300 (Brasilia Standard Time)
[2025-08-25T14:57:33.322Z] Scheduled 4 links for health checks
[2025-08-25T14:58:03.332Z] Status: 4 jobs scheduled, 0 active
[2025-08-25T14:58:03.333Z] [link-health-scheduler] [2025-08-25T14:58:03.332Z] Status: 4 jobs scheduled, 0 active
[2025-08-25T14:59:03.341Z] Status: 4 jobs scheduled, 0 active
[2025-08-25T14:59:03.341Z] [link-health-scheduler] [2025-08-25T14:59:03.341Z] Status: 4 jobs scheduled, 0 active
[2025-08-25T15:00:03.397Z] Status: 4 jobs scheduled, 0 active
[2025-08-25T15:00:03.397Z] [link-health-scheduler] [2025-08-25T15:00:03.397Z] Status: 4 jobs scheduled, 0 active
[2025-08-25T15:00:06.777Z] Starting Link Health Scheduler
[2025-08-25T15:00:06.784Z] Starting Link Health Scheduler
[2025-08-25T15:00:06.785Z] Scheduled check for homepage at Mon Aug 25 2025 12:05:06 GMT-0300 (Brasilia Standard Time)
[2025-08-25T15:00:06.785Z] [link-health-scheduler] [2025-08-25T15:00:06.777Z] Starting Link Health Scheduler
[2025-08-25T15:00:06.784Z] Starting Link Health Scheduler
[2025-08-25T15:00:06.785Z] Scheduled check for homepage at Mon Aug 25 2025 12:05:06 GMT-0300 (Brasilia Standard Time)
[2025-08-25T15:00:06.786Z] Scheduled check for services at Mon Aug 25 2025 12:15:06 GMT-0300 (Brasilia Standard Time)
[2025-08-25T15:00:06.786Z] Scheduled check for about at Mon Aug 25 2025 13:00:06 GMT-0300 (Brasilia Standard Time)
[2025-08-25T15:00:06.786Z] [link-health-scheduler] [2025-08-25T15:00:06.786Z] Scheduled check for services at Mon Aug 25 2025 12:15:06 GMT-0300 (Brasilia Standard Time)
[2025-08-25T15:00:06.786Z] [link-health-scheduler] [2025-08-25T15:00:06.786Z] Scheduled check for about at Mon Aug 25 2025 13:00:06 GMT-0300 (Brasilia Standard Time)
[2025-08-25T15:00:06.787Z] Scheduled check for contact at Mon Aug 25 2025 12:15:06 GMT-0300 (Brasilia Standard Time)
[2025-08-25T15:00:06.787Z] Scheduled 4 links for health checks
[2025-08-25T15:00:06.787Z] [link-health-scheduler] [2025-08-25T15:00:06.787Z] Scheduled check for contact at Mon Aug 25 2025 12:15:06 GMT-0300 (Brasilia Standard Time)
[2025-08-25T15:00:06.787Z] Scheduled 4 links for health checks
[2025-08-25T15:00:06.788Z] Status: 4 jobs scheduled, 0 active
[2025-08-25T15:00:06.788Z] [link-health-scheduler] [2025-08-25T15:00:06.788Z] Status: 4 jobs scheduled, 0 active
[2025-08-25T15:00:16.610Z] Starting Link Health Scheduler
[2025-08-25T15:00:16.617Z] Starting Link Health Scheduler
[2025-08-25T15:00:16.618Z] Scheduled check for homepage at Mon Aug 25 2025 12:05:16 GMT-0300 (Brasilia Standard Time)
[2025-08-25T15:00:16.618Z] Scheduled check for services at Mon Aug 25 2025 12:15:16 GMT-0300 (Brasilia Standard Time)
[2025-08-25T15:00:16.618Z] Scheduled check for about at Mon Aug 25 2025 13:00:16 GMT-0300 (Brasilia Standard Time)
[2025-08-25T15:00:16.618Z] Scheduled check for contact at Mon Aug 25 2025 12:15:16 GMT-0300 (Brasilia Standard Time)
[2025-08-25T15:00:16.619Z] Scheduled 4 links for health checks
[2025-08-25T15:00:41.959Z] Starting Link Health Scheduler
[2025-08-25T15:00:41.969Z] Starting Link Health Scheduler
[2025-08-25T15:00:41.970Z] Scheduled check for homepage at Mon Aug 25 2025 12:05:41 GMT-0300 (Brasilia Standard Time)
[2025-08-25T15:00:41.970Z] Scheduled check for services at Mon Aug 25 2025 12:15:41 GMT-0300 (Brasilia Standard Time)
[2025-08-25T15:00:41.971Z] Scheduled check for about at Mon Aug 25 2025 13:00:41 GMT-0300 (Brasilia Standard Time)
[2025-08-25T15:00:41.971Z] Scheduled check for contact at Mon Aug 25 2025 12:15:41 GMT-0300 (Brasilia Standard Time)
[2025-08-25T15:00:41.974Z] Scheduled 4 links for health checks
[2025-08-25T15:01:01.976Z] Status: 4 jobs scheduled, 0 active
[2025-08-25T15:01:03.402Z] Status: 4 jobs scheduled, 0 active
[2025-08-25T15:01:03.402Z] [link-health-scheduler] [2025-08-25T15:01:03.402Z] Status: 4 jobs scheduled, 0 active
[2025-08-25T15:01:06.632Z] Status: 4 jobs scheduled, 0 active
[2025-08-25T15:01:06.794Z] Status: 4 jobs scheduled, 0 active
[2025-08-25T15:01:06.798Z] [link-health-scheduler] [2025-08-25T15:01:06.794Z] Status: 4 jobs scheduled, 0 active
[2025-08-25T15:01:28.730Z] Stopping Link Health Scheduler...
[2025-08-25T15:01:28.731Z] Stopping Link Health Scheduler
[2025-08-25T15:01:28.731Z] All scheduled jobs cleared
[2025-08-25T15:01:28.733Z] Stopping Link Health Scheduler...
[2025-08-25T15:01:28.733Z] Scheduler is not running
[2025-08-25T15:01:28.734Z] [link-health-scheduler] [2025-08-25T15:01:28.730Z] Stopping Link Health Scheduler...
[2025-08-25T15:01:28.731Z] Stopping Link Health Scheduler
[2025-08-25T15:01:28.731Z] All scheduled jobs cleared
[2025-08-25T15:01:28.733Z] Stopping Link Health Scheduler...
[2025-08-25T15:01:28.733Z] Scheduler is not running
[2025-08-25T15:02:01.983Z] Status: 4 jobs scheduled, 0 active
[2025-08-25T15:02:02.266Z] Stopping link health scheduler...
[2025-08-25T15:02:02.266Z] Stopping Link Health Scheduler...
[2025-08-25T15:02:02.266Z] Stopping Link Health Scheduler...
[2025-08-25T15:02:02.267Z] Stopping Link Health Scheduler
[2025-08-25T15:02:02.268Z] Stopping Link Health Scheduler...
[2025-08-25T15:02:02.268Z] Stopping Link Health Scheduler
[2025-08-25T15:02:02.269Z] All scheduled jobs cleared
[2025-08-25T15:02:02.269Z] [link-health-scheduler] [2025-08-25T15:02:02.266Z] Stopping Link Health Scheduler...
[2025-08-25T15:02:02.270Z] Stopping Link Health Scheduler
[2025-08-25T15:02:02.271Z] All scheduled jobs cleared
[2025-08-25T15:02:02.275Z] All scheduled jobs cleared
[2025-08-25T15:02:02.274Z] [link-health-scheduler] [2025-08-25T15:02:02.268Z] Stopping Link Health Scheduler
[2025-08-25T15:02:02.281Z] [link-health-scheduler] [2025-08-25T15:02:02.275Z] All scheduled jobs cleared
[2025-08-25T15:02:11.774Z] Starting Link Health Scheduler
[2025-08-25T15:02:11.784Z] Starting Link Health Scheduler
[2025-08-25T15:02:11.784Z] Scheduled check for homepage at Mon Aug 25 2025 12:07:11 GMT-0300 (Brasilia Standard Time)
[2025-08-25T15:02:11.785Z] Scheduled check for services at Mon Aug 25 2025 12:17:11 GMT-0300 (Brasilia Standard Time)
[2025-08-25T15:02:11.785Z] Scheduled check for about at Mon Aug 25 2025 13:02:11 GMT-0300 (Brasilia Standard Time)
[2025-08-25T15:02:11.787Z] Scheduled check for contact at Mon Aug 25 2025 12:17:11 GMT-0300 (Brasilia Standard Time)
[2025-08-25T15:02:11.787Z] Scheduled 4 links for health checks
[2025-08-25T15:02:12.779Z] Starting Link Health Scheduler
[2025-08-25T15:02:12.934Z] Starting Link Health Scheduler
[2025-08-25T15:02:13.079Z] Scheduled check for homepage at Mon Aug 25 2025 12:07:12 GMT-0300 (Brasilia Standard Time)
[2025-08-25T15:02:13.080Z] Scheduled check for services at Mon Aug 25 2025 12:17:13 GMT-0300 (Brasilia Standard Time)
[2025-08-25T15:02:13.081Z] Scheduled check for about at Mon Aug 25 2025 13:02:13 GMT-0300 (Brasilia Standard Time)
[2025-08-25T15:02:13.091Z] Scheduled check for contact at Mon Aug 25 2025 12:17:13 GMT-0300 (Brasilia Standard Time)
[2025-08-25T15:02:13.091Z] Scheduled 4 links for health checks
[2025-08-25T15:02:22.284Z] Starting Link Health Scheduler
[2025-08-25T15:02:22.400Z] Starting Link Health Scheduler
[2025-08-25T15:02:22.400Z] Scheduled check for homepage at Mon Aug 25 2025 12:07:22 GMT-0300 (Brasilia Standard Time)
[2025-08-25T15:02:22.409Z] [link-health-scheduler] [2025-08-25T15:02:22.284Z] Starting Link Health Scheduler
[2025-08-25T15:02:22.400Z] Starting Link Health Scheduler
[2025-08-25T15:02:22.444Z] Scheduled check for services at Mon Aug 25 2025 12:17:22 GMT-0300 (Brasilia Standard Time)
[2025-08-25T15:02:22.444Z] Scheduled check for about at Mon Aug 25 2025 13:02:22 GMT-0300 (Brasilia Standard Time)
[2025-08-25T15:02:22.445Z] [link-health-scheduler] [2025-08-25T15:02:22.400Z] Scheduled check for homepage at Mon Aug 25 2025 12:07:22 GMT-0300 (Brasilia Standard Time)
[2025-08-25T15:02:22.444Z] Scheduled check for services at Mon Aug 25 2025 12:17:22 GMT-0300 (Brasilia Standard Time)
[2025-08-25T15:02:22.446Z] Scheduled check for contact at Mon Aug 25 2025 12:17:22 GMT-0300 (Brasilia Standard Time)
[2025-08-25T15:02:22.476Z] Scheduled 4 links for health checks
[2025-08-25T15:02:22.476Z] [link-health-scheduler] [2025-08-25T15:02:22.444Z] Scheduled check for about at Mon Aug 25 2025 13:02:22 GMT-0300 (Brasilia Standard Time)
[2025-08-25T15:02:22.446Z] Scheduled check for contact at Mon Aug 25 2025 12:17:22 GMT-0300 (Brasilia Standard Time)
[2025-08-25T15:02:22.488Z] [link-health-scheduler] [2025-08-25T15:02:22.476Z] Scheduled 4 links for health checks
[2025-08-25T15:02:34.896Z] Stopping link health scheduler...
[2025-08-25T15:02:34.896Z] Stopping Link Health Scheduler...
[2025-08-25T15:02:34.896Z] Stopping Link Health Scheduler...
[2025-08-25T15:02:34.896Z] Stopping Link Health Scheduler...
[2025-08-25T15:02:34.897Z] Stopping Link Health Scheduler
[2025-08-25T15:02:34.897Z] [link-health-scheduler] [2025-08-25T15:02:34.896Z] Stopping Link Health Scheduler...
[2025-08-25T15:02:34.897Z] Stopping Link Health Scheduler
[2025-08-25T15:02:34.897Z] Stopping Link Health Scheduler
[2025-08-25T15:02:34.899Z] All scheduled jobs cleared
[2025-08-25T15:02:34.899Z] All scheduled jobs cleared
[2025-08-25T15:02:34.899Z] All scheduled jobs cleared
[2025-08-25T15:02:34.899Z] [link-health-scheduler] [2025-08-25T15:02:34.897Z] Stopping Link Health Scheduler
[2025-08-25T15:02:34.900Z] [link-health-scheduler] [2025-08-25T15:02:34.899Z] All scheduled jobs cleared
[2025-08-25T15:02:45.258Z] Starting Link Health Scheduler
[2025-08-25T15:02:45.263Z] Starting Link Health Scheduler
[2025-08-25T15:02:45.264Z] Scheduled check for homepage at Mon Aug 25 2025 12:07:45 GMT-0300 (Brasilia Standard Time)
[2025-08-25T15:02:45.265Z] Scheduled check for services at Mon Aug 25 2025 12:17:45 GMT-0300 (Brasilia Standard Time)
[2025-08-25T15:02:45.265Z] Scheduled check for about at Mon Aug 25 2025 13:02:45 GMT-0300 (Brasilia Standard Time)
[2025-08-25T15:02:45.265Z] Scheduled check for contact at Mon Aug 25 2025 12:17:45 GMT-0300 (Brasilia Standard Time)
[2025-08-25T15:02:45.266Z] Scheduled 4 links for health checks
[2025-08-25T15:02:47.085Z] Starting Link Health Scheduler
[2025-08-25T15:02:47.094Z] Starting Link Health Scheduler
[2025-08-25T15:02:47.095Z] Scheduled check for homepage at Mon Aug 25 2025 12:07:47 GMT-0300 (Brasilia Standard Time)
[2025-08-25T15:02:47.096Z] Scheduled check for services at Mon Aug 25 2025 12:17:47 GMT-0300 (Brasilia Standard Time)
[2025-08-25T15:02:47.096Z] Scheduled check for about at Mon Aug 25 2025 13:02:47 GMT-0300 (Brasilia Standard Time)
[2025-08-25T15:02:47.096Z] Scheduled check for contact at Mon Aug 25 2025 12:17:47 GMT-0300 (Brasilia Standard Time)
[2025-08-25T15:02:47.097Z] Scheduled 4 links for health checks
[2025-08-25T15:02:57.773Z] Starting Link Health Scheduler
[2025-08-25T15:02:57.782Z] [link-health-scheduler] [2025-08-25T15:02:57.773Z] Starting Link Health Scheduler
[2025-08-25T15:02:57.783Z] Starting Link Health Scheduler
[2025-08-25T15:02:57.784Z] [link-health-scheduler] [2025-08-25T15:02:57.783Z] Starting Link Health Scheduler
[2025-08-25T15:02:57.785Z] Scheduled check for homepage at Mon Aug 25 2025 12:07:57 GMT-0300 (Brasilia Standard Time)
[2025-08-25T15:02:57.785Z] Scheduled check for services at Mon Aug 25 2025 12:17:57 GMT-0300 (Brasilia Standard Time)
[2025-08-25T15:02:57.786Z] Scheduled check for about at Mon Aug 25 2025 13:02:57 GMT-0300 (Brasilia Standard Time)
[2025-08-25T15:02:57.785Z] [link-health-scheduler] [2025-08-25T15:02:57.785Z] Scheduled check for homepage at Mon Aug 25 2025 12:07:57 GMT-0300 (Brasilia Standard Time)
[2025-08-25T15:02:57.788Z] Scheduled check for contact at Mon Aug 25 2025 12:17:57 GMT-0300 (Brasilia Standard Time)
[2025-08-25T15:02:57.787Z] [link-health-scheduler] [2025-08-25T15:02:57.785Z] Scheduled check for services at Mon Aug 25 2025 12:17:57 GMT-0300 (Brasilia Standard Time)
[2025-08-25T15:02:57.793Z] [link-health-scheduler] [2025-08-25T15:02:57.786Z] Scheduled check for about at Mon Aug 25 2025 13:02:57 GMT-0300 (Brasilia Standard Time)
[2025-08-25T15:02:57.793Z] Scheduled 4 links for health checks
[2025-08-25T15:02:57.794Z] [link-health-scheduler] [2025-08-25T15:02:57.788Z] Scheduled check for contact at Mon Aug 25 2025 12:17:57 GMT-0300 (Brasilia Standard Time)
[2025-08-25T15:02:57.793Z] Scheduled 4 links for health checks
[2025-08-25T15:03:05.270Z] Status: 4 jobs scheduled, 0 active
[2025-08-25T15:03:07.101Z] Status: 4 jobs scheduled, 0 active
[2025-08-25T15:03:07.796Z] Status: 4 jobs scheduled, 0 active
[2025-08-25T15:03:07.798Z] [link-health-scheduler] [2025-08-25T15:03:07.796Z] Status: 4 jobs scheduled, 0 active
[2025-08-25T15:04:03.603Z] Stopping link health scheduler...
[2025-08-25T15:04:03.603Z] Stopping Link Health Scheduler...
[2025-08-25T15:04:03.604Z] Stopping Link Health Scheduler...
[2025-08-25T15:04:03.604Z] Stopping Link Health Scheduler...
[2025-08-25T15:04:03.604Z] Stopping Link Health Scheduler
[2025-08-25T15:04:03.605Z] [link-health-scheduler] [2025-08-25T15:04:03.604Z] Stopping Link Health Scheduler...
[2025-08-25T15:04:03.605Z] Stopping Link Health Scheduler
[2025-08-25T15:04:03.605Z] Stopping Link Health Scheduler
[2025-08-25T15:04:03.606Z] All scheduled jobs cleared
[2025-08-25T15:04:03.606Z] All scheduled jobs cleared
[2025-08-25T15:04:03.606Z] [link-health-scheduler] [2025-08-25T15:04:03.605Z] Stopping Link Health Scheduler
[2025-08-25T15:04:03.606Z] All scheduled jobs cleared
[2025-08-25T15:04:03.606Z] [link-health-scheduler] [2025-08-25T15:04:03.606Z] All scheduled jobs cleared
[2025-08-25T15:04:12.285Z] Starting Link Health Scheduler
[2025-08-25T15:04:12.300Z] Starting Link Health Scheduler
[2025-08-25T15:04:12.300Z] Scheduled check for homepage at Mon Aug 25 2025 12:09:12 GMT-0300 (Brasilia Standard Time)
[2025-08-25T15:04:12.301Z] Scheduled check for services at Mon Aug 25 2025 12:19:12 GMT-0300 (Brasilia Standard Time)
[2025-08-25T15:04:12.301Z] Scheduled check for about at Mon Aug 25 2025 13:04:12 GMT-0300 (Brasilia Standard Time)
[2025-08-25T15:04:12.301Z] Scheduled check for contact at Mon Aug 25 2025 12:19:12 GMT-0300 (Brasilia Standard Time)
[2025-08-25T15:04:12.301Z] Scheduled 4 links for health checks
[2025-08-25T15:04:14.003Z] Starting Link Health Scheduler
[2025-08-25T15:04:14.166Z] Starting Link Health Scheduler
[2025-08-25T15:04:14.167Z] Scheduled check for homepage at Mon Aug 25 2025 12:09:14 GMT-0300 (Brasilia Standard Time)
[2025-08-25T15:04:14.167Z] Scheduled check for services at Mon Aug 25 2025 12:19:14 GMT-0300 (Brasilia Standard Time)
[2025-08-25T15:04:14.168Z] Scheduled check for about at Mon Aug 25 2025 13:04:14 GMT-0300 (Brasilia Standard Time)
[2025-08-25T15:04:14.168Z] Scheduled check for contact at Mon Aug 25 2025 12:19:14 GMT-0300 (Brasilia Standard Time)
[2025-08-25T15:04:14.168Z] Scheduled 4 links for health checks
[2025-08-25T15:04:23.158Z] Starting Link Health Scheduler
[2025-08-25T15:04:23.164Z] [link-health-scheduler] [2025-08-25T15:04:23.158Z] Starting Link Health Scheduler
[2025-08-25T15:04:23.164Z] Starting Link Health Scheduler
[2025-08-25T15:04:23.165Z] [link-health-scheduler] [2025-08-25T15:04:23.164Z] Starting Link Health Scheduler
[2025-08-25T15:04:23.165Z] Scheduled check for homepage at Mon Aug 25 2025 12:09:23 GMT-0300 (Brasilia Standard Time)
[2025-08-25T15:04:23.165Z] Scheduled check for services at Mon Aug 25 2025 12:19:23 GMT-0300 (Brasilia Standard Time)
[2025-08-25T15:04:23.165Z] [link-health-scheduler] [2025-08-25T15:04:23.165Z] Scheduled check for homepage at Mon Aug 25 2025 12:09:23 GMT-0300 (Brasilia Standard Time)
[2025-08-25T15:04:23.166Z] Scheduled check for about at Mon Aug 25 2025 13:04:23 GMT-0300 (Brasilia Standard Time)
[2025-08-25T15:04:23.166Z] [link-health-scheduler] [2025-08-25T15:04:23.165Z] Scheduled check for services at Mon Aug 25 2025 12:19:23 GMT-0300 (Brasilia Standard Time)
[2025-08-25T15:04:23.166Z] Scheduled check for contact at Mon Aug 25 2025 12:19:23 GMT-0300 (Brasilia Standard Time)
[2025-08-25T15:04:23.166Z] [link-health-scheduler] [2025-08-25T15:04:23.166Z] Scheduled check for about at Mon Aug 25 2025 13:04:23 GMT-0300 (Brasilia Standard Time)
[2025-08-25T15:04:23.166Z] Scheduled 4 links for health checks
[2025-08-25T15:04:23.166Z] [link-health-scheduler] [2025-08-25T15:04:23.166Z] Scheduled check for contact at Mon Aug 25 2025 12:19:23 GMT-0300 (Brasilia Standard Time)
[2025-08-25T15:04:23.167Z] [link-health-scheduler] [2025-08-25T15:04:23.166Z] Scheduled 4 links for health checks
[2025-08-25T15:05:02.308Z] Status: 4 jobs scheduled, 0 active
[2025-08-25T15:05:03.170Z] Status: 4 jobs scheduled, 0 active
[2025-08-25T15:05:03.186Z] [link-health-scheduler] [2025-08-25T15:05:03.170Z] Status: 4 jobs scheduled, 0 active
[2025-08-25T15:05:04.175Z] Status: 4 jobs scheduled, 0 active
[2025-08-25T15:06:02.418Z] Status: 4 jobs scheduled, 0 active
[2025-08-25T15:06:03.163Z] Stopping link health scheduler...
[2025-08-25T15:06:03.165Z] Stopping Link Health Scheduler...
[2025-08-25T15:06:03.165Z] Stopping Link Health Scheduler...
[2025-08-25T15:06:03.165Z] Stopping Link Health Scheduler...
[2025-08-25T15:06:03.166Z] Stopping Link Health Scheduler
[2025-08-25T15:06:03.167Z] All scheduled jobs cleared
[2025-08-25T15:06:03.166Z] Stopping Link Health Scheduler
[2025-08-25T15:06:03.167Z] [link-health-scheduler] [2025-08-25T15:06:03.165Z] Stopping Link Health Scheduler...
[2025-08-25T15:06:03.166Z] Stopping Link Health Scheduler
[2025-08-25T15:06:03.167Z] All scheduled jobs cleared
[2025-08-25T15:06:03.167Z] All scheduled jobs cleared
[2025-08-25T15:06:03.168Z] Stopping Link Health Scheduler
[2025-08-25T15:06:03.168Z] All scheduled jobs cleared
[2025-08-25T15:06:13.780Z] Starting Link Health Scheduler
[2025-08-25T15:06:14.043Z] Starting Link Health Scheduler
[2025-08-25T15:06:14.049Z] Scheduled check for homepage at Mon Aug 25 2025 12:11:14 GMT-0300 (Brasilia Standard Time)
[2025-08-25T15:06:14.056Z] Scheduled check for services at Mon Aug 25 2025 12:21:14 GMT-0300 (Brasilia Standard Time)
[2025-08-25T15:06:14.057Z] Scheduled check for about at Mon Aug 25 2025 13:06:14 GMT-0300 (Brasilia Standard Time)
[2025-08-25T15:06:14.057Z] Scheduled check for contact at Mon Aug 25 2025 12:21:14 GMT-0300 (Brasilia Standard Time)
[2025-08-25T15:06:14.057Z] Scheduled 4 links for health checks
[2025-08-25T15:06:17.751Z] Starting Link Health Scheduler
[2025-08-25T15:06:17.762Z] Starting Link Health Scheduler
[2025-08-25T15:06:17.763Z] Scheduled check for homepage at Mon Aug 25 2025 12:11:17 GMT-0300 (Brasilia Standard Time)
[2025-08-25T15:06:17.764Z] Scheduled check for services at Mon Aug 25 2025 12:21:17 GMT-0300 (Brasilia Standard Time)
[2025-08-25T15:06:17.764Z] Scheduled check for about at Mon Aug 25 2025 13:06:17 GMT-0300 (Brasilia Standard Time)
[2025-08-25T15:06:17.764Z] Scheduled check for contact at Mon Aug 25 2025 12:21:17 GMT-0300 (Brasilia Standard Time)
[2025-08-25T15:06:17.765Z] Scheduled 4 links for health checks
[2025-08-25T15:06:18.608Z] Starting Link Health Scheduler
[2025-08-25T15:06:18.632Z] Starting Link Health Scheduler
[2025-08-25T15:06:18.632Z] [link-health-scheduler] [2025-08-25T15:06:18.608Z] Starting Link Health Scheduler
[2025-08-25T15:06:18.634Z] Scheduled check for homepage at Mon Aug 25 2025 12:11:18 GMT-0300 (Brasilia Standard Time)
[2025-08-25T15:06:18.634Z] Scheduled check for services at Mon Aug 25 2025 12:21:18 GMT-0300 (Brasilia Standard Time)
[2025-08-25T15:06:18.635Z] Scheduled check for about at Mon Aug 25 2025 13:06:18 GMT-0300 (Brasilia Standard Time)
[2025-08-25T15:06:18.635Z] Scheduled check for contact at Mon Aug 25 2025 12:21:18 GMT-0300 (Brasilia Standard Time)
[2025-08-25T15:06:18.635Z] Scheduled 4 links for health checks
[2025-08-25T15:06:18.635Z] [link-health-scheduler] [2025-08-25T15:06:18.632Z] Starting Link Health Scheduler
[2025-08-25T15:06:18.634Z] Scheduled check for homepage at Mon Aug 25 2025 12:11:18 GMT-0300 (Brasilia Standard Time)
[2025-08-25T15:06:18.634Z] Scheduled check for services at Mon Aug 25 2025 12:21:18 GMT-0300 (Brasilia Standard Time)
[2025-08-25T15:06:18.635Z] Scheduled check for about at Mon Aug 25 2025 13:06:18 GMT-0300 (Brasilia Standard Time)
[2025-08-25T15:06:18.637Z] [link-health-scheduler] [2025-08-25T15:06:18.635Z] Scheduled check for contact at Mon Aug 25 2025 12:21:18 GMT-0300 (Brasilia Standard Time)
[2025-08-25T15:06:18.639Z] [link-health-scheduler] [2025-08-25T15:06:18.635Z] Scheduled 4 links for health checks
[2025-08-25T15:07:04.169Z] Status: 4 jobs scheduled, 0 active
[2025-08-25T15:07:07.848Z] Status: 4 jobs scheduled, 0 active
[2025-08-25T15:07:08.884Z] Status: 4 jobs scheduled, 0 active
[2025-08-25T15:07:08.886Z] [link-health-scheduler] [2025-08-25T15:07:08.884Z] Status: 4 jobs scheduled, 0 active
[2025-08-25T15:08:04.318Z] Status: 4 jobs scheduled, 0 active
[2025-08-25T15:08:05.589Z] Stopping link health scheduler...
[2025-08-25T15:08:05.590Z] Stopping Link Health Scheduler...
[2025-08-25T15:08:05.590Z] Stopping Link Health Scheduler...
[2025-08-25T15:08:05.591Z] [link-health-scheduler] [2025-08-25T15:08:05.590Z] Stopping Link Health Scheduler...
[2025-08-25T15:08:05.591Z] Stopping Link Health Scheduler
[2025-08-25T15:08:05.592Z] All scheduled jobs cleared
[2025-08-25T15:08:05.592Z] [link-health-scheduler] [2025-08-25T15:08:05.591Z] Stopping Link Health Scheduler
[2025-08-25T15:08:05.593Z] [link-health-scheduler] [2025-08-25T15:08:05.592Z] All scheduled jobs cleared
[2025-08-25T15:08:05.593Z] Stopping Link Health Scheduler
[2025-08-25T15:08:05.594Z] All scheduled jobs cleared
[2025-08-25T15:08:05.589Z] Stopping Link Health Scheduler...
[2025-08-25T15:08:05.705Z] Stopping Link Health Scheduler
[2025-08-25T15:08:05.706Z] All scheduled jobs cleared
[2025-08-25T15:08:13.122Z] Starting Link Health Scheduler
[2025-08-25T15:08:13.131Z] Starting Link Health Scheduler
[2025-08-25T15:08:13.132Z] Scheduled check for homepage at Mon Aug 25 2025 12:13:13 GMT-0300 (Brasilia Standard Time)
[2025-08-25T15:08:13.132Z] Scheduled check for services at Mon Aug 25 2025 12:23:13 GMT-0300 (Brasilia Standard Time)
[2025-08-25T15:08:13.133Z] Scheduled check for about at Mon Aug 25 2025 13:08:13 GMT-0300 (Brasilia Standard Time)
[2025-08-25T15:08:13.133Z] Scheduled check for contact at Mon Aug 25 2025 12:23:13 GMT-0300 (Brasilia Standard Time)
[2025-08-25T15:08:13.133Z] Scheduled 4 links for health checks
[2025-08-25T15:08:16.599Z] Starting Link Health Scheduler
[2025-08-25T15:08:16.863Z] Starting Link Health Scheduler
[2025-08-25T15:08:16.864Z] Scheduled check for homepage at Mon Aug 25 2025 12:13:16 GMT-0300 (Brasilia Standard Time)
[2025-08-25T15:08:16.864Z] Scheduled check for services at Mon Aug 25 2025 12:23:16 GMT-0300 (Brasilia Standard Time)
[2025-08-25T15:08:16.865Z] Scheduled check for about at Mon Aug 25 2025 13:08:16 GMT-0300 (Brasilia Standard Time)
[2025-08-25T15:08:16.865Z] Scheduled check for contact at Mon Aug 25 2025 12:23:16 GMT-0300 (Brasilia Standard Time)
[2025-08-25T15:08:16.865Z] Scheduled 4 links for health checks
[2025-08-25T15:08:24.411Z] Starting Link Health Scheduler
[2025-08-25T15:08:24.418Z] [link-health-scheduler] [2025-08-25T15:08:24.411Z] Starting Link Health Scheduler
[2025-08-25T15:08:24.419Z] Starting Link Health Scheduler
[2025-08-25T15:08:24.419Z] [link-health-scheduler] [2025-08-25T15:08:24.419Z] Starting Link Health Scheduler
[2025-08-25T15:08:24.420Z] Scheduled check for homepage at Mon Aug 25 2025 12:13:24 GMT-0300 (Brasilia Standard Time)
[2025-08-25T15:08:24.421Z] [link-health-scheduler] [2025-08-25T15:08:24.420Z] Scheduled check for homepage at Mon Aug 25 2025 12:13:24 GMT-0300 (Brasilia Standard Time)
[2025-08-25T15:08:24.421Z] Scheduled check for services at Mon Aug 25 2025 12:23:24 GMT-0300 (Brasilia Standard Time)
[2025-08-25T15:08:24.422Z] Scheduled check for about at Mon Aug 25 2025 13:08:24 GMT-0300 (Brasilia Standard Time)
[2025-08-25T15:08:24.422Z] Scheduled check for contact at Mon Aug 25 2025 12:23:24 GMT-0300 (Brasilia Standard Time)
[2025-08-25T15:08:24.423Z] Scheduled 4 links for health checks
[2025-08-25T15:08:24.422Z] [link-health-scheduler] [2025-08-25T15:08:24.421Z] Scheduled check for services at Mon Aug 25 2025 12:23:24 GMT-0300 (Brasilia Standard Time)
[2025-08-25T15:08:24.425Z] [link-health-scheduler] [2025-08-25T15:08:24.422Z] Scheduled check for about at Mon Aug 25 2025 13:08:24 GMT-0300 (Brasilia Standard Time)
[2025-08-25T15:08:24.422Z] Scheduled check for contact at Mon Aug 25 2025 12:23:24 GMT-0300 (Brasilia Standard Time)
[2025-08-25T15:08:24.423Z] Scheduled 4 links for health checks
[2025-08-25T15:09:03.145Z] Status: 4 jobs scheduled, 0 active
[2025-08-25T15:09:04.431Z] Status: 4 jobs scheduled, 0 active
[2025-08-25T15:09:04.435Z] [link-health-scheduler] [2025-08-25T15:09:04.431Z] Status: 4 jobs scheduled, 0 active
[2025-08-25T15:09:06.927Z] Status: 4 jobs scheduled, 0 active
[2025-08-25T15:10:03.154Z] Status: 4 jobs scheduled, 0 active
[2025-08-25T15:14:12.424Z] Starting Link Health Scheduler
[2025-08-25T15:14:12.555Z] Starting Link Health Scheduler
[2025-08-25T15:14:12.556Z] Scheduled check for homepage at Mon Aug 25 2025 12:19:12 GMT-0300 (Brasilia Standard Time)
[2025-08-25T15:14:12.557Z] Scheduled check for services at Mon Aug 25 2025 12:29:12 GMT-0300 (Brasilia Standard Time)
[2025-08-25T15:14:12.557Z] Scheduled check for about at Mon Aug 25 2025 13:14:12 GMT-0300 (Brasilia Standard Time)
[2025-08-25T15:14:12.557Z] Scheduled check for contact at Mon Aug 25 2025 12:29:12 GMT-0300 (Brasilia Standard Time)
[2025-08-25T15:14:12.557Z] Scheduled 4 links for health checks
[2025-08-25T15:14:20.183Z] Starting Link Health Scheduler
[2025-08-25T15:14:20.189Z] [link-health-scheduler] [2025-08-25T15:14:20.183Z] Starting Link Health Scheduler
[2025-08-25T15:14:20.189Z] Starting Link Health Scheduler
[2025-08-25T15:14:20.189Z] [link-health-scheduler] [2025-08-25T15:14:20.189Z] Starting Link Health Scheduler
[2025-08-25T15:14:20.190Z] Scheduled check for homepage at Mon Aug 25 2025 12:19:20 GMT-0300 (Brasilia Standard Time)
[2025-08-25T15:14:20.190Z] Scheduled check for services at Mon Aug 25 2025 12:29:20 GMT-0300 (Brasilia Standard Time)
[2025-08-25T15:14:20.190Z] [link-health-scheduler] [2025-08-25T15:14:20.190Z] Scheduled check for homepage at Mon Aug 25 2025 12:19:20 GMT-0300 (Brasilia Standard Time)
[2025-08-25T15:14:20.190Z] Scheduled check for about at Mon Aug 25 2025 13:14:20 GMT-0300 (Brasilia Standard Time)
[2025-08-25T15:14:20.191Z] [link-health-scheduler] [2025-08-25T15:14:20.190Z] Scheduled check for services at Mon Aug 25 2025 12:29:20 GMT-0300 (Brasilia Standard Time)
[2025-08-25T15:14:20.191Z] Scheduled check for contact at Mon Aug 25 2025 12:29:20 GMT-0300 (Brasilia Standard Time)
[2025-08-25T15:14:20.191Z] [link-health-scheduler] [2025-08-25T15:14:20.190Z] Scheduled check for about at Mon Aug 25 2025 13:14:20 GMT-0300 (Brasilia Standard Time)
[2025-08-25T15:14:20.191Z] Scheduled 4 links for health checks
[2025-08-25T15:14:20.191Z] [link-health-scheduler] [2025-08-25T15:14:20.191Z] Scheduled check for contact at Mon Aug 25 2025 12:29:20 GMT-0300 (Brasilia Standard Time)
[2025-08-25T15:14:20.192Z] [link-health-scheduler] [2025-08-25T15:14:20.191Z] Scheduled 4 links for health checks
[2025-08-25T15:15:00.196Z] Status: 4 jobs scheduled, 0 active
[2025-08-25T15:15:00.196Z] [link-health-scheduler] [2025-08-25T15:15:00.196Z] Status: 4 jobs scheduled, 0 active
[2025-08-25T15:15:02.566Z] Status: 4 jobs scheduled, 0 active
[2025-08-25T15:15:08.920Z] Status: 4 jobs scheduled, 0 active
[2025-08-25T15:16:00.203Z] Status: 4 jobs scheduled, 0 active
[2025-08-25T15:16:00.204Z] [link-health-scheduler] [2025-08-25T15:16:00.203Z] Status: 4 jobs scheduled, 0 active
[2025-08-25T15:16:02.016Z] Stopping link health scheduler...
[2025-08-25T15:16:02.016Z] Stopping Link Health Scheduler...
[2025-08-25T15:16:02.016Z] Stopping Link Health Scheduler...
[2025-08-25T15:16:02.016Z] Stopping Link Health Scheduler...
[2025-08-25T15:16:02.016Z] Stopping Link Health Scheduler
[2025-08-25T15:16:02.016Z] Stopping Link Health Scheduler
[2025-08-25T15:16:02.017Z] [link-health-scheduler] [2025-08-25T15:16:02.016Z] Stopping Link Health Scheduler...
[2025-08-25T15:16:02.017Z] Stopping Link Health Scheduler
[2025-08-25T15:16:02.018Z] All scheduled jobs cleared
[2025-08-25T15:16:02.018Z] All scheduled jobs cleared
[2025-08-25T15:16:02.018Z] All scheduled jobs cleared
[2025-08-25T15:16:02.018Z] [link-health-scheduler] [2025-08-25T15:16:02.016Z] Stopping Link Health Scheduler
[2025-08-25T15:16:02.018Z] [link-health-scheduler] [2025-08-25T15:16:02.018Z] All scheduled jobs cleared
[2025-08-25T15:16:12.159Z] Starting Link Health Scheduler
[2025-08-25T15:16:12.244Z] Starting Link Health Scheduler
[2025-08-25T15:16:12.245Z] Scheduled check for homepage at Mon Aug 25 2025 12:21:12 GMT-0300 (Brasilia Standard Time)
[2025-08-25T15:16:12.245Z] Scheduled check for services at Mon Aug 25 2025 12:31:12 GMT-0300 (Brasilia Standard Time)
[2025-08-25T15:16:12.245Z] Scheduled check for about at Mon Aug 25 2025 13:16:12 GMT-0300 (Brasilia Standard Time)
[2025-08-25T15:16:12.245Z] Scheduled check for contact at Mon Aug 25 2025 12:31:12 GMT-0300 (Brasilia Standard Time)
[2025-08-25T15:16:12.245Z] Scheduled 4 links for health checks
[2025-08-25T15:16:14.010Z] Starting Link Health Scheduler
[2025-08-25T15:16:14.014Z] Starting Link Health Scheduler
[2025-08-25T15:16:14.014Z] Scheduled check for homepage at Mon Aug 25 2025 12:21:14 GMT-0300 (Brasilia Standard Time)
[2025-08-25T15:16:14.014Z] Scheduled check for services at Mon Aug 25 2025 12:31:14 GMT-0300 (Brasilia Standard Time)
[2025-08-25T15:16:14.014Z] Scheduled check for about at Mon Aug 25 2025 13:16:14 GMT-0300 (Brasilia Standard Time)
[2025-08-25T15:16:14.015Z] Scheduled check for contact at Mon Aug 25 2025 12:31:14 GMT-0300 (Brasilia Standard Time)
[2025-08-25T15:16:14.015Z] Scheduled 4 links for health checks
[2025-08-25T15:16:25.328Z] Starting Link Health Scheduler
[2025-08-25T15:16:25.332Z] [link-health-scheduler] [2025-08-25T15:16:25.328Z] Starting Link Health Scheduler
[2025-08-25T15:16:25.332Z] Starting Link Health Scheduler
[2025-08-25T15:16:25.332Z] [link-health-scheduler] [2025-08-25T15:16:25.332Z] Starting Link Health Scheduler
[2025-08-25T15:16:25.332Z] Scheduled check for homepage at Mon Aug 25 2025 12:21:25 GMT-0300 (Brasilia Standard Time)
[2025-08-25T15:16:25.333Z] Scheduled check for services at Mon Aug 25 2025 12:31:25 GMT-0300 (Brasilia Standard Time)
[2025-08-25T15:16:25.333Z] [link-health-scheduler] [2025-08-25T15:16:25.332Z] Scheduled check for homepage at Mon Aug 25 2025 12:21:25 GMT-0300 (Brasilia Standard Time)
[2025-08-25T15:16:25.333Z] Scheduled check for about at Mon Aug 25 2025 13:16:25 GMT-0300 (Brasilia Standard Time)
[2025-08-25T15:16:25.333Z] [link-health-scheduler] [2025-08-25T15:16:25.333Z] Scheduled check for services at Mon Aug 25 2025 12:31:25 GMT-0300 (Brasilia Standard Time)
[2025-08-25T15:16:25.333Z] Scheduled check for contact at Mon Aug 25 2025 12:31:25 GMT-0300 (Brasilia Standard Time)
[2025-08-25T15:16:25.333Z] [link-health-scheduler] [2025-08-25T15:16:25.333Z] Scheduled check for about at Mon Aug 25 2025 13:16:25 GMT-0300 (Brasilia Standard Time)
[2025-08-25T15:16:25.333Z] Scheduled 4 links for health checks
[2025-08-25T15:16:25.333Z] [link-health-scheduler] [2025-08-25T15:16:25.333Z] Scheduled check for contact at Mon Aug 25 2025 12:31:25 GMT-0300 (Brasilia Standard Time)
[2025-08-25T15:16:25.334Z] [link-health-scheduler] [2025-08-25T15:16:25.333Z] Scheduled 4 links for health checks
[2025-08-25T15:17:02.250Z] Status: 4 jobs scheduled, 0 active
[2025-08-25T15:17:04.020Z] Status: 4 jobs scheduled, 0 active
[2025-08-25T15:17:05.342Z] Status: 4 jobs scheduled, 0 active
[2025-08-25T15:17:05.343Z] [link-health-scheduler] [2025-08-25T15:17:05.342Z] Status: 4 jobs scheduled, 0 active
[2025-08-25T15:18:02.018Z] Stopping link health scheduler...
[2025-08-25T15:18:02.018Z] Stopping Link Health Scheduler...
[2025-08-25T15:18:02.018Z] Stopping Link Health Scheduler...
[2025-08-25T15:18:02.019Z] Stopping Link Health Scheduler...
[2025-08-25T15:18:02.019Z] Stopping Link Health Scheduler
[2025-08-25T15:18:02.020Z] All scheduled jobs cleared
[2025-08-25T15:18:02.020Z] Stopping Link Health Scheduler
[2025-08-25T15:18:02.020Z] Stopping Link Health Scheduler
[2025-08-25T15:18:02.021Z] [link-health-scheduler] [2025-08-25T15:18:02.019Z] Stopping Link Health Scheduler...
[2025-08-25T15:18:02.021Z] All scheduled jobs cleared
[2025-08-25T15:18:02.021Z] All scheduled jobs cleared
[2025-08-25T15:18:02.021Z] [link-health-scheduler] [2025-08-25T15:18:02.020Z] Stopping Link Health Scheduler
[2025-08-25T15:18:02.021Z] [link-health-scheduler] [2025-08-25T15:18:02.021Z] All scheduled jobs cleared
[2025-08-25T15:18:09.132Z] Starting Link Health Scheduler
[2025-08-25T15:18:09.137Z] Starting Link Health Scheduler
[2025-08-25T15:18:09.137Z] Scheduled check for homepage at Mon Aug 25 2025 12:23:09 GMT-0300 (Brasilia Standard Time)
[2025-08-25T15:18:09.138Z] Scheduled check for services at Mon Aug 25 2025 12:33:09 GMT-0300 (Brasilia Standard Time)
[2025-08-25T15:18:09.138Z] Scheduled check for about at Mon Aug 25 2025 13:18:09 GMT-0300 (Brasilia Standard Time)
[2025-08-25T15:18:09.138Z] Scheduled check for contact at Mon Aug 25 2025 12:33:09 GMT-0300 (Brasilia Standard Time)
[2025-08-25T15:18:09.138Z] Scheduled 4 links for health checks
[2025-08-25T15:18:09.138Z] Status: 4 jobs scheduled, 0 active
[2025-08-25T15:18:12.197Z] Starting Link Health Scheduler
[2025-08-25T15:18:12.352Z] Starting Link Health Scheduler
[2025-08-25T15:18:12.353Z] Scheduled check for homepage at Mon Aug 25 2025 12:23:12 GMT-0300 (Brasilia Standard Time)
[2025-08-25T15:18:12.354Z] Scheduled check for services at Mon Aug 25 2025 12:33:12 GMT-0300 (Brasilia Standard Time)
[2025-08-25T15:18:12.355Z] Scheduled check for about at Mon Aug 25 2025 13:18:12 GMT-0300 (Brasilia Standard Time)
[2025-08-25T15:18:12.356Z] Scheduled check for contact at Mon Aug 25 2025 12:33:12 GMT-0300 (Brasilia Standard Time)
[2025-08-25T15:18:12.359Z] Scheduled 4 links for health checks
[2025-08-25T15:18:20.441Z] Starting Link Health Scheduler
[2025-08-25T15:18:20.445Z] [link-health-scheduler] [2025-08-25T15:18:20.441Z] Starting Link Health Scheduler
[2025-08-25T15:18:20.445Z] Starting Link Health Scheduler
[2025-08-25T15:18:20.446Z] [link-health-scheduler] [2025-08-25T15:18:20.445Z] Starting Link Health Scheduler
[2025-08-25T15:18:20.446Z] Scheduled check for homepage at Mon Aug 25 2025 12:23:20 GMT-0300 (Brasilia Standard Time)
[2025-08-25T15:18:20.447Z] Scheduled check for services at Mon Aug 25 2025 12:33:20 GMT-0300 (Brasilia Standard Time)
[2025-08-25T15:18:20.447Z] [link-health-scheduler] [2025-08-25T15:18:20.446Z] Scheduled check for homepage at Mon Aug 25 2025 12:23:20 GMT-0300 (Brasilia Standard Time)
[2025-08-25T15:18:20.447Z] Scheduled check for about at Mon Aug 25 2025 13:18:20 GMT-0300 (Brasilia Standard Time)
[2025-08-25T15:18:20.447Z] [link-health-scheduler] [2025-08-25T15:18:20.447Z] Scheduled check for services at Mon Aug 25 2025 12:33:20 GMT-0300 (Brasilia Standard Time)
[2025-08-25T15:18:20.447Z] Scheduled check for contact at Mon Aug 25 2025 12:33:20 GMT-0300 (Brasilia Standard Time)
[2025-08-25T15:18:20.447Z] [link-health-scheduler] [2025-08-25T15:18:20.447Z] Scheduled check for about at Mon Aug 25 2025 13:18:20 GMT-0300 (Brasilia Standard Time)
[2025-08-25T15:18:20.447Z] Scheduled 4 links for health checks
[2025-08-25T15:18:20.448Z] [link-health-scheduler] [2025-08-25T15:18:20.447Z] Scheduled check for contact at Mon Aug 25 2025 12:33:20 GMT-0300 (Brasilia Standard Time)
[2025-08-25T15:18:20.448Z] [link-health-scheduler] [2025-08-25T15:18:20.447Z] Scheduled 4 links for health checks
[2025-08-25T15:19:00.453Z] Status: 4 jobs scheduled, 0 active
[2025-08-25T15:19:00.453Z] [link-health-scheduler] [2025-08-25T15:19:00.453Z] Status: 4 jobs scheduled, 0 active
[2025-08-25T15:19:02.366Z] Status: 4 jobs scheduled, 0 active
[2025-08-25T15:19:09.145Z] Status: 4 jobs scheduled, 0 active
[2025-08-25T15:20:00.616Z] Status: 4 jobs scheduled, 0 active
[2025-08-25T15:20:00.617Z] [link-health-scheduler] [2025-08-25T15:20:00.616Z] Status: 4 jobs scheduled, 0 active
[2025-08-25T15:20:02.294Z] Stopping link health scheduler...
[2025-08-25T15:20:02.294Z] Stopping Link Health Scheduler...
[2025-08-25T15:20:02.296Z] Stopping Link Health Scheduler...
[2025-08-25T15:20:02.297Z] Stopping Link Health Scheduler
[2025-08-25T15:20:02.297Z] Stopping Link Health Scheduler
[2025-08-25T15:20:02.297Z] All scheduled jobs cleared
[2025-08-25T15:20:02.297Z] [link-health-scheduler] [2025-08-25T15:20:02.296Z] Stopping Link Health Scheduler...
[2025-08-25T15:20:02.297Z] Stopping Link Health Scheduler
[2025-08-25T15:20:02.298Z] [link-health-scheduler] [2025-08-25T15:20:02.297Z] All scheduled jobs cleared
[2025-08-25T15:20:02.298Z] All scheduled jobs cleared
[2025-08-25T15:20:02.296Z] Stopping Link Health Scheduler...
[2025-08-25T15:20:02.357Z] Stopping Link Health Scheduler
[2025-08-25T15:20:02.357Z] All scheduled jobs cleared
[2025-08-25T15:20:12.709Z] Starting Link Health Scheduler
[2025-08-25T15:20:12.880Z] Starting Link Health Scheduler
[2025-08-25T15:20:12.881Z] Scheduled check for homepage at Mon Aug 25 2025 12:25:12 GMT-0300 (Brasilia Standard Time)
[2025-08-25T15:20:12.884Z] Scheduled check for services at Mon Aug 25 2025 12:35:12 GMT-0300 (Brasilia Standard Time)
[2025-08-25T15:20:12.884Z] Scheduled check for about at Mon Aug 25 2025 13:20:12 GMT-0300 (Brasilia Standard Time)
[2025-08-25T15:20:12.885Z] Scheduled check for contact at Mon Aug 25 2025 12:35:12 GMT-0300 (Brasilia Standard Time)
[2025-08-25T15:20:12.885Z] Scheduled 4 links for health checks
[2025-08-25T15:20:14.429Z] Starting Link Health Scheduler
[2025-08-25T15:20:14.444Z] Starting Link Health Scheduler
[2025-08-25T15:20:14.446Z] Scheduled check for homepage at Mon Aug 25 2025 12:25:14 GMT-0300 (Brasilia Standard Time)
[2025-08-25T15:20:14.459Z] Scheduled check for services at Mon Aug 25 2025 12:35:14 GMT-0300 (Brasilia Standard Time)
[2025-08-25T15:20:14.459Z] Scheduled check for about at Mon Aug 25 2025 13:20:14 GMT-0300 (Brasilia Standard Time)
[2025-08-25T15:20:14.472Z] Scheduled check for contact at Mon Aug 25 2025 12:35:14 GMT-0300 (Brasilia Standard Time)
[2025-08-25T15:20:14.474Z] Scheduled 4 links for health checks
[2025-08-25T15:20:25.889Z] Starting Link Health Scheduler
[2025-08-25T15:20:25.897Z] [link-health-scheduler] [2025-08-25T15:20:25.889Z] Starting Link Health Scheduler
[2025-08-25T15:20:25.897Z] Starting Link Health Scheduler
[2025-08-25T15:20:25.897Z] [link-health-scheduler] [2025-08-25T15:20:25.897Z] Starting Link Health Scheduler
[2025-08-25T15:20:25.898Z] Scheduled check for homepage at Mon Aug 25 2025 12:25:25 GMT-0300 (Brasilia Standard Time)
[2025-08-25T15:20:25.898Z] Scheduled check for services at Mon Aug 25 2025 12:35:25 GMT-0300 (Brasilia Standard Time)
[2025-08-25T15:20:25.898Z] [link-health-scheduler] [2025-08-25T15:20:25.898Z] Scheduled check for homepage at Mon Aug 25 2025 12:25:25 GMT-0300 (Brasilia Standard Time)
[2025-08-25T15:20:25.898Z] Scheduled check for about at Mon Aug 25 2025 13:20:25 GMT-0300 (Brasilia Standard Time)
[2025-08-25T15:20:25.898Z] [link-health-scheduler] [2025-08-25T15:20:25.898Z] Scheduled check for services at Mon Aug 25 2025 12:35:25 GMT-0300 (Brasilia Standard Time)
[2025-08-25T15:20:25.899Z] Scheduled check for contact at Mon Aug 25 2025 12:35:25 GMT-0300 (Brasilia Standard Time)
[2025-08-25T15:20:25.899Z] [link-health-scheduler] [2025-08-25T15:20:25.898Z] Scheduled check for about at Mon Aug 25 2025 13:20:25 GMT-0300 (Brasilia Standard Time)
[2025-08-25T15:20:25.899Z] Scheduled 4 links for health checks
[2025-08-25T15:20:25.899Z] [link-health-scheduler] [2025-08-25T15:20:25.899Z] Scheduled check for contact at Mon Aug 25 2025 12:35:25 GMT-0300 (Brasilia Standard Time)
[2025-08-25T15:20:25.899Z] [link-health-scheduler] [2025-08-25T15:20:25.899Z] Scheduled 4 links for health checks
[2025-08-25T15:21:02.915Z] Status: 4 jobs scheduled, 0 active
[2025-08-25T15:21:04.496Z] Status: 4 jobs scheduled, 0 active
[2025-08-25T15:21:05.979Z] Status: 4 jobs scheduled, 0 active
[2025-08-25T15:21:05.982Z] [link-health-scheduler] [2025-08-25T15:21:05.979Z] Status: 4 jobs scheduled, 0 active
[2025-08-25T15:22:02.292Z] Stopping link health scheduler...
[2025-08-25T15:22:02.292Z] Stopping Link Health Scheduler...
[2025-08-25T15:22:02.292Z] Stopping Link Health Scheduler...
[2025-08-25T15:22:02.293Z] [link-health-scheduler] [2025-08-25T15:22:02.292Z] Stopping Link Health Scheduler...
[2025-08-25T15:22:02.293Z] Stopping Link Health Scheduler
[2025-08-25T15:22:02.293Z] Stopping Link Health Scheduler
[2025-08-25T15:22:02.294Z] All scheduled jobs cleared
[2025-08-25T15:22:02.294Z] All scheduled jobs cleared
[2025-08-25T15:22:02.294Z] [link-health-scheduler] [2025-08-25T15:22:02.293Z] Stopping Link Health Scheduler
[2025-08-25T15:22:02.295Z] [link-health-scheduler] [2025-08-25T15:22:02.294Z] All scheduled jobs cleared
[2025-08-25T15:22:02.292Z] Stopping Link Health Scheduler...
[2025-08-25T15:22:02.354Z] Stopping Link Health Scheduler
[2025-08-25T15:22:02.355Z] All scheduled jobs cleared
[2025-08-25T15:22:09.717Z] Starting Link Health Scheduler
[2025-08-25T15:22:09.738Z] Starting Link Health Scheduler
[2025-08-25T15:22:09.741Z] Scheduled check for homepage at Mon Aug 25 2025 12:27:09 GMT-0300 (Brasilia Standard Time)
[2025-08-25T15:22:09.743Z] Scheduled check for services at Mon Aug 25 2025 12:37:09 GMT-0300 (Brasilia Standard Time)
[2025-08-25T15:22:09.745Z] Scheduled check for about at Mon Aug 25 2025 13:22:09 GMT-0300 (Brasilia Standard Time)
[2025-08-25T15:22:09.746Z] Scheduled check for contact at Mon Aug 25 2025 12:37:09 GMT-0300 (Brasilia Standard Time)
[2025-08-25T15:22:09.747Z] Scheduled 4 links for health checks
[2025-08-25T15:22:09.748Z] Status: 4 jobs scheduled, 0 active
[2025-08-25T15:22:12.673Z] Starting Link Health Scheduler
[2025-08-25T15:22:12.809Z] Starting Link Health Scheduler
[2025-08-25T15:22:12.810Z] Scheduled check for homepage at Mon Aug 25 2025 12:27:12 GMT-0300 (Brasilia Standard Time)
[2025-08-25T15:22:12.810Z] Scheduled check for services at Mon Aug 25 2025 12:37:12 GMT-0300 (Brasilia Standard Time)
[2025-08-25T15:22:12.810Z] Scheduled check for about at Mon Aug 25 2025 13:22:12 GMT-0300 (Brasilia Standard Time)
[2025-08-25T15:22:12.810Z] Scheduled check for contact at Mon Aug 25 2025 12:37:12 GMT-0300 (Brasilia Standard Time)
[2025-08-25T15:22:12.811Z] Scheduled 4 links for health checks
[2025-08-25T15:22:21.128Z] Starting Link Health Scheduler
[2025-08-25T15:22:21.133Z] Starting Link Health Scheduler
[2025-08-25T15:22:21.133Z] [link-health-scheduler] [2025-08-25T15:22:21.128Z] Starting Link Health Scheduler
[2025-08-25T15:22:21.134Z] [link-health-scheduler] [2025-08-25T15:22:21.133Z] Starting Link Health Scheduler
[2025-08-25T15:22:21.135Z] Scheduled check for homepage at Mon Aug 25 2025 12:27:21 GMT-0300 (Brasilia Standard Time)
[2025-08-25T15:22:21.135Z] Scheduled check for services at Mon Aug 25 2025 12:37:21 GMT-0300 (Brasilia Standard Time)
[2025-08-25T15:22:21.135Z] [link-health-scheduler] [2025-08-25T15:22:21.135Z] Scheduled check for homepage at Mon Aug 25 2025 12:27:21 GMT-0300 (Brasilia Standard Time)
[2025-08-25T15:22:21.135Z] Scheduled check for about at Mon Aug 25 2025 13:22:21 GMT-0300 (Brasilia Standard Time)
[2025-08-25T15:22:21.136Z] Scheduled check for contact at Mon Aug 25 2025 12:37:21 GMT-0300 (Brasilia Standard Time)
[2025-08-25T15:22:21.136Z] Scheduled 4 links for health checks
[2025-08-25T15:22:21.136Z] [link-health-scheduler] [2025-08-25T15:22:21.135Z] Scheduled check for services at Mon Aug 25 2025 12:37:21 GMT-0300 (Brasilia Standard Time)
[2025-08-25T15:22:21.137Z] [link-health-scheduler] [2025-08-25T15:22:21.135Z] Scheduled check for about at Mon Aug 25 2025 13:22:21 GMT-0300 (Brasilia Standard Time)
[2025-08-25T15:22:21.136Z] Scheduled check for contact at Mon Aug 25 2025 12:37:21 GMT-0300 (Brasilia Standard Time)
[2025-08-25T15:22:21.136Z] Scheduled 4 links for health checks
[2025-08-25T15:23:01.150Z] Status: 4 jobs scheduled, 0 active
[2025-08-25T15:23:01.150Z] [link-health-scheduler] [2025-08-25T15:23:01.150Z] Status: 4 jobs scheduled, 0 active
[2025-08-25T15:23:02.817Z] Status: 4 jobs scheduled, 0 active
[2025-08-25T15:23:09.757Z] Status: 4 jobs scheduled, 0 active
[2025-08-25T15:24:01.180Z] Status: 4 jobs scheduled, 0 active
[2025-08-25T15:24:01.180Z] [link-health-scheduler] [2025-08-25T15:24:01.180Z] Status: 4 jobs scheduled, 0 active
[2025-08-25T15:24:02.103Z] Stopping link health scheduler...
[2025-08-25T15:24:02.104Z] Stopping Link Health Scheduler...
[2025-08-25T15:24:02.104Z] Stopping Link Health Scheduler...
[2025-08-25T15:24:02.105Z] Stopping Link Health Scheduler
[2025-08-25T15:24:02.105Z] Stopping Link Health Scheduler...
[2025-08-25T15:24:02.105Z] Stopping Link Health Scheduler
[2025-08-25T15:24:02.105Z] [link-health-scheduler] [2025-08-25T15:24:02.104Z] Stopping Link Health Scheduler...
[2025-08-25T15:24:02.106Z] All scheduled jobs cleared
[2025-08-25T15:24:02.106Z] All scheduled jobs cleared
[2025-08-25T15:24:02.106Z] [link-health-scheduler] [2025-08-25T15:24:02.105Z] Stopping Link Health Scheduler
[2025-08-25T15:24:02.107Z] [link-health-scheduler] [2025-08-25T15:24:02.106Z] All scheduled jobs cleared
[2025-08-25T15:24:02.107Z] Stopping Link Health Scheduler
[2025-08-25T15:24:02.107Z] All scheduled jobs cleared
[2025-08-25T15:24:12.263Z] Starting Link Health Scheduler
[2025-08-25T15:24:12.362Z] Starting Link Health Scheduler
[2025-08-25T15:24:12.363Z] Scheduled check for homepage at Mon Aug 25 2025 12:29:12 GMT-0300 (Brasilia Standard Time)
[2025-08-25T15:24:12.363Z] Scheduled check for services at Mon Aug 25 2025 12:39:12 GMT-0300 (Brasilia Standard Time)
[2025-08-25T15:24:12.363Z] Scheduled check for about at Mon Aug 25 2025 13:24:12 GMT-0300 (Brasilia Standard Time)
[2025-08-25T15:24:12.363Z] Scheduled check for contact at Mon Aug 25 2025 12:39:12 GMT-0300 (Brasilia Standard Time)
[2025-08-25T15:24:12.363Z] Scheduled 4 links for health checks
[2025-08-25T15:24:14.864Z] Starting Link Health Scheduler
[2025-08-25T15:24:14.870Z] Starting Link Health Scheduler
[2025-08-25T15:24:14.870Z] Scheduled check for homepage at Mon Aug 25 2025 12:29:14 GMT-0300 (Brasilia Standard Time)
[2025-08-25T15:24:14.871Z] Scheduled check for services at Mon Aug 25 2025 12:39:14 GMT-0300 (Brasilia Standard Time)
[2025-08-25T15:24:14.871Z] Scheduled check for about at Mon Aug 25 2025 13:24:14 GMT-0300 (Brasilia Standard Time)
[2025-08-25T15:24:14.871Z] Scheduled check for contact at Mon Aug 25 2025 12:39:14 GMT-0300 (Brasilia Standard Time)
[2025-08-25T15:24:14.871Z] Scheduled 4 links for health checks
[2025-08-25T15:24:26.308Z] Starting Link Health Scheduler
[2025-08-25T15:24:26.314Z] [link-health-scheduler] [2025-08-25T15:24:26.308Z] Starting Link Health Scheduler
[2025-08-25T15:24:26.315Z] Starting Link Health Scheduler
[2025-08-25T15:24:26.315Z] Scheduled check for homepage at Mon Aug 25 2025 12:29:26 GMT-0300 (Brasilia Standard Time)
[2025-08-25T15:24:26.315Z] [link-health-scheduler] [2025-08-25T15:24:26.315Z] Starting Link Health Scheduler
[2025-08-25T15:24:26.316Z] Scheduled check for services at Mon Aug 25 2025 12:39:26 GMT-0300 (Brasilia Standard Time)
[2025-08-25T15:24:26.316Z] [link-health-scheduler] [2025-08-25T15:24:26.315Z] Scheduled check for homepage at Mon Aug 25 2025 12:29:26 GMT-0300 (Brasilia Standard Time)
[2025-08-25T15:24:26.316Z] Scheduled check for about at Mon Aug 25 2025 13:24:26 GMT-0300 (Brasilia Standard Time)
[2025-08-25T15:24:26.316Z] [link-health-scheduler] [2025-08-25T15:24:26.316Z] Scheduled check for services at Mon Aug 25 2025 12:39:26 GMT-0300 (Brasilia Standard Time)
[2025-08-25T15:24:26.316Z] Scheduled check for contact at Mon Aug 25 2025 12:39:26 GMT-0300 (Brasilia Standard Time)
[2025-08-25T15:24:26.317Z] Scheduled 4 links for health checks
[2025-08-25T15:24:26.318Z] [link-health-scheduler] [2025-08-25T15:24:26.316Z] Scheduled check for about at Mon Aug 25 2025 13:24:26 GMT-0300 (Brasilia Standard Time)
[2025-08-25T15:24:26.318Z] [link-health-scheduler] [2025-08-25T15:24:26.316Z] Scheduled check for contact at Mon Aug 25 2025 12:39:26 GMT-0300 (Brasilia Standard Time)
[2025-08-25T15:24:26.317Z] Scheduled 4 links for health checks
[2025-08-25T15:25:02.447Z] Status: 4 jobs scheduled, 0 active
[2025-08-25T15:25:04.974Z] Status: 4 jobs scheduled, 0 active
[2025-08-25T15:25:06.326Z] Status: 4 jobs scheduled, 0 active
[2025-08-25T15:25:06.326Z] [link-health-scheduler] [2025-08-25T15:25:06.326Z] Status: 4 jobs scheduled, 0 active
[2025-08-25T15:26:02.463Z] Status: 4 jobs scheduled, 0 active
[2025-08-25T15:26:02.859Z] Stopping link health scheduler...
[2025-08-25T15:26:02.862Z] Stopping Link Health Scheduler...
[2025-08-25T15:26:02.864Z] Stopping Link Health Scheduler...
[2025-08-25T15:26:02.865Z] Stopping Link Health Scheduler
[2025-08-25T15:26:02.878Z] All scheduled jobs cleared
[2025-08-25T15:26:02.865Z] Stopping Link Health Scheduler...
[2025-08-25T15:26:02.906Z] Stopping Link Health Scheduler
[2025-08-25T15:26:02.907Z] All scheduled jobs cleared
[2025-08-25T15:26:02.908Z] Stopping Link Health Scheduler
[2025-08-25T15:26:02.909Z] All scheduled jobs cleared
[2025-08-25T15:26:02.909Z] [link-health-scheduler] [2025-08-25T15:26:02.865Z] Stopping Link Health Scheduler...
[2025-08-25T15:26:02.908Z] Stopping Link Health Scheduler
[2025-08-25T15:26:02.909Z] [link-health-scheduler] [2025-08-25T15:26:02.909Z] All scheduled jobs cleared
[2025-08-25T15:28:00.557Z] Status: 4 jobs scheduled, 0 active
[2025-08-25T15:28:01.868Z] Status: 4 jobs scheduled, 0 active
[2025-08-25T15:28:01.873Z] [link-health-scheduler] [2025-08-25T15:28:01.868Z] Status: 4 jobs scheduled, 0 active
[2025-08-25T15:28:03.650Z] Status: 4 jobs scheduled, 0 active
[2025-08-25T15:28:04.001Z] Stopping link health scheduler...
[2025-08-25T15:28:04.005Z] Stopping Link Health Scheduler...
[2025-08-25T15:28:04.007Z] Stopping Link Health Scheduler
[2025-08-25T15:28:04.006Z] Stopping Link Health Scheduler...
[2025-08-25T15:28:04.006Z] Stopping Link Health Scheduler...
[2025-08-25T15:28:04.011Z] Stopping Link Health Scheduler
[2025-08-25T15:28:04.012Z] All scheduled jobs cleared
[2025-08-25T15:28:04.014Z] All scheduled jobs cleared
[2025-08-25T15:28:04.014Z] [link-health-scheduler] [2025-08-25T15:28:04.006Z] Stopping Link Health Scheduler...
[2025-08-25T15:28:04.011Z] Stopping Link Health Scheduler
[2025-08-25T15:28:04.012Z] All scheduled jobs cleared
[2025-08-25T15:28:04.012Z] Stopping Link Health Scheduler
[2025-08-25T15:28:04.021Z] All scheduled jobs cleared
[2025-08-25T15:28:14.514Z] Starting Link Health Scheduler
[2025-08-25T15:28:14.670Z] Starting Link Health Scheduler
[2025-08-25T15:28:14.671Z] Scheduled check for homepage at Mon Aug 25 2025 12:33:14 GMT-0300 (Brasilia Standard Time)
[2025-08-25T15:28:14.672Z] Scheduled check for services at Mon Aug 25 2025 12:43:14 GMT-0300 (Brasilia Standard Time)
[2025-08-25T15:28:14.672Z] Scheduled check for about at Mon Aug 25 2025 13:28:14 GMT-0300 (Brasilia Standard Time)
[2025-08-25T15:28:14.672Z] Scheduled check for contact at Mon Aug 25 2025 12:43:14 GMT-0300 (Brasilia Standard Time)
[2025-08-25T15:28:14.672Z] Scheduled 4 links for health checks
[2025-08-25T15:28:15.697Z] Starting Link Health Scheduler
[2025-08-25T15:28:15.703Z] Starting Link Health Scheduler
[2025-08-25T15:28:15.704Z] Scheduled check for homepage at Mon Aug 25 2025 12:33:15 GMT-0300 (Brasilia Standard Time)
[2025-08-25T15:28:15.705Z] Scheduled check for services at Mon Aug 25 2025 12:43:15 GMT-0300 (Brasilia Standard Time)
[2025-08-25T15:28:15.705Z] Scheduled check for about at Mon Aug 25 2025 13:28:15 GMT-0300 (Brasilia Standard Time)
[2025-08-25T15:28:15.706Z] Scheduled check for contact at Mon Aug 25 2025 12:43:15 GMT-0300 (Brasilia Standard Time)
[2025-08-25T15:28:15.706Z] Scheduled 4 links for health checks
[2025-08-25T15:28:27.043Z] Starting Link Health Scheduler
[2025-08-25T15:28:27.050Z] Starting Link Health Scheduler
[2025-08-25T15:28:27.051Z] Scheduled check for homepage at Mon Aug 25 2025 12:33:27 GMT-0300 (Brasilia Standard Time)
[2025-08-25T15:28:27.051Z] Scheduled check for services at Mon Aug 25 2025 12:43:27 GMT-0300 (Brasilia Standard Time)
[2025-08-25T15:28:27.052Z] Scheduled check for about at Mon Aug 25 2025 13:28:27 GMT-0300 (Brasilia Standard Time)
[2025-08-25T15:28:27.052Z] [link-health-scheduler] [2025-08-25T15:28:27.043Z] Starting Link Health Scheduler
[2025-08-25T15:28:27.050Z] Starting Link Health Scheduler
[2025-08-25T15:28:27.051Z] Scheduled check for homepage at Mon Aug 25 2025 12:33:27 GMT-0300 (Brasilia Standard Time)
[2025-08-25T15:28:27.051Z] Scheduled check for services at Mon Aug 25 2025 12:43:27 GMT-0300 (Brasilia Standard Time)
[2025-08-25T15:28:27.053Z] Scheduled check for contact at Mon Aug 25 2025 12:43:27 GMT-0300 (Brasilia Standard Time)
[2025-08-25T15:28:27.053Z] Scheduled 4 links for health checks
[2025-08-25T15:28:27.054Z] [link-health-scheduler] [2025-08-25T15:28:27.052Z] Scheduled check for about at Mon Aug 25 2025 13:28:27 GMT-0300 (Brasilia Standard Time)
[2025-08-25T15:28:27.053Z] Scheduled check for contact at Mon Aug 25 2025 12:43:27 GMT-0300 (Brasilia Standard Time)
[2025-08-25T15:28:27.053Z] Scheduled 4 links for health checks
[2025-08-25T15:29:04.680Z] Status: 4 jobs scheduled, 0 active
[2025-08-25T15:29:05.713Z] Status: 4 jobs scheduled, 0 active
[2025-08-25T15:29:07.059Z] Status: 4 jobs scheduled, 0 active
[2025-08-25T15:29:07.059Z] [link-health-scheduler] [2025-08-25T15:29:07.059Z] Status: 4 jobs scheduled, 0 active
[2025-08-25T15:30:04.149Z] Stopping link health scheduler...
[2025-08-25T15:30:04.149Z] Stopping Link Health Scheduler...
[2025-08-25T15:30:04.150Z] Stopping Link Health Scheduler...
[2025-08-25T15:30:04.151Z] Stopping Link Health Scheduler
[2025-08-25T15:30:04.150Z] Stopping Link Health Scheduler...
[2025-08-25T15:30:04.152Z] All scheduled jobs cleared
[2025-08-25T15:30:04.152Z] [link-health-scheduler] [2025-08-25T15:30:04.150Z] Stopping Link Health Scheduler...
[2025-08-25T15:30:04.152Z] Stopping Link Health Scheduler
[2025-08-25T15:30:04.152Z] Stopping Link Health Scheduler
[2025-08-25T15:30:04.153Z] All scheduled jobs cleared
[2025-08-25T15:30:04.153Z] All scheduled jobs cleared
[2025-08-25T15:30:04.153Z] [link-health-scheduler] [2025-08-25T15:30:04.152Z] Stopping Link Health Scheduler
[2025-08-25T15:30:04.153Z] All scheduled jobs cleared
[2025-08-25T15:30:10.932Z] Starting Link Health Scheduler
[2025-08-25T15:30:10.957Z] Starting Link Health Scheduler
[2025-08-25T15:30:10.958Z] Scheduled check for homepage at Mon Aug 25 2025 12:35:10 GMT-0300 (Brasilia Standard Time)
[2025-08-25T15:30:10.958Z] Scheduled check for services at Mon Aug 25 2025 12:45:10 GMT-0300 (Brasilia Standard Time)
[2025-08-25T15:30:10.958Z] Scheduled check for about at Mon Aug 25 2025 13:30:10 GMT-0300 (Brasilia Standard Time)
[2025-08-25T15:30:10.959Z] Scheduled check for contact at Mon Aug 25 2025 12:45:10 GMT-0300 (Brasilia Standard Time)
[2025-08-25T15:30:10.959Z] Scheduled 4 links for health checks
[2025-08-25T15:30:14.775Z] Starting Link Health Scheduler
[2025-08-25T15:30:14.948Z] Starting Link Health Scheduler
[2025-08-25T15:30:14.948Z] Scheduled check for homepage at Mon Aug 25 2025 12:35:14 GMT-0300 (Brasilia Standard Time)
[2025-08-25T15:30:14.948Z] Scheduled check for services at Mon Aug 25 2025 12:45:14 GMT-0300 (Brasilia Standard Time)
[2025-08-25T15:30:14.949Z] Scheduled check for about at Mon Aug 25 2025 13:30:14 GMT-0300 (Brasilia Standard Time)
[2025-08-25T15:30:14.949Z] Scheduled check for contact at Mon Aug 25 2025 12:45:14 GMT-0300 (Brasilia Standard Time)
[2025-08-25T15:30:14.950Z] Scheduled 4 links for health checks
[2025-08-25T15:30:22.264Z] Starting Link Health Scheduler
[2025-08-25T15:30:22.270Z] [link-health-scheduler] [2025-08-25T15:30:22.264Z] Starting Link Health Scheduler
[2025-08-25T15:30:22.270Z] Starting Link Health Scheduler
[2025-08-25T15:30:22.270Z] [link-health-scheduler] [2025-08-25T15:30:22.270Z] Starting Link Health Scheduler
[2025-08-25T15:30:22.271Z] Scheduled check for homepage at Mon Aug 25 2025 12:35:22 GMT-0300 (Brasilia Standard Time)
[2025-08-25T15:30:22.271Z] Scheduled check for services at Mon Aug 25 2025 12:45:22 GMT-0300 (Brasilia Standard Time)
[2025-08-25T15:30:22.271Z] [link-health-scheduler] [2025-08-25T15:30:22.271Z] Scheduled check for homepage at Mon Aug 25 2025 12:35:22 GMT-0300 (Brasilia Standard Time)
[2025-08-25T15:30:22.271Z] Scheduled check for about at Mon Aug 25 2025 13:30:22 GMT-0300 (Brasilia Standard Time)
[2025-08-25T15:30:22.272Z] Scheduled check for contact at Mon Aug 25 2025 12:45:22 GMT-0300 (Brasilia Standard Time)
[2025-08-25T15:30:22.272Z] Scheduled 4 links for health checks
[2025-08-25T15:30:22.272Z] [link-health-scheduler] [2025-08-25T15:30:22.271Z] Scheduled check for services at Mon Aug 25 2025 12:45:22 GMT-0300 (Brasilia Standard Time)
[2025-08-25T15:30:22.271Z] Scheduled check for about at Mon Aug 25 2025 13:30:22 GMT-0300 (Brasilia Standard Time)
[2025-08-25T15:30:22.272Z] [link-health-scheduler] [2025-08-25T15:30:22.272Z] Scheduled check for contact at Mon Aug 25 2025 12:45:22 GMT-0300 (Brasilia Standard Time)
[2025-08-25T15:30:22.272Z] Scheduled 4 links for health checks
[2025-08-25T15:31:01.057Z] Status: 4 jobs scheduled, 0 active
[2025-08-25T15:31:02.412Z] Status: 4 jobs scheduled, 0 active
[2025-08-25T15:31:02.414Z] [link-health-scheduler] [2025-08-25T15:31:02.412Z] Status: 4 jobs scheduled, 0 active
[2025-08-25T15:31:05.144Z] Status: 4 jobs scheduled, 0 active
[2025-08-25T15:32:01.212Z] Status: 4 jobs scheduled, 0 active
[2025-08-25T15:32:02.462Z] Status: 4 jobs scheduled, 0 active
[2025-08-25T15:32:02.466Z] [link-health-scheduler] [2025-08-25T15:32:02.462Z] Status: 4 jobs scheduled, 0 active
[2025-08-26T03:30:13.620Z] Starting Link Health Scheduler
[2025-08-26T03:30:13.792Z] Starting Link Health Scheduler
[2025-08-26T03:30:13.795Z] Scheduled check for homepage at Tue Aug 26 2025 00:35:13 GMT-0300 (Brasilia Standard Time)
[2025-08-26T03:30:13.795Z] Scheduled check for services at Tue Aug 26 2025 00:45:13 GMT-0300 (Brasilia Standard Time)
[2025-08-26T03:30:13.796Z] Scheduled check for about at Tue Aug 26 2025 01:30:13 GMT-0300 (Brasilia Standard Time)
[2025-08-26T03:30:13.796Z] Scheduled check for contact at Tue Aug 26 2025 00:45:13 GMT-0300 (Brasilia Standard Time)
[2025-08-26T03:30:13.796Z] Scheduled 4 links for health checks
[2025-08-26T03:30:17.823Z] Starting Link Health Scheduler
[2025-08-26T03:30:17.836Z] Starting Link Health Scheduler
[2025-08-26T03:30:17.840Z] Scheduled check for homepage at Tue Aug 26 2025 00:35:17 GMT-0300 (Brasilia Standard Time)
[2025-08-26T03:30:17.841Z] Scheduled check for services at Tue Aug 26 2025 00:45:17 GMT-0300 (Brasilia Standard Time)
[2025-08-26T03:30:17.841Z] Scheduled check for about at Tue Aug 26 2025 01:30:17 GMT-0300 (Brasilia Standard Time)
[2025-08-26T03:30:17.842Z] Scheduled check for contact at Tue Aug 26 2025 00:45:17 GMT-0300 (Brasilia Standard Time)
[2025-08-26T03:30:17.842Z] Scheduled 4 links for health checks
[2025-08-26T03:30:28.196Z] Starting Link Health Scheduler
[2025-08-26T03:30:28.209Z] Starting Link Health Scheduler
[2025-08-26T03:30:28.210Z] Scheduled check for homepage at Tue Aug 26 2025 00:35:28 GMT-0300 (Brasilia Standard Time)
[2025-08-26T03:30:28.210Z] Scheduled check for services at Tue Aug 26 2025 00:45:28 GMT-0300 (Brasilia Standard Time)
[2025-08-26T03:30:28.211Z] Scheduled check for about at Tue Aug 26 2025 01:30:28 GMT-0300 (Brasilia Standard Time)
[2025-08-26T03:30:28.211Z] [link-health-scheduler] [2025-08-26T03:30:28.196Z] Starting Link Health Scheduler
[2025-08-26T03:30:28.209Z] Starting Link Health Scheduler
[2025-08-26T03:30:28.210Z] Scheduled check for homepage at Tue Aug 26 2025 00:35:28 GMT-0300 (Brasilia Standard Time)
[2025-08-26T03:30:28.211Z] Scheduled check for contact at Tue Aug 26 2025 00:45:28 GMT-0300 (Brasilia Standard Time)
[2025-08-26T03:30:28.211Z] [link-health-scheduler] [2025-08-26T03:30:28.210Z] Scheduled check for services at Tue Aug 26 2025 00:45:28 GMT-0300 (Brasilia Standard Time)
[2025-08-26T03:30:28.211Z] Scheduled check for about at Tue Aug 26 2025 01:30:28 GMT-0300 (Brasilia Standard Time)
[2025-08-26T03:30:28.211Z] Scheduled check for contact at Tue Aug 26 2025 00:45:28 GMT-0300 (Brasilia Standard Time)
[2025-08-26T03:30:28.211Z] Scheduled 4 links for health checks
[2025-08-26T03:30:28.217Z] [link-health-scheduler] [2025-08-26T03:30:28.211Z] Scheduled 4 links for health checks
[2025-08-26T03:31:03.828Z] Status: 4 jobs scheduled, 0 active
[2025-08-26T03:31:07.851Z] Status: 4 jobs scheduled, 0 active
[2025-08-26T03:31:08.273Z] Status: 4 jobs scheduled, 0 active
[2025-08-26T03:31:08.274Z] [link-health-scheduler] [2025-08-26T03:31:08.273Z] Status: 4 jobs scheduled, 0 active
[2025-08-26T03:32:02.115Z] Stopping Link Health Scheduler...
[2025-08-26T03:32:02.115Z] Stopping Link Health Scheduler
[2025-08-26T03:32:02.116Z] All scheduled jobs cleared
[2025-08-26T03:32:02.114Z] Stopping Link Health Scheduler...
[2025-08-26T03:32:02.119Z] Stopping Link Health Scheduler...
[2025-08-26T03:32:02.118Z] Stopping Link Health Scheduler
[2025-08-26T03:32:02.122Z] All scheduled jobs cleared
[2025-08-26T03:32:02.122Z] Stopping Link Health Scheduler
[2025-08-26T03:32:02.123Z] All scheduled jobs cleared
[2025-08-26T03:32:02.124Z] [link-health-scheduler] [2025-08-26T03:32:02.119Z] Stopping Link Health Scheduler...
[2025-08-26T03:32:02.122Z] Stopping Link Health Scheduler
[2025-08-26T03:32:02.123Z] All scheduled jobs cleared
[2025-08-26T03:32:12.679Z] Starting Link Health Scheduler
[2025-08-26T03:32:12.894Z] Starting Link Health Scheduler
[2025-08-26T03:32:12.946Z] Scheduled check for homepage at Tue Aug 26 2025 00:37:12 GMT-0300 (Brasilia Standard Time)
[2025-08-26T03:32:12.946Z] Scheduled check for services at Tue Aug 26 2025 00:47:12 GMT-0300 (Brasilia Standard Time)
[2025-08-26T03:32:12.963Z] Scheduled check for about at Tue Aug 26 2025 01:32:12 GMT-0300 (Brasilia Standard Time)
[2025-08-26T03:32:12.976Z] Scheduled check for contact at Tue Aug 26 2025 00:47:12 GMT-0300 (Brasilia Standard Time)
[2025-08-26T03:32:12.977Z] Scheduled 4 links for health checks
[2025-08-26T03:32:13.126Z] Starting Link Health Scheduler
[2025-08-26T03:32:13.133Z] Starting Link Health Scheduler
[2025-08-26T03:32:13.134Z] Scheduled check for homepage at Tue Aug 26 2025 00:37:13 GMT-0300 (Brasilia Standard Time)
[2025-08-26T03:32:13.135Z] Scheduled check for services at Tue Aug 26 2025 00:47:13 GMT-0300 (Brasilia Standard Time)
[2025-08-26T03:32:13.137Z] Scheduled check for about at Tue Aug 26 2025 01:32:13 GMT-0300 (Brasilia Standard Time)
[2025-08-26T03:32:13.138Z] Scheduled check for contact at Tue Aug 26 2025 00:47:13 GMT-0300 (Brasilia Standard Time)
[2025-08-26T03:32:13.139Z] Scheduled 4 links for health checks
[2025-08-26T03:32:23.435Z] Starting Link Health Scheduler
[2025-08-26T03:32:23.443Z] [link-health-scheduler] [2025-08-26T03:32:23.435Z] Starting Link Health Scheduler
[2025-08-26T03:32:23.443Z] Starting Link Health Scheduler
[2025-08-26T03:32:23.443Z] [link-health-scheduler] [2025-08-26T03:32:23.443Z] Starting Link Health Scheduler
[2025-08-26T03:32:23.444Z] Scheduled check for homepage at Tue Aug 26 2025 00:37:23 GMT-0300 (Brasilia Standard Time)
[2025-08-26T03:32:23.444Z] Scheduled check for services at Tue Aug 26 2025 00:47:23 GMT-0300 (Brasilia Standard Time)
[2025-08-26T03:32:23.444Z] [link-health-scheduler] [2025-08-26T03:32:23.444Z] Scheduled check for homepage at Tue Aug 26 2025 00:37:23 GMT-0300 (Brasilia Standard Time)
[2025-08-26T03:32:23.444Z] Scheduled check for about at Tue Aug 26 2025 01:32:23 GMT-0300 (Brasilia Standard Time)
[2025-08-26T03:32:23.444Z] [link-health-scheduler] [2025-08-26T03:32:23.444Z] Scheduled check for services at Tue Aug 26 2025 00:47:23 GMT-0300 (Brasilia Standard Time)
[2025-08-26T03:32:23.444Z] Scheduled check for contact at Tue Aug 26 2025 00:47:23 GMT-0300 (Brasilia Standard Time)
[2025-08-26T03:32:23.445Z] [link-health-scheduler] [2025-08-26T03:32:23.444Z] Scheduled check for about at Tue Aug 26 2025 01:32:23 GMT-0300 (Brasilia Standard Time)
[2025-08-26T03:32:23.445Z] Scheduled 4 links for health checks
[2025-08-26T03:32:23.445Z] [link-health-scheduler] [2025-08-26T03:32:23.444Z] Scheduled check for contact at Tue Aug 26 2025 00:47:23 GMT-0300 (Brasilia Standard Time)
[2025-08-26T03:32:23.445Z] [link-health-scheduler] [2025-08-26T03:32:23.445Z] Scheduled 4 links for health checks
[2025-08-26T03:33:03.008Z] Status: 4 jobs scheduled, 0 active
[2025-08-26T03:33:03.162Z] Status: 4 jobs scheduled, 0 active
[2025-08-26T03:33:03.529Z] Status: 4 jobs scheduled, 0 active
[2025-08-26T03:33:03.529Z] [link-health-scheduler] [2025-08-26T03:33:03.529Z] Status: 4 jobs scheduled, 0 active
[2025-08-26T03:34:02.491Z] Stopping Link Health Scheduler...
[2025-08-26T03:34:02.492Z] Stopping Link Health Scheduler...
[2025-08-26T03:34:02.492Z] Stopping Link Health Scheduler
[2025-08-26T03:34:02.500Z] [link-health-scheduler] [2025-08-26T03:34:02.492Z] Stopping Link Health Scheduler...
[2025-08-26T03:34:02.501Z] Stopping Link Health Scheduler
[2025-08-26T03:34:02.506Z] All scheduled jobs cleared
[2025-08-26T03:34:02.506Z] All scheduled jobs cleared
[2025-08-26T03:34:02.508Z] [link-health-scheduler] [2025-08-26T03:34:02.501Z] Stopping Link Health Scheduler
[2025-08-26T03:34:02.506Z] All scheduled jobs cleared
[2025-08-26T03:34:02.489Z] Stopping Link Health Scheduler...
[2025-08-26T03:34:02.549Z] Stopping Link Health Scheduler
[2025-08-26T03:34:02.549Z] All scheduled jobs cleared
[2025-08-26T03:34:08.380Z] Starting Link Health Scheduler
[2025-08-26T03:34:08.384Z] Starting Link Health Scheduler
[2025-08-26T03:34:08.385Z] Scheduled check for homepage at Tue Aug 26 2025 00:39:08 GMT-0300 (Brasilia Standard Time)
[2025-08-26T03:34:08.388Z] Scheduled check for services at Tue Aug 26 2025 00:49:08 GMT-0300 (Brasilia Standard Time)
[2025-08-26T03:34:08.389Z] Scheduled check for about at Tue Aug 26 2025 01:34:08 GMT-0300 (Brasilia Standard Time)
[2025-08-26T03:34:08.389Z] Scheduled check for contact at Tue Aug 26 2025 00:49:08 GMT-0300 (Brasilia Standard Time)
[2025-08-26T03:34:08.389Z] Scheduled 4 links for health checks
[2025-08-26T03:34:08.390Z] Status: 4 jobs scheduled, 0 active
[2025-08-26T03:34:13.215Z] Starting Link Health Scheduler
[2025-08-26T03:34:13.344Z] Starting Link Health Scheduler
[2025-08-26T03:34:13.344Z] Scheduled check for homepage at Tue Aug 26 2025 00:39:13 GMT-0300 (Brasilia Standard Time)
[2025-08-26T03:34:13.344Z] Scheduled check for services at Tue Aug 26 2025 00:49:13 GMT-0300 (Brasilia Standard Time)
[2025-08-26T03:34:13.345Z] Scheduled check for about at Tue Aug 26 2025 01:34:13 GMT-0300 (Brasilia Standard Time)
[2025-08-26T03:34:13.345Z] Scheduled check for contact at Tue Aug 26 2025 00:49:13 GMT-0300 (Brasilia Standard Time)
[2025-08-26T03:34:13.345Z] Scheduled 4 links for health checks
[2025-08-26T03:34:18.799Z] Starting Link Health Scheduler
[2025-08-26T03:34:18.806Z] [link-health-scheduler] [2025-08-26T03:34:18.799Z] Starting Link Health Scheduler
[2025-08-26T03:34:18.807Z] Starting Link Health Scheduler
[2025-08-26T03:34:18.807Z] [link-health-scheduler] [2025-08-26T03:34:18.807Z] Starting Link Health Scheduler
[2025-08-26T03:34:18.807Z] Scheduled check for homepage at Tue Aug 26 2025 00:39:18 GMT-0300 (Brasilia Standard Time)
[2025-08-26T03:34:18.808Z] Scheduled check for services at Tue Aug 26 2025 00:49:18 GMT-0300 (Brasilia Standard Time)
[2025-08-26T03:34:18.808Z] [link-health-scheduler] [2025-08-26T03:34:18.807Z] Scheduled check for homepage at Tue Aug 26 2025 00:39:18 GMT-0300 (Brasilia Standard Time)
[2025-08-26T03:34:18.808Z] Scheduled check for about at Tue Aug 26 2025 01:34:18 GMT-0300 (Brasilia Standard Time)
[2025-08-26T03:34:18.808Z] [link-health-scheduler] [2025-08-26T03:34:18.808Z] Scheduled check for services at Tue Aug 26 2025 00:49:18 GMT-0300 (Brasilia Standard Time)
[2025-08-26T03:34:18.808Z] Scheduled check for contact at Tue Aug 26 2025 00:49:18 GMT-0300 (Brasilia Standard Time)
[2025-08-26T03:34:18.808Z] [link-health-scheduler] [2025-08-26T03:34:18.808Z] Scheduled check for about at Tue Aug 26 2025 01:34:18 GMT-0300 (Brasilia Standard Time)
[2025-08-26T03:34:18.809Z] Scheduled 4 links for health checks
[2025-08-26T03:34:18.809Z] [link-health-scheduler] [2025-08-26T03:34:18.808Z] Scheduled check for contact at Tue Aug 26 2025 00:49:18 GMT-0300 (Brasilia Standard Time)
[2025-08-26T03:34:18.810Z] [link-health-scheduler] [2025-08-26T03:34:18.809Z] Scheduled 4 links for health checks
[2025-08-26T03:35:03.403Z] Status: 4 jobs scheduled, 0 active
[2025-08-26T03:35:08.429Z] Status: 4 jobs scheduled, 0 active
[2025-08-26T03:35:08.826Z] Status: 4 jobs scheduled, 0 active
[2025-08-26T03:35:08.826Z] [link-health-scheduler] [2025-08-26T03:35:08.826Z] Status: 4 jobs scheduled, 0 active
[2025-08-26T03:36:01.332Z] Stopping Link Health Scheduler...
[2025-08-26T03:36:01.333Z] Stopping Link Health Scheduler...
[2025-08-26T03:36:01.333Z] Stopping Link Health Scheduler...
[2025-08-26T03:36:01.333Z] Stopping Link Health Scheduler
[2025-08-26T03:36:01.334Z] Stopping Link Health Scheduler
[2025-08-26T03:36:01.335Z] All scheduled jobs cleared
[2025-08-26T03:36:01.337Z] All scheduled jobs cleared
[2025-08-26T03:36:01.337Z] [link-health-scheduler] [2025-08-26T03:36:01.333Z] Stopping Link Health Scheduler...
[2025-08-26T03:36:01.334Z] Stopping Link Health Scheduler
[2025-08-26T03:36:01.339Z] [link-health-scheduler] [2025-08-26T03:36:01.337Z] All scheduled jobs cleared
[2025-08-26T03:36:01.338Z] Stopping Link Health Scheduler
[2025-08-26T03:36:01.340Z] All scheduled jobs cleared
[2025-08-26T03:36:11.967Z] Starting Link Health Scheduler
[2025-08-26T03:36:12.125Z] Starting Link Health Scheduler
[2025-08-26T03:36:12.126Z] Scheduled check for homepage at Tue Aug 26 2025 00:41:12 GMT-0300 (Brasilia Standard Time)
[2025-08-26T03:36:12.126Z] Scheduled check for services at Tue Aug 26 2025 00:51:12 GMT-0300 (Brasilia Standard Time)
[2025-08-26T03:36:12.127Z] Scheduled check for about at Tue Aug 26 2025 01:36:12 GMT-0300 (Brasilia Standard Time)
[2025-08-26T03:36:12.127Z] Scheduled check for contact at Tue Aug 26 2025 00:51:12 GMT-0300 (Brasilia Standard Time)
[2025-08-26T03:36:12.127Z] Scheduled 4 links for health checks
[2025-08-26T03:36:13.602Z] Starting Link Health Scheduler
[2025-08-26T03:36:13.609Z] Starting Link Health Scheduler
[2025-08-26T03:36:13.610Z] Scheduled check for homepage at Tue Aug 26 2025 00:41:13 GMT-0300 (Brasilia Standard Time)
[2025-08-26T03:36:13.610Z] Scheduled check for services at Tue Aug 26 2025 00:51:13 GMT-0300 (Brasilia Standard Time)
[2025-08-26T03:36:13.610Z] Scheduled check for about at Tue Aug 26 2025 01:36:13 GMT-0300 (Brasilia Standard Time)
[2025-08-26T03:36:13.610Z] Scheduled check for contact at Tue Aug 26 2025 00:51:13 GMT-0300 (Brasilia Standard Time)
[2025-08-26T03:36:13.611Z] Scheduled 4 links for health checks
[2025-08-26T03:36:24.110Z] Starting Link Health Scheduler
[2025-08-26T03:36:24.115Z] [link-health-scheduler] [2025-08-26T03:36:24.110Z] Starting Link Health Scheduler
[2025-08-26T03:36:24.116Z] Starting Link Health Scheduler
[2025-08-26T03:36:24.116Z] [link-health-scheduler] [2025-08-26T03:36:24.116Z] Starting Link Health Scheduler
[2025-08-26T03:36:24.116Z] Scheduled check for homepage at Tue Aug 26 2025 00:41:24 GMT-0300 (Brasilia Standard Time)
[2025-08-26T03:36:24.122Z] Scheduled check for services at Tue Aug 26 2025 00:51:24 GMT-0300 (Brasilia Standard Time)
[2025-08-26T03:36:24.123Z] Scheduled check for about at Tue Aug 26 2025 01:36:24 GMT-0300 (Brasilia Standard Time)
[2025-08-26T03:36:24.124Z] [link-health-scheduler] [2025-08-26T03:36:24.116Z] Scheduled check for homepage at Tue Aug 26 2025 00:41:24 GMT-0300 (Brasilia Standard Time)
[2025-08-26T03:36:24.122Z] Scheduled check for services at Tue Aug 26 2025 00:51:24 GMT-0300 (Brasilia Standard Time)
[2025-08-26T03:36:24.126Z] Scheduled check for contact at Tue Aug 26 2025 00:51:24 GMT-0300 (Brasilia Standard Time)
[2025-08-26T03:36:24.126Z] Scheduled 4 links for health checks
[2025-08-26T03:36:24.126Z] [link-health-scheduler] [2025-08-26T03:36:24.123Z] Scheduled check for about at Tue Aug 26 2025 01:36:24 GMT-0300 (Brasilia Standard Time)
[2025-08-26T03:36:24.126Z] Scheduled check for contact at Tue Aug 26 2025 00:51:24 GMT-0300 (Brasilia Standard Time)
[2025-08-26T03:36:24.126Z] Scheduled 4 links for health checks
[2025-08-26T03:37:02.150Z] Status: 4 jobs scheduled, 0 active
[2025-08-26T03:37:03.762Z] Status: 4 jobs scheduled, 0 active
[2025-08-26T03:37:04.194Z] Status: 4 jobs scheduled, 0 active
[2025-08-26T03:37:04.195Z] [link-health-scheduler] [2025-08-26T03:37:04.194Z] Status: 4 jobs scheduled, 0 active
[2025-08-26T03:38:02.190Z] Status: 4 jobs scheduled, 0 active
[2025-08-26T03:38:03.468Z] Stopping Link Health Scheduler...
[2025-08-26T03:38:03.468Z] Stopping Link Health Scheduler...
[2025-08-26T03:38:03.468Z] Stopping Link Health Scheduler...
[2025-08-26T03:38:03.469Z] Stopping Link Health Scheduler
[2025-08-26T03:38:03.470Z] Stopping Link Health Scheduler
[2025-08-26T03:38:03.470Z] Stopping Link Health Scheduler
[2025-08-26T03:38:03.471Z] All scheduled jobs cleared
[2025-08-26T03:38:03.471Z] All scheduled jobs cleared
[2025-08-26T03:38:03.471Z] [link-health-scheduler] [2025-08-26T03:38:03.468Z] Stopping Link Health Scheduler...
[2025-08-26T03:38:03.471Z] All scheduled jobs cleared
[2025-08-26T03:38:03.471Z] [link-health-scheduler] [2025-08-26T03:38:03.470Z] Stopping Link Health Scheduler
[2025-08-26T03:38:03.471Z] All scheduled jobs cleared
[2025-08-26T03:38:09.060Z] Starting Link Health Scheduler
[2025-08-26T03:38:09.078Z] Starting Link Health Scheduler
[2025-08-26T03:38:09.079Z] Scheduled check for homepage at Tue Aug 26 2025 00:43:09 GMT-0300 (Brasilia Standard Time)
[2025-08-26T03:38:09.079Z] Scheduled check for services at Tue Aug 26 2025 00:53:09 GMT-0300 (Brasilia Standard Time)
[2025-08-26T03:38:09.079Z] Scheduled check for about at Tue Aug 26 2025 01:38:09 GMT-0300 (Brasilia Standard Time)
[2025-08-26T03:38:09.080Z] Scheduled check for contact at Tue Aug 26 2025 00:53:09 GMT-0300 (Brasilia Standard Time)
[2025-08-26T03:38:09.080Z] Scheduled 4 links for health checks
[2025-08-26T03:38:09.080Z] Status: 4 jobs scheduled, 0 active
[2025-08-26T03:38:14.231Z] Starting Link Health Scheduler
[2025-08-26T03:38:14.358Z] Starting Link Health Scheduler
[2025-08-26T03:38:14.359Z] Scheduled check for homepage at Tue Aug 26 2025 00:43:14 GMT-0300 (Brasilia Standard Time)
[2025-08-26T03:38:14.359Z] Scheduled check for services at Tue Aug 26 2025 00:53:14 GMT-0300 (Brasilia Standard Time)
[2025-08-26T03:38:14.359Z] Scheduled check for about at Tue Aug 26 2025 01:38:14 GMT-0300 (Brasilia Standard Time)
[2025-08-26T03:38:14.359Z] Scheduled check for contact at Tue Aug 26 2025 00:53:14 GMT-0300 (Brasilia Standard Time)
[2025-08-26T03:38:14.359Z] Scheduled 4 links for health checks
[2025-08-26T03:38:19.388Z] Starting Link Health Scheduler
[2025-08-26T03:38:19.406Z] Starting Link Health Scheduler
[2025-08-26T03:38:19.407Z] Scheduled check for homepage at Tue Aug 26 2025 00:43:19 GMT-0300 (Brasilia Standard Time)
[2025-08-26T03:38:19.407Z] Scheduled check for services at Tue Aug 26 2025 00:53:19 GMT-0300 (Brasilia Standard Time)
[2025-08-26T03:38:19.408Z] Scheduled check for about at Tue Aug 26 2025 01:38:19 GMT-0300 (Brasilia Standard Time)
[2025-08-26T03:38:19.408Z] Scheduled check for contact at Tue Aug 26 2025 00:53:19 GMT-0300 (Brasilia Standard Time)
[2025-08-26T03:38:19.408Z] Scheduled 4 links for health checks
[2025-08-26T03:38:19.418Z] [link-health-scheduler] [2025-08-26T03:38:19.388Z] Starting Link Health Scheduler
[2025-08-26T03:38:19.406Z] Starting Link Health Scheduler
[2025-08-26T03:38:19.407Z] Scheduled check for homepage at Tue Aug 26 2025 00:43:19 GMT-0300 (Brasilia Standard Time)
[2025-08-26T03:38:19.407Z] Scheduled check for services at Tue Aug 26 2025 00:53:19 GMT-0300 (Brasilia Standard Time)
[2025-08-26T03:38:19.408Z] Scheduled check for about at Tue Aug 26 2025 01:38:19 GMT-0300 (Brasilia Standard Time)
[2025-08-26T03:38:19.408Z] Scheduled check for contact at Tue Aug 26 2025 00:53:19 GMT-0300 (Brasilia Standard Time)
[2025-08-26T03:38:19.408Z] Scheduled 4 links for health checks
[2025-08-26T03:39:04.375Z] Status: 4 jobs scheduled, 0 active
[2025-08-26T03:39:09.193Z] Status: 4 jobs scheduled, 0 active
[2025-08-26T03:39:09.506Z] Status: 4 jobs scheduled, 0 active
[2025-08-26T03:39:09.509Z] [link-health-scheduler] [2025-08-26T03:39:09.506Z] Status: 4 jobs scheduled, 0 active
[2025-08-26T03:40:02.373Z] Stopping Link Health Scheduler...
[2025-08-26T03:40:02.373Z] Stopping Link Health Scheduler...
[2025-08-26T03:40:02.373Z] Stopping Link Health Scheduler...
[2025-08-26T03:40:02.374Z] Stopping Link Health Scheduler
[2025-08-26T03:40:02.374Z] Stopping Link Health Scheduler
[2025-08-26T03:40:02.374Z] All scheduled jobs cleared
[2025-08-26T03:40:02.374Z] [link-health-scheduler] [2025-08-26T03:40:02.373Z] Stopping Link Health Scheduler...
[2025-08-26T03:40:02.375Z] All scheduled jobs cleared
[2025-08-26T03:40:02.375Z] Stopping Link Health Scheduler
[2025-08-26T03:40:02.375Z] All scheduled jobs cleared
[2025-08-26T03:40:02.375Z] [link-health-scheduler] [2025-08-26T03:40:02.375Z] Stopping Link Health Scheduler
[2025-08-26T03:40:02.376Z] [link-health-scheduler] [2025-08-26T03:40:02.375Z] All scheduled jobs cleared
[2025-08-26T03:40:12.926Z] Starting Link Health Scheduler
[2025-08-26T03:40:13.087Z] Starting Link Health Scheduler
[2025-08-26T03:40:13.090Z] Scheduled check for homepage at Tue Aug 26 2025 00:45:13 GMT-0300 (Brasilia Standard Time)
[2025-08-26T03:40:13.113Z] Scheduled check for services at Tue Aug 26 2025 00:55:13 GMT-0300 (Brasilia Standard Time)
[2025-08-26T03:40:13.113Z] Scheduled check for about at Tue Aug 26 2025 01:40:13 GMT-0300 (Brasilia Standard Time)
[2025-08-26T03:40:13.114Z] Scheduled check for contact at Tue Aug 26 2025 00:55:13 GMT-0300 (Brasilia Standard Time)
[2025-08-26T03:40:13.115Z] Scheduled 4 links for health checks
[2025-08-26T03:40:14.406Z] Starting Link Health Scheduler
[2025-08-26T03:40:14.442Z] Starting Link Health Scheduler
[2025-08-26T03:40:14.443Z] Scheduled check for homepage at Tue Aug 26 2025 00:45:14 GMT-0300 (Brasilia Standard Time)
[2025-08-26T03:40:14.443Z] Scheduled check for services at Tue Aug 26 2025 00:55:14 GMT-0300 (Brasilia Standard Time)
[2025-08-26T03:40:14.443Z] Scheduled check for about at Tue Aug 26 2025 01:40:14 GMT-0300 (Brasilia Standard Time)
[2025-08-26T03:40:14.443Z] Scheduled check for contact at Tue Aug 26 2025 00:55:14 GMT-0300 (Brasilia Standard Time)
[2025-08-26T03:40:14.443Z] Scheduled 4 links for health checks
[2025-08-26T03:40:24.674Z] Starting Link Health Scheduler
[2025-08-26T03:40:24.700Z] Starting Link Health Scheduler
[2025-08-26T03:40:24.700Z] [link-health-scheduler] [2025-08-26T03:40:24.674Z] Starting Link Health Scheduler
[2025-08-26T03:40:24.700Z] Starting Link Health Scheduler
[2025-08-26T03:40:24.701Z] Scheduled check for homepage at Tue Aug 26 2025 00:45:24 GMT-0300 (Brasilia Standard Time)
[2025-08-26T03:40:24.701Z] Scheduled check for services at Tue Aug 26 2025 00:55:24 GMT-0300 (Brasilia Standard Time)
[2025-08-26T03:40:24.701Z] Scheduled check for about at Tue Aug 26 2025 01:40:24 GMT-0300 (Brasilia Standard Time)
[2025-08-26T03:40:24.702Z] Scheduled check for contact at Tue Aug 26 2025 00:55:24 GMT-0300 (Brasilia Standard Time)
[2025-08-26T03:40:24.702Z] Scheduled 4 links for health checks
[2025-08-26T03:40:24.703Z] [link-health-scheduler] [2025-08-26T03:40:24.701Z] Scheduled check for homepage at Tue Aug 26 2025 00:45:24 GMT-0300 (Brasilia Standard Time)
[2025-08-26T03:40:24.701Z] Scheduled check for services at Tue Aug 26 2025 00:55:24 GMT-0300 (Brasilia Standard Time)
[2025-08-26T03:40:24.701Z] Scheduled check for about at Tue Aug 26 2025 01:40:24 GMT-0300 (Brasilia Standard Time)
[2025-08-26T03:40:24.702Z] Scheduled check for contact at Tue Aug 26 2025 00:55:24 GMT-0300 (Brasilia Standard Time)
[2025-08-26T03:40:24.702Z] Scheduled 4 links for health checks
[2025-08-26T03:41:03.140Z] Status: 4 jobs scheduled, 0 active
[2025-08-26T03:41:04.569Z] Status: 4 jobs scheduled, 0 active
[2025-08-26T03:41:04.738Z] Status: 4 jobs scheduled, 0 active
[2025-08-26T03:41:04.755Z] [link-health-scheduler] [2025-08-26T03:41:04.738Z] Status: 4 jobs scheduled, 0 active
[2025-08-26T03:42:02.558Z] Stopping Link Health Scheduler...
[2025-08-26T03:42:02.558Z] Stopping Link Health Scheduler...
[2025-08-26T03:42:02.558Z] Stopping Link Health Scheduler...
[2025-08-26T03:42:02.559Z] Stopping Link Health Scheduler
[2025-08-26T03:42:02.559Z] Stopping Link Health Scheduler
[2025-08-26T03:42:02.560Z] All scheduled jobs cleared
[2025-08-26T03:42:02.560Z] All scheduled jobs cleared
[2025-08-26T03:42:02.560Z] Stopping Link Health Scheduler
[2025-08-26T03:42:02.560Z] [link-health-scheduler] [2025-08-26T03:42:02.558Z] Stopping Link Health Scheduler...
[2025-08-26T03:42:02.561Z] [link-health-scheduler] [2025-08-26T03:42:02.560Z] Stopping Link Health Scheduler
[2025-08-26T03:42:02.561Z] All scheduled jobs cleared
[2025-08-26T03:42:02.570Z] [link-health-scheduler] [2025-08-26T03:42:02.561Z] All scheduled jobs cleared
[2025-08-26T12:48:02.830Z] Status: 0 jobs scheduled, 0 active
[2025-08-26T12:51:02.876Z] Status: 0 jobs scheduled, 0 active
[2025-08-26T12:55:02.896Z] Status: 0 jobs scheduled, 0 active
[2025-08-26T17:23:06.430Z] Status: 0 jobs scheduled, 0 active
[2025-08-26T17:25:06.436Z] Status: 0 jobs scheduled, 0 active
[2025-08-26T17:26:06.440Z] Status: 0 jobs scheduled, 0 active
[2025-08-26T17:27:06.441Z] Status: 0 jobs scheduled, 0 active
[2025-08-26T17:30:06.437Z] Status: 0 jobs scheduled, 0 active
[2025-08-26T17:31:06.507Z] Status: 0 jobs scheduled, 0 active
[2025-08-26T17:34:06.514Z] Status: 0 jobs scheduled, 0 active
