[2025-08-25 12:05:19] Starting daily maintenance process...
[2025-08-25 12:05:19] Maintenance directory created: automation/maintenance/20250825_120519
[2025-08-25 12:05:19] Cleaning up temporary files...
[2025-08-25 12:05:23] Temporary files cleaned up
[2025-08-25 12:05:23] Cleaning up old backup files...
[2025-08-25 12:05:24] Old backup files cleaned up
[2025-08-25 12:05:24] Checking disabled directories...
[2025-08-25 12:05:24] Large disabled components directory detected, archiving...
[2025-08-25 12:05:38] Disabled components archived and cleaned
[2025-08-25 12:05:38] Large disabled pages directory detected, archiving...
[2025-08-25 12:05:41] Disabled pages archived and cleaned
[2025-08-25 12:05:41] Cleaning up large log files...
[2025-08-25 12:05:41] Cleaning up old automation data...
[2025-08-25 12:05:41] Checking git repository...
[2025-08-25 12:29:51] Starting daily maintenance process...
[2025-08-25 12:29:51] Maintenance directory created: automation/maintenance/20250825_122951
[2025-08-25 12:29:51] Cleaning up temporary files...
[2025-08-25 12:29:55] Temporary files cleaned up
[2025-08-25 12:29:55] Cleaning up old backup files...
[2025-08-25 12:29:56] Old backup files cleaned up
[2025-08-25 12:29:56] Checking disabled directories...
[2025-08-25 12:29:56] Cleaning up large log files...
[2025-08-25 12:29:56] Cleaning up old automation data...
[2025-08-25 12:29:56] Checking git repository...
