[2025-08-25T15:00:06.053Z] Master coordinator started
[2025-08-25T15:00:09.104Z] enhanced-autonomous started successfully
[2025-08-25T15:00:14.109Z] ml-link-intelligence started successfully
[2025-08-25T15:00:19.123Z] link-health-scheduler started successfully
[2025-08-25T15:00:24.150Z] performance-monitor started successfully
[2025-08-25T15:00:29.155Z] autonomous-manager started successfully
[2025-08-25T15:02:02.292Z] autonomous-manager exited: code=0, signal=null
[2025-08-25T15:02:02.294Z] Auto-restarting autonomous-manager (attempt 1)
[2025-08-25T15:02:06.649Z] link-health-scheduler exited: code=0, signal=null
[2025-08-25T15:02:06.649Z] Auto-restarting link-health-scheduler (attempt 1)
[2025-08-25T15:02:10.430Z] autonomous-manager started successfully
[2025-08-25T15:02:14.655Z] link-health-scheduler started successfully
[2025-08-25T15:02:17.077Z] ml-link-intelligence exited: code=0, signal=null
[2025-08-25T15:02:17.078Z] Auto-restarting ml-link-intelligence (attempt 1)
[2025-08-25T15:02:21.766Z] performance-monitor exited: code=0, signal=null
[2025-08-25T15:02:21.767Z] Auto-restarting performance-monitor (attempt 1)
[2025-08-25T15:02:25.160Z] ml-link-intelligence started successfully
[2025-08-25T15:02:29.895Z] performance-monitor started successfully
[2025-08-25T15:02:34.755Z] autonomous-manager exited: code=0, signal=null
[2025-08-25T15:02:34.756Z] Auto-restarting autonomous-manager (attempt 1)
[2025-08-25T15:02:41.942Z] link-health-scheduler exited: code=0, signal=null
[2025-08-25T15:02:41.943Z] Auto-restarting link-health-scheduler (attempt 1)
[2025-08-25T15:02:42.832Z] autonomous-manager started successfully
[2025-08-25T15:02:49.974Z] link-health-scheduler started successfully
[2025-08-25T15:03:27.150Z] performance-monitor exited: code=0, signal=null
[2025-08-25T15:03:27.151Z] Auto-restarting performance-monitor (attempt 1)
[2025-08-25T15:03:31.166Z] Health check failed for performance-monitor
[2025-08-25T15:03:35.176Z] performance-monitor started successfully
[2025-08-25T15:04:03.483Z] autonomous-manager exited: code=0, signal=null
[2025-08-25T15:04:03.484Z] Auto-restarting autonomous-manager (attempt 1)
[2025-08-25T15:04:07.116Z] link-health-scheduler exited: code=0, signal=null
[2025-08-25T15:04:07.117Z] Auto-restarting link-health-scheduler (attempt 1)
[2025-08-25T15:04:11.509Z] autonomous-manager started successfully
[2025-08-25T15:04:15.126Z] link-health-scheduler started successfully
[2025-08-25T15:04:28.566Z] ml-link-intelligence exited: code=0, signal=null
[2025-08-25T15:04:28.567Z] Auto-restarting ml-link-intelligence (attempt 1)
[2025-08-25T15:04:31.186Z] Health check failed for ml-link-intelligence
[2025-08-25T15:04:32.451Z] performance-monitor exited: code=0, signal=null
[2025-08-25T15:04:32.452Z] Auto-restarting performance-monitor (attempt 1)
[2025-08-25T15:04:36.578Z] ml-link-intelligence started successfully
[2025-08-25T15:04:40.495Z] performance-monitor started successfully
[2025-08-25T15:05:31.195Z] enhanced-autonomous healthy - uptime: 325s
[2025-08-25T15:06:01.196Z] enhanced-autonomous healthy - uptime: 355s
[2025-08-25T15:06:03.023Z] autonomous-manager exited: code=0, signal=null
[2025-08-25T15:06:03.023Z] Auto-restarting autonomous-manager (attempt 1)
[2025-08-25T15:06:11.027Z] autonomous-manager started successfully
[2025-08-25T15:06:12.440Z] link-health-scheduler exited: code=0, signal=null
[2025-08-25T15:06:12.440Z] Auto-restarting link-health-scheduler (attempt 1)
[2025-08-25T15:06:20.626Z] link-health-scheduler started successfully
[2025-08-25T15:06:31.294Z] enhanced-autonomous healthy - uptime: 385s
[2025-08-25T15:06:37.736Z] performance-monitor exited: code=0, signal=null
[2025-08-25T15:06:37.736Z] Auto-restarting performance-monitor (attempt 1)
[2025-08-25T15:06:39.675Z] ml-link-intelligence exited: code=0, signal=null
[2025-08-25T15:06:39.675Z] Auto-restarting ml-link-intelligence (attempt 1)
[2025-08-25T15:06:45.797Z] performance-monitor started successfully
[2025-08-25T15:06:47.833Z] ml-link-intelligence started successfully
[2025-08-25T15:07:01.298Z] enhanced-autonomous healthy - uptime: 415s
[2025-08-25T15:07:31.298Z] enhanced-autonomous healthy - uptime: 445s
[2025-08-25T15:08:01.301Z] enhanced-autonomous healthy - uptime: 475s
[2025-08-25T15:08:05.240Z] autonomous-manager exited: code=0, signal=null
[2025-08-25T15:08:05.240Z] Auto-restarting autonomous-manager (attempt 1)
[2025-08-25T15:08:07.893Z] link-health-scheduler exited: code=0, signal=null
[2025-08-25T15:08:07.894Z] Auto-restarting link-health-scheduler (attempt 1)
[2025-08-25T15:08:13.268Z] autonomous-manager started successfully
[2025-08-25T15:08:15.900Z] link-health-scheduler started successfully
[2025-08-25T15:08:31.303Z] enhanced-autonomous healthy - uptime: 505s
[2025-08-25T15:08:43.232Z] performance-monitor exited: code=0, signal=null
[2025-08-25T15:08:43.233Z] Auto-restarting performance-monitor (attempt 1)
[2025-08-25T15:08:50.973Z] ml-link-intelligence exited: code=0, signal=null
[2025-08-25T15:08:50.973Z] Auto-restarting ml-link-intelligence (attempt 1)
[2025-08-25T15:08:51.258Z] performance-monitor started successfully
[2025-08-25T15:08:59.264Z] ml-link-intelligence started successfully
[2025-08-25T15:09:01.305Z] enhanced-autonomous healthy - uptime: 535s
[2025-08-25T15:09:31.312Z] enhanced-autonomous healthy - uptime: 565s
[2025-08-25T15:10:01.313Z] enhanced-autonomous healthy - uptime: 595s
[2025-08-25T15:14:31.352Z] enhanced-autonomous healthy - uptime: 865s
[2025-08-25T15:14:58.937Z] performance-monitor exited: code=0, signal=null
[2025-08-25T15:14:58.937Z] Auto-restarting performance-monitor (attempt 1)
[2025-08-25T15:15:01.357Z] enhanced-autonomous healthy - uptime: 895s
[2025-08-25T15:15:01.358Z] Health check failed for performance-monitor
[2025-08-25T15:15:06.940Z] performance-monitor started successfully
[2025-08-25T15:15:24.009Z] ml-link-intelligence exited: code=0, signal=null
[2025-08-25T15:15:24.010Z] Auto-restarting ml-link-intelligence (attempt 1)
[2025-08-25T15:15:31.359Z] enhanced-autonomous healthy - uptime: 925s
[2025-08-25T15:15:32.012Z] ml-link-intelligence started successfully
[2025-08-25T15:16:01.360Z] enhanced-autonomous healthy - uptime: 955s
[2025-08-25T15:16:02.037Z] autonomous-manager exited: code=0, signal=null
[2025-08-25T15:16:02.038Z] Auto-restarting autonomous-manager (attempt 1)
[2025-08-25T15:16:04.050Z] performance-monitor exited: code=0, signal=null
[2025-08-25T15:16:04.050Z] Auto-restarting performance-monitor (attempt 1)
[2025-08-25T15:16:08.933Z] link-health-scheduler exited: code=0, signal=null
[2025-08-25T15:16:08.933Z] Auto-restarting link-health-scheduler (attempt 1)
[2025-08-25T15:16:10.042Z] autonomous-manager started successfully
[2025-08-25T15:16:12.054Z] performance-monitor started successfully
[2025-08-25T15:16:16.935Z] link-health-scheduler started successfully
[2025-08-25T15:16:31.415Z] enhanced-autonomous healthy - uptime: 985s
[2025-08-25T15:17:01.416Z] enhanced-autonomous healthy - uptime: 1015s
[2025-08-25T15:17:31.418Z] enhanced-autonomous healthy - uptime: 1045s
[2025-08-25T15:17:34.550Z] ml-link-intelligence exited: code=0, signal=null
[2025-08-25T15:17:34.551Z] Auto-restarting ml-link-intelligence (attempt 1)
[2025-08-25T15:17:42.552Z] ml-link-intelligence started successfully
[2025-08-25T15:18:01.420Z] enhanced-autonomous healthy - uptime: 1075s
[2025-08-25T15:18:02.034Z] autonomous-manager exited: code=0, signal=null
[2025-08-25T15:18:02.034Z] Auto-restarting autonomous-manager (attempt 1)
[2025-08-25T15:18:04.032Z] link-health-scheduler exited: code=0, signal=null
[2025-08-25T15:18:04.032Z] Auto-restarting link-health-scheduler (attempt 1)
[2025-08-25T15:18:09.150Z] performance-monitor exited: code=0, signal=null
[2025-08-25T15:18:09.151Z] Auto-restarting performance-monitor (attempt 1)
[2025-08-25T15:18:10.038Z] autonomous-manager started successfully
[2025-08-25T15:18:12.045Z] link-health-scheduler started successfully
[2025-08-25T15:18:17.192Z] performance-monitor started successfully
[2025-08-25T15:18:31.422Z] enhanced-autonomous healthy - uptime: 1105s
[2025-08-25T15:19:01.425Z] enhanced-autonomous healthy - uptime: 1135s
[2025-08-25T15:19:31.426Z] enhanced-autonomous healthy - uptime: 1165s
[2025-08-25T15:19:45.213Z] ml-link-intelligence exited: code=0, signal=null
[2025-08-25T15:19:45.217Z] Auto-restarting ml-link-intelligence (attempt 1)
[2025-08-25T15:19:53.224Z] ml-link-intelligence started successfully
[2025-08-25T15:20:01.427Z] enhanced-autonomous healthy - uptime: 1195s
[2025-08-25T15:20:02.272Z] autonomous-manager exited: code=0, signal=null
[2025-08-25T15:20:02.273Z] Auto-restarting autonomous-manager (attempt 1)
[2025-08-25T15:20:09.204Z] link-health-scheduler exited: code=0, signal=null
[2025-08-25T15:20:09.204Z] Auto-restarting link-health-scheduler (attempt 1)
[2025-08-25T15:20:10.372Z] autonomous-manager started successfully
[2025-08-25T15:20:14.387Z] performance-monitor exited: code=0, signal=null
[2025-08-25T15:20:14.387Z] Auto-restarting performance-monitor (attempt 1)
[2025-08-25T15:20:17.232Z] link-health-scheduler started successfully
[2025-08-25T15:20:22.406Z] performance-monitor started successfully
[2025-08-25T15:20:31.428Z] enhanced-autonomous healthy - uptime: 1225s
[2025-08-25T15:21:01.430Z] enhanced-autonomous healthy - uptime: 1255s
[2025-08-25T15:21:31.432Z] enhanced-autonomous healthy - uptime: 1285s
[2025-08-25T15:21:56.467Z] ml-link-intelligence exited: code=0, signal=null
[2025-08-25T15:21:56.468Z] Auto-restarting ml-link-intelligence (attempt 1)
[2025-08-25T15:22:01.432Z] enhanced-autonomous healthy - uptime: 1315s
[2025-08-25T15:22:01.432Z] Health check failed for ml-link-intelligence
[2025-08-25T15:22:02.281Z] autonomous-manager exited: code=0, signal=null
[2025-08-25T15:22:02.281Z] Auto-restarting autonomous-manager (attempt 1)
[2025-08-25T15:22:04.470Z] ml-link-intelligence started successfully
[2025-08-25T15:22:04.542Z] link-health-scheduler exited: code=0, signal=null
[2025-08-25T15:22:04.543Z] Auto-restarting link-health-scheduler (attempt 1)
[2025-08-25T15:22:10.283Z] autonomous-manager started successfully
[2025-08-25T15:22:12.557Z] link-health-scheduler started successfully
[2025-08-25T15:22:19.591Z] performance-monitor exited: code=0, signal=null
[2025-08-25T15:22:19.591Z] Auto-restarting performance-monitor (attempt 1)
[2025-08-25T15:22:27.599Z] performance-monitor started successfully
[2025-08-25T15:22:31.433Z] enhanced-autonomous healthy - uptime: 1345s
[2025-08-25T15:23:01.434Z] enhanced-autonomous healthy - uptime: 1375s
[2025-08-25T15:23:31.436Z] enhanced-autonomous healthy - uptime: 1405s
[2025-08-25T15:24:01.481Z] enhanced-autonomous healthy - uptime: 1435s
[2025-08-25T15:24:02.122Z] autonomous-manager exited: code=0, signal=null
[2025-08-25T15:24:02.122Z] Auto-restarting autonomous-manager (attempt 1)
[2025-08-25T15:24:07.110Z] ml-link-intelligence exited: code=0, signal=null
[2025-08-25T15:24:07.111Z] Auto-restarting ml-link-intelligence (attempt 1)
[2025-08-25T15:24:09.767Z] link-health-scheduler exited: code=0, signal=null
[2025-08-25T15:24:09.767Z] Auto-restarting link-health-scheduler (attempt 1)
[2025-08-25T15:24:10.125Z] autonomous-manager started successfully
[2025-08-25T15:24:15.112Z] ml-link-intelligence started successfully
[2025-08-25T15:24:17.774Z] link-health-scheduler started successfully
[2025-08-25T15:24:24.767Z] performance-monitor exited: code=0, signal=null
[2025-08-25T15:24:24.767Z] Auto-restarting performance-monitor (attempt 1)
[2025-08-25T15:24:31.482Z] enhanced-autonomous healthy - uptime: 1465s
[2025-08-25T15:24:32.773Z] performance-monitor started successfully
[2025-08-25T15:25:01.483Z] enhanced-autonomous healthy - uptime: 1495s
[2025-08-25T15:25:31.485Z] enhanced-autonomous healthy - uptime: 1525s
[2025-08-25T15:26:01.487Z] enhanced-autonomous healthy - uptime: 1555s
[2025-08-25T15:26:02.702Z] autonomous-manager exited: code=0, signal=null
[2025-08-25T15:26:02.703Z] Auto-restarting autonomous-manager (attempt 1)
[2025-08-25T15:28:01.582Z] enhanced-autonomous healthy - uptime: 1675s
[2025-08-25T15:28:03.816Z] autonomous-manager exited: code=0, signal=null
[2025-08-25T15:28:03.816Z] Auto-restarting autonomous-manager (attempt 1)
[2025-08-25T15:28:10.568Z] link-health-scheduler exited: code=0, signal=null
[2025-08-25T15:28:10.569Z] Auto-restarting link-health-scheduler (attempt 1)
[2025-08-25T15:28:11.827Z] autonomous-manager started successfully
[2025-08-25T15:28:18.572Z] link-health-scheduler started successfully
[2025-08-25T15:28:28.967Z] ml-link-intelligence exited: code=0, signal=null
[2025-08-25T15:28:28.967Z] Auto-restarting ml-link-intelligence (attempt 1)
[2025-08-25T15:28:31.584Z] enhanced-autonomous healthy - uptime: 1705s
[2025-08-25T15:28:31.585Z] Health check failed for ml-link-intelligence
[2025-08-25T15:28:35.452Z] performance-monitor exited: code=0, signal=null
[2025-08-25T15:28:35.453Z] Auto-restarting performance-monitor (attempt 1)
[2025-08-25T15:28:36.974Z] ml-link-intelligence started successfully
[2025-08-25T15:28:43.456Z] performance-monitor started successfully
[2025-08-25T15:29:01.586Z] enhanced-autonomous healthy - uptime: 1735s
[2025-08-25T15:29:31.588Z] enhanced-autonomous healthy - uptime: 1765s
[2025-08-25T15:30:01.589Z] enhanced-autonomous healthy - uptime: 1795s
[2025-08-25T15:30:04.000Z] autonomous-manager exited: code=0, signal=null
[2025-08-25T15:30:04.001Z] Auto-restarting autonomous-manager (attempt 1)
[2025-08-25T15:30:05.768Z] link-health-scheduler exited: code=0, signal=null
[2025-08-25T15:30:05.768Z] Auto-restarting link-health-scheduler (attempt 1)
[2025-08-25T15:30:12.020Z] autonomous-manager started successfully
[2025-08-25T15:30:13.772Z] link-health-scheduler started successfully
[2025-08-25T15:30:31.606Z] enhanced-autonomous healthy - uptime: 1825s
[2025-08-25T15:30:39.905Z] ml-link-intelligence exited: code=0, signal=null
[2025-08-25T15:30:39.905Z] Auto-restarting ml-link-intelligence (attempt 1)
[2025-08-25T15:30:40.682Z] performance-monitor exited: code=0, signal=null
[2025-08-25T15:30:40.682Z] Auto-restarting performance-monitor (attempt 1)
[2025-08-25T15:30:48.148Z] ml-link-intelligence started successfully
[2025-08-25T15:30:48.687Z] performance-monitor started successfully
[2025-08-25T15:31:01.632Z] enhanced-autonomous healthy - uptime: 1855s
[2025-08-25T15:31:31.636Z] enhanced-autonomous healthy - uptime: 1885s
[2025-08-25T15:32:01.637Z] enhanced-autonomous healthy - uptime: 1915s
[2025-08-26T03:30:12.688Z] link-health-scheduler exited: code=0, signal=null
[2025-08-26T03:30:12.689Z] Auto-restarting link-health-scheduler (attempt 1)
[2025-08-26T03:30:20.693Z] link-health-scheduler started successfully
[2025-08-26T03:30:30.839Z] enhanced-autonomous healthy - uptime: 1825s
[2025-08-26T03:30:56.638Z] performance-monitor exited: code=0, signal=null
[2025-08-26T03:30:56.639Z] Auto-restarting performance-monitor (attempt 1)
[2025-08-26T03:31:00.840Z] enhanced-autonomous healthy - uptime: 1855s
[2025-08-26T03:31:00.841Z] Health check failed for performance-monitor
[2025-08-26T03:31:04.644Z] performance-monitor started successfully
[2025-08-26T03:31:30.841Z] enhanced-autonomous healthy - uptime: 1885s
[2025-08-26T03:31:31.988Z] ml-link-intelligence exited: code=0, signal=null
[2025-08-26T03:31:31.989Z] Auto-restarting ml-link-intelligence (attempt 1)
[2025-08-26T03:31:40.005Z] ml-link-intelligence started successfully
[2025-08-26T03:32:00.843Z] enhanced-autonomous healthy - uptime: 1915s
[2025-08-26T03:32:02.092Z] autonomous-manager exited: code=0, signal=null
[2025-08-26T03:32:02.092Z] Auto-restarting autonomous-manager (attempt 1)
[2025-08-26T03:32:07.908Z] link-health-scheduler exited: code=0, signal=null
[2025-08-26T03:32:07.908Z] Auto-restarting link-health-scheduler (attempt 1)
[2025-08-26T03:32:10.098Z] autonomous-manager started successfully
[2025-08-26T03:32:16.036Z] link-health-scheduler started successfully
[2025-08-26T03:32:30.844Z] enhanced-autonomous healthy - uptime: 1945s
[2025-08-26T03:33:00.849Z] enhanced-autonomous healthy - uptime: 1975s
[2025-08-26T03:33:01.782Z] performance-monitor exited: code=0, signal=null
[2025-08-26T03:33:01.782Z] Auto-restarting performance-monitor (attempt 1)
[2025-08-26T03:33:09.791Z] performance-monitor started successfully
[2025-08-26T03:33:30.852Z] enhanced-autonomous healthy - uptime: 2005s
[2025-08-26T03:33:43.000Z] ml-link-intelligence exited: code=0, signal=null
[2025-08-26T03:33:43.000Z] Auto-restarting ml-link-intelligence (attempt 1)
[2025-08-26T03:33:51.003Z] ml-link-intelligence started successfully
[2025-08-26T03:34:00.925Z] enhanced-autonomous healthy - uptime: 2035s
[2025-08-26T03:34:02.462Z] autonomous-manager exited: code=0, signal=null
[2025-08-26T03:34:02.463Z] Auto-restarting autonomous-manager (attempt 1)
[2025-08-26T03:34:03.274Z] link-health-scheduler exited: code=0, signal=null
[2025-08-26T03:34:03.274Z] Auto-restarting link-health-scheduler (attempt 1)
[2025-08-26T03:34:06.907Z] performance-monitor exited: code=0, signal=null
[2025-08-26T03:34:06.908Z] Auto-restarting performance-monitor (attempt 1)
[2025-08-26T03:34:10.466Z] autonomous-manager started successfully
[2025-08-26T03:34:11.275Z] link-health-scheduler started successfully
[2025-08-26T03:34:14.940Z] performance-monitor started successfully
[2025-08-26T03:34:30.939Z] enhanced-autonomous healthy - uptime: 2065s
[2025-08-26T03:35:00.940Z] enhanced-autonomous healthy - uptime: 2095s
[2025-08-26T03:35:30.941Z] enhanced-autonomous healthy - uptime: 2125s
[2025-08-26T03:35:53.867Z] ml-link-intelligence exited: code=0, signal=null
[2025-08-26T03:35:53.868Z] Auto-restarting ml-link-intelligence (attempt 1)
[2025-08-26T03:36:00.942Z] enhanced-autonomous healthy - uptime: 2155s
[2025-08-26T03:36:01.345Z] autonomous-manager exited: code=0, signal=null
[2025-08-26T03:36:01.345Z] Auto-restarting autonomous-manager (attempt 1)
[2025-08-26T03:36:01.870Z] ml-link-intelligence started successfully
[2025-08-26T03:36:08.461Z] link-health-scheduler exited: code=0, signal=null
[2025-08-26T03:36:08.461Z] Auto-restarting link-health-scheduler (attempt 1)
[2025-08-26T03:36:09.356Z] autonomous-manager started successfully
[2025-08-26T03:36:12.153Z] performance-monitor exited: code=0, signal=null
[2025-08-26T03:36:12.155Z] Auto-restarting performance-monitor (attempt 1)
[2025-08-26T03:36:16.467Z] link-health-scheduler started successfully
[2025-08-26T03:36:20.159Z] performance-monitor started successfully
[2025-08-26T03:36:30.943Z] enhanced-autonomous healthy - uptime: 2185s
[2025-08-26T03:37:00.943Z] enhanced-autonomous healthy - uptime: 2215s
[2025-08-26T03:37:30.946Z] enhanced-autonomous healthy - uptime: 2245s
[2025-08-26T03:38:00.947Z] enhanced-autonomous healthy - uptime: 2275s
[2025-08-26T03:38:03.462Z] autonomous-manager exited: code=0, signal=null
[2025-08-26T03:38:03.462Z] Auto-restarting autonomous-manager (attempt 1)
[2025-08-26T03:38:03.798Z] link-health-scheduler exited: code=0, signal=null
[2025-08-26T03:38:03.798Z] Auto-restarting link-health-scheduler (attempt 1)
[2025-08-26T03:38:04.494Z] ml-link-intelligence exited: code=0, signal=null
[2025-08-26T03:38:04.495Z] Auto-restarting ml-link-intelligence (attempt 1)
[2025-08-26T03:38:11.466Z] autonomous-manager started successfully
[2025-08-26T03:38:11.850Z] link-health-scheduler started successfully
[2025-08-26T03:38:12.498Z] ml-link-intelligence started successfully
[2025-08-26T03:38:17.295Z] performance-monitor exited: code=0, signal=null
[2025-08-26T03:38:17.296Z] Auto-restarting performance-monitor (attempt 1)
[2025-08-26T03:38:25.324Z] performance-monitor started successfully
[2025-08-26T03:38:30.952Z] enhanced-autonomous healthy - uptime: 2305s
[2025-08-26T03:39:00.996Z] enhanced-autonomous healthy - uptime: 2335s
[2025-08-26T03:39:31.177Z] enhanced-autonomous healthy - uptime: 2365s
[2025-08-26T03:40:01.178Z] enhanced-autonomous healthy - uptime: 2395s
[2025-08-26T03:40:02.359Z] autonomous-manager exited: code=0, signal=null
[2025-08-26T03:40:02.360Z] Auto-restarting autonomous-manager (attempt 1)
[2025-08-26T03:40:09.234Z] link-health-scheduler exited: code=0, signal=null
[2025-08-26T03:40:09.235Z] Auto-restarting link-health-scheduler (attempt 1)
[2025-08-26T03:40:10.364Z] autonomous-manager started successfully
[2025-08-26T03:40:15.365Z] ml-link-intelligence exited: code=0, signal=null
[2025-08-26T03:40:15.366Z] Auto-restarting ml-link-intelligence (attempt 1)
[2025-08-26T03:40:17.240Z] link-health-scheduler started successfully
[2025-08-26T03:40:22.664Z] performance-monitor exited: code=0, signal=null
[2025-08-26T03:40:22.664Z] Auto-restarting performance-monitor (attempt 1)
[2025-08-26T03:40:23.370Z] ml-link-intelligence started successfully
[2025-08-26T03:40:30.670Z] performance-monitor started successfully
[2025-08-26T03:40:31.180Z] enhanced-autonomous healthy - uptime: 2425s
[2025-08-26T03:41:01.181Z] enhanced-autonomous healthy - uptime: 2455s
[2025-08-26T03:41:31.189Z] enhanced-autonomous healthy - uptime: 2485s
[2025-08-26T03:42:01.191Z] enhanced-autonomous healthy - uptime: 2515s
[2025-08-26T03:42:02.497Z] autonomous-manager exited: code=0, signal=null
[2025-08-26T03:42:02.498Z] Auto-restarting autonomous-manager (attempt 1)
[2025-08-26T03:42:04.612Z] link-health-scheduler exited: code=0, signal=null
[2025-08-26T03:42:04.613Z] Auto-restarting link-health-scheduler (attempt 1)
[2025-08-26T03:42:10.510Z] autonomous-manager started successfully
[2025-08-26T03:42:12.655Z] link-health-scheduler started successfully
[2025-08-26T03:42:26.502Z] ml-link-intelligence exited: code=0, signal=null
[2025-08-26T03:42:26.503Z] Auto-restarting ml-link-intelligence (attempt 1)
[2025-08-26T03:42:27.986Z] performance-monitor exited: code=0, signal=null
[2025-08-26T03:42:27.986Z] Auto-restarting performance-monitor (attempt 1)
[2025-08-26T03:42:31.191Z] enhanced-autonomous healthy - uptime: 2545s
[2025-08-26T03:42:31.192Z] Health check failed for ml-link-intelligence
[2025-08-26T03:42:31.192Z] Health check failed for performance-monitor
[2025-08-26T03:42:34.533Z] ml-link-intelligence started successfully
[2025-08-26T03:42:36.062Z] performance-monitor started successfully
[2025-08-26T03:43:01.192Z] enhanced-autonomous healthy - uptime: 2575s
[2025-08-26T03:43:31.193Z] enhanced-autonomous healthy - uptime: 2605s
[2025-08-26T03:44:01.202Z] enhanced-autonomous healthy - uptime: 2635s
[2025-08-26T03:44:01.430Z] autonomous-manager exited: code=0, signal=null
[2025-08-26T03:44:01.432Z] Auto-restarting autonomous-manager (attempt 1)
[2025-08-26T03:47:49.946Z] enhanced-autonomous healthy - uptime: 2864s
[2025-08-26T03:47:50.429Z] performance-monitor exited: code=0, signal=null
[2025-08-26T03:47:50.433Z] Auto-restarting performance-monitor (attempt 1)
[2025-08-26T03:47:58.437Z] performance-monitor started successfully
[2025-08-26T03:48:01.490Z] autonomous-manager exited: code=0, signal=null
[2025-08-26T03:48:01.491Z] Auto-restarting autonomous-manager (attempt 1)
[2025-08-26T03:48:09.496Z] autonomous-manager started successfully
[2025-08-26T03:48:10.081Z] link-health-scheduler exited: code=0, signal=null
[2025-08-26T03:48:10.081Z] Auto-restarting link-health-scheduler (attempt 1)
[2025-08-26T03:48:18.091Z] link-health-scheduler started successfully
[2025-08-26T03:48:19.947Z] enhanced-autonomous healthy - uptime: 2894s
[2025-08-26T03:48:49.949Z] enhanced-autonomous healthy - uptime: 2924s
[2025-08-26T03:48:50.345Z] ml-link-intelligence exited: code=0, signal=null
[2025-08-26T03:48:50.352Z] Auto-restarting ml-link-intelligence (attempt 1)
[2025-08-26T03:48:55.639Z] performance-monitor exited: code=0, signal=null
[2025-08-26T03:48:55.640Z] Auto-restarting performance-monitor (attempt 1)
[2025-08-26T03:48:58.358Z] ml-link-intelligence started successfully
[2025-08-26T03:49:03.649Z] performance-monitor started successfully
[2025-08-26T03:49:19.949Z] enhanced-autonomous healthy - uptime: 2954s
[2025-08-26T03:49:49.951Z] enhanced-autonomous healthy - uptime: 2984s
[2025-08-26T03:50:02.013Z] autonomous-manager exited: code=0, signal=null
[2025-08-26T03:50:02.014Z] Auto-restarting autonomous-manager (attempt 1)
[2025-08-26T03:50:05.238Z] link-health-scheduler exited: code=0, signal=null
[2025-08-26T03:50:05.239Z] Auto-restarting link-health-scheduler (attempt 1)
[2025-08-26T03:50:10.018Z] autonomous-manager started successfully
[2025-08-26T03:50:13.245Z] link-health-scheduler started successfully
[2025-08-26T03:50:19.952Z] enhanced-autonomous healthy - uptime: 3014s
[2025-08-26T03:50:49.953Z] enhanced-autonomous healthy - uptime: 3044s
[2025-08-26T03:51:01.009Z] performance-monitor exited: code=0, signal=null
[2025-08-26T03:51:01.010Z] Auto-restarting performance-monitor (attempt 1)
[2025-08-26T03:51:01.514Z] ml-link-intelligence exited: code=0, signal=null
[2025-08-26T03:51:01.514Z] Auto-restarting ml-link-intelligence (attempt 1)
[2025-08-26T03:51:09.011Z] performance-monitor started successfully
[2025-08-26T03:51:09.536Z] ml-link-intelligence started successfully
[2025-08-26T03:51:19.958Z] enhanced-autonomous healthy - uptime: 3074s
[2025-08-26T03:51:49.959Z] enhanced-autonomous healthy - uptime: 3104s
[2025-08-26T03:52:01.302Z] autonomous-manager exited: code=0, signal=null
[2025-08-26T03:52:01.302Z] Auto-restarting autonomous-manager (attempt 1)
[2025-08-26T03:52:06.150Z] performance-monitor exited: code=0, signal=null
[2025-08-26T03:52:06.150Z] Auto-restarting performance-monitor (attempt 1)
[2025-08-26T03:52:09.305Z] autonomous-manager started successfully
[2025-08-26T03:52:10.436Z] link-health-scheduler exited: code=0, signal=null
[2025-08-26T03:52:10.436Z] Auto-restarting link-health-scheduler (attempt 1)
[2025-08-26T03:52:14.154Z] performance-monitor started successfully
[2025-08-26T03:52:18.441Z] link-health-scheduler started successfully
[2025-08-26T03:52:19.960Z] enhanced-autonomous healthy - uptime: 3134s
[2025-08-26T03:52:49.977Z] enhanced-autonomous healthy - uptime: 3164s
[2025-08-26T03:53:12.364Z] ml-link-intelligence exited: code=0, signal=null
[2025-08-26T03:53:12.364Z] Auto-restarting ml-link-intelligence (attempt 1)
[2025-08-26T03:53:19.978Z] enhanced-autonomous healthy - uptime: 3194s
[2025-08-26T03:53:20.368Z] ml-link-intelligence started successfully
[2025-08-26T03:53:49.979Z] enhanced-autonomous healthy - uptime: 3224s
[2025-08-26T03:54:01.666Z] autonomous-manager exited: code=0, signal=null
[2025-08-26T03:54:01.667Z] Auto-restarting autonomous-manager (attempt 1)
[2025-08-26T03:54:05.583Z] link-health-scheduler exited: code=0, signal=null
[2025-08-26T03:54:05.584Z] Auto-restarting link-health-scheduler (attempt 1)
[2025-08-26T03:54:09.844Z] autonomous-manager started successfully
[2025-08-26T03:54:11.256Z] performance-monitor exited: code=0, signal=null
[2025-08-26T03:54:11.256Z] Auto-restarting performance-monitor (attempt 1)
[2025-08-26T03:54:13.586Z] link-health-scheduler started successfully
[2025-08-26T03:54:19.259Z] performance-monitor started successfully
[2025-08-26T03:54:19.981Z] enhanced-autonomous healthy - uptime: 3254s
[2025-08-26T03:54:49.981Z] enhanced-autonomous healthy - uptime: 3284s
[2025-08-26T03:55:19.984Z] enhanced-autonomous healthy - uptime: 3314s
[2025-08-26T03:55:22.920Z] ml-link-intelligence exited: code=0, signal=null
[2025-08-26T03:55:22.921Z] Auto-restarting ml-link-intelligence (attempt 1)
[2025-08-26T03:55:30.961Z] ml-link-intelligence started successfully
[2025-08-26T03:55:49.985Z] enhanced-autonomous healthy - uptime: 3344s
[2025-08-26T03:56:02.400Z] autonomous-manager exited: code=0, signal=null
[2025-08-26T03:56:02.401Z] Auto-restarting autonomous-manager (attempt 1)
[2025-08-26T03:56:10.404Z] autonomous-manager started successfully
[2025-08-26T03:56:10.875Z] link-health-scheduler exited: code=0, signal=null
[2025-08-26T03:56:10.876Z] Auto-restarting link-health-scheduler (attempt 1)
[2025-08-26T03:56:16.359Z] performance-monitor exited: code=0, signal=null
[2025-08-26T03:56:16.359Z] Auto-restarting performance-monitor (attempt 1)
[2025-08-26T03:56:18.879Z] link-health-scheduler started successfully
[2025-08-26T03:56:19.987Z] enhanced-autonomous healthy - uptime: 3374s
[2025-08-26T03:56:19.987Z] Health check failed for performance-monitor
[2025-08-26T03:56:24.360Z] performance-monitor started successfully
[2025-08-26T03:56:49.990Z] enhanced-autonomous healthy - uptime: 3404s
[2025-08-26T03:57:19.991Z] enhanced-autonomous healthy - uptime: 3434s
[2025-08-26T03:57:33.963Z] ml-link-intelligence exited: code=0, signal=null
[2025-08-26T03:57:33.963Z] Auto-restarting ml-link-intelligence (attempt 1)
[2025-08-26T03:57:41.966Z] ml-link-intelligence started successfully
[2025-08-26T03:57:49.992Z] enhanced-autonomous healthy - uptime: 3464s
[2025-08-26T03:58:01.105Z] autonomous-manager exited: code=0, signal=null
[2025-08-26T03:58:01.105Z] Auto-restarting autonomous-manager (attempt 1)
[2025-08-26T03:58:05.998Z] link-health-scheduler exited: code=0, signal=null
[2025-08-26T03:58:05.998Z] Auto-restarting link-health-scheduler (attempt 1)
[2025-08-26T03:58:09.107Z] autonomous-manager started successfully
[2025-08-26T03:58:14.001Z] link-health-scheduler started successfully
[2025-08-26T03:58:19.993Z] enhanced-autonomous healthy - uptime: 3494s
[2025-08-26T03:58:21.473Z] performance-monitor exited: code=0, signal=null
[2025-08-26T03:58:21.473Z] Auto-restarting performance-monitor (attempt 1)
[2025-08-26T03:58:29.475Z] performance-monitor started successfully
[2025-08-26T03:58:49.994Z] enhanced-autonomous healthy - uptime: 3524s
[2025-08-26T03:59:19.994Z] enhanced-autonomous healthy - uptime: 3554s
[2025-08-26T03:59:44.567Z] ml-link-intelligence exited: code=0, signal=null
[2025-08-26T03:59:44.567Z] Auto-restarting ml-link-intelligence (attempt 1)
[2025-08-26T03:59:49.996Z] enhanced-autonomous healthy - uptime: 3584s
[2025-08-26T03:59:52.571Z] ml-link-intelligence started successfully
[2025-08-26T04:00:02.154Z] autonomous-manager exited: code=0, signal=null
[2025-08-26T04:00:02.154Z] Auto-restarting autonomous-manager (attempt 1)
[2025-08-26T04:00:10.157Z] autonomous-manager started successfully
[2025-08-26T04:00:11.113Z] link-health-scheduler exited: code=0, signal=null
[2025-08-26T04:00:11.114Z] Auto-restarting link-health-scheduler (attempt 1)
[2025-08-26T04:00:19.115Z] link-health-scheduler started successfully
[2025-08-26T04:00:19.998Z] enhanced-autonomous healthy - uptime: 3614s
[2025-08-26T04:00:26.577Z] performance-monitor exited: code=0, signal=null
[2025-08-26T04:00:26.578Z] Auto-restarting performance-monitor (attempt 1)
[2025-08-26T04:00:34.581Z] performance-monitor started successfully
[2025-08-26T04:00:49.999Z] enhanced-autonomous healthy - uptime: 3644s
[2025-08-26T04:01:20.001Z] enhanced-autonomous healthy - uptime: 3674s
[2025-08-26T04:01:50.004Z] enhanced-autonomous healthy - uptime: 3704s
[2025-08-26T04:01:55.317Z] ml-link-intelligence exited: code=0, signal=null
[2025-08-26T04:01:55.317Z] Auto-restarting ml-link-intelligence (attempt 1)
[2025-08-26T04:02:02.070Z] autonomous-manager exited: code=0, signal=null
[2025-08-26T04:02:02.070Z] Auto-restarting autonomous-manager (attempt 1)
[2025-08-26T04:02:03.320Z] ml-link-intelligence started successfully
[2025-08-26T04:02:06.227Z] link-health-scheduler exited: code=0, signal=null
[2025-08-26T04:02:06.228Z] Auto-restarting link-health-scheduler (attempt 1)
[2025-08-26T04:02:10.075Z] autonomous-manager started successfully
[2025-08-26T04:02:14.232Z] link-health-scheduler started successfully
[2025-08-26T04:02:20.018Z] enhanced-autonomous healthy - uptime: 3734s
[2025-08-26T04:17:27.891Z] enhanced-autonomous healthy - uptime: 4642s
[2025-08-26T04:17:27.892Z] performance-monitor healthy - uptime: 1016s
[2025-08-26T04:17:27.894Z] ml-link-intelligence healthy - uptime: 927s
[2025-08-26T04:17:27.894Z] autonomous-manager healthy - uptime: 920s
[2025-08-26T04:17:27.896Z] link-health-scheduler healthy - uptime: 916s
[2025-08-26T04:17:28.236Z] performance-monitor exited: code=0, signal=null
[2025-08-26T04:17:28.236Z] Auto-restarting performance-monitor (attempt 1)
[2025-08-26T04:17:36.293Z] performance-monitor started successfully
[2025-08-26T04:17:57.946Z] enhanced-autonomous healthy - uptime: 4672s
[2025-08-26T04:17:57.946Z] ml-link-intelligence healthy - uptime: 957s
[2025-08-26T04:17:57.947Z] autonomous-manager healthy - uptime: 950s
[2025-08-26T04:17:57.947Z] link-health-scheduler healthy - uptime: 946s
[2025-08-26T04:18:02.969Z] autonomous-manager exited: code=0, signal=null
[2025-08-26T04:18:02.970Z] Auto-restarting autonomous-manager (attempt 1)
[2025-08-26T04:18:02.994Z] ml-link-intelligence exited: code=0, signal=null
[2025-08-26T04:18:02.994Z] Auto-restarting ml-link-intelligence (attempt 1)
[2025-08-26T04:18:07.959Z] link-health-scheduler exited: code=0, signal=null
[2025-08-26T04:18:07.960Z] Auto-restarting link-health-scheduler (attempt 1)
[2025-08-26T04:18:10.976Z] autonomous-manager started successfully
[2025-08-26T04:18:10.997Z] ml-link-intelligence started successfully
[2025-08-26T04:18:15.971Z] link-health-scheduler started successfully
[2025-08-26T04:19:35.981Z] enhanced-autonomous healthy - uptime: 4770s
[2025-08-26T04:19:50.200Z] performance-monitor exited: code=0, signal=null
[2025-08-26T04:19:50.200Z] Auto-restarting performance-monitor (attempt 1)
[2025-08-26T04:19:58.207Z] performance-monitor started successfully
[2025-08-26T04:20:05.982Z] enhanced-autonomous healthy - uptime: 4800s
[2025-08-26T04:20:21.015Z] autonomous-manager exited: code=0, signal=null
[2025-08-26T04:20:21.015Z] Auto-restarting autonomous-manager (attempt 1)
[2025-08-26T04:35:24.985Z] enhanced-autonomous healthy - uptime: 5719s
[2025-08-26T04:35:24.985Z] ml-link-intelligence healthy - uptime: 1036s
[2025-08-26T04:35:24.991Z] link-health-scheduler healthy - uptime: 1032s
[2025-08-26T04:35:24.991Z] performance-monitor healthy - uptime: 929s
[2025-08-26T04:35:25.084Z] performance-monitor exited: code=0, signal=null
[2025-08-26T04:35:25.087Z] Auto-restarting performance-monitor (attempt 1)
[2025-08-26T04:35:27.284Z] ml-link-intelligence exited: code=0, signal=null
[2025-08-26T04:35:27.284Z] Auto-restarting ml-link-intelligence (attempt 1)
[2025-08-26T04:35:27.309Z] autonomous-manager exited: code=0, signal=null
[2025-08-26T04:35:27.310Z] Auto-restarting autonomous-manager (attempt 1)
[2025-08-26T04:35:27.332Z] link-health-scheduler exited: code=0, signal=null
[2025-08-26T04:35:27.333Z] Auto-restarting link-health-scheduler (attempt 1)
[2025-08-26T04:35:27.986Z] autonomous-manager failed to start
[2025-08-26T04:35:33.093Z] performance-monitor started successfully
[2025-08-26T04:35:35.283Z] ml-link-intelligence started successfully
[2025-08-26T04:35:35.309Z] autonomous-manager started successfully
[2025-08-26T04:35:35.335Z] link-health-scheduler started successfully
[2025-08-26T04:35:54.978Z] enhanced-autonomous healthy - uptime: 5749s
[2025-08-26T04:36:03.899Z] autonomous-manager exited: code=0, signal=null
[2025-08-26T04:36:03.900Z] Auto-restarting autonomous-manager (attempt 1)
[2025-08-26T04:36:11.907Z] autonomous-manager started successfully
[2025-08-26T04:36:12.579Z] link-health-scheduler exited: code=0, signal=null
[2025-08-26T04:36:12.580Z] Auto-restarting link-health-scheduler (attempt 1)
[2025-08-26T04:36:20.622Z] link-health-scheduler started successfully
[2025-08-26T04:36:24.977Z] enhanced-autonomous healthy - uptime: 5779s
[2025-08-26T04:36:30.200Z] performance-monitor exited: code=0, signal=null
[2025-08-26T04:36:30.201Z] Auto-restarting performance-monitor (attempt 1)
[2025-08-26T04:36:38.208Z] performance-monitor started successfully
[2025-08-26T04:36:54.978Z] enhanced-autonomous healthy - uptime: 5809s
[2025-08-26T04:37:24.979Z] enhanced-autonomous healthy - uptime: 5839s
[2025-08-26T04:37:38.078Z] ml-link-intelligence exited: code=0, signal=null
[2025-08-26T04:37:38.078Z] Auto-restarting ml-link-intelligence (attempt 1)
[2025-08-26T04:37:46.082Z] ml-link-intelligence started successfully
[2025-08-26T04:37:54.981Z] enhanced-autonomous healthy - uptime: 5869s
[2025-08-26T04:38:03.622Z] autonomous-manager exited: code=0, signal=null
[2025-08-26T04:38:03.622Z] Auto-restarting autonomous-manager (attempt 1)
[2025-08-26T04:38:08.013Z] link-health-scheduler exited: code=0, signal=null
[2025-08-26T04:38:08.014Z] Auto-restarting link-health-scheduler (attempt 1)
[2025-08-26T04:38:11.630Z] autonomous-manager started successfully
[2025-08-26T04:38:16.022Z] link-health-scheduler started successfully
[2025-08-26T04:38:24.982Z] enhanced-autonomous healthy - uptime: 5899s
[2025-08-26T04:38:35.462Z] performance-monitor exited: code=0, signal=null
[2025-08-26T04:38:35.463Z] Auto-restarting performance-monitor (attempt 1)
[2025-08-26T04:38:43.468Z] performance-monitor started successfully
[2025-08-26T04:38:54.983Z] enhanced-autonomous healthy - uptime: 5929s
[2025-08-26T04:39:24.986Z] enhanced-autonomous healthy - uptime: 5959s
[2025-08-26T04:39:48.967Z] ml-link-intelligence exited: code=0, signal=null
[2025-08-26T04:39:48.968Z] Auto-restarting ml-link-intelligence (attempt 1)
[2025-08-26T04:39:54.987Z] enhanced-autonomous healthy - uptime: 5989s
[2025-08-26T04:39:56.976Z] ml-link-intelligence started successfully
[2025-08-26T04:40:03.601Z] autonomous-manager exited: code=0, signal=null
[2025-08-26T04:40:03.602Z] Auto-restarting autonomous-manager (attempt 1)
[2025-08-26T04:40:11.606Z] autonomous-manager started successfully
[2025-08-26T04:40:13.279Z] link-health-scheduler exited: code=0, signal=null
[2025-08-26T04:40:13.280Z] Auto-restarting link-health-scheduler (attempt 1)
[2025-08-26T04:40:21.290Z] link-health-scheduler started successfully
[2025-08-26T04:40:24.989Z] enhanced-autonomous healthy - uptime: 6019s
[2025-08-26T04:40:40.709Z] performance-monitor exited: code=0, signal=null
[2025-08-26T04:40:40.710Z] Auto-restarting performance-monitor (attempt 1)
[2025-08-26T04:40:48.715Z] performance-monitor started successfully
[2025-08-26T04:40:54.989Z] enhanced-autonomous healthy - uptime: 6049s
[2025-08-26T04:41:24.989Z] enhanced-autonomous healthy - uptime: 6079s
[2025-08-26T04:41:54.991Z] enhanced-autonomous healthy - uptime: 6109s
[2025-08-26T04:56:55.974Z] enhanced-autonomous healthy - uptime: 7010s
[2025-08-26T04:56:55.975Z] ml-link-intelligence healthy - uptime: 1022s
[2025-08-26T04:56:55.975Z] autonomous-manager healthy - uptime: 1007s
[2025-08-26T04:56:55.975Z] link-health-scheduler healthy - uptime: 997s
[2025-08-26T04:56:55.975Z] performance-monitor healthy - uptime: 970s
[2025-08-26T04:57:00.414Z] ml-link-intelligence exited: code=0, signal=null
[2025-08-26T04:57:00.415Z] Auto-restarting ml-link-intelligence (attempt 1)
[2025-08-26T04:57:08.425Z] ml-link-intelligence started successfully
[2025-08-26T04:57:25.984Z] enhanced-autonomous healthy - uptime: 7040s
[2025-08-26T04:57:25.985Z] autonomous-manager healthy - uptime: 1037s
[2025-08-26T04:57:25.985Z] link-health-scheduler healthy - uptime: 1027s
[2025-08-26T04:57:25.986Z] performance-monitor healthy - uptime: 1000s
[2025-08-26T05:12:50.986Z] enhanced-autonomous healthy - uptime: 7965s
[2025-08-26T05:12:50.986Z] autonomous-manager healthy - uptime: 1962s
[2025-08-26T05:12:50.995Z] link-health-scheduler healthy - uptime: 1952s
[2025-08-26T05:12:50.996Z] performance-monitor healthy - uptime: 1925s
[2025-08-26T05:12:50.996Z] ml-link-intelligence healthy - uptime: 945s
[2025-08-26T05:13:20.996Z] enhanced-autonomous healthy - uptime: 7995s
[2025-08-26T05:13:20.996Z] autonomous-manager healthy - uptime: 1992s
[2025-08-26T05:13:20.997Z] link-health-scheduler healthy - uptime: 1982s
[2025-08-26T05:13:20.997Z] performance-monitor healthy - uptime: 1955s
[2025-08-26T05:13:20.998Z] ml-link-intelligence healthy - uptime: 975s
[2025-08-26T05:13:50.998Z] enhanced-autonomous healthy - uptime: 8025s
[2025-08-26T05:13:50.999Z] autonomous-manager healthy - uptime: 2022s
[2025-08-26T05:13:50.999Z] link-health-scheduler healthy - uptime: 2012s
[2025-08-26T05:13:50.999Z] performance-monitor healthy - uptime: 1985s
[2025-08-26T05:13:51.000Z] ml-link-intelligence healthy - uptime: 1005s
[2025-08-26T05:14:03.187Z] autonomous-manager exited: code=0, signal=null
[2025-08-26T05:14:03.188Z] Auto-restarting autonomous-manager (attempt 1)
[2025-08-26T05:14:11.193Z] autonomous-manager started successfully
[2025-08-26T05:14:12.740Z] link-health-scheduler exited: code=0, signal=null
[2025-08-26T05:14:12.740Z] Auto-restarting link-health-scheduler (attempt 1)
[2025-08-26T05:14:20.747Z] link-health-scheduler started successfully
[2025-08-26T05:14:21.000Z] enhanced-autonomous healthy - uptime: 8055s
[2025-08-26T05:14:21.001Z] performance-monitor healthy - uptime: 2015s
[2025-08-26T05:14:21.001Z] ml-link-intelligence healthy - uptime: 1035s
[2025-08-26T05:14:51.002Z] enhanced-autonomous healthy - uptime: 8085s
[2025-08-26T05:14:51.002Z] performance-monitor healthy - uptime: 2045s
[2025-08-26T05:14:51.002Z] ml-link-intelligence healthy - uptime: 1065s
[2025-08-26T05:14:51.026Z] performance-monitor exited: code=0, signal=null
[2025-08-26T05:14:51.027Z] Auto-restarting performance-monitor (attempt 1)
[2025-08-26T05:14:59.034Z] performance-monitor started successfully
[2025-08-26T05:15:21.003Z] enhanced-autonomous healthy - uptime: 8115s
[2025-08-26T05:15:21.003Z] ml-link-intelligence healthy - uptime: 1095s
[2025-08-26T05:15:51.005Z] enhanced-autonomous healthy - uptime: 8145s
[2025-08-26T05:15:51.005Z] ml-link-intelligence healthy - uptime: 1125s
[2025-08-26T05:16:03.204Z] ml-link-intelligence exited: code=0, signal=null
[2025-08-26T05:16:03.204Z] Auto-restarting ml-link-intelligence (attempt 1)
[2025-08-26T05:16:03.455Z] autonomous-manager exited: code=0, signal=null
[2025-08-26T05:16:03.455Z] Auto-restarting autonomous-manager (attempt 1)
[2025-08-26T05:16:08.000Z] link-health-scheduler exited: code=0, signal=null
[2025-08-26T05:16:08.000Z] Auto-restarting link-health-scheduler (attempt 1)
[2025-08-26T05:16:11.210Z] ml-link-intelligence started successfully
[2025-08-26T05:16:11.461Z] autonomous-manager started successfully
[2025-08-26T05:16:16.007Z] link-health-scheduler started successfully
[2025-08-26T05:16:21.006Z] enhanced-autonomous healthy - uptime: 8175s
[2025-08-26T05:16:51.008Z] enhanced-autonomous healthy - uptime: 8205s
[2025-08-26T05:16:56.280Z] performance-monitor exited: code=0, signal=null
[2025-08-26T05:16:56.280Z] Auto-restarting performance-monitor (attempt 1)
[2025-08-26T05:17:04.285Z] performance-monitor started successfully
[2025-08-26T05:17:21.008Z] enhanced-autonomous healthy - uptime: 8235s
[2025-08-26T05:17:51.010Z] enhanced-autonomous healthy - uptime: 8265s
[2025-08-26T05:18:02.813Z] autonomous-manager exited: code=0, signal=null
[2025-08-26T05:18:02.814Z] Auto-restarting autonomous-manager (attempt 1)
[2025-08-26T05:18:03.273Z] link-health-scheduler exited: code=0, signal=null
[2025-08-26T05:18:03.274Z] Auto-restarting link-health-scheduler (attempt 1)
[2025-08-26T05:18:10.819Z] autonomous-manager started successfully
[2025-08-26T05:18:11.280Z] link-health-scheduler started successfully
[2025-08-26T05:18:14.172Z] ml-link-intelligence exited: code=0, signal=null
[2025-08-26T05:18:14.173Z] Auto-restarting ml-link-intelligence (attempt 1)
[2025-08-26T05:18:21.013Z] enhanced-autonomous healthy - uptime: 8295s
[2025-08-26T05:18:22.178Z] ml-link-intelligence started successfully
[2025-08-26T05:18:51.014Z] enhanced-autonomous healthy - uptime: 8325s
[2025-08-26T05:19:01.532Z] performance-monitor exited: code=0, signal=null
[2025-08-26T05:19:01.533Z] Auto-restarting performance-monitor (attempt 1)
[2025-08-26T05:19:09.541Z] performance-monitor started successfully
[2025-08-26T05:19:21.015Z] enhanced-autonomous healthy - uptime: 8355s
[2025-08-26T05:19:51.015Z] enhanced-autonomous healthy - uptime: 8385s
[2025-08-26T05:20:03.416Z] autonomous-manager exited: code=0, signal=null
[2025-08-26T05:20:03.417Z] Auto-restarting autonomous-manager (attempt 1)
[2025-08-26T05:20:06.779Z] performance-monitor exited: code=0, signal=null
[2025-08-26T05:20:06.780Z] Auto-restarting performance-monitor (attempt 1)
[2025-08-26T05:20:08.677Z] link-health-scheduler exited: code=0, signal=null
[2025-08-26T05:20:08.678Z] Auto-restarting link-health-scheduler (attempt 1)
[2025-08-26T05:20:11.421Z] autonomous-manager started successfully
[2025-08-26T05:20:14.783Z] performance-monitor started successfully
[2025-08-26T05:20:16.685Z] link-health-scheduler started successfully
[2025-08-26T05:20:21.016Z] enhanced-autonomous healthy - uptime: 8415s
[2025-08-26T05:20:25.083Z] ml-link-intelligence exited: code=0, signal=null
[2025-08-26T05:20:25.084Z] Auto-restarting ml-link-intelligence (attempt 1)
[2025-08-26T05:20:33.091Z] ml-link-intelligence started successfully
[2025-08-26T05:20:51.018Z] enhanced-autonomous healthy - uptime: 8445s
[2025-08-26T05:21:21.019Z] enhanced-autonomous healthy - uptime: 8475s
[2025-08-26T05:21:51.020Z] enhanced-autonomous healthy - uptime: 8505s
[2025-08-26T05:22:02.870Z] autonomous-manager exited: code=0, signal=null
[2025-08-26T05:22:02.871Z] Auto-restarting autonomous-manager (attempt 1)
[2025-08-26T05:22:03.981Z] link-health-scheduler exited: code=0, signal=null
[2025-08-26T05:22:03.982Z] Auto-restarting link-health-scheduler (attempt 1)
[2025-08-26T05:22:10.877Z] autonomous-manager started successfully
[2025-08-26T05:22:11.997Z] link-health-scheduler started successfully
[2025-08-26T05:22:12.065Z] performance-monitor exited: code=0, signal=null
[2025-08-26T05:22:12.065Z] Auto-restarting performance-monitor (attempt 1)
[2025-08-26T05:22:20.070Z] performance-monitor started successfully
[2025-08-26T05:22:21.022Z] enhanced-autonomous healthy - uptime: 8535s
[2025-08-26T05:22:35.985Z] ml-link-intelligence exited: code=0, signal=null
[2025-08-26T05:22:35.985Z] Auto-restarting ml-link-intelligence (attempt 1)
[2025-08-26T05:22:43.992Z] ml-link-intelligence started successfully
[2025-08-26T05:22:51.024Z] enhanced-autonomous healthy - uptime: 8565s
[2025-08-26T05:53:03.007Z] enhanced-autonomous healthy - uptime: 10377s
[2025-08-26T05:53:03.007Z] autonomous-manager healthy - uptime: 1855s
[2025-08-26T05:53:03.007Z] link-health-scheduler healthy - uptime: 1854s
[2025-08-26T05:53:03.010Z] performance-monitor healthy - uptime: 1845s
[2025-08-26T05:53:03.010Z] ml-link-intelligence healthy - uptime: 1822s
[2025-08-26T05:53:32.844Z] enhanced-autonomous healthy - uptime: 10407s
[2025-08-26T05:53:32.844Z] autonomous-manager healthy - uptime: 1884s
[2025-08-26T05:53:32.845Z] link-health-scheduler healthy - uptime: 1883s
[2025-08-26T05:53:32.845Z] performance-monitor healthy - uptime: 1875s
[2025-08-26T05:53:32.845Z] ml-link-intelligence healthy - uptime: 1851s
[2025-08-26T06:03:01.425Z] enhanced-autonomous healthy - uptime: 10976s
[2025-08-26T06:03:01.426Z] autonomous-manager healthy - uptime: 2453s
[2025-08-26T06:03:01.426Z] link-health-scheduler healthy - uptime: 2452s
[2025-08-26T06:03:01.426Z] performance-monitor healthy - uptime: 2444s
[2025-08-26T06:03:01.426Z] ml-link-intelligence healthy - uptime: 2420s
[2025-08-26T06:03:07.145Z] autonomous-manager exited: code=0, signal=null
[2025-08-26T06:03:07.146Z] Auto-restarting autonomous-manager (attempt 1)
[2025-08-26T06:03:12.966Z] link-health-scheduler exited: code=0, signal=null
[2025-08-26T06:03:12.967Z] Auto-restarting link-health-scheduler (attempt 1)
[2025-08-26T06:03:15.150Z] autonomous-manager started successfully
[2025-08-26T06:03:20.972Z] link-health-scheduler started successfully
[2025-08-26T06:03:31.426Z] enhanced-autonomous healthy - uptime: 11006s
[2025-08-26T06:03:31.427Z] performance-monitor healthy - uptime: 2474s
[2025-08-26T06:03:31.427Z] ml-link-intelligence healthy - uptime: 2450s
[2025-08-26T06:04:01.426Z] enhanced-autonomous healthy - uptime: 11036s
[2025-08-26T06:04:01.427Z] performance-monitor healthy - uptime: 2504s
[2025-08-26T06:04:01.427Z] ml-link-intelligence healthy - uptime: 2480s
[2025-08-26T06:04:02.828Z] autonomous-manager exited: code=0, signal=null
[2025-08-26T06:04:02.829Z] Auto-restarting autonomous-manager (attempt 1)
[2025-08-26T06:04:07.182Z] performance-monitor exited: code=0, signal=null
[2025-08-26T06:04:07.183Z] Auto-restarting performance-monitor (attempt 1)
[2025-08-26T06:04:08.372Z] link-health-scheduler exited: code=0, signal=null
[2025-08-26T06:04:08.373Z] Auto-restarting link-health-scheduler (attempt 1)
[2025-08-26T06:04:10.837Z] autonomous-manager started successfully
[2025-08-26T06:04:15.189Z] performance-monitor started successfully
[2025-08-26T06:04:16.377Z] link-health-scheduler started successfully
[2025-08-26T06:04:31.425Z] enhanced-autonomous healthy - uptime: 11066s
[2025-08-26T06:04:31.426Z] ml-link-intelligence healthy - uptime: 2510s
[2025-08-26T06:21:00.481Z] enhanced-autonomous healthy - uptime: 12055s
[2025-08-26T06:21:00.481Z] ml-link-intelligence healthy - uptime: 3499s
[2025-08-26T06:21:00.481Z] autonomous-manager healthy - uptime: 1012s
[2025-08-26T06:21:00.481Z] performance-monitor healthy - uptime: 1008s
[2025-08-26T06:21:00.481Z] link-health-scheduler healthy - uptime: 1007s
[2025-08-26T06:21:30.467Z] enhanced-autonomous healthy - uptime: 12085s
[2025-08-26T06:21:30.468Z] ml-link-intelligence healthy - uptime: 3529s
[2025-08-26T06:21:30.468Z] autonomous-manager healthy - uptime: 1042s
[2025-08-26T06:21:30.469Z] performance-monitor healthy - uptime: 1038s
[2025-08-26T06:21:30.469Z] link-health-scheduler healthy - uptime: 1037s
[2025-08-26T06:21:33.944Z] ml-link-intelligence exited: code=0, signal=null
[2025-08-26T06:21:33.944Z] Auto-restarting ml-link-intelligence (attempt 1)
[2025-08-26T06:21:41.947Z] ml-link-intelligence started successfully
[2025-08-26T06:37:07.826Z] enhanced-autonomous healthy - uptime: 13022s
[2025-08-26T06:37:07.826Z] autonomous-manager healthy - uptime: 1979s
[2025-08-26T06:37:07.826Z] performance-monitor healthy - uptime: 1975s
[2025-08-26T06:37:07.828Z] link-health-scheduler healthy - uptime: 1974s
[2025-08-26T06:37:07.829Z] ml-link-intelligence healthy - uptime: 928s
[2025-08-26T06:37:37.835Z] enhanced-autonomous healthy - uptime: 13052s
[2025-08-26T06:37:37.836Z] autonomous-manager healthy - uptime: 2010s
[2025-08-26T06:37:37.836Z] performance-monitor healthy - uptime: 2005s
[2025-08-26T06:37:37.837Z] link-health-scheduler healthy - uptime: 2004s
[2025-08-26T06:37:37.837Z] ml-link-intelligence healthy - uptime: 958s
[2025-08-26T06:54:35.370Z] enhanced-autonomous healthy - uptime: 14069s
[2025-08-26T06:54:35.370Z] autonomous-manager healthy - uptime: 3027s
[2025-08-26T06:54:35.370Z] performance-monitor healthy - uptime: 3023s
[2025-08-26T06:54:35.370Z] link-health-scheduler healthy - uptime: 3021s
[2025-08-26T06:54:35.370Z] ml-link-intelligence healthy - uptime: 1976s
[2025-08-26T06:54:35.476Z] autonomous-manager exited: code=0, signal=null
[2025-08-26T06:54:35.476Z] Auto-restarting autonomous-manager (attempt 1)
[2025-08-26T06:54:43.485Z] autonomous-manager started successfully
[2025-08-26T06:54:45.452Z] link-health-scheduler exited: code=0, signal=null
[2025-08-26T06:54:45.453Z] Auto-restarting link-health-scheduler (attempt 1)
[2025-08-26T06:54:53.459Z] link-health-scheduler started successfully
[2025-08-26T06:55:05.370Z] enhanced-autonomous healthy - uptime: 14099s
[2025-08-26T06:55:05.371Z] performance-monitor healthy - uptime: 3053s
[2025-08-26T06:55:05.371Z] ml-link-intelligence healthy - uptime: 2006s
[2025-08-26T07:04:06.479Z] enhanced-autonomous healthy - uptime: 14641s
[2025-08-26T07:04:06.479Z] performance-monitor healthy - uptime: 3594s
[2025-08-26T07:04:06.479Z] ml-link-intelligence healthy - uptime: 2547s
[2025-08-26T07:04:06.479Z] autonomous-manager healthy - uptime: 565s
[2025-08-26T07:04:06.479Z] link-health-scheduler healthy - uptime: 556s
[2025-08-26T07:04:11.254Z] performance-monitor exited: code=0, signal=null
[2025-08-26T07:04:11.255Z] Auto-restarting performance-monitor (attempt 1)
[2025-08-26T07:04:14.144Z] autonomous-manager exited: code=0, signal=null
[2025-08-26T07:04:14.145Z] Auto-restarting autonomous-manager (attempt 1)
[2025-08-26T07:04:14.240Z] ml-link-intelligence exited: code=0, signal=null
[2025-08-26T07:04:14.241Z] Auto-restarting ml-link-intelligence (attempt 1)
[2025-08-26T07:04:16.530Z] link-health-scheduler exited: code=0, signal=null
[2025-08-26T07:04:16.531Z] Auto-restarting link-health-scheduler (attempt 1)
[2025-08-26T07:04:19.263Z] performance-monitor started successfully
[2025-08-26T07:04:22.155Z] autonomous-manager started successfully
[2025-08-26T07:04:22.246Z] ml-link-intelligence started successfully
[2025-08-26T07:04:24.536Z] link-health-scheduler started successfully
[2025-08-26T07:04:36.480Z] enhanced-autonomous healthy - uptime: 14671s
[2025-08-26T07:20:19.851Z] enhanced-autonomous healthy - uptime: 15614s
[2025-08-26T07:20:19.851Z] performance-monitor healthy - uptime: 963s
[2025-08-26T07:20:19.852Z] autonomous-manager healthy - uptime: 960s
[2025-08-26T07:20:19.852Z] ml-link-intelligence healthy - uptime: 960s
[2025-08-26T07:20:19.852Z] link-health-scheduler healthy - uptime: 958s
[2025-08-26T07:20:49.847Z] enhanced-autonomous healthy - uptime: 15644s
[2025-08-26T07:20:49.848Z] performance-monitor healthy - uptime: 993s
[2025-08-26T07:20:49.848Z] autonomous-manager healthy - uptime: 990s
[2025-08-26T07:20:49.849Z] ml-link-intelligence healthy - uptime: 990s
[2025-08-26T07:20:49.849Z] link-health-scheduler healthy - uptime: 988s
[2025-08-26T07:37:30.138Z] enhanced-autonomous healthy - uptime: 16644s
[2025-08-26T07:37:30.138Z] performance-monitor healthy - uptime: 1993s
[2025-08-26T07:37:30.138Z] autonomous-manager healthy - uptime: 1990s
[2025-08-26T07:37:30.138Z] ml-link-intelligence healthy - uptime: 1990s
[2025-08-26T07:37:30.138Z] link-health-scheduler healthy - uptime: 1988s
[2025-08-26T07:38:00.140Z] enhanced-autonomous healthy - uptime: 16674s
[2025-08-26T07:38:00.140Z] performance-monitor healthy - uptime: 2023s
[2025-08-26T07:38:00.141Z] autonomous-manager healthy - uptime: 2020s
[2025-08-26T07:38:00.141Z] ml-link-intelligence healthy - uptime: 2020s
[2025-08-26T07:38:00.141Z] link-health-scheduler healthy - uptime: 2018s
[2025-08-26T07:38:02.757Z] autonomous-manager exited: code=0, signal=null
[2025-08-26T07:38:02.758Z] Auto-restarting autonomous-manager (attempt 1)
[2025-08-26T07:38:06.849Z] link-health-scheduler exited: code=0, signal=null
[2025-08-26T07:38:06.851Z] Auto-restarting link-health-scheduler (attempt 1)
[2025-08-26T07:38:10.765Z] autonomous-manager started successfully
[2025-08-26T07:38:14.860Z] link-health-scheduler started successfully
[2025-08-26T07:55:35.624Z] enhanced-autonomous healthy - uptime: 17730s
[2025-08-26T07:55:35.625Z] performance-monitor healthy - uptime: 3079s
[2025-08-26T07:55:35.625Z] ml-link-intelligence healthy - uptime: 3076s
[2025-08-26T07:55:35.625Z] autonomous-manager healthy - uptime: 1047s
[2025-08-26T07:55:35.625Z] link-health-scheduler healthy - uptime: 1043s
[2025-08-26T07:55:43.930Z] performance-monitor exited: code=0, signal=null
[2025-08-26T07:55:43.931Z] Auto-restarting performance-monitor (attempt 1)
[2025-08-26T07:55:51.940Z] performance-monitor started successfully
[2025-08-26T07:56:05.631Z] enhanced-autonomous healthy - uptime: 17760s
[2025-08-26T07:56:05.631Z] ml-link-intelligence healthy - uptime: 3106s
[2025-08-26T07:56:05.632Z] autonomous-manager healthy - uptime: 1077s
[2025-08-26T07:56:05.632Z] link-health-scheduler healthy - uptime: 1073s
[2025-08-26T08:03:28.631Z] enhanced-autonomous healthy - uptime: 18203s
[2025-08-26T08:03:28.631Z] ml-link-intelligence healthy - uptime: 3549s
[2025-08-26T08:03:28.631Z] autonomous-manager healthy - uptime: 1520s
[2025-08-26T08:03:28.631Z] link-health-scheduler healthy - uptime: 1516s
[2025-08-26T08:03:28.632Z] performance-monitor healthy - uptime: 459s
[2025-08-26T08:03:28.679Z] ml-link-intelligence exited: code=0, signal=null
[2025-08-26T08:03:28.679Z] Auto-restarting ml-link-intelligence (attempt 1)
[2025-08-26T08:03:28.735Z] autonomous-manager exited: code=0, signal=null
[2025-08-26T08:03:28.735Z] Auto-restarting autonomous-manager (attempt 1)
[2025-08-26T08:03:35.691Z] link-health-scheduler exited: code=0, signal=null
[2025-08-26T08:03:35.692Z] Auto-restarting link-health-scheduler (attempt 1)
[2025-08-26T08:03:36.685Z] ml-link-intelligence started successfully
[2025-08-26T08:03:36.743Z] autonomous-manager started successfully
[2025-08-26T08:03:43.698Z] link-health-scheduler started successfully
[2025-08-26T08:03:58.631Z] enhanced-autonomous healthy - uptime: 18233s
[2025-08-26T08:03:58.631Z] performance-monitor healthy - uptime: 489s
[2025-08-26T08:04:03.632Z] autonomous-manager exited: code=0, signal=null
[2025-08-26T08:04:03.633Z] Auto-restarting autonomous-manager (attempt 1)
[2025-08-26T08:04:10.946Z] link-health-scheduler exited: code=0, signal=null
[2025-08-26T08:04:10.946Z] Auto-restarting link-health-scheduler (attempt 1)
[2025-08-26T08:04:11.639Z] autonomous-manager started successfully
[2025-08-26T08:21:30.867Z] enhanced-autonomous healthy - uptime: 19285s
[2025-08-26T08:21:30.867Z] performance-monitor healthy - uptime: 1541s
[2025-08-26T08:21:30.867Z] ml-link-intelligence healthy - uptime: 1077s
[2025-08-26T08:21:30.867Z] autonomous-manager healthy - uptime: 1042s
[2025-08-26T08:21:33.869Z] link-health-scheduler started successfully
[2025-08-26T08:21:45.558Z] performance-monitor exited: code=0, signal=null
[2025-08-26T08:21:45.559Z] Auto-restarting performance-monitor (attempt 1)
[2025-08-26T08:21:53.564Z] performance-monitor started successfully
[2025-08-26T08:22:00.860Z] enhanced-autonomous healthy - uptime: 19315s
[2025-08-26T08:22:00.860Z] ml-link-intelligence healthy - uptime: 1107s
[2025-08-26T08:22:00.861Z] autonomous-manager healthy - uptime: 1072s
[2025-08-26T08:22:03.063Z] autonomous-manager exited: code=0, signal=null
[2025-08-26T08:22:03.063Z] Auto-restarting autonomous-manager (attempt 1)
[2025-08-26T08:22:03.107Z] ml-link-intelligence exited: code=0, signal=null
[2025-08-26T08:22:03.107Z] Auto-restarting ml-link-intelligence (attempt 1)
[2025-08-26T08:22:11.071Z] autonomous-manager started successfully
[2025-08-26T08:22:11.113Z] ml-link-intelligence started successfully
[2025-08-26T08:22:11.186Z] link-health-scheduler exited: code=0, signal=null
[2025-08-26T08:22:11.187Z] Auto-restarting link-health-scheduler (attempt 1)
[2025-08-26T08:22:19.194Z] link-health-scheduler started successfully
[2025-08-26T08:38:19.934Z] performance-monitor exited: code=0, signal=null
[2025-08-26T08:38:19.934Z] Auto-restarting performance-monitor (attempt 1)
[2025-08-26T08:38:19.935Z] enhanced-autonomous healthy - uptime: 20294s
[2025-08-26T08:38:19.936Z] Health check failed for performance-monitor
[2025-08-26T08:38:19.936Z] autonomous-manager healthy - uptime: 971s
[2025-08-26T08:38:19.936Z] ml-link-intelligence healthy - uptime: 971s
[2025-08-26T08:38:19.936Z] link-health-scheduler healthy - uptime: 963s
[2025-08-26T08:38:27.937Z] performance-monitor started successfully
[2025-08-26T08:38:49.933Z] enhanced-autonomous healthy - uptime: 20324s
[2025-08-26T08:38:49.934Z] autonomous-manager healthy - uptime: 1001s
[2025-08-26T08:38:49.934Z] ml-link-intelligence healthy - uptime: 1001s
[2025-08-26T08:38:49.935Z] link-health-scheduler healthy - uptime: 993s
[2025-08-26T08:56:25.621Z] enhanced-autonomous healthy - uptime: 21380s
[2025-08-26T08:56:25.621Z] autonomous-manager healthy - uptime: 2057s
[2025-08-26T08:56:25.622Z] ml-link-intelligence healthy - uptime: 2057s
[2025-08-26T08:56:25.622Z] link-health-scheduler healthy - uptime: 2049s
[2025-08-26T08:56:25.622Z] performance-monitor healthy - uptime: 1080s
[2025-08-26T08:56:55.623Z] enhanced-autonomous healthy - uptime: 21410s
[2025-08-26T08:56:55.624Z] autonomous-manager healthy - uptime: 2087s
[2025-08-26T08:56:55.624Z] ml-link-intelligence healthy - uptime: 2087s
[2025-08-26T08:56:55.624Z] link-health-scheduler healthy - uptime: 2079s
[2025-08-26T08:56:55.625Z] performance-monitor healthy - uptime: 1110s
[2025-08-26T09:05:05.127Z] enhanced-autonomous healthy - uptime: 21899s
[2025-08-26T09:05:05.127Z] autonomous-manager healthy - uptime: 2577s
[2025-08-26T09:05:05.127Z] ml-link-intelligence healthy - uptime: 2577s
[2025-08-26T09:05:05.127Z] link-health-scheduler healthy - uptime: 2568s
[2025-08-26T09:05:05.127Z] performance-monitor healthy - uptime: 1600s
[2025-08-26T09:05:35.130Z] enhanced-autonomous healthy - uptime: 21929s
[2025-08-26T09:05:35.130Z] autonomous-manager healthy - uptime: 2607s
[2025-08-26T09:05:35.131Z] ml-link-intelligence healthy - uptime: 2607s
[2025-08-26T09:05:35.131Z] link-health-scheduler healthy - uptime: 2598s
[2025-08-26T09:05:35.132Z] performance-monitor healthy - uptime: 1630s
[2025-08-26T09:21:32.136Z] enhanced-autonomous healthy - uptime: 22886s
[2025-08-26T09:21:32.136Z] autonomous-manager healthy - uptime: 3564s
[2025-08-26T09:21:32.136Z] ml-link-intelligence healthy - uptime: 3564s
[2025-08-26T09:21:32.136Z] link-health-scheduler healthy - uptime: 3555s
[2025-08-26T09:21:32.136Z] performance-monitor healthy - uptime: 2587s
[2025-08-26T09:22:02.135Z] enhanced-autonomous healthy - uptime: 22916s
[2025-08-26T09:22:02.135Z] autonomous-manager healthy - uptime: 3594s
[2025-08-26T09:22:02.136Z] ml-link-intelligence healthy - uptime: 3594s
[2025-08-26T09:22:02.136Z] link-health-scheduler healthy - uptime: 3585s
[2025-08-26T09:22:02.136Z] performance-monitor healthy - uptime: 2617s
[2025-08-26T09:22:03.195Z] autonomous-manager exited: code=0, signal=null
[2025-08-26T09:22:03.196Z] Auto-restarting autonomous-manager (attempt 1)
[2025-08-26T09:22:11.202Z] autonomous-manager started successfully
[2025-08-26T09:22:11.539Z] link-health-scheduler exited: code=0, signal=null
[2025-08-26T09:22:11.540Z] Auto-restarting link-health-scheduler (attempt 1)
[2025-08-26T09:22:19.545Z] link-health-scheduler started successfully
[2025-08-26T09:33:04.044Z] enhanced-autonomous healthy - uptime: 23578s
[2025-08-26T09:33:04.045Z] ml-link-intelligence healthy - uptime: 4255s
[2025-08-26T09:33:04.045Z] performance-monitor healthy - uptime: 3279s
[2025-08-26T09:33:04.045Z] autonomous-manager healthy - uptime: 655s
[2025-08-26T09:33:04.045Z] link-health-scheduler healthy - uptime: 647s
[2025-08-26T09:33:10.342Z] performance-monitor exited: code=0, signal=null
[2025-08-26T09:33:10.342Z] Auto-restarting performance-monitor (attempt 1)
[2025-08-26T09:33:18.343Z] performance-monitor started successfully
[2025-08-26T09:33:34.044Z] enhanced-autonomous healthy - uptime: 23608s
[2025-08-26T09:33:34.045Z] ml-link-intelligence healthy - uptime: 4285s
[2025-08-26T09:33:34.045Z] autonomous-manager healthy - uptime: 685s
[2025-08-26T09:33:34.045Z] link-health-scheduler healthy - uptime: 677s
[2025-08-26T09:34:00.882Z] ml-link-intelligence exited: code=0, signal=null
[2025-08-26T09:34:00.882Z] Auto-restarting ml-link-intelligence (attempt 1)
[2025-08-26T09:34:00.947Z] autonomous-manager exited: code=0, signal=null
[2025-08-26T09:34:00.947Z] Auto-restarting autonomous-manager (attempt 1)
[2025-08-26T09:34:04.043Z] enhanced-autonomous healthy - uptime: 23638s
[2025-08-26T09:34:04.044Z] Health check failed for ml-link-intelligence
[2025-08-26T09:34:04.044Z] Health check failed for autonomous-manager
[2025-08-26T09:34:04.044Z] link-health-scheduler healthy - uptime: 707s
[2025-08-26T09:34:04.989Z] link-health-scheduler exited: code=0, signal=null
[2025-08-26T09:34:04.989Z] Auto-restarting link-health-scheduler (attempt 1)
[2025-08-26T09:34:08.883Z] ml-link-intelligence started successfully
[2025-08-26T09:34:08.949Z] autonomous-manager started successfully
[2025-08-26T09:34:12.991Z] link-health-scheduler started successfully
[2025-08-26T09:34:15.429Z] performance-monitor exited: code=0, signal=null
[2025-08-26T09:34:15.429Z] Auto-restarting performance-monitor (attempt 1)
[2025-08-26T09:34:23.431Z] performance-monitor started successfully
[2025-08-26T09:34:34.042Z] enhanced-autonomous healthy - uptime: 23668s
[2025-08-26T09:35:04.040Z] enhanced-autonomous healthy - uptime: 23698s
[2025-08-26T09:35:34.039Z] enhanced-autonomous healthy - uptime: 23728s
[2025-08-26T09:36:01.342Z] autonomous-manager exited: code=0, signal=null
[2025-08-26T09:36:01.342Z] Auto-restarting autonomous-manager (attempt 1)
[2025-08-26T09:36:04.046Z] enhanced-autonomous healthy - uptime: 23758s
[2025-08-26T09:36:04.049Z] Health check failed for autonomous-manager
[2025-08-26T09:36:09.345Z] autonomous-manager started successfully
[2025-08-26T09:36:10.066Z] link-health-scheduler exited: code=0, signal=null
[2025-08-26T09:36:10.066Z] Auto-restarting link-health-scheduler (attempt 1)
[2025-08-26T09:36:11.435Z] ml-link-intelligence exited: code=0, signal=null
[2025-08-26T09:36:11.435Z] Auto-restarting ml-link-intelligence (attempt 1)
[2025-08-26T09:36:18.068Z] link-health-scheduler started successfully
[2025-08-26T09:36:19.436Z] ml-link-intelligence started successfully
[2025-08-26T09:36:20.506Z] performance-monitor exited: code=0, signal=null
[2025-08-26T09:36:20.506Z] Auto-restarting performance-monitor (attempt 1)
[2025-08-26T09:36:28.508Z] performance-monitor started successfully
[2025-08-26T09:36:34.168Z] enhanced-autonomous healthy - uptime: 23788s
[2025-08-26T09:37:04.169Z] enhanced-autonomous healthy - uptime: 23818s
[2025-08-26T09:37:34.171Z] enhanced-autonomous healthy - uptime: 23848s
[2025-08-26T09:38:01.786Z] autonomous-manager exited: code=0, signal=null
[2025-08-26T09:38:01.786Z] Auto-restarting autonomous-manager (attempt 1)
[2025-08-26T09:38:04.172Z] enhanced-autonomous healthy - uptime: 23878s
[2025-08-26T09:38:04.172Z] Health check failed for autonomous-manager
[2025-08-26T09:38:05.293Z] link-health-scheduler exited: code=0, signal=null
[2025-08-26T09:38:05.293Z] Auto-restarting link-health-scheduler (attempt 1)
[2025-08-26T09:38:09.789Z] autonomous-manager started successfully
[2025-08-26T09:38:13.297Z] link-health-scheduler started successfully
[2025-08-26T09:38:22.059Z] ml-link-intelligence exited: code=0, signal=null
[2025-08-26T09:38:22.059Z] Auto-restarting ml-link-intelligence (attempt 1)
[2025-08-26T09:38:25.721Z] performance-monitor exited: code=0, signal=null
[2025-08-26T09:38:25.722Z] Auto-restarting performance-monitor (attempt 1)
[2025-08-26T09:38:30.068Z] ml-link-intelligence started successfully
[2025-08-26T09:38:33.730Z] performance-monitor started successfully
[2025-08-26T09:38:34.189Z] enhanced-autonomous healthy - uptime: 23908s
[2025-08-26T09:41:17.966Z] enhanced-autonomous healthy - uptime: 24072s
[2025-08-26T09:41:20.682Z] autonomous-manager exited: code=0, signal=null
[2025-08-26T09:41:20.682Z] Auto-restarting autonomous-manager (attempt 1)
[2025-08-26T09:41:26.380Z] link-health-scheduler exited: code=0, signal=null
[2025-08-26T09:41:26.380Z] Auto-restarting link-health-scheduler (attempt 1)
[2025-08-26T09:41:28.686Z] autonomous-manager started successfully
[2025-08-26T09:41:34.384Z] link-health-scheduler started successfully
[2025-08-26T09:41:47.971Z] enhanced-autonomous healthy - uptime: 24102s
[2025-08-26T09:42:01.525Z] autonomous-manager exited: code=0, signal=null
[2025-08-26T09:42:01.525Z] Auto-restarting autonomous-manager (attempt 1)
[2025-08-26T09:42:09.527Z] autonomous-manager started successfully
[2025-08-26T09:42:11.466Z] link-health-scheduler exited: code=0, signal=null
[2025-08-26T09:42:11.467Z] Auto-restarting link-health-scheduler (attempt 1)
[2025-08-26T09:42:17.973Z] enhanced-autonomous healthy - uptime: 24132s
[2025-08-26T09:42:19.470Z] link-health-scheduler started successfully
[2025-08-26T09:42:20.715Z] performance-monitor exited: code=0, signal=null
[2025-08-26T09:42:20.715Z] Auto-restarting performance-monitor (attempt 1)
[2025-08-26T09:42:28.717Z] performance-monitor started successfully
[2025-08-26T09:42:47.974Z] enhanced-autonomous healthy - uptime: 24162s
[2025-08-26T09:43:11.711Z] ml-link-intelligence exited: code=0, signal=null
[2025-08-26T09:43:11.711Z] Auto-restarting ml-link-intelligence (attempt 1)
[2025-08-26T09:43:17.976Z] enhanced-autonomous healthy - uptime: 24192s
[2025-08-26T09:43:19.714Z] ml-link-intelligence started successfully
[2025-08-26T09:43:47.978Z] enhanced-autonomous healthy - uptime: 24222s
[2025-08-26T09:44:01.851Z] autonomous-manager exited: code=0, signal=null
[2025-08-26T09:44:01.851Z] Auto-restarting autonomous-manager (attempt 1)
[2025-08-26T09:44:06.555Z] link-health-scheduler exited: code=0, signal=null
[2025-08-26T09:44:06.555Z] Auto-restarting link-health-scheduler (attempt 1)
[2025-08-26T09:44:09.855Z] autonomous-manager started successfully
[2025-08-26T09:44:14.559Z] link-health-scheduler started successfully
[2025-08-26T09:44:17.980Z] enhanced-autonomous healthy - uptime: 24252s
[2025-08-26T09:44:25.797Z] performance-monitor exited: code=0, signal=null
[2025-08-26T09:44:25.798Z] Auto-restarting performance-monitor (attempt 1)
[2025-08-26T09:44:33.801Z] performance-monitor started successfully
[2025-08-26T09:44:47.981Z] enhanced-autonomous healthy - uptime: 24282s
[2025-08-26T09:45:17.982Z] enhanced-autonomous healthy - uptime: 24312s
[2025-08-26T09:45:22.260Z] ml-link-intelligence exited: code=0, signal=null
[2025-08-26T09:45:22.260Z] Auto-restarting ml-link-intelligence (attempt 1)
[2025-08-26T09:45:30.262Z] ml-link-intelligence started successfully
[2025-08-26T09:45:47.983Z] enhanced-autonomous healthy - uptime: 24342s
[2025-08-26T09:46:18.064Z] enhanced-autonomous healthy - uptime: 24372s
[2025-08-26T10:00:04.060Z] Master coordinator started
[2025-08-26T10:00:07.069Z] enhanced-autonomous started successfully
[2025-08-26T10:00:12.076Z] ml-link-intelligence started successfully
[2025-08-26T10:00:17.081Z] link-health-scheduler started successfully
[2025-08-26T10:00:22.085Z] performance-monitor started successfully
[2025-08-26T10:00:27.093Z] autonomous-manager started successfully
[2025-08-26T10:02:01.349Z] autonomous-manager exited: code=0, signal=null
[2025-08-26T10:02:01.350Z] Auto-restarting autonomous-manager (attempt 1)
[2025-08-26T10:02:04.191Z] link-health-scheduler exited: code=0, signal=null
[2025-08-26T10:02:04.191Z] Auto-restarting link-health-scheduler (attempt 1)
[2025-08-26T10:02:09.352Z] autonomous-manager started successfully
[2025-08-26T10:02:12.193Z] link-health-scheduler started successfully
[2025-08-26T10:02:15.165Z] ml-link-intelligence exited: code=0, signal=null
[2025-08-26T10:02:15.165Z] Auto-restarting ml-link-intelligence (attempt 1)
[2025-08-26T10:02:19.887Z] performance-monitor exited: code=0, signal=null
[2025-08-26T10:02:19.887Z] Auto-restarting performance-monitor (attempt 1)
[2025-08-26T10:02:23.184Z] ml-link-intelligence started successfully
[2025-08-26T10:02:27.890Z] performance-monitor started successfully
[2025-08-26T10:04:02.764Z] autonomous-manager exited: code=0, signal=null
[2025-08-26T10:04:02.765Z] Auto-restarting autonomous-manager (attempt 1)
[2025-08-26T10:04:09.266Z] link-health-scheduler exited: code=0, signal=null
[2025-08-26T10:04:09.266Z] Auto-restarting link-health-scheduler (attempt 1)
[2025-08-26T10:04:10.776Z] autonomous-manager started successfully
[2025-08-26T10:04:17.269Z] link-health-scheduler started successfully
[2025-08-26T10:04:24.983Z] performance-monitor exited: code=0, signal=null
[2025-08-26T10:04:24.984Z] Auto-restarting performance-monitor (attempt 1)
[2025-08-26T10:04:25.631Z] ml-link-intelligence exited: code=0, signal=null
[2025-08-26T10:04:25.631Z] Auto-restarting ml-link-intelligence (attempt 1)
[2025-08-26T10:04:29.090Z] Health check failed for ml-link-intelligence
[2025-08-26T10:04:29.090Z] Health check failed for performance-monitor
[2025-08-26T10:04:32.986Z] performance-monitor started successfully
[2025-08-26T10:04:33.635Z] ml-link-intelligence started successfully
[2025-08-26T10:05:29.089Z] enhanced-autonomous healthy - uptime: 325s
[2025-08-26T10:05:59.089Z] enhanced-autonomous healthy - uptime: 355s
[2025-08-26T10:06:02.041Z] autonomous-manager exited: code=0, signal=null
[2025-08-26T10:06:02.042Z] Auto-restarting autonomous-manager (attempt 1)
[2025-08-26T10:06:04.371Z] link-health-scheduler exited: code=0, signal=null
[2025-08-26T10:06:04.371Z] Auto-restarting link-health-scheduler (attempt 1)
[2025-08-26T10:06:10.043Z] autonomous-manager started successfully
[2025-08-26T10:06:12.373Z] link-health-scheduler started successfully
[2025-08-26T10:06:29.087Z] enhanced-autonomous healthy - uptime: 385s
[2025-08-26T10:06:30.086Z] performance-monitor exited: code=0, signal=null
[2025-08-26T10:06:30.086Z] Auto-restarting performance-monitor (attempt 1)
[2025-08-26T10:06:36.177Z] ml-link-intelligence exited: code=0, signal=null
[2025-08-26T10:06:36.177Z] Auto-restarting ml-link-intelligence (attempt 1)
[2025-08-26T10:06:38.088Z] performance-monitor started successfully
[2025-08-26T10:06:44.179Z] ml-link-intelligence started successfully
[2025-08-26T10:06:59.086Z] enhanced-autonomous healthy - uptime: 415s
[2025-08-26T10:07:29.085Z] enhanced-autonomous healthy - uptime: 445s
[2025-08-26T10:07:59.084Z] enhanced-autonomous healthy - uptime: 475s
[2025-08-26T10:08:02.002Z] autonomous-manager exited: code=0, signal=null
[2025-08-26T10:08:02.002Z] Auto-restarting autonomous-manager (attempt 1)
[2025-08-26T10:09:59.080Z] enhanced-autonomous healthy - uptime: 595s
[2025-08-26T10:10:02.013Z] autonomous-manager exited: code=0, signal=null
[2025-08-26T10:10:02.013Z] Auto-restarting autonomous-manager (attempt 1)
[2025-08-26T10:10:04.571Z] link-health-scheduler exited: code=0, signal=null
[2025-08-26T10:10:04.571Z] Auto-restarting link-health-scheduler (attempt 1)
[2025-08-26T10:10:10.017Z] autonomous-manager started successfully
[2025-08-26T10:10:12.574Z] link-health-scheduler started successfully
[2025-08-26T10:10:29.080Z] enhanced-autonomous healthy - uptime: 625s
[2025-08-26T10:10:40.157Z] performance-monitor exited: code=0, signal=null
[2025-08-26T10:10:40.157Z] Auto-restarting performance-monitor (attempt 1)
[2025-08-26T10:10:48.160Z] performance-monitor started successfully
[2025-08-26T10:16:26.340Z] enhanced-autonomous healthy - uptime: 982s
[2025-08-26T10:16:26.340Z] ml-link-intelligence healthy - uptime: 454s
[2025-08-26T10:16:26.365Z] autonomous-manager healthy - uptime: 379s
[2025-08-26T10:16:26.365Z] link-health-scheduler healthy - uptime: 376s
[2025-08-26T10:16:26.366Z] performance-monitor healthy - uptime: 341s
[2025-08-26T10:16:27.632Z] ml-link-intelligence exited: code=0, signal=null
[2025-08-26T10:16:27.632Z] Auto-restarting ml-link-intelligence (attempt 1)
[2025-08-26T10:16:33.550Z] autonomous-manager exited: code=0, signal=null
[2025-08-26T10:16:33.550Z] Auto-restarting autonomous-manager (attempt 1)
