[2025-08-25T15:00:11.295Z] Starting ML Link Intelligence worker
[2025-08-25T15:00:11.310Z] Added https://github.com to analysis queue
[2025-08-25T15:00:11.311Z] Added https://stackoverflow.com to analysis queue
[2025-08-25T15:00:11.311Z] Added https://medium.com to analysis queue
[2025-08-25T15:00:11.311Z] Added https://dev.to to analysis queue
[2025-08-25T15:00:11.312Z] Added https://wikipedia.org to analysis queue
[2025-08-25T15:00:11.313Z] Processing queue with 5 links
[2025-08-25T15:00:11.314Z] Analyzing link: https://github.com
[2025-08-25T15:00:11.766Z] Analysis complete for https://github.com: good (200)
[2025-08-25T15:00:12.769Z] Analyzing link: https://stackoverflow.com
[2025-08-25T15:00:12.830Z] Analysis complete for https://stackoverflow.com: poor (403)
[2025-08-25T15:00:13.831Z] Analyzing link: https://medium.com
[2025-08-25T15:00:13.929Z] Analysis complete for https://medium.com: good (200)
[2025-08-25T15:00:14.931Z] Analyzing link: https://dev.to
[2025-08-25T15:00:14.986Z] Analysis complete for https://dev.to: poor (403)
[2025-08-25T15:00:15.986Z] Analyzing link: https://wikipedia.org
[2025-08-25T15:00:16.042Z] Analysis complete for https://wikipedia.org: poor (403)
[2025-08-25T15:00:17.043Z] Queue processing complete
[2025-08-25T15:00:17.044Z] Health Report: Score 90, Links 5, Issues 3
[2025-08-25T15:02:02.217Z] Stopping ML Link Intelligence...
[2025-08-25T15:02:22.496Z] Starting ML Link Intelligence worker
[2025-08-25T15:02:22.502Z] Added https://github.com to analysis queue
[2025-08-25T15:02:22.527Z] Added https://stackoverflow.com to analysis queue
[2025-08-25T15:02:22.550Z] Added https://medium.com to analysis queue
[2025-08-25T15:02:22.682Z] Added https://dev.to to analysis queue
[2025-08-25T15:02:22.699Z] Added https://wikipedia.org to analysis queue
[2025-08-25T15:02:22.700Z] Processing queue with 5 links
[2025-08-25T15:02:22.700Z] Analyzing link: https://github.com
[2025-08-25T15:02:22.881Z] Analysis complete for https://github.com: good (200)
[2025-08-25T15:02:23.882Z] Analyzing link: https://stackoverflow.com
[2025-08-25T15:02:24.067Z] Analysis complete for https://stackoverflow.com: poor (403)
[2025-08-25T15:02:25.151Z] Analyzing link: https://medium.com
[2025-08-25T15:02:25.268Z] Analysis complete for https://medium.com: good (200)
[2025-08-25T15:02:26.274Z] Analyzing link: https://dev.to
[2025-08-25T15:02:26.423Z] Analysis complete for https://dev.to: poor (403)
[2025-08-25T15:02:27.440Z] Analyzing link: https://wikipedia.org
[2025-08-25T15:02:27.536Z] Analysis complete for https://wikipedia.org: poor (403)
[2025-08-25T15:02:28.538Z] Queue processing complete
[2025-08-25T15:02:34.737Z] Stopping ML Link Intelligence...
[2025-08-25T15:04:03.495Z] Stopping ML Link Intelligence...
[2025-08-25T15:04:33.736Z] Starting ML Link Intelligence worker
[2025-08-25T15:04:33.744Z] Added https://github.com to analysis queue
[2025-08-25T15:04:33.745Z] Added https://stackoverflow.com to analysis queue
[2025-08-25T15:04:33.745Z] Added https://medium.com to analysis queue
[2025-08-25T15:04:33.746Z] Added https://dev.to to analysis queue
[2025-08-25T15:04:33.746Z] Added https://wikipedia.org to analysis queue
[2025-08-25T15:04:33.747Z] Processing queue with 5 links
[2025-08-25T15:04:33.747Z] Analyzing link: https://github.com
[2025-08-25T15:04:34.149Z] Analysis complete for https://github.com: good (200)
[2025-08-25T15:04:35.151Z] Analyzing link: https://stackoverflow.com
[2025-08-25T15:04:35.224Z] Analysis complete for https://stackoverflow.com: poor (403)
[2025-08-25T15:04:36.226Z] Analyzing link: https://medium.com
[2025-08-25T15:04:36.340Z] Analysis complete for https://medium.com: good (200)
[2025-08-25T15:04:37.348Z] Analyzing link: https://dev.to
[2025-08-25T15:04:37.470Z] Analysis complete for https://dev.to: poor (403)
[2025-08-25T15:04:38.487Z] Analyzing link: https://wikipedia.org
[2025-08-25T15:04:38.656Z] Analysis complete for https://wikipedia.org: poor (403)
[2025-08-25T15:04:39.661Z] Queue processing complete
[2025-08-25T15:06:03.045Z] Stopping ML Link Intelligence...
[2025-08-25T15:06:45.065Z] Starting ML Link Intelligence worker
[2025-08-25T15:06:45.141Z] Added https://github.com to analysis queue
[2025-08-25T15:06:45.153Z] Added https://stackoverflow.com to analysis queue
[2025-08-25T15:06:45.160Z] Added https://medium.com to analysis queue
[2025-08-25T15:06:45.161Z] Added https://dev.to to analysis queue
[2025-08-25T15:06:45.161Z] Added https://wikipedia.org to analysis queue
[2025-08-25T15:06:45.162Z] Processing queue with 5 links
[2025-08-25T15:06:45.163Z] Analyzing link: https://github.com
[2025-08-25T15:06:45.439Z] Analysis complete for https://github.com: good (200)
[2025-08-25T15:06:46.441Z] Analyzing link: https://stackoverflow.com
[2025-08-25T15:06:46.633Z] Analysis complete for https://stackoverflow.com: poor (403)
[2025-08-25T15:06:47.637Z] Analyzing link: https://medium.com
[2025-08-25T15:06:47.835Z] Analysis complete for https://medium.com: good (200)
[2025-08-25T15:06:48.836Z] Analyzing link: https://dev.to
[2025-08-25T15:06:48.895Z] Analysis complete for https://dev.to: poor (403)
[2025-08-25T15:06:49.897Z] Analyzing link: https://wikipedia.org
[2025-08-25T15:06:49.954Z] Analysis complete for https://wikipedia.org: poor (403)
[2025-08-25T15:06:50.955Z] Queue processing complete
[2025-08-25T15:08:05.369Z] Stopping ML Link Intelligence...
[2025-08-25T15:08:56.573Z] Starting ML Link Intelligence worker
[2025-08-25T15:08:56.579Z] Added https://github.com to analysis queue
[2025-08-25T15:08:56.579Z] Added https://stackoverflow.com to analysis queue
[2025-08-25T15:08:56.580Z] Added https://medium.com to analysis queue
[2025-08-25T15:08:56.580Z] Added https://dev.to to analysis queue
[2025-08-25T15:08:56.580Z] Added https://wikipedia.org to analysis queue
[2025-08-25T15:08:56.580Z] Processing queue with 5 links
[2025-08-25T15:08:56.581Z] Analyzing link: https://github.com
[2025-08-25T15:08:56.804Z] Analysis complete for https://github.com: good (200)
[2025-08-25T15:08:57.805Z] Analyzing link: https://stackoverflow.com
[2025-08-25T15:08:57.889Z] Analysis complete for https://stackoverflow.com: poor (403)
[2025-08-25T15:08:58.890Z] Analyzing link: https://medium.com
[2025-08-25T15:08:58.990Z] Analysis complete for https://medium.com: good (200)
[2025-08-25T15:08:59.992Z] Analyzing link: https://dev.to
[2025-08-25T15:09:00.048Z] Analysis complete for https://dev.to: poor (403)
[2025-08-25T15:09:01.049Z] Analyzing link: https://wikipedia.org
[2025-08-25T15:09:01.095Z] Analysis complete for https://wikipedia.org: poor (403)
[2025-08-25T15:09:02.096Z] Queue processing complete
[2025-08-25T15:15:29.081Z] Starting ML Link Intelligence worker
[2025-08-25T15:15:29.085Z] Added https://github.com to analysis queue
[2025-08-25T15:15:29.085Z] Added https://stackoverflow.com to analysis queue
[2025-08-25T15:15:29.085Z] Added https://medium.com to analysis queue
[2025-08-25T15:15:29.085Z] Added https://dev.to to analysis queue
[2025-08-25T15:15:29.086Z] Added https://wikipedia.org to analysis queue
[2025-08-25T15:15:29.086Z] Processing queue with 5 links
[2025-08-25T15:15:29.086Z] Analyzing link: https://github.com
[2025-08-25T15:15:29.238Z] Analysis complete for https://github.com: good (200)
[2025-08-25T15:15:30.239Z] Analyzing link: https://stackoverflow.com
[2025-08-25T15:15:30.335Z] Analysis complete for https://stackoverflow.com: poor (403)
[2025-08-25T15:15:31.337Z] Analyzing link: https://medium.com
[2025-08-25T15:15:31.421Z] Analysis complete for https://medium.com: good (200)
[2025-08-25T15:15:32.422Z] Analyzing link: https://dev.to
[2025-08-25T15:15:32.475Z] Analysis complete for https://dev.to: poor (403)
[2025-08-25T15:15:33.476Z] Analyzing link: https://wikipedia.org
[2025-08-25T15:15:33.525Z] Analysis complete for https://wikipedia.org: poor (403)
[2025-08-25T15:15:34.526Z] Queue processing complete
[2025-08-25T15:15:34.527Z] Health Report: Score 90, Links 5, Issues 3
[2025-08-25T15:16:01.973Z] Stopping ML Link Intelligence...
[2025-08-25T15:17:39.628Z] Starting ML Link Intelligence worker
[2025-08-25T15:17:39.650Z] Added https://github.com to analysis queue
[2025-08-25T15:17:39.652Z] Added https://stackoverflow.com to analysis queue
[2025-08-25T15:17:39.652Z] Added https://medium.com to analysis queue
[2025-08-25T15:17:39.652Z] Added https://dev.to to analysis queue
[2025-08-25T15:17:39.674Z] Added https://wikipedia.org to analysis queue
[2025-08-25T15:17:39.676Z] Processing queue with 5 links
[2025-08-25T15:17:39.676Z] Analyzing link: https://github.com
[2025-08-25T15:17:39.849Z] Analysis complete for https://github.com: good (200)
[2025-08-25T15:17:40.849Z] Analyzing link: https://stackoverflow.com
[2025-08-25T15:17:40.905Z] Analysis complete for https://stackoverflow.com: poor (403)
[2025-08-25T15:17:41.905Z] Analyzing link: https://medium.com
[2025-08-25T15:17:42.016Z] Analysis complete for https://medium.com: good (200)
[2025-08-25T15:17:43.016Z] Analyzing link: https://dev.to
[2025-08-25T15:17:43.079Z] Analysis complete for https://dev.to: poor (403)
[2025-08-25T15:17:44.080Z] Analyzing link: https://wikipedia.org
[2025-08-25T15:17:44.146Z] Analysis complete for https://wikipedia.org: poor (403)
[2025-08-25T15:17:45.187Z] Queue processing complete
[2025-08-25T15:18:01.974Z] Stopping ML Link Intelligence...
[2025-08-25T15:19:50.349Z] Starting ML Link Intelligence worker
[2025-08-25T15:19:50.355Z] Added https://github.com to analysis queue
[2025-08-25T15:19:50.356Z] Added https://stackoverflow.com to analysis queue
[2025-08-25T15:19:50.356Z] Added https://medium.com to analysis queue
[2025-08-25T15:19:50.357Z] Added https://dev.to to analysis queue
[2025-08-25T15:19:50.357Z] Added https://wikipedia.org to analysis queue
[2025-08-25T15:19:50.358Z] Processing queue with 5 links
[2025-08-25T15:19:50.358Z] Analyzing link: https://github.com
[2025-08-25T15:19:51.081Z] Analysis complete for https://github.com: good (200)
[2025-08-25T15:19:52.082Z] Analyzing link: https://stackoverflow.com
[2025-08-25T15:19:52.180Z] Analysis complete for https://stackoverflow.com: poor (403)
[2025-08-25T15:19:53.183Z] Analyzing link: https://medium.com
[2025-08-25T15:19:53.333Z] Analysis complete for https://medium.com: good (200)
[2025-08-25T15:19:54.334Z] Analyzing link: https://dev.to
[2025-08-25T15:19:54.394Z] Analysis complete for https://dev.to: poor (403)
[2025-08-25T15:19:55.394Z] Analyzing link: https://wikipedia.org
[2025-08-25T15:19:55.456Z] Analysis complete for https://wikipedia.org: poor (403)
[2025-08-25T15:19:56.456Z] Queue processing complete
[2025-08-25T15:20:02.225Z] Stopping ML Link Intelligence...
[2025-08-25T15:22:01.577Z] Starting ML Link Intelligence worker
[2025-08-25T15:22:01.582Z] Added https://github.com to analysis queue
[2025-08-25T15:22:01.582Z] Added https://stackoverflow.com to analysis queue
[2025-08-25T15:22:01.582Z] Added https://medium.com to analysis queue
[2025-08-25T15:22:01.583Z] Added https://dev.to to analysis queue
[2025-08-25T15:22:01.583Z] Added https://wikipedia.org to analysis queue
[2025-08-25T15:22:01.583Z] Processing queue with 5 links
[2025-08-25T15:22:01.583Z] Analyzing link: https://github.com
[2025-08-25T15:22:01.764Z] Analysis complete for https://github.com: good (200)
[2025-08-25T15:22:02.233Z] Stopping ML Link Intelligence...
[2025-08-25T15:22:02.765Z] Analyzing link: https://stackoverflow.com
[2025-08-25T15:22:02.836Z] Analysis complete for https://stackoverflow.com: poor (403)
[2025-08-25T15:22:03.837Z] Analyzing link: https://medium.com
[2025-08-25T15:22:03.934Z] Analysis complete for https://medium.com: good (200)
[2025-08-25T15:22:04.939Z] Analyzing link: https://dev.to
[2025-08-25T15:22:05.025Z] Analysis complete for https://dev.to: poor (403)
[2025-08-25T15:22:06.026Z] Analyzing link: https://wikipedia.org
[2025-08-25T15:22:06.095Z] Analysis complete for https://wikipedia.org: poor (403)
[2025-08-25T15:22:07.097Z] Queue processing complete
[2025-08-25T15:24:02.059Z] Stopping ML Link Intelligence...
[2025-08-25T15:24:12.195Z] Starting ML Link Intelligence worker
[2025-08-25T15:24:12.200Z] Added https://github.com to analysis queue
[2025-08-25T15:24:12.200Z] Added https://stackoverflow.com to analysis queue
[2025-08-25T15:24:12.200Z] Added https://medium.com to analysis queue
[2025-08-25T15:24:12.201Z] Added https://dev.to to analysis queue
[2025-08-25T15:24:12.201Z] Added https://wikipedia.org to analysis queue
[2025-08-25T15:24:12.201Z] Processing queue with 5 links
[2025-08-25T15:24:12.202Z] Analyzing link: https://github.com
[2025-08-25T15:24:12.365Z] Analysis complete for https://github.com: good (200)
[2025-08-25T15:24:13.366Z] Analyzing link: https://stackoverflow.com
[2025-08-25T15:24:13.467Z] Analysis complete for https://stackoverflow.com: poor (403)
[2025-08-25T15:24:14.471Z] Analyzing link: https://medium.com
[2025-08-25T15:24:14.594Z] Analysis complete for https://medium.com: good (200)
[2025-08-25T15:24:15.606Z] Analyzing link: https://dev.to
[2025-08-25T15:24:15.687Z] Analysis complete for https://dev.to: poor (403)
[2025-08-25T15:24:16.688Z] Analyzing link: https://wikipedia.org
[2025-08-25T15:24:16.760Z] Analysis complete for https://wikipedia.org: poor (403)
[2025-08-25T15:24:17.762Z] Queue processing complete
[2025-08-25T15:28:34.237Z] Starting ML Link Intelligence worker
[2025-08-25T15:28:34.243Z] Added https://github.com to analysis queue
[2025-08-25T15:28:34.244Z] Added https://stackoverflow.com to analysis queue
[2025-08-25T15:28:34.244Z] Added https://medium.com to analysis queue
[2025-08-25T15:28:34.244Z] Added https://dev.to to analysis queue
[2025-08-25T15:28:34.244Z] Added https://wikipedia.org to analysis queue
[2025-08-25T15:28:34.245Z] Processing queue with 5 links
[2025-08-25T15:28:34.245Z] Analyzing link: https://github.com
[2025-08-25T15:28:34.461Z] Analysis complete for https://github.com: good (200)
[2025-08-25T15:28:35.461Z] Analyzing link: https://stackoverflow.com
[2025-08-25T15:28:35.528Z] Analysis complete for https://stackoverflow.com: poor (403)
[2025-08-25T15:28:36.528Z] Analyzing link: https://medium.com
[2025-08-25T15:28:36.620Z] Analysis complete for https://medium.com: good (200)
[2025-08-25T15:28:37.621Z] Analyzing link: https://dev.to
[2025-08-25T15:28:37.677Z] Analysis complete for https://dev.to: poor (403)
[2025-08-25T15:28:38.677Z] Analyzing link: https://wikipedia.org
[2025-08-25T15:28:38.728Z] Analysis complete for https://wikipedia.org: poor (403)
[2025-08-25T15:28:39.729Z] Queue processing complete
[2025-08-25T15:30:04.020Z] Stopping ML Link Intelligence...
[2025-08-25T15:30:45.396Z] Starting ML Link Intelligence worker
[2025-08-25T15:30:45.402Z] Added https://github.com to analysis queue
[2025-08-25T15:30:45.402Z] Added https://stackoverflow.com to analysis queue
[2025-08-25T15:30:45.403Z] Added https://medium.com to analysis queue
[2025-08-25T15:30:45.403Z] Added https://dev.to to analysis queue
[2025-08-25T15:30:45.403Z] Added https://wikipedia.org to analysis queue
[2025-08-25T15:30:45.404Z] Processing queue with 5 links
[2025-08-25T15:30:45.404Z] Analyzing link: https://github.com
[2025-08-25T15:30:45.648Z] Analysis complete for https://github.com: good (200)
[2025-08-25T15:30:46.656Z] Analyzing link: https://stackoverflow.com
[2025-08-25T15:30:46.873Z] Analysis complete for https://stackoverflow.com: poor (403)
[2025-08-25T15:30:47.874Z] Analyzing link: https://medium.com
[2025-08-25T15:30:47.986Z] Analysis complete for https://medium.com: good (200)
[2025-08-25T15:30:48.992Z] Analyzing link: https://dev.to
[2025-08-25T15:30:49.041Z] Analysis complete for https://dev.to: poor (403)
[2025-08-25T15:30:50.042Z] Analyzing link: https://wikipedia.org
[2025-08-25T15:30:50.112Z] Analysis complete for https://wikipedia.org: poor (403)
[2025-08-25T15:30:51.114Z] Queue processing complete
[2025-08-25T15:30:51.115Z] Health Report: Score 90, Links 5, Issues 3
[2025-08-26T03:31:37.120Z] Starting ML Link Intelligence worker
[2025-08-26T03:31:37.125Z] Added https://github.com to analysis queue
[2025-08-26T03:31:37.126Z] Added https://stackoverflow.com to analysis queue
[2025-08-26T03:31:37.126Z] Added https://medium.com to analysis queue
[2025-08-26T03:31:37.126Z] Added https://dev.to to analysis queue
[2025-08-26T03:31:37.127Z] Added https://wikipedia.org to analysis queue
[2025-08-26T03:31:37.127Z] Processing queue with 5 links
[2025-08-26T03:31:37.127Z] Analyzing link: https://github.com
[2025-08-26T03:31:37.373Z] Analysis complete for https://github.com: good (200)
[2025-08-26T03:31:38.374Z] Analyzing link: https://stackoverflow.com
[2025-08-26T03:31:38.458Z] Analysis complete for https://stackoverflow.com: poor (403)
[2025-08-26T03:31:39.459Z] Analyzing link: https://medium.com
[2025-08-26T03:31:39.553Z] Analysis complete for https://medium.com: good (200)
[2025-08-26T03:31:40.555Z] Analyzing link: https://dev.to
[2025-08-26T03:31:40.674Z] Analysis complete for https://dev.to: poor (403)
[2025-08-26T03:31:41.677Z] Analyzing link: https://wikipedia.org
[2025-08-26T03:31:41.913Z] Analysis complete for https://wikipedia.org: poor (403)
[2025-08-26T03:31:42.991Z] Queue processing complete
[2025-08-26T03:32:02.041Z] Stopping ML Link Intelligence...
[2025-08-26T03:33:48.076Z] Starting ML Link Intelligence worker
[2025-08-26T03:33:48.160Z] Added https://github.com to analysis queue
[2025-08-26T03:33:48.160Z] Added https://stackoverflow.com to analysis queue
[2025-08-26T03:33:48.160Z] Added https://medium.com to analysis queue
[2025-08-26T03:33:48.160Z] Added https://dev.to to analysis queue
[2025-08-26T03:33:48.160Z] Added https://wikipedia.org to analysis queue
[2025-08-26T03:33:48.161Z] Processing queue with 5 links
[2025-08-26T03:33:48.161Z] Analyzing link: https://github.com
[2025-08-26T03:33:48.442Z] Analysis complete for https://github.com: good (200)
[2025-08-26T03:33:49.458Z] Analyzing link: https://stackoverflow.com
[2025-08-26T03:33:49.548Z] Analysis complete for https://stackoverflow.com: poor (403)
[2025-08-26T03:33:50.550Z] Analyzing link: https://medium.com
[2025-08-26T03:33:50.650Z] Analysis complete for https://medium.com: good (200)
[2025-08-26T03:33:51.651Z] Analyzing link: https://dev.to
[2025-08-26T03:33:51.711Z] Analysis complete for https://dev.to: poor (403)
[2025-08-26T03:33:52.712Z] Analyzing link: https://wikipedia.org
[2025-08-26T03:33:52.855Z] Analysis complete for https://wikipedia.org: poor (403)
[2025-08-26T03:33:53.856Z] Queue processing complete
[2025-08-26T03:34:02.394Z] Stopping ML Link Intelligence...
[2025-08-26T03:35:58.947Z] Starting ML Link Intelligence worker
[2025-08-26T03:35:58.950Z] Added https://github.com to analysis queue
[2025-08-26T03:35:58.951Z] Added https://stackoverflow.com to analysis queue
[2025-08-26T03:35:58.951Z] Added https://medium.com to analysis queue
[2025-08-26T03:35:58.951Z] Added https://dev.to to analysis queue
[2025-08-26T03:35:58.952Z] Added https://wikipedia.org to analysis queue
[2025-08-26T03:35:58.952Z] Processing queue with 5 links
[2025-08-26T03:35:58.952Z] Analyzing link: https://github.com
[2025-08-26T03:35:59.100Z] Analysis complete for https://github.com: good (200)
[2025-08-26T03:36:00.101Z] Analyzing link: https://stackoverflow.com
[2025-08-26T03:36:00.162Z] Analysis complete for https://stackoverflow.com: poor (403)
[2025-08-26T03:36:01.162Z] Analyzing link: https://medium.com
[2025-08-26T03:36:01.259Z] Analysis complete for https://medium.com: good (200)
[2025-08-26T03:36:01.291Z] Stopping ML Link Intelligence...
[2025-08-26T03:36:02.260Z] Analyzing link: https://dev.to
[2025-08-26T03:36:02.327Z] Analysis complete for https://dev.to: poor (403)
[2025-08-26T03:36:03.327Z] Analyzing link: https://wikipedia.org
[2025-08-26T03:36:03.376Z] Analysis complete for https://wikipedia.org: poor (403)
[2025-08-26T03:36:04.377Z] Queue processing complete
[2025-08-26T03:38:03.412Z] Stopping ML Link Intelligence...
[2025-08-26T03:38:09.716Z] Starting ML Link Intelligence worker
[2025-08-26T03:38:09.722Z] Added https://github.com to analysis queue
[2025-08-26T03:38:09.722Z] Added https://stackoverflow.com to analysis queue
[2025-08-26T03:38:09.722Z] Added https://medium.com to analysis queue
[2025-08-26T03:38:09.722Z] Added https://dev.to to analysis queue
[2025-08-26T03:38:09.722Z] Added https://wikipedia.org to analysis queue
[2025-08-26T03:38:09.723Z] Processing queue with 5 links
[2025-08-26T03:38:09.723Z] Analyzing link: https://github.com
[2025-08-26T03:38:09.906Z] Analysis complete for https://github.com: good (200)
[2025-08-26T03:38:10.923Z] Analyzing link: https://stackoverflow.com
[2025-08-26T03:38:11.025Z] Analysis complete for https://stackoverflow.com: poor (403)
[2025-08-26T03:38:12.044Z] Analyzing link: https://medium.com
[2025-08-26T03:38:12.163Z] Analysis complete for https://medium.com: good (200)
[2025-08-26T03:38:13.172Z] Analyzing link: https://dev.to
[2025-08-26T03:38:13.290Z] Analysis complete for https://dev.to: poor (403)
[2025-08-26T03:38:14.293Z] Analyzing link: https://wikipedia.org
[2025-08-26T03:38:14.345Z] Analysis complete for https://wikipedia.org: poor (403)
[2025-08-26T03:38:15.352Z] Queue processing complete
[2025-08-26T03:40:02.312Z] Stopping ML Link Intelligence...
[2025-08-26T03:40:20.527Z] Starting ML Link Intelligence worker
[2025-08-26T03:40:20.533Z] Added https://github.com to analysis queue
[2025-08-26T03:40:20.533Z] Added https://stackoverflow.com to analysis queue
[2025-08-26T03:40:20.533Z] Added https://medium.com to analysis queue
[2025-08-26T03:40:20.534Z] Added https://dev.to to analysis queue
[2025-08-26T03:40:20.534Z] Added https://wikipedia.org to analysis queue
[2025-08-26T03:40:20.534Z] Processing queue with 5 links
[2025-08-26T03:40:20.535Z] Analyzing link: https://github.com
[2025-08-26T03:40:20.719Z] Analysis complete for https://github.com: good (200)
[2025-08-26T03:40:21.757Z] Analyzing link: https://stackoverflow.com
[2025-08-26T03:40:21.862Z] Analysis complete for https://stackoverflow.com: poor (403)
[2025-08-26T03:40:22.974Z] Analyzing link: https://medium.com
[2025-08-26T03:40:23.079Z] Analysis complete for https://medium.com: good (200)
[2025-08-26T03:40:24.082Z] Analyzing link: https://dev.to
[2025-08-26T03:40:24.240Z] Analysis complete for https://dev.to: poor (403)
[2025-08-26T03:40:25.241Z] Analyzing link: https://wikipedia.org
[2025-08-26T03:40:25.290Z] Analysis complete for https://wikipedia.org: poor (403)
[2025-08-26T03:40:26.362Z] Queue processing complete
[2025-08-26T03:40:26.367Z] Health Report: Score 90, Links 5, Issues 3
[2025-08-26T03:42:02.501Z] Stopping ML Link Intelligence...
[2025-08-26T03:42:31.771Z] Starting ML Link Intelligence worker
[2025-08-26T03:42:31.801Z] Added https://github.com to analysis queue
[2025-08-26T03:42:31.802Z] Added https://stackoverflow.com to analysis queue
[2025-08-26T03:42:31.802Z] Added https://medium.com to analysis queue
[2025-08-26T03:42:31.802Z] Added https://dev.to to analysis queue
[2025-08-26T03:42:31.802Z] Added https://wikipedia.org to analysis queue
[2025-08-26T03:42:31.803Z] Processing queue with 5 links
[2025-08-26T03:42:31.803Z] Analyzing link: https://github.com
[2025-08-26T03:42:32.091Z] Analysis complete for https://github.com: good (200)
[2025-08-26T03:42:33.092Z] Analyzing link: https://stackoverflow.com
[2025-08-26T03:42:33.173Z] Analysis complete for https://stackoverflow.com: poor (403)
[2025-08-26T03:42:34.180Z] Analyzing link: https://medium.com
[2025-08-26T03:42:34.276Z] Analysis complete for https://medium.com: good (200)
[2025-08-26T03:42:35.277Z] Analyzing link: https://dev.to
[2025-08-26T03:42:35.346Z] Analysis complete for https://dev.to: poor (403)
[2025-08-26T03:42:36.351Z] Analyzing link: https://wikipedia.org
[2025-08-26T03:42:36.424Z] Analysis complete for https://wikipedia.org: poor (403)
[2025-08-26T03:42:37.429Z] Queue processing complete
[2025-08-26T03:44:01.375Z] Stopping ML Link Intelligence...
[2025-08-26T03:48:55.683Z] Starting ML Link Intelligence worker
[2025-08-26T03:48:55.698Z] Added https://github.com to analysis queue
[2025-08-26T03:48:55.700Z] Added https://stackoverflow.com to analysis queue
[2025-08-26T03:48:55.702Z] Added https://medium.com to analysis queue
[2025-08-26T03:48:55.703Z] Added https://dev.to to analysis queue
[2025-08-26T03:48:55.704Z] Added https://wikipedia.org to analysis queue
[2025-08-26T03:48:55.705Z] Processing queue with 5 links
[2025-08-26T03:48:55.705Z] Analyzing link: https://github.com
[2025-08-26T03:48:56.144Z] Analysis complete for https://github.com: good (200)
[2025-08-26T03:48:57.148Z] Analyzing link: https://stackoverflow.com
[2025-08-26T03:48:57.242Z] Analysis complete for https://stackoverflow.com: poor (403)
[2025-08-26T03:48:58.244Z] Analyzing link: https://medium.com
[2025-08-26T03:48:58.356Z] Analysis complete for https://medium.com: good (200)
[2025-08-26T03:48:59.358Z] Analyzing link: https://dev.to
[2025-08-26T03:48:59.430Z] Analysis complete for https://dev.to: poor (403)
[2025-08-26T03:49:00.434Z] Analyzing link: https://wikipedia.org
[2025-08-26T03:49:00.498Z] Analysis complete for https://wikipedia.org: poor (403)
[2025-08-26T03:49:01.500Z] Queue processing complete
[2025-08-26T03:50:01.953Z] Stopping ML Link Intelligence...
[2025-08-26T03:51:06.700Z] Starting ML Link Intelligence worker
[2025-08-26T03:51:06.712Z] Added https://github.com to analysis queue
[2025-08-26T03:51:06.713Z] Added https://stackoverflow.com to analysis queue
[2025-08-26T03:51:06.713Z] Added https://medium.com to analysis queue
[2025-08-26T03:51:06.713Z] Added https://dev.to to analysis queue
[2025-08-26T03:51:06.713Z] Added https://wikipedia.org to analysis queue
[2025-08-26T03:51:06.714Z] Processing queue with 5 links
[2025-08-26T03:51:06.715Z] Analyzing link: https://github.com
[2025-08-26T03:51:07.007Z] Analysis complete for https://github.com: good (200)
[2025-08-26T03:51:08.009Z] Analyzing link: https://stackoverflow.com
[2025-08-26T03:51:08.065Z] Analysis complete for https://stackoverflow.com: poor (403)
[2025-08-26T03:51:09.065Z] Analyzing link: https://medium.com
[2025-08-26T03:51:09.154Z] Analysis complete for https://medium.com: good (200)
[2025-08-26T03:51:10.226Z] Analyzing link: https://dev.to
[2025-08-26T03:51:10.284Z] Analysis complete for https://dev.to: poor (403)
[2025-08-26T03:51:11.284Z] Analyzing link: https://wikipedia.org
[2025-08-26T03:51:11.349Z] Analysis complete for https://wikipedia.org: poor (403)
[2025-08-26T03:51:12.350Z] Queue processing complete
[2025-08-26T03:52:01.235Z] Stopping ML Link Intelligence...
[2025-08-26T03:53:17.468Z] Starting ML Link Intelligence worker
[2025-08-26T03:53:17.475Z] Added https://github.com to analysis queue
[2025-08-26T03:53:17.475Z] Added https://stackoverflow.com to analysis queue
[2025-08-26T03:53:17.476Z] Added https://medium.com to analysis queue
[2025-08-26T03:53:17.476Z] Added https://dev.to to analysis queue
[2025-08-26T03:53:17.476Z] Added https://wikipedia.org to analysis queue
[2025-08-26T03:53:17.477Z] Processing queue with 5 links
[2025-08-26T03:53:17.477Z] Analyzing link: https://github.com
[2025-08-26T03:53:17.647Z] Analysis complete for https://github.com: good (200)
[2025-08-26T03:53:18.649Z] Analyzing link: https://stackoverflow.com
[2025-08-26T03:53:18.705Z] Analysis complete for https://stackoverflow.com: poor (403)
[2025-08-26T03:53:19.705Z] Analyzing link: https://medium.com
[2025-08-26T03:53:19.794Z] Analysis complete for https://medium.com: good (200)
[2025-08-26T03:53:20.795Z] Analyzing link: https://dev.to
[2025-08-26T03:53:20.855Z] Analysis complete for https://dev.to: poor (403)
[2025-08-26T03:53:21.857Z] Analyzing link: https://wikipedia.org
[2025-08-26T03:53:21.906Z] Analysis complete for https://wikipedia.org: poor (403)
[2025-08-26T03:53:22.908Z] Queue processing complete
[2025-08-26T03:54:01.593Z] Stopping ML Link Intelligence...
[2025-08-26T03:55:28.132Z] Starting ML Link Intelligence worker
[2025-08-26T03:55:28.137Z] Added https://github.com to analysis queue
[2025-08-26T03:55:28.138Z] Added https://stackoverflow.com to analysis queue
[2025-08-26T03:55:28.138Z] Added https://medium.com to analysis queue
[2025-08-26T03:55:28.138Z] Added https://dev.to to analysis queue
[2025-08-26T03:55:28.138Z] Added https://wikipedia.org to analysis queue
[2025-08-26T03:55:28.139Z] Processing queue with 5 links
[2025-08-26T03:55:28.140Z] Analyzing link: https://github.com
[2025-08-26T03:55:28.616Z] Analysis complete for https://github.com: good (200)
[2025-08-26T03:55:29.617Z] Analyzing link: https://stackoverflow.com
[2025-08-26T03:55:29.694Z] Analysis complete for https://stackoverflow.com: poor (403)
[2025-08-26T03:55:30.695Z] Analyzing link: https://medium.com
[2025-08-26T03:55:30.778Z] Analysis complete for https://medium.com: good (200)
[2025-08-26T03:55:31.778Z] Analyzing link: https://dev.to
[2025-08-26T03:55:31.838Z] Analysis complete for https://dev.to: poor (403)
[2025-08-26T03:55:32.844Z] Analyzing link: https://wikipedia.org
[2025-08-26T03:55:32.947Z] Analysis complete for https://wikipedia.org: poor (403)
[2025-08-26T03:55:33.951Z] Queue processing complete
[2025-08-26T03:55:33.952Z] Health Report: Score 90, Links 5, Issues 3
[2025-08-26T03:56:02.226Z] Stopping ML Link Intelligence...
[2025-08-26T03:57:39.052Z] Starting ML Link Intelligence worker
[2025-08-26T03:57:39.056Z] Added https://github.com to analysis queue
[2025-08-26T03:57:39.056Z] Added https://stackoverflow.com to analysis queue
[2025-08-26T03:57:39.056Z] Added https://medium.com to analysis queue
[2025-08-26T03:57:39.056Z] Added https://dev.to to analysis queue
[2025-08-26T03:57:39.056Z] Added https://wikipedia.org to analysis queue
[2025-08-26T03:57:39.057Z] Processing queue with 5 links
[2025-08-26T03:57:39.057Z] Analyzing link: https://github.com
[2025-08-26T03:57:39.223Z] Analysis complete for https://github.com: good (200)
[2025-08-26T03:57:40.224Z] Analyzing link: https://stackoverflow.com
[2025-08-26T03:57:40.379Z] Analysis complete for https://stackoverflow.com: poor (403)
[2025-08-26T03:57:41.379Z] Analyzing link: https://medium.com
[2025-08-26T03:57:41.450Z] Analysis complete for https://medium.com: good (200)
[2025-08-26T03:57:42.450Z] Analyzing link: https://dev.to
[2025-08-26T03:57:42.506Z] Analysis complete for https://dev.to: poor (403)
[2025-08-26T03:57:43.507Z] Analyzing link: https://wikipedia.org
[2025-08-26T03:57:43.554Z] Analysis complete for https://wikipedia.org: poor (403)
[2025-08-26T03:57:44.554Z] Queue processing complete
[2025-08-26T03:58:01.041Z] Stopping ML Link Intelligence...
[2025-08-26T03:59:49.661Z] Starting ML Link Intelligence worker
[2025-08-26T03:59:49.665Z] Added https://github.com to analysis queue
[2025-08-26T03:59:49.665Z] Added https://stackoverflow.com to analysis queue
[2025-08-26T03:59:49.665Z] Added https://medium.com to analysis queue
[2025-08-26T03:59:49.666Z] Added https://dev.to to analysis queue
[2025-08-26T03:59:49.666Z] Added https://wikipedia.org to analysis queue
[2025-08-26T03:59:49.666Z] Processing queue with 5 links
[2025-08-26T03:59:49.667Z] Analyzing link: https://github.com
[2025-08-26T03:59:49.842Z] Analysis complete for https://github.com: good (200)
[2025-08-26T03:59:50.843Z] Analyzing link: https://stackoverflow.com
[2025-08-26T03:59:50.909Z] Analysis complete for https://stackoverflow.com: poor (403)
[2025-08-26T03:59:52.053Z] Analyzing link: https://medium.com
[2025-08-26T03:59:52.202Z] Analysis complete for https://medium.com: good (200)
[2025-08-26T03:59:53.204Z] Analyzing link: https://dev.to
[2025-08-26T03:59:53.257Z] Analysis complete for https://dev.to: poor (403)
[2025-08-26T03:59:54.258Z] Analyzing link: https://wikipedia.org
[2025-08-26T03:59:54.305Z] Analysis complete for https://wikipedia.org: poor (403)
[2025-08-26T03:59:55.306Z] Queue processing complete
[2025-08-26T04:00:02.098Z] Stopping ML Link Intelligence...
[2025-08-26T04:02:00.415Z] Starting ML Link Intelligence worker
[2025-08-26T04:02:00.419Z] Added https://github.com to analysis queue
[2025-08-26T04:02:00.420Z] Added https://stackoverflow.com to analysis queue
[2025-08-26T04:02:00.420Z] Added https://medium.com to analysis queue
[2025-08-26T04:02:00.420Z] Added https://dev.to to analysis queue
[2025-08-26T04:02:00.420Z] Added https://wikipedia.org to analysis queue
[2025-08-26T04:02:00.421Z] Processing queue with 5 links
[2025-08-26T04:02:00.421Z] Analyzing link: https://github.com
[2025-08-26T04:02:00.570Z] Analysis complete for https://github.com: good (200)
[2025-08-26T04:02:01.572Z] Analyzing link: https://stackoverflow.com
[2025-08-26T04:02:01.625Z] Analysis complete for https://stackoverflow.com: poor (403)
[2025-08-26T04:02:02.003Z] Stopping ML Link Intelligence...
[2025-08-26T04:02:02.627Z] Analyzing link: https://medium.com
[2025-08-26T04:02:02.711Z] Analysis complete for https://medium.com: good (200)
[2025-08-26T04:02:03.712Z] Analyzing link: https://dev.to
[2025-08-26T04:02:03.775Z] Analysis complete for https://dev.to: poor (403)
[2025-08-26T04:02:04.777Z] Analyzing link: https://wikipedia.org
[2025-08-26T04:02:04.842Z] Analysis complete for https://wikipedia.org: poor (403)
[2025-08-26T04:02:05.842Z] Queue processing complete
[2025-08-26T04:18:08.242Z] Starting ML Link Intelligence worker
[2025-08-26T04:18:08.253Z] Added https://github.com to analysis queue
[2025-08-26T04:18:08.254Z] Added https://stackoverflow.com to analysis queue
[2025-08-26T04:18:08.254Z] Added https://medium.com to analysis queue
[2025-08-26T04:18:08.255Z] Added https://dev.to to analysis queue
[2025-08-26T04:18:08.256Z] Added https://wikipedia.org to analysis queue
[2025-08-26T04:18:08.257Z] Processing queue with 5 links
[2025-08-26T04:18:08.257Z] Analyzing link: https://github.com
[2025-08-26T04:18:08.607Z] Analysis complete for https://github.com: good (200)
[2025-08-26T04:18:09.611Z] Analyzing link: https://stackoverflow.com
[2025-08-26T04:18:09.717Z] Analysis complete for https://stackoverflow.com: poor (403)
[2025-08-26T04:18:10.718Z] Analyzing link: https://medium.com
[2025-08-26T04:18:10.837Z] Analysis complete for https://medium.com: good (200)
[2025-08-26T04:18:11.839Z] Analyzing link: https://dev.to
[2025-08-26T04:18:11.915Z] Analysis complete for https://dev.to: poor (403)
[2025-08-26T04:18:12.916Z] Analyzing link: https://wikipedia.org
[2025-08-26T04:18:12.990Z] Analysis complete for https://wikipedia.org: poor (403)
[2025-08-26T04:18:13.992Z] Queue processing complete
[2025-08-26T04:20:13.996Z] Health Report: Score 90, Links 5, Issues 3
[2025-08-26T04:20:21.048Z] Stopping ML Link Intelligence...
[2025-08-26T04:35:32.477Z] Starting ML Link Intelligence worker
[2025-08-26T04:35:32.506Z] Added https://github.com to analysis queue
[2025-08-26T04:35:32.506Z] Added https://stackoverflow.com to analysis queue
[2025-08-26T04:35:32.506Z] Added https://medium.com to analysis queue
[2025-08-26T04:35:32.506Z] Added https://dev.to to analysis queue
[2025-08-26T04:35:32.507Z] Added https://wikipedia.org to analysis queue
[2025-08-26T04:35:32.507Z] Processing queue with 5 links
[2025-08-26T04:35:32.508Z] Analyzing link: https://github.com
[2025-08-26T04:35:32.761Z] Analysis complete for https://github.com: good (200)
[2025-08-26T04:35:33.762Z] Analyzing link: https://stackoverflow.com
[2025-08-26T04:35:33.817Z] Analysis complete for https://stackoverflow.com: poor (403)
[2025-08-26T04:35:34.818Z] Analyzing link: https://medium.com
[2025-08-26T04:35:34.905Z] Analysis complete for https://medium.com: good (200)
[2025-08-26T04:35:35.907Z] Analyzing link: https://dev.to
[2025-08-26T04:35:35.977Z] Analysis complete for https://dev.to: poor (403)
[2025-08-26T04:35:36.977Z] Analyzing link: https://wikipedia.org
[2025-08-26T04:35:37.064Z] Analysis complete for https://wikipedia.org: poor (403)
[2025-08-26T04:35:38.066Z] Queue processing complete
[2025-08-26T04:35:38.067Z] Health Report: Score 90, Links 5, Issues 3
[2025-08-26T04:36:03.923Z] Stopping ML Link Intelligence...
[2025-08-26T04:37:43.309Z] Starting ML Link Intelligence worker
[2025-08-26T04:37:43.321Z] Added https://github.com to analysis queue
[2025-08-26T04:37:43.322Z] Added https://stackoverflow.com to analysis queue
[2025-08-26T04:37:43.323Z] Added https://medium.com to analysis queue
[2025-08-26T04:37:43.323Z] Added https://dev.to to analysis queue
[2025-08-26T04:37:43.324Z] Added https://wikipedia.org to analysis queue
[2025-08-26T04:37:43.325Z] Processing queue with 5 links
[2025-08-26T04:37:43.326Z] Analyzing link: https://github.com
[2025-08-26T04:37:43.634Z] Analysis complete for https://github.com: good (200)
[2025-08-26T04:37:44.636Z] Analyzing link: https://stackoverflow.com
[2025-08-26T04:37:44.724Z] Analysis complete for https://stackoverflow.com: poor (403)
[2025-08-26T04:37:45.726Z] Analyzing link: https://medium.com
[2025-08-26T04:37:45.813Z] Analysis complete for https://medium.com: good (200)
[2025-08-26T04:37:46.813Z] Analyzing link: https://dev.to
[2025-08-26T04:37:46.886Z] Analysis complete for https://dev.to: poor (403)
[2025-08-26T04:37:47.889Z] Analyzing link: https://wikipedia.org
[2025-08-26T04:37:47.948Z] Analysis complete for https://wikipedia.org: poor (403)
[2025-08-26T04:37:48.949Z] Queue processing complete
[2025-08-26T04:38:03.629Z] Stopping ML Link Intelligence...
[2025-08-26T04:39:54.197Z] Starting ML Link Intelligence worker
[2025-08-26T04:39:54.210Z] Added https://github.com to analysis queue
[2025-08-26T04:39:54.210Z] Added https://stackoverflow.com to analysis queue
[2025-08-26T04:39:54.211Z] Added https://medium.com to analysis queue
[2025-08-26T04:39:54.211Z] Added https://dev.to to analysis queue
[2025-08-26T04:39:54.212Z] Added https://wikipedia.org to analysis queue
[2025-08-26T04:39:54.213Z] Processing queue with 5 links
[2025-08-26T04:39:54.213Z] Analyzing link: https://github.com
[2025-08-26T04:39:54.521Z] Analysis complete for https://github.com: good (200)
[2025-08-26T04:39:55.523Z] Analyzing link: https://stackoverflow.com
[2025-08-26T04:39:55.593Z] Analysis complete for https://stackoverflow.com: poor (403)
[2025-08-26T04:39:56.594Z] Analyzing link: https://medium.com
[2025-08-26T04:39:56.701Z] Analysis complete for https://medium.com: good (200)
[2025-08-26T04:39:57.701Z] Analyzing link: https://dev.to
[2025-08-26T04:39:57.765Z] Analysis complete for https://dev.to: poor (403)
[2025-08-26T04:39:58.767Z] Analyzing link: https://wikipedia.org
[2025-08-26T04:39:58.836Z] Analysis complete for https://wikipedia.org: poor (403)
[2025-08-26T04:39:59.838Z] Queue processing complete
[2025-08-26T04:40:03.700Z] Stopping ML Link Intelligence...
[2025-08-26T04:57:05.484Z] Starting ML Link Intelligence worker
[2025-08-26T04:57:05.487Z] Added https://github.com to analysis queue
[2025-08-26T04:57:05.487Z] Added https://stackoverflow.com to analysis queue
[2025-08-26T04:57:05.488Z] Added https://medium.com to analysis queue
[2025-08-26T04:57:05.488Z] Added https://dev.to to analysis queue
[2025-08-26T04:57:05.488Z] Added https://wikipedia.org to analysis queue
[2025-08-26T04:57:05.488Z] Processing queue with 5 links
[2025-08-26T04:57:05.488Z] Analyzing link: https://github.com
[2025-08-26T04:57:05.640Z] Analysis complete for https://github.com: good (200)
[2025-08-26T04:57:06.643Z] Analyzing link: https://stackoverflow.com
[2025-08-26T04:57:06.728Z] Analysis complete for https://stackoverflow.com: poor (403)
[2025-08-26T04:57:07.729Z] Analyzing link: https://medium.com
[2025-08-26T04:57:07.840Z] Analysis complete for https://medium.com: good (200)
[2025-08-26T04:57:08.843Z] Analyzing link: https://dev.to
[2025-08-26T04:57:08.921Z] Analysis complete for https://dev.to: poor (403)
[2025-08-26T04:57:09.924Z] Analyzing link: https://wikipedia.org
[2025-08-26T04:57:09.996Z] Analysis complete for https://wikipedia.org: poor (403)
[2025-08-26T04:57:10.997Z] Queue processing complete
[2025-08-26T05:14:03.186Z] Stopping ML Link Intelligence...
[2025-08-26T05:16:08.445Z] Starting ML Link Intelligence worker
[2025-08-26T05:16:08.457Z] Added https://github.com to analysis queue
[2025-08-26T05:16:08.457Z] Added https://stackoverflow.com to analysis queue
[2025-08-26T05:16:08.458Z] Added https://medium.com to analysis queue
[2025-08-26T05:16:08.459Z] Added https://dev.to to analysis queue
[2025-08-26T05:16:08.459Z] Added https://wikipedia.org to analysis queue
[2025-08-26T05:16:08.461Z] Processing queue with 5 links
[2025-08-26T05:16:08.463Z] Analyzing link: https://github.com
[2025-08-26T05:16:08.823Z] Analysis complete for https://github.com: good (200)
[2025-08-26T05:16:09.827Z] Analyzing link: https://stackoverflow.com
[2025-08-26T05:16:09.904Z] Analysis complete for https://stackoverflow.com: poor (403)
[2025-08-26T05:16:10.908Z] Analyzing link: https://medium.com
[2025-08-26T05:16:11.003Z] Analysis complete for https://medium.com: good (200)
[2025-08-26T05:16:12.006Z] Analyzing link: https://dev.to
[2025-08-26T05:16:12.073Z] Analysis complete for https://dev.to: poor (403)
[2025-08-26T05:16:13.076Z] Analyzing link: https://wikipedia.org
[2025-08-26T05:16:13.153Z] Analysis complete for https://wikipedia.org: poor (403)
[2025-08-26T05:16:14.154Z] Queue processing complete
[2025-08-26T05:18:02.809Z] Stopping ML Link Intelligence...
[2025-08-26T05:18:19.402Z] Starting ML Link Intelligence worker
[2025-08-26T05:18:19.414Z] Added https://github.com to analysis queue
[2025-08-26T05:18:19.415Z] Added https://stackoverflow.com to analysis queue
[2025-08-26T05:18:19.415Z] Added https://medium.com to analysis queue
[2025-08-26T05:18:19.416Z] Added https://dev.to to analysis queue
[2025-08-26T05:18:19.416Z] Added https://wikipedia.org to analysis queue
[2025-08-26T05:18:19.417Z] Processing queue with 5 links
[2025-08-26T05:18:19.418Z] Analyzing link: https://github.com
[2025-08-26T05:18:19.728Z] Analysis complete for https://github.com: good (200)
[2025-08-26T05:18:20.731Z] Analyzing link: https://stackoverflow.com
[2025-08-26T05:18:20.807Z] Analysis complete for https://stackoverflow.com: poor (403)
[2025-08-26T05:18:21.809Z] Analyzing link: https://medium.com
[2025-08-26T05:18:21.915Z] Analysis complete for https://medium.com: good (200)
[2025-08-26T05:18:22.917Z] Analyzing link: https://dev.to
[2025-08-26T05:18:22.994Z] Analysis complete for https://dev.to: poor (403)
[2025-08-26T05:18:23.997Z] Analyzing link: https://wikipedia.org
[2025-08-26T05:18:24.060Z] Analysis complete for https://wikipedia.org: poor (403)
[2025-08-26T05:18:25.063Z] Queue processing complete
[2025-08-26T05:20:03.428Z] Stopping ML Link Intelligence...
[2025-08-26T05:20:30.320Z] Starting ML Link Intelligence worker
[2025-08-26T05:20:30.332Z] Added https://github.com to analysis queue
[2025-08-26T05:20:30.333Z] Added https://stackoverflow.com to analysis queue
[2025-08-26T05:20:30.333Z] Added https://medium.com to analysis queue
[2025-08-26T05:20:30.334Z] Added https://dev.to to analysis queue
[2025-08-26T05:20:30.334Z] Added https://wikipedia.org to analysis queue
[2025-08-26T05:20:30.335Z] Processing queue with 5 links
[2025-08-26T05:20:30.336Z] Analyzing link: https://github.com
[2025-08-26T05:20:30.647Z] Analysis complete for https://github.com: good (200)
[2025-08-26T05:20:31.651Z] Analyzing link: https://stackoverflow.com
[2025-08-26T05:20:31.726Z] Analysis complete for https://stackoverflow.com: poor (403)
[2025-08-26T05:20:32.727Z] Analyzing link: https://medium.com
[2025-08-26T05:20:32.818Z] Analysis complete for https://medium.com: good (200)
[2025-08-26T05:20:33.820Z] Analyzing link: https://dev.to
[2025-08-26T05:20:33.887Z] Analysis complete for https://dev.to: poor (403)
[2025-08-26T05:20:34.889Z] Analyzing link: https://wikipedia.org
[2025-08-26T05:20:34.962Z] Analysis complete for https://wikipedia.org: poor (403)
[2025-08-26T05:20:35.965Z] Queue processing complete
[2025-08-26T05:20:35.966Z] Health Report: Score 90, Links 5, Issues 3
[2025-08-26T05:22:02.869Z] Stopping ML Link Intelligence...
[2025-08-26T05:22:41.223Z] Starting ML Link Intelligence worker
[2025-08-26T05:22:41.235Z] Added https://github.com to analysis queue
[2025-08-26T05:22:41.236Z] Added https://stackoverflow.com to analysis queue
[2025-08-26T05:22:41.237Z] Added https://medium.com to analysis queue
[2025-08-26T05:22:41.237Z] Added https://dev.to to analysis queue
[2025-08-26T05:22:41.238Z] Added https://wikipedia.org to analysis queue
[2025-08-26T05:22:41.239Z] Processing queue with 5 links
[2025-08-26T05:22:41.240Z] Analyzing link: https://github.com
[2025-08-26T05:22:41.549Z] Analysis complete for https://github.com: good (200)
[2025-08-26T05:22:42.552Z] Analyzing link: https://stackoverflow.com
[2025-08-26T05:22:42.625Z] Analysis complete for https://stackoverflow.com: poor (403)
[2025-08-26T05:22:43.628Z] Analyzing link: https://medium.com
[2025-08-26T05:22:43.747Z] Analysis complete for https://medium.com: good (200)
[2025-08-26T05:22:44.749Z] Analyzing link: https://dev.to
[2025-08-26T05:22:44.814Z] Analysis complete for https://dev.to: poor (403)
[2025-08-26T05:22:45.816Z] Analyzing link: https://wikipedia.org
[2025-08-26T05:22:45.878Z] Analysis complete for https://wikipedia.org: poor (403)
[2025-08-26T05:22:46.881Z] Queue processing complete
[2025-08-26T06:03:07.087Z] Stopping ML Link Intelligence...
[2025-08-26T06:04:02.832Z] Stopping ML Link Intelligence...
[2025-08-26T06:21:39.171Z] Starting ML Link Intelligence worker
[2025-08-26T06:21:39.182Z] Added https://github.com to analysis queue
[2025-08-26T06:21:39.183Z] Added https://stackoverflow.com to analysis queue
[2025-08-26T06:21:39.183Z] Added https://medium.com to analysis queue
[2025-08-26T06:21:39.184Z] Added https://dev.to to analysis queue
[2025-08-26T06:21:39.185Z] Added https://wikipedia.org to analysis queue
[2025-08-26T06:21:39.186Z] Processing queue with 5 links
[2025-08-26T06:21:39.187Z] Analyzing link: https://github.com
[2025-08-26T06:21:39.505Z] Analysis complete for https://github.com: good (200)
[2025-08-26T06:21:40.508Z] Analyzing link: https://stackoverflow.com
[2025-08-26T06:21:40.597Z] Analysis complete for https://stackoverflow.com: poor (403)
[2025-08-26T06:21:41.597Z] Analyzing link: https://medium.com
[2025-08-26T06:21:41.700Z] Analysis complete for https://medium.com: good (200)
[2025-08-26T06:21:42.703Z] Analyzing link: https://dev.to
[2025-08-26T06:21:42.793Z] Analysis complete for https://dev.to: poor (403)
[2025-08-26T06:21:43.796Z] Analyzing link: https://wikipedia.org
[2025-08-26T06:21:43.872Z] Analysis complete for https://wikipedia.org: poor (403)
[2025-08-26T06:21:44.873Z] Queue processing complete
[2025-08-26T06:54:35.409Z] Stopping ML Link Intelligence...
[2025-08-26T07:04:19.627Z] Starting ML Link Intelligence worker
[2025-08-26T07:04:19.674Z] Added https://github.com to analysis queue
[2025-08-26T07:04:19.675Z] Added https://stackoverflow.com to analysis queue
[2025-08-26T07:04:19.675Z] Added https://medium.com to analysis queue
[2025-08-26T07:04:19.676Z] Added https://dev.to to analysis queue
[2025-08-26T07:04:19.677Z] Added https://wikipedia.org to analysis queue
[2025-08-26T07:04:19.678Z] Processing queue with 5 links
[2025-08-26T07:04:19.678Z] Analyzing link: https://github.com
[2025-08-26T07:04:20.942Z] Analysis complete for https://github.com: good (200)
[2025-08-26T07:04:21.973Z] Analyzing link: https://stackoverflow.com
[2025-08-26T07:04:22.075Z] Analysis complete for https://stackoverflow.com: poor (403)
[2025-08-26T07:04:23.076Z] Analyzing link: https://medium.com
[2025-08-26T07:04:23.179Z] Analysis complete for https://medium.com: good (200)
[2025-08-26T07:04:24.180Z] Analyzing link: https://dev.to
[2025-08-26T07:04:24.538Z] Analysis complete for https://dev.to: poor (403)
[2025-08-26T07:04:25.541Z] Analyzing link: https://wikipedia.org
[2025-08-26T07:04:25.828Z] Analysis complete for https://wikipedia.org: poor (403)
[2025-08-26T07:04:26.830Z] Queue processing complete
[2025-08-26T07:38:02.761Z] Stopping ML Link Intelligence...
[2025-08-26T08:03:34.727Z] Starting ML Link Intelligence worker
[2025-08-26T08:03:34.802Z] Added https://github.com to analysis queue
[2025-08-26T08:03:34.803Z] Added https://stackoverflow.com to analysis queue
[2025-08-26T08:03:34.804Z] Added https://medium.com to analysis queue
[2025-08-26T08:03:34.805Z] Added https://dev.to to analysis queue
[2025-08-26T08:03:34.806Z] Added https://wikipedia.org to analysis queue
[2025-08-26T08:03:34.807Z] Processing queue with 5 links
[2025-08-26T08:03:34.808Z] Analyzing link: https://github.com
[2025-08-26T08:03:36.209Z] Analysis complete for https://github.com: good (200)
[2025-08-26T08:03:37.228Z] Analyzing link: https://stackoverflow.com
[2025-08-26T08:03:37.320Z] Analysis complete for https://stackoverflow.com: poor (403)
[2025-08-26T08:03:38.321Z] Analyzing link: https://medium.com
[2025-08-26T08:03:38.433Z] Analysis complete for https://medium.com: good (200)
[2025-08-26T08:03:39.436Z] Analyzing link: https://dev.to
[2025-08-26T08:03:39.514Z] Analysis complete for https://dev.to: poor (403)
[2025-08-26T08:03:40.516Z] Analyzing link: https://wikipedia.org
[2025-08-26T08:03:40.588Z] Analysis complete for https://wikipedia.org: poor (403)
[2025-08-26T08:03:41.590Z] Queue processing complete
[2025-08-26T08:04:03.642Z] Stopping ML Link Intelligence...
[2025-08-26T08:22:08.392Z] Starting ML Link Intelligence worker
[2025-08-26T08:22:08.407Z] Added https://github.com to analysis queue
[2025-08-26T08:22:08.407Z] Added https://stackoverflow.com to analysis queue
[2025-08-26T08:22:08.408Z] Added https://medium.com to analysis queue
[2025-08-26T08:22:08.409Z] Added https://dev.to to analysis queue
[2025-08-26T08:22:08.410Z] Added https://wikipedia.org to analysis queue
[2025-08-26T08:22:08.411Z] Processing queue with 5 links
[2025-08-26T08:22:08.412Z] Analyzing link: https://github.com
[2025-08-26T08:22:08.828Z] Analysis complete for https://github.com: good (200)
[2025-08-26T08:22:09.830Z] Analyzing link: https://stackoverflow.com
[2025-08-26T08:22:09.906Z] Analysis complete for https://stackoverflow.com: poor (403)
[2025-08-26T08:22:10.912Z] Analyzing link: https://medium.com
[2025-08-26T08:22:11.032Z] Analysis complete for https://medium.com: good (200)
[2025-08-26T08:22:12.033Z] Analyzing link: https://dev.to
[2025-08-26T08:22:12.097Z] Analysis complete for https://dev.to: poor (403)
[2025-08-26T08:22:13.098Z] Analyzing link: https://wikipedia.org
[2025-08-26T08:22:13.182Z] Analysis complete for https://wikipedia.org: poor (403)
[2025-08-26T08:22:14.201Z] Queue processing complete
[2025-08-26T09:05:21.289Z] Health Report: Score 90, Links 5, Issues 3
[2025-08-26T09:22:03.196Z] Stopping ML Link Intelligence...
[2025-08-26T09:34:05.956Z] Starting ML Link Intelligence worker
[2025-08-26T09:34:05.960Z] Added https://github.com to analysis queue
[2025-08-26T09:34:05.961Z] Added https://stackoverflow.com to analysis queue
[2025-08-26T09:34:05.961Z] Added https://medium.com to analysis queue
[2025-08-26T09:34:05.961Z] Added https://dev.to to analysis queue
[2025-08-26T09:34:05.961Z] Added https://wikipedia.org to analysis queue
[2025-08-26T09:34:05.961Z] Processing queue with 5 links
[2025-08-26T09:34:05.962Z] Analyzing link: https://github.com
[2025-08-26T09:34:06.129Z] Analysis complete for https://github.com: good (200)
[2025-08-26T09:34:07.129Z] Analyzing link: https://stackoverflow.com
[2025-08-26T09:34:07.217Z] Analysis complete for https://stackoverflow.com: poor (403)
[2025-08-26T09:34:08.218Z] Analyzing link: https://medium.com
[2025-08-26T09:34:08.306Z] Analysis complete for https://medium.com: good (200)
[2025-08-26T09:34:09.307Z] Analyzing link: https://dev.to
[2025-08-26T09:34:09.375Z] Analysis complete for https://dev.to: poor (403)
[2025-08-26T09:34:10.377Z] Analyzing link: https://wikipedia.org
[2025-08-26T09:34:10.434Z] Analysis complete for https://wikipedia.org: poor (403)
[2025-08-26T09:34:11.434Z] Queue processing complete
[2025-08-26T09:36:01.268Z] Stopping ML Link Intelligence...
[2025-08-26T09:36:16.506Z] Starting ML Link Intelligence worker
[2025-08-26T09:36:16.510Z] Added https://github.com to analysis queue
[2025-08-26T09:36:16.510Z] Added https://stackoverflow.com to analysis queue
[2025-08-26T09:36:16.511Z] Added https://medium.com to analysis queue
[2025-08-26T09:36:16.511Z] Added https://dev.to to analysis queue
[2025-08-26T09:36:16.511Z] Added https://wikipedia.org to analysis queue
[2025-08-26T09:36:16.511Z] Processing queue with 5 links
[2025-08-26T09:36:16.512Z] Analyzing link: https://github.com
[2025-08-26T09:36:16.659Z] Analysis complete for https://github.com: good (200)
[2025-08-26T09:36:17.659Z] Analyzing link: https://stackoverflow.com
[2025-08-26T09:36:17.724Z] Analysis complete for https://stackoverflow.com: poor (403)
[2025-08-26T09:36:18.725Z] Analyzing link: https://medium.com
[2025-08-26T09:36:18.803Z] Analysis complete for https://medium.com: good (200)
[2025-08-26T09:36:19.805Z] Analyzing link: https://dev.to
[2025-08-26T09:36:19.862Z] Analysis complete for https://dev.to: poor (403)
[2025-08-26T09:36:20.863Z] Analyzing link: https://wikipedia.org
[2025-08-26T09:36:20.915Z] Analysis complete for https://wikipedia.org: poor (403)
[2025-08-26T09:36:21.916Z] Queue processing complete
[2025-08-26T09:38:01.713Z] Stopping ML Link Intelligence...
[2025-08-26T09:38:27.161Z] Starting ML Link Intelligence worker
[2025-08-26T09:38:27.166Z] Added https://github.com to analysis queue
[2025-08-26T09:38:27.166Z] Added https://stackoverflow.com to analysis queue
[2025-08-26T09:38:27.167Z] Added https://medium.com to analysis queue
[2025-08-26T09:38:27.167Z] Added https://dev.to to analysis queue
[2025-08-26T09:38:27.167Z] Added https://wikipedia.org to analysis queue
[2025-08-26T09:38:27.168Z] Processing queue with 5 links
[2025-08-26T09:38:27.168Z] Analyzing link: https://github.com
[2025-08-26T09:38:27.337Z] Analysis complete for https://github.com: good (200)
[2025-08-26T09:38:28.340Z] Analyzing link: https://stackoverflow.com
[2025-08-26T09:38:28.405Z] Analysis complete for https://stackoverflow.com: poor (403)
[2025-08-26T09:38:29.406Z] Analyzing link: https://medium.com
[2025-08-26T09:38:29.511Z] Analysis complete for https://medium.com: good (200)
[2025-08-26T09:38:30.512Z] Analyzing link: https://dev.to
[2025-08-26T09:38:30.572Z] Analysis complete for https://dev.to: poor (403)
[2025-08-26T09:38:31.573Z] Analyzing link: https://wikipedia.org
[2025-08-26T09:38:31.620Z] Analysis complete for https://wikipedia.org: poor (403)
[2025-08-26T09:38:32.623Z] Queue processing complete
[2025-08-26T09:41:20.616Z] Stopping ML Link Intelligence...
[2025-08-26T09:42:01.451Z] Stopping ML Link Intelligence...
[2025-08-26T09:43:16.782Z] Starting ML Link Intelligence worker
[2025-08-26T09:43:16.786Z] Added https://github.com to analysis queue
[2025-08-26T09:43:16.786Z] Added https://stackoverflow.com to analysis queue
[2025-08-26T09:43:16.786Z] Added https://medium.com to analysis queue
[2025-08-26T09:43:16.787Z] Added https://dev.to to analysis queue
[2025-08-26T09:43:16.787Z] Added https://wikipedia.org to analysis queue
[2025-08-26T09:43:16.787Z] Processing queue with 5 links
[2025-08-26T09:43:16.787Z] Analyzing link: https://github.com
[2025-08-26T09:43:16.945Z] Analysis complete for https://github.com: good (200)
[2025-08-26T09:43:17.947Z] Analyzing link: https://stackoverflow.com
[2025-08-26T09:43:18.020Z] Analysis complete for https://stackoverflow.com: poor (403)
[2025-08-26T09:43:19.021Z] Analyzing link: https://medium.com
[2025-08-26T09:43:19.116Z] Analysis complete for https://medium.com: good (200)
[2025-08-26T09:43:20.117Z] Analyzing link: https://dev.to
[2025-08-26T09:43:20.181Z] Analysis complete for https://dev.to: poor (403)
[2025-08-26T09:43:21.182Z] Analyzing link: https://wikipedia.org
[2025-08-26T09:43:21.248Z] Analysis complete for https://wikipedia.org: poor (403)
[2025-08-26T09:43:22.249Z] Queue processing complete
[2025-08-26T09:44:01.779Z] Stopping ML Link Intelligence...
[2025-08-26T09:45:27.334Z] Starting ML Link Intelligence worker
[2025-08-26T09:45:27.339Z] Added https://github.com to analysis queue
[2025-08-26T09:45:27.339Z] Added https://stackoverflow.com to analysis queue
[2025-08-26T09:45:27.339Z] Added https://medium.com to analysis queue
[2025-08-26T09:45:27.339Z] Added https://dev.to to analysis queue
[2025-08-26T09:45:27.339Z] Added https://wikipedia.org to analysis queue
[2025-08-26T09:45:27.340Z] Processing queue with 5 links
[2025-08-26T09:45:27.340Z] Analyzing link: https://github.com
[2025-08-26T09:45:27.531Z] Analysis complete for https://github.com: good (200)
[2025-08-26T09:45:28.531Z] Analyzing link: https://stackoverflow.com
[2025-08-26T09:45:28.592Z] Analysis complete for https://stackoverflow.com: poor (403)
[2025-08-26T09:45:29.592Z] Analyzing link: https://medium.com
[2025-08-26T09:45:29.669Z] Analysis complete for https://medium.com: good (200)
[2025-08-26T09:45:30.670Z] Analyzing link: https://dev.to
[2025-08-26T09:45:30.730Z] Analysis complete for https://dev.to: poor (403)
[2025-08-26T09:45:31.730Z] Analyzing link: https://wikipedia.org
[2025-08-26T09:45:31.788Z] Analysis complete for https://wikipedia.org: poor (403)
[2025-08-26T09:45:32.789Z] Queue processing complete
[2025-08-26T09:45:32.789Z] Health Report: Score 90, Links 5, Issues 3
[2025-08-26T10:00:09.169Z] Starting ML Link Intelligence worker
[2025-08-26T10:00:09.174Z] Added https://github.com to analysis queue
[2025-08-26T10:00:09.175Z] Added https://stackoverflow.com to analysis queue
[2025-08-26T10:00:09.175Z] Added https://medium.com to analysis queue
[2025-08-26T10:00:09.175Z] Added https://dev.to to analysis queue
[2025-08-26T10:00:09.175Z] Added https://wikipedia.org to analysis queue
[2025-08-26T10:00:09.176Z] Processing queue with 5 links
[2025-08-26T10:00:09.176Z] Analyzing link: https://github.com
[2025-08-26T10:00:09.338Z] Analysis complete for https://github.com: good (200)
[2025-08-26T10:00:10.339Z] Analyzing link: https://stackoverflow.com
[2025-08-26T10:00:10.399Z] Analysis complete for https://stackoverflow.com: poor (403)
[2025-08-26T10:00:11.401Z] Analyzing link: https://medium.com
[2025-08-26T10:00:11.613Z] Analysis complete for https://medium.com: good (200)
[2025-08-26T10:00:12.614Z] Analyzing link: https://dev.to
[2025-08-26T10:00:12.919Z] Analysis complete for https://dev.to: poor (403)
[2025-08-26T10:00:13.920Z] Analyzing link: https://wikipedia.org
[2025-08-26T10:00:14.165Z] Analysis complete for https://wikipedia.org: poor (403)
[2025-08-26T10:00:15.165Z] Queue processing complete
[2025-08-26T10:00:15.166Z] Health Report: Score 90, Links 5, Issues 3
[2025-08-26T10:02:01.280Z] Stopping ML Link Intelligence...
[2025-08-26T10:02:20.255Z] Starting ML Link Intelligence worker
[2025-08-26T10:02:20.258Z] Added https://github.com to analysis queue
[2025-08-26T10:02:20.258Z] Added https://stackoverflow.com to analysis queue
[2025-08-26T10:02:20.259Z] Added https://medium.com to analysis queue
[2025-08-26T10:02:20.259Z] Added https://dev.to to analysis queue
[2025-08-26T10:02:20.259Z] Added https://wikipedia.org to analysis queue
[2025-08-26T10:02:20.259Z] Processing queue with 5 links
[2025-08-26T10:02:20.259Z] Analyzing link: https://github.com
[2025-08-26T10:02:20.389Z] Analysis complete for https://github.com: good (200)
[2025-08-26T10:02:21.389Z] Analyzing link: https://stackoverflow.com
[2025-08-26T10:02:21.439Z] Analysis complete for https://stackoverflow.com: poor (403)
[2025-08-26T10:02:22.440Z] Analyzing link: https://medium.com
[2025-08-26T10:02:22.524Z] Analysis complete for https://medium.com: good (200)
[2025-08-26T10:02:23.525Z] Analyzing link: https://dev.to
[2025-08-26T10:02:23.577Z] Analysis complete for https://dev.to: poor (403)
[2025-08-26T10:02:24.578Z] Analyzing link: https://wikipedia.org
[2025-08-26T10:02:24.627Z] Analysis complete for https://wikipedia.org: poor (403)
[2025-08-26T10:02:25.628Z] Queue processing complete
[2025-08-26T10:04:02.817Z] Stopping ML Link Intelligence...
[2025-08-26T10:04:30.725Z] Starting ML Link Intelligence worker
[2025-08-26T10:04:30.730Z] Added https://github.com to analysis queue
[2025-08-26T10:04:30.731Z] Added https://stackoverflow.com to analysis queue
[2025-08-26T10:04:30.731Z] Added https://medium.com to analysis queue
[2025-08-26T10:04:30.731Z] Added https://dev.to to analysis queue
[2025-08-26T10:04:30.731Z] Added https://wikipedia.org to analysis queue
[2025-08-26T10:04:30.732Z] Processing queue with 5 links
[2025-08-26T10:04:30.732Z] Analyzing link: https://github.com
[2025-08-26T10:04:30.920Z] Analysis complete for https://github.com: good (200)
[2025-08-26T10:04:31.920Z] Analyzing link: https://stackoverflow.com
[2025-08-26T10:04:31.987Z] Analysis complete for https://stackoverflow.com: poor (403)
[2025-08-26T10:04:32.987Z] Analyzing link: https://medium.com
[2025-08-26T10:04:33.066Z] Analysis complete for https://medium.com: good (200)
[2025-08-26T10:04:34.067Z] Analyzing link: https://dev.to
[2025-08-26T10:04:34.121Z] Analysis complete for https://dev.to: poor (403)
[2025-08-26T10:04:35.123Z] Analyzing link: https://wikipedia.org
[2025-08-26T10:04:35.175Z] Analysis complete for https://wikipedia.org: poor (403)
[2025-08-26T10:04:36.176Z] Queue processing complete
[2025-08-26T10:06:01.973Z] Stopping ML Link Intelligence...
[2025-08-26T10:06:41.256Z] Starting ML Link Intelligence worker
[2025-08-26T10:06:41.260Z] Added https://github.com to analysis queue
[2025-08-26T10:06:41.260Z] Added https://stackoverflow.com to analysis queue
[2025-08-26T10:06:41.260Z] Added https://medium.com to analysis queue
[2025-08-26T10:06:41.260Z] Added https://dev.to to analysis queue
[2025-08-26T10:06:41.261Z] Added https://wikipedia.org to analysis queue
[2025-08-26T10:06:41.261Z] Processing queue with 5 links
[2025-08-26T10:06:41.261Z] Analyzing link: https://github.com
[2025-08-26T10:06:41.428Z] Analysis complete for https://github.com: good (200)
[2025-08-26T10:06:42.429Z] Analyzing link: https://stackoverflow.com
[2025-08-26T10:06:42.490Z] Analysis complete for https://stackoverflow.com: poor (403)
[2025-08-26T10:06:43.491Z] Analyzing link: https://medium.com
[2025-08-26T10:06:43.582Z] Analysis complete for https://medium.com: good (200)
[2025-08-26T10:06:44.583Z] Analyzing link: https://dev.to
[2025-08-26T10:06:44.643Z] Analysis complete for https://dev.to: poor (403)
[2025-08-26T10:06:45.644Z] Analyzing link: https://wikipedia.org
[2025-08-26T10:06:45.709Z] Analysis complete for https://wikipedia.org: poor (403)
[2025-08-26T10:06:46.709Z] Queue processing complete
[2025-08-26T10:08:01.935Z] Stopping ML Link Intelligence...
[2025-08-26T10:16:32.800Z] Starting ML Link Intelligence worker
[2025-08-26T10:16:32.808Z] Added https://github.com to analysis queue
[2025-08-26T10:16:32.809Z] Added https://stackoverflow.com to analysis queue
[2025-08-26T10:16:32.809Z] Added https://medium.com to analysis queue
[2025-08-26T10:16:32.811Z] Added https://dev.to to analysis queue
[2025-08-26T10:16:32.812Z] Added https://wikipedia.org to analysis queue
[2025-08-26T10:16:32.813Z] Processing queue with 5 links
[2025-08-26T10:16:32.813Z] Analyzing link: https://github.com
[2025-08-26T10:16:33.009Z] Analysis complete for https://github.com: good (200)
[2025-08-26T10:16:33.524Z] Stopping ML Link Intelligence...
[2025-08-26T10:16:34.010Z] Analyzing link: https://stackoverflow.com
[2025-08-26T10:16:34.088Z] Analysis complete for https://stackoverflow.com: poor (403)
