[2025-08-25T15:00:21.740Z] Starting Real-Time Performance Monitor
[2025-08-25T15:00:21.749Z] Starting real-time performance monitoring
No metrics available
[2025-08-25T15:00:51.757Z] CRITICAL MEMORY ALERT: Memory usage critical: 95.29% - Memory pressure detected
[2025-08-25T15:00:51.757Z] ALERT [CRITICAL] Memory usage critical: 95.29%
[2025-08-25T15:00:51.758Z] metrics rss=30.66 MB heapUsed=4.32 MB cpuLoad=54.29 memUsage=95.29%
[2025-08-25T15:01:21.755Z] CRITICAL MEMORY ALERT: Memory usage critical: 96.27% - Memory pressure detected
[2025-08-25T15:01:21.756Z] ALERT [CRITICAL] Memory usage critical: 96.27%
[2025-08-25T15:01:21.756Z] metrics rss=30.86 MB heapUsed=4.38 MB cpuLoad=44.83 memUsage=96.27%
[2025-08-25T15:01:51.755Z] ALERT [WARNING] Memory usage warning: 93.36%
[2025-08-25T15:01:51.755Z] metrics rss=30.93 MB heapUsed=4.44 MB cpuLoad=39.27 memUsage=93.36%
[2025-08-25T15:02:02.356Z] Stopping Real-Time Performance Monitor...
[2025-08-25T15:02:02.357Z] Stopping performance monitoring
[2025-08-25T15:02:27.093Z] Starting Real-Time Performance Monitor
[2025-08-25T15:02:27.116Z] Starting real-time performance monitoring
[2025-08-25T15:02:35.013Z] Stopping Real-Time Performance Monitor...
[2025-08-25T15:02:35.014Z] Stopping performance monitoring
[2025-08-25T15:03:32.432Z] Starting Real-Time Performance Monitor
[2025-08-25T15:03:32.441Z] Starting real-time performance monitoring
[2025-08-25T15:04:02.447Z] CRITICAL MEMORY ALERT: Memory usage critical: 97.22% - Memory pressure detected
[2025-08-25T15:04:02.448Z] ALERT [CRITICAL] Memory usage critical: 97.22%
[2025-08-25T15:04:02.448Z] metrics rss=30.70 MB heapUsed=4.28 MB cpuLoad=50.58 memUsage=97.22%
[2025-08-25T15:04:03.705Z] Stopping Real-Time Performance Monitor...
[2025-08-25T15:04:03.707Z] Stopping performance monitoring
[2025-08-25T15:04:37.652Z] Starting Real-Time Performance Monitor
[2025-08-25T15:04:37.657Z] Starting real-time performance monitoring
[2025-08-25T15:05:07.662Z] ALERT [WARNING] Memory usage warning: 92.57%
[2025-08-25T15:05:07.663Z] metrics rss=30.36 MB heapUsed=4.28 MB cpuLoad=52.20 memUsage=92.57%

=== Performance Monitor Summary ===
Timestamp: 2025-08-25T15:05:07.659Z
System Uptime: 1 hours
Hostname: MacBook-Pro-de-Kleber.local

Current Status:
  CPU Load: 52.20
  Memory Usage: 92.57%
  Memory Free: 2.38 GB
  Process Memory: 30.36 MB
  Process Uptime: 0 minutes

Alerts:
  Total: 1
  Critical: 0 🔴
  Warning: 1 🟡

===================================

[2025-08-25T15:05:37.692Z] ALERT [WARNING] Memory usage warning: 93.59%
[2025-08-25T15:05:37.694Z] metrics rss=30.77 MB heapUsed=4.43 MB cpuLoad=40.02 memUsage=93.59%
[2025-08-25T15:06:03.451Z] Stopping Real-Time Performance Monitor...
[2025-08-25T15:06:03.455Z] Stopping performance monitoring
[2025-08-25T15:06:43.166Z] Starting Real-Time Performance Monitor
[2025-08-25T15:06:43.173Z] Starting real-time performance monitoring
[2025-08-25T15:07:13.218Z] CRITICAL MEMORY ALERT: Memory usage critical: 97.83% - Memory pressure detected
[2025-08-25T15:07:13.218Z] ALERT [CRITICAL] Memory usage critical: 97.83%
[2025-08-25T15:07:13.218Z] metrics rss=30.70 MB heapUsed=4.29 MB cpuLoad=55.69 memUsage=97.83%
[2025-08-25T15:07:43.215Z] ALERT [WARNING] CPU load warning: 73.50
[2025-08-25T15:07:43.216Z] CRITICAL MEMORY ALERT: Memory usage critical: 97.36% - Memory pressure detected
[2025-08-25T15:07:43.216Z] ALERT [CRITICAL] Memory usage critical: 97.36%
[2025-08-25T15:07:43.216Z] metrics rss=30.92 MB heapUsed=4.36 MB cpuLoad=73.50 memUsage=97.36%
[2025-08-25T15:08:05.739Z] Stopping Real-Time Performance Monitor...
[2025-08-25T15:08:05.740Z] Stopping performance monitoring
[2025-08-25T15:08:48.433Z] Starting Real-Time Performance Monitor
[2025-08-25T15:08:48.440Z] Starting real-time performance monitoring
[2025-08-25T15:09:18.448Z] CRITICAL CPU ALERT: CPU load critical: 198.57 - Consider restarting or scaling
[2025-08-25T15:09:18.470Z] ALERT [CRITICAL] CPU load critical: 198.57
[2025-08-25T15:09:18.481Z] CRITICAL MEMORY ALERT: Memory usage critical: 99.92% - Memory pressure detected
[2025-08-25T15:09:18.527Z] ALERT [CRITICAL] Memory usage critical: 99.92%
[2025-08-25T15:09:18.534Z] metrics rss=30.58 MB heapUsed=4.28 MB cpuLoad=198.57 memUsage=99.92%
[2025-08-25T15:09:48.445Z] CRITICAL CPU ALERT: CPU load critical: 172.35 - Consider restarting or scaling
[2025-08-25T15:09:48.446Z] ALERT [CRITICAL] CPU load critical: 172.35
[2025-08-25T15:09:48.446Z] CRITICAL MEMORY ALERT: Memory usage critical: 96.77% - Memory pressure detected
[2025-08-25T15:09:48.447Z] ALERT [CRITICAL] Memory usage critical: 96.77%
[2025-08-25T15:09:48.447Z] metrics rss=30.78 MB heapUsed=4.35 MB cpuLoad=172.35 memUsage=96.77%
[2025-08-25T15:15:04.034Z] Starting Real-Time Performance Monitor
[2025-08-25T15:15:04.041Z] Starting real-time performance monitoring
No metrics available
[2025-08-25T15:15:34.046Z] metrics rss=30.59 MB heapUsed=4.30 MB cpuLoad=47.81 memUsage=78.44%
[2025-08-25T15:16:02.063Z] Stopping Real-Time Performance Monitor...
[2025-08-25T15:16:02.064Z] Stopping performance monitoring
[2025-08-25T15:16:09.134Z] Starting Real-Time Performance Monitor
[2025-08-25T15:16:09.139Z] Starting real-time performance monitoring
[2025-08-25T15:16:39.143Z] metrics rss=30.66 MB heapUsed=4.29 MB cpuLoad=21.12 memUsage=79.68%
[2025-08-25T15:17:09.143Z] metrics rss=30.84 MB heapUsed=4.35 MB cpuLoad=15.47 memUsage=79.45%
[2025-08-25T15:17:39.145Z] ALERT [WARNING] Memory usage warning: 80.33%
[2025-08-25T15:17:39.145Z] metrics rss=30.88 MB heapUsed=4.37 MB cpuLoad=11.52 memUsage=80.33%
[2025-08-25T15:18:02.067Z] Stopping Real-Time Performance Monitor...
[2025-08-25T15:18:02.068Z] Stopping performance monitoring
[2025-08-25T15:18:14.293Z] Starting Real-Time Performance Monitor
[2025-08-25T15:18:14.298Z] Starting real-time performance monitoring
[2025-08-25T15:18:44.307Z] ALERT [WARNING] Memory usage warning: 81.10%
[2025-08-25T15:18:44.308Z] metrics rss=30.73 MB heapUsed=4.29 MB cpuLoad=10.59 memUsage=81.10%
[2025-08-25T15:19:14.304Z] ALERT [WARNING] Memory usage warning: 81.34%
[2025-08-25T15:19:14.305Z] metrics rss=30.93 MB heapUsed=4.35 MB cpuLoad=9.90 memUsage=81.34%
[2025-08-25T15:19:44.310Z] ALERT [WARNING] Memory usage warning: 82.36%
[2025-08-25T15:19:44.310Z] metrics rss=30.98 MB heapUsed=4.38 MB cpuLoad=11.18 memUsage=82.36%
[2025-08-25T15:20:02.365Z] Stopping Real-Time Performance Monitor...
[2025-08-25T15:20:02.365Z] Stopping performance monitoring
[2025-08-25T15:20:19.566Z] Starting Real-Time Performance Monitor
[2025-08-25T15:20:19.575Z] Starting real-time performance monitoring
No metrics available
[2025-08-25T15:20:49.605Z] ALERT [WARNING] Memory usage warning: 86.11%
[2025-08-25T15:20:49.614Z] metrics rss=30.86 MB heapUsed=4.30 MB cpuLoad=19.05 memUsage=86.11%
[2025-08-25T15:21:19.583Z] ALERT [WARNING] Memory usage warning: 81.84%
[2025-08-25T15:21:19.583Z] metrics rss=31.06 MB heapUsed=4.37 MB cpuLoad=40.81 memUsage=81.84%
[2025-08-25T15:21:49.592Z] ALERT [WARNING] Memory usage warning: 83.19%
[2025-08-25T15:21:49.592Z] metrics rss=31.09 MB heapUsed=4.40 MB cpuLoad=28.90 memUsage=83.19%
[2025-08-25T15:22:02.367Z] Stopping Real-Time Performance Monitor...
[2025-08-25T15:22:02.369Z] Stopping performance monitoring
[2025-08-25T15:22:24.706Z] Starting Real-Time Performance Monitor
[2025-08-25T15:22:24.711Z] Starting real-time performance monitoring
[2025-08-25T15:22:54.718Z] ALERT [WARNING] Memory usage warning: 87.55%
[2025-08-25T15:22:54.718Z] metrics rss=30.33 MB heapUsed=4.28 MB cpuLoad=29.61 memUsage=87.55%
[2025-08-25T15:23:24.733Z] ALERT [WARNING] Memory usage warning: 83.69%
[2025-08-25T15:23:24.733Z] metrics rss=30.54 MB heapUsed=4.35 MB cpuLoad=22.33 memUsage=83.69%
[2025-08-25T15:23:54.733Z] ALERT [WARNING] Memory usage warning: 82.92%
[2025-08-25T15:23:54.733Z] metrics rss=30.57 MB heapUsed=4.38 MB cpuLoad=17.60 memUsage=82.92%
[2025-08-25T15:24:02.152Z] Stopping Real-Time Performance Monitor...
[2025-08-25T15:24:02.155Z] Stopping performance monitoring
[2025-08-25T15:24:30.150Z] Starting Real-Time Performance Monitor
[2025-08-25T15:24:30.156Z] Starting real-time performance monitoring
[2025-08-25T15:25:00.161Z] ALERT [WARNING] Memory usage warning: 84.73%
[2025-08-25T15:25:00.161Z] metrics rss=30.55 MB heapUsed=4.29 MB cpuLoad=29.37 memUsage=84.73%
[2025-08-25T15:25:30.161Z] ALERT [WARNING] Memory usage warning: 83.73%
[2025-08-25T15:25:30.161Z] metrics rss=30.74 MB heapUsed=4.35 MB cpuLoad=27.24 memUsage=83.73%

=== Performance Monitor Summary ===
Timestamp: 2025-08-25T15:25:30.159Z
System Uptime: 1 hours
Hostname: MacBook-Pro-de-Kleber.local

Current Status:
  CPU Load: 27.24
  Memory Usage: 83.73%
  Memory Free: 5.21 GB
  Process Memory: 30.74 MB
  Process Uptime: 1 minutes

Alerts:
  Total: 2
  Critical: 0 🔴
  Warning: 2 🟡

===================================

[2025-08-25T15:26:00.161Z] ALERT [WARNING] Memory usage warning: 85.83%
[2025-08-25T15:26:00.162Z] metrics rss=30.96 MB heapUsed=4.48 MB cpuLoad=19.02 memUsage=85.83%
[2025-08-25T15:26:02.990Z] Stopping Real-Time Performance Monitor...
[2025-08-25T15:26:02.991Z] Stopping performance monitoring
[2025-08-25T15:28:40.558Z] Starting Real-Time Performance Monitor
[2025-08-25T15:28:40.563Z] Starting real-time performance monitoring
[2025-08-25T15:29:10.568Z] ALERT [WARNING] Memory usage warning: 85.64%
[2025-08-25T15:29:10.568Z] metrics rss=30.65 MB heapUsed=4.29 MB cpuLoad=32.60 memUsage=85.64%
[2025-08-25T15:29:40.572Z] ALERT [WARNING] Memory usage warning: 86.03%
[2025-08-25T15:29:40.572Z] metrics rss=30.84 MB heapUsed=4.35 MB cpuLoad=25.06 memUsage=86.03%
[2025-08-25T15:30:04.309Z] Stopping Real-Time Performance Monitor...
[2025-08-25T15:30:04.310Z] Stopping performance monitoring
[2025-08-25T15:30:45.921Z] Starting Real-Time Performance Monitor
[2025-08-25T15:30:45.928Z] Starting real-time performance monitoring
No metrics available
[2025-08-25T15:31:15.957Z] ALERT [WARNING] CPU load warning: 87.65
[2025-08-25T15:31:15.961Z] ALERT [WARNING] Memory usage warning: 91.48%
[2025-08-25T15:31:15.979Z] metrics rss=30.20 MB heapUsed=4.31 MB cpuLoad=87.65 memUsage=91.48%
[2025-08-25T15:31:46.041Z] ALERT [WARNING] CPU load warning: 84.13
[2025-08-25T15:31:46.042Z] ALERT [WARNING] Memory usage warning: 91.34%
[2025-08-25T15:31:46.043Z] metrics rss=30.56 MB heapUsed=4.38 MB cpuLoad=84.13 memUsage=91.34%
[2025-08-26T03:31:01.761Z] Starting Real-Time Performance Monitor
[2025-08-26T03:31:01.769Z] Starting real-time performance monitoring
[2025-08-26T03:31:31.785Z] metrics rss=30.55 MB heapUsed=4.28 MB cpuLoad=15.59 memUsage=72.77%
[2025-08-26T03:32:01.937Z] metrics rss=30.74 MB heapUsed=4.34 MB cpuLoad=14.21 memUsage=73.66%
[2025-08-26T03:32:02.182Z] Stopping Real-Time Performance Monitor...
[2025-08-26T03:32:02.348Z] Stopping performance monitoring
[2025-08-26T03:33:06.889Z] Starting Real-Time Performance Monitor
[2025-08-26T03:33:06.897Z] Starting real-time performance monitoring
[2025-08-26T03:33:36.901Z] metrics rss=30.53 MB heapUsed=4.28 MB cpuLoad=9.81 memUsage=72.19%
[2025-08-26T03:34:02.587Z] Stopping Real-Time Performance Monitor...
[2025-08-26T03:34:02.588Z] Stopping performance monitoring
[2025-08-26T03:34:12.106Z] Starting Real-Time Performance Monitor
[2025-08-26T03:34:12.111Z] Starting real-time performance monitoring
[2025-08-26T03:34:42.248Z] ALERT [WARNING] Memory usage warning: 80.42%
[2025-08-26T03:34:42.249Z] metrics rss=30.79 MB heapUsed=4.29 MB cpuLoad=31.83 memUsage=80.42%

=== Performance Monitor Summary ===
Timestamp: 2025-08-26T03:34:42.244Z
System Uptime: 0 hours
Hostname: MacBook-Pro-de-Kleber.local

Current Status:
  CPU Load: 31.83
  Memory Usage: 80.42%
  Memory Free: 6.26 GB
  Process Memory: 30.79 MB
  Process Uptime: 0 minutes

Alerts:
  Total: 1
  Critical: 0 🔴
  Warning: 1 🟡

===================================

[2025-08-26T03:35:12.293Z] ALERT [WARNING] Memory usage warning: 83.50%
[2025-08-26T03:35:12.293Z] metrics rss=31.12 MB heapUsed=4.44 MB cpuLoad=46.40 memUsage=83.50%
[2025-08-26T03:35:42.267Z] metrics rss=31.17 MB heapUsed=4.47 MB cpuLoad=47.78 memUsage=75.42%
[2025-08-26T03:36:01.387Z] Stopping Real-Time Performance Monitor...
[2025-08-26T03:36:01.387Z] Stopping performance monitoring
[2025-08-26T03:36:17.273Z] Starting Real-Time Performance Monitor
[2025-08-26T03:36:17.278Z] Starting real-time performance monitoring
[2025-08-26T03:36:47.283Z] metrics rss=30.30 MB heapUsed=4.28 MB cpuLoad=24.24 memUsage=78.11%
[2025-08-26T03:37:17.286Z] metrics rss=30.54 MB heapUsed=4.34 MB cpuLoad=19.35 memUsage=78.15%
[2025-08-26T03:37:47.285Z] metrics rss=30.58 MB heapUsed=4.37 MB cpuLoad=18.04 memUsage=74.76%
[2025-08-26T03:38:03.746Z] Stopping Real-Time Performance Monitor...
[2025-08-26T03:38:03.746Z] Stopping performance monitoring
[2025-08-26T03:38:22.574Z] Starting Real-Time Performance Monitor
[2025-08-26T03:38:22.644Z] Starting real-time performance monitoring
[2025-08-26T03:38:52.814Z] ALERT [WARNING] Memory usage warning: 82.03%
[2025-08-26T03:38:52.815Z] metrics rss=30.59 MB heapUsed=4.28 MB cpuLoad=38.80 memUsage=82.03%
[2025-08-26T03:39:22.812Z] ALERT [WARNING] Memory usage warning: 80.52%
[2025-08-26T03:39:22.813Z] metrics rss=30.80 MB heapUsed=4.35 MB cpuLoad=36.28 memUsage=80.52%
[2025-08-26T03:39:52.813Z] ALERT [WARNING] Memory usage warning: 80.70%
[2025-08-26T03:39:52.815Z] metrics rss=30.84 MB heapUsed=4.37 MB cpuLoad=33.57 memUsage=80.70%
[2025-08-26T03:40:02.437Z] Stopping Real-Time Performance Monitor...
[2025-08-26T03:40:02.438Z] Stopping performance monitoring
[2025-08-26T03:40:27.905Z] Starting Real-Time Performance Monitor
[2025-08-26T03:40:27.912Z] Starting real-time performance monitoring
No metrics available
[2025-08-26T03:40:57.925Z] ALERT [WARNING] Memory usage warning: 82.46%
[2025-08-26T03:40:57.925Z] metrics rss=30.72 MB heapUsed=4.30 MB cpuLoad=53.42 memUsage=82.46%
[2025-08-26T03:41:27.929Z] metrics rss=30.93 MB heapUsed=4.37 MB cpuLoad=42.98 memUsage=77.32%
[2025-08-26T03:41:57.928Z] metrics rss=30.97 MB heapUsed=4.40 MB cpuLoad=31.49 memUsage=78.74%
[2025-08-26T03:42:02.627Z] Stopping Real-Time Performance Monitor...
[2025-08-26T03:42:02.628Z] Stopping performance monitoring
[2025-08-26T03:42:33.196Z] Starting Real-Time Performance Monitor
[2025-08-26T03:42:33.211Z] Starting real-time performance monitoring
[2025-08-26T03:43:03.217Z] ALERT [WARNING] Memory usage warning: 80.37%
[2025-08-26T03:43:03.220Z] metrics rss=30.62 MB heapUsed=4.28 MB cpuLoad=31.57 memUsage=80.37%
[2025-08-26T03:43:33.216Z] metrics rss=30.83 MB heapUsed=4.35 MB cpuLoad=27.83 memUsage=77.97%
[2025-08-26T03:44:01.493Z] Stopping Real-Time Performance Monitor...
[2025-08-26T03:44:01.493Z] Stopping performance monitoring
[2025-08-26T03:47:55.576Z] Starting Real-Time Performance Monitor
[2025-08-26T03:47:55.581Z] Starting real-time performance monitoring
[2025-08-26T03:48:01.507Z] Stopping Real-Time Performance Monitor...
[2025-08-26T03:48:01.508Z] Stopping performance monitoring
[2025-08-26T03:49:00.969Z] Starting Real-Time Performance Monitor
[2025-08-26T03:49:00.990Z] Starting real-time performance monitoring
[2025-08-26T03:49:30.996Z] metrics rss=30.75 MB heapUsed=4.28 MB cpuLoad=16.04 memUsage=78.24%

=== Performance Monitor Summary ===
Timestamp: 2025-08-26T03:49:30.993Z
System Uptime: 0 hours
Hostname: MacBook-Pro-de-Kleber.local

Current Status:
  CPU Load: 16.04
  Memory Usage: 78.24%
  Memory Free: 6.96 GB
  Process Memory: 30.75 MB
  Process Uptime: 0 minutes

Alerts:
  Total: 0
  Critical: 0 🔴
  Warning: 0 🟡

===================================

[2025-08-26T03:50:00.999Z] metrics rss=31.07 MB heapUsed=4.43 MB cpuLoad=12.30 memUsage=75.97%
[2025-08-26T03:50:02.047Z] Stopping Real-Time Performance Monitor...
[2025-08-26T03:50:02.047Z] Stopping performance monitoring
[2025-08-26T03:51:06.105Z] Starting Real-Time Performance Monitor
[2025-08-26T03:51:06.122Z] Starting real-time performance monitoring
[2025-08-26T03:51:36.147Z] metrics rss=30.43 MB heapUsed=4.28 MB cpuLoad=10.62 memUsage=78.67%
[2025-08-26T03:52:01.320Z] Stopping Real-Time Performance Monitor...
[2025-08-26T03:52:01.320Z] Stopping performance monitoring
[2025-08-26T03:52:11.239Z] Starting Real-Time Performance Monitor
[2025-08-26T03:52:11.246Z] Starting real-time performance monitoring
[2025-08-26T03:52:41.250Z] metrics rss=30.58 MB heapUsed=4.28 MB cpuLoad=9.80 memUsage=78.98%
[2025-08-26T03:53:11.250Z] metrics rss=30.77 MB heapUsed=4.35 MB cpuLoad=9.15 memUsage=79.25%
[2025-08-26T03:53:41.252Z] metrics rss=30.82 MB heapUsed=4.37 MB cpuLoad=7.50 memUsage=77.93%
[2025-08-26T03:54:01.663Z] Stopping Real-Time Performance Monitor...
[2025-08-26T03:54:01.663Z] Stopping performance monitoring
[2025-08-26T03:54:16.339Z] Starting Real-Time Performance Monitor
[2025-08-26T03:54:16.344Z] Starting real-time performance monitoring
[2025-08-26T03:54:46.347Z] metrics rss=30.60 MB heapUsed=4.28 MB cpuLoad=8.72 memUsage=78.61%
[2025-08-26T03:55:16.347Z] ALERT [WARNING] Memory usage warning: 80.23%
[2025-08-26T03:55:16.347Z] metrics rss=30.78 MB heapUsed=4.34 MB cpuLoad=8.19 memUsage=80.23%

=== Performance Monitor Summary ===
Timestamp: 2025-08-26T03:55:16.346Z
System Uptime: 0 hours
Hostname: MacBook-Pro-de-Kleber.local

Current Status:
  CPU Load: 8.19
  Memory Usage: 80.23%
  Memory Free: 6.33 GB
  Process Memory: 30.78 MB
  Process Uptime: 1 minutes

Alerts:
  Total: 1
  Critical: 0 🔴
  Warning: 1 🟡

===================================

[2025-08-26T03:55:46.349Z] ALERT [WARNING] Memory usage warning: 81.24%
[2025-08-26T03:55:46.350Z] metrics rss=30.98 MB heapUsed=4.47 MB cpuLoad=8.37 memUsage=81.24%
[2025-08-26T03:56:02.335Z] Stopping Real-Time Performance Monitor...
[2025-08-26T03:56:02.336Z] Stopping performance monitoring
[2025-08-26T03:56:21.455Z] Starting Real-Time Performance Monitor
[2025-08-26T03:56:21.459Z] Starting real-time performance monitoring
[2025-08-26T03:56:51.465Z] ALERT [WARNING] Memory usage warning: 84.24%
[2025-08-26T03:56:51.466Z] metrics rss=30.36 MB heapUsed=4.28 MB cpuLoad=10.93 memUsage=84.24%
[2025-08-26T03:57:21.465Z] ALERT [WARNING] Memory usage warning: 82.94%
[2025-08-26T03:57:21.465Z] metrics rss=30.57 MB heapUsed=4.35 MB cpuLoad=11.14 memUsage=82.94%
[2025-08-26T03:57:51.466Z] metrics rss=30.61 MB heapUsed=4.38 MB cpuLoad=9.70 memUsage=78.96%
[2025-08-26T03:58:01.122Z] Stopping Real-Time Performance Monitor...
[2025-08-26T03:58:01.122Z] Stopping performance monitoring
[2025-08-26T03:58:26.559Z] Starting Real-Time Performance Monitor
[2025-08-26T03:58:26.565Z] Starting real-time performance monitoring
[2025-08-26T03:58:56.569Z] metrics rss=30.59 MB heapUsed=4.28 MB cpuLoad=6.32 memUsage=78.51%
[2025-08-26T03:59:26.568Z] metrics rss=30.77 MB heapUsed=4.34 MB cpuLoad=4.24 memUsage=78.68%
[2025-08-26T03:59:56.569Z] metrics rss=30.81 MB heapUsed=4.37 MB cpuLoad=4.30 memUsage=78.61%
[2025-08-26T04:00:02.218Z] Stopping Real-Time Performance Monitor...
[2025-08-26T04:00:02.219Z] Stopping performance monitoring
[2025-08-26T04:00:31.669Z] Starting Real-Time Performance Monitor
[2025-08-26T04:00:31.674Z] Starting real-time performance monitoring
No metrics available
[2025-08-26T04:01:01.679Z] metrics rss=30.56 MB heapUsed=4.30 MB cpuLoad=5.41 memUsage=78.68%
[2025-08-26T04:01:31.678Z] metrics rss=30.75 MB heapUsed=4.36 MB cpuLoad=4.63 memUsage=78.59%
[2025-08-26T04:02:01.679Z] metrics rss=30.79 MB heapUsed=4.39 MB cpuLoad=3.56 memUsage=79.16%
[2025-08-26T04:02:02.093Z] Stopping Real-Time Performance Monitor...
[2025-08-26T04:02:02.093Z] Stopping performance monitoring
[2025-08-26T04:17:33.351Z] Starting Real-Time Performance Monitor
[2025-08-26T04:17:33.355Z] Starting real-time performance monitoring
[2025-08-26T04:18:03.258Z] Stopping Real-Time Performance Monitor...
[2025-08-26T04:18:03.261Z] Stopping performance monitoring
[2025-08-26T04:19:55.416Z] Starting Real-Time Performance Monitor
[2025-08-26T04:19:55.428Z] Starting real-time performance monitoring
[2025-08-26T04:20:21.336Z] Stopping Real-Time Performance Monitor...
[2025-08-26T04:20:21.337Z] Stopping performance monitoring
[2025-08-26T04:35:30.180Z] Starting Real-Time Performance Monitor
[2025-08-26T04:35:30.184Z] Starting real-time performance monitoring
No metrics available
[2025-08-26T04:36:00.193Z] ALERT [WARNING] Memory usage warning: 81.95%
[2025-08-26T04:36:00.194Z] metrics rss=30.58 MB heapUsed=4.29 MB cpuLoad=18.01 memUsage=81.95%
[2025-08-26T04:36:04.216Z] Stopping Real-Time Performance Monitor...
[2025-08-26T04:36:04.219Z] Stopping performance monitoring
[2025-08-26T04:36:35.432Z] Starting Real-Time Performance Monitor
[2025-08-26T04:36:35.444Z] Starting real-time performance monitoring
[2025-08-26T04:37:05.454Z] ALERT [WARNING] Memory usage warning: 81.39%
[2025-08-26T04:37:05.455Z] metrics rss=29.73 MB heapUsed=4.27 MB cpuLoad=12.45 memUsage=81.39%
[2025-08-26T04:37:35.450Z] ALERT [WARNING] Memory usage warning: 82.96%
[2025-08-26T04:37:35.451Z] metrics rss=29.93 MB heapUsed=4.34 MB cpuLoad=9.35 memUsage=82.96%
[2025-08-26T04:38:03.853Z] Stopping Real-Time Performance Monitor...
[2025-08-26T04:38:03.855Z] Stopping performance monitoring
[2025-08-26T04:38:40.678Z] Starting Real-Time Performance Monitor
[2025-08-26T04:38:40.690Z] Starting real-time performance monitoring
[2025-08-26T04:39:10.699Z] ALERT [WARNING] Memory usage warning: 81.69%
[2025-08-26T04:39:10.700Z] metrics rss=29.71 MB heapUsed=4.28 MB cpuLoad=4.64 memUsage=81.69%
[2025-08-26T04:39:40.695Z] ALERT [WARNING] Memory usage warning: 82.67%
[2025-08-26T04:39:40.696Z] metrics rss=29.90 MB heapUsed=4.34 MB cpuLoad=3.67 memUsage=82.67%
[2025-08-26T04:40:03.938Z] Stopping Real-Time Performance Monitor...
[2025-08-26T04:40:03.939Z] Stopping performance monitoring
[2025-08-26T04:40:45.929Z] Starting Real-Time Performance Monitor
[2025-08-26T04:40:45.942Z] Starting real-time performance monitoring
No metrics available
[2025-08-26T04:41:15.951Z] ALERT [WARNING] Memory usage warning: 82.52%
[2025-08-26T04:41:15.952Z] metrics rss=30.16 MB heapUsed=4.30 MB cpuLoad=4.85 memUsage=82.52%
[2025-08-26T04:41:47.675Z] ALERT [WARNING] Memory usage warning: 83.95%
[2025-08-26T04:41:47.676Z] metrics rss=30.34 MB heapUsed=4.36 MB cpuLoad=7.97 memUsage=83.95%
[2025-08-26T04:57:16.519Z] ALERT [WARNING] Memory usage warning: 80.80%
[2025-08-26T04:57:16.519Z] metrics rss=30.44 MB heapUsed=4.39 MB cpuLoad=5.34 memUsage=80.80%
[2025-08-26T05:12:50.985Z] ALERT [WARNING] Memory usage warning: 81.22%
[2025-08-26T05:12:50.986Z] metrics rss=30.53 MB heapUsed=4.45 MB cpuLoad=3.74 memUsage=81.22%
[2025-08-26T05:13:20.999Z] ALERT [WARNING] Memory usage warning: 81.33%
[2025-08-26T05:13:21.000Z] metrics rss=30.63 MB heapUsed=4.51 MB cpuLoad=4.36 memUsage=81.33%
[2025-08-26T05:13:51.001Z] ALERT [WARNING] Memory usage warning: 81.82%
[2025-08-26T05:13:51.002Z] metrics rss=30.75 MB heapUsed=4.56 MB cpuLoad=3.33 memUsage=81.82%
[2025-08-26T05:14:03.414Z] Stopping Real-Time Performance Monitor...
[2025-08-26T05:14:03.415Z] Stopping performance monitoring
[2025-08-26T05:14:56.245Z] Starting Real-Time Performance Monitor
[2025-08-26T05:14:56.257Z] Starting real-time performance monitoring
[2025-08-26T05:15:26.269Z] ALERT [WARNING] Memory usage warning: 83.64%
[2025-08-26T05:15:26.270Z] metrics rss=29.67 MB heapUsed=4.27 MB cpuLoad=4.38 memUsage=83.64%

=== Performance Monitor Summary ===
Timestamp: 2025-08-26T05:15:26.262Z
System Uptime: 2 hours
Hostname: MacBook-Pro-de-Kleber.local

Current Status:
  CPU Load: 4.38
  Memory Usage: 83.64%
  Memory Free: 5.24 GB
  Process Memory: 29.67 MB
  Process Uptime: 0 minutes

Alerts:
  Total: 1
  Critical: 0 🔴
  Warning: 1 🟡

===================================

[2025-08-26T05:15:56.271Z] ALERT [WARNING] Memory usage warning: 83.53%
[2025-08-26T05:15:56.272Z] metrics rss=30.00 MB heapUsed=4.43 MB cpuLoad=4.10 memUsage=83.53%
[2025-08-26T05:16:03.710Z] Stopping Real-Time Performance Monitor...
[2025-08-26T05:16:03.712Z] Stopping performance monitoring
[2025-08-26T05:17:01.501Z] Starting Real-Time Performance Monitor
[2025-08-26T05:17:01.513Z] Starting real-time performance monitoring
[2025-08-26T05:17:31.523Z] ALERT [WARNING] Memory usage warning: 83.87%
[2025-08-26T05:17:31.524Z] metrics rss=29.61 MB heapUsed=4.27 MB cpuLoad=4.82 memUsage=83.87%
[2025-08-26T05:18:01.518Z] ALERT [WARNING] Memory usage warning: 81.34%
[2025-08-26T05:18:01.519Z] metrics rss=29.79 MB heapUsed=4.34 MB cpuLoad=4.30 memUsage=81.34%
[2025-08-26T05:18:03.035Z] Stopping Real-Time Performance Monitor...
[2025-08-26T05:18:03.037Z] Stopping performance monitoring
[2025-08-26T05:19:06.753Z] Starting Real-Time Performance Monitor
[2025-08-26T05:19:06.765Z] Starting real-time performance monitoring
[2025-08-26T05:19:36.777Z] ALERT [WARNING] Memory usage warning: 83.95%
[2025-08-26T05:19:36.777Z] metrics rss=29.69 MB heapUsed=4.27 MB cpuLoad=6.64 memUsage=83.95%
[2025-08-26T05:20:03.657Z] Stopping Real-Time Performance Monitor...
[2025-08-26T05:20:03.658Z] Stopping performance monitoring
[2025-08-26T05:20:12.030Z] Starting Real-Time Performance Monitor
[2025-08-26T05:20:12.042Z] Starting real-time performance monitoring
No metrics available
[2025-08-26T05:20:42.051Z] ALERT [WARNING] Memory usage warning: 83.62%
[2025-08-26T05:20:42.052Z] metrics rss=29.82 MB heapUsed=4.30 MB cpuLoad=4.98 memUsage=83.62%
[2025-08-26T05:21:12.049Z] ALERT [WARNING] Memory usage warning: 83.49%
[2025-08-26T05:21:12.050Z] metrics rss=30.00 MB heapUsed=4.37 MB cpuLoad=4.55 memUsage=83.49%
[2025-08-26T05:21:42.050Z] ALERT [WARNING] Memory usage warning: 84.41%
[2025-08-26T05:21:42.051Z] metrics rss=30.04 MB heapUsed=4.40 MB cpuLoad=4.53 memUsage=84.41%
[2025-08-26T05:22:03.087Z] Stopping Real-Time Performance Monitor...
[2025-08-26T05:22:03.088Z] Stopping performance monitoring
[2025-08-26T05:22:17.283Z] Starting Real-Time Performance Monitor
[2025-08-26T05:22:17.295Z] Starting real-time performance monitoring
[2025-08-26T05:22:47.307Z] ALERT [WARNING] Memory usage warning: 84.43%
[2025-08-26T05:22:47.308Z] metrics rss=29.76 MB heapUsed=4.28 MB cpuLoad=4.63 memUsage=84.43%
[2025-08-26T05:53:15.144Z] ALERT [WARNING] Memory usage warning: 83.35%
[2025-08-26T05:53:15.144Z] metrics rss=29.95 MB heapUsed=4.34 MB cpuLoad=4.49 memUsage=83.35%
[2025-08-26T05:53:45.143Z] ALERT [WARNING] Memory usage warning: 81.60%
[2025-08-26T05:53:45.144Z] metrics rss=30.04 MB heapUsed=4.37 MB cpuLoad=3.46 memUsage=81.60%
[2025-08-26T06:03:07.170Z] ALERT [WARNING] Memory usage warning: 81.37%
[2025-08-26T06:03:07.171Z] metrics rss=30.11 MB heapUsed=4.41 MB cpuLoad=2.91 memUsage=81.37%
[2025-08-26T06:03:07.171Z] Stopping Real-Time Performance Monitor...
[2025-08-26T06:03:07.171Z] Stopping performance monitoring
[2025-08-26T06:04:03.069Z] Stopping Real-Time Performance Monitor...
[2025-08-26T06:04:03.069Z] Monitoring is not active
[2025-08-26T06:04:12.408Z] Starting Real-Time Performance Monitor
[2025-08-26T06:04:12.420Z] Starting real-time performance monitoring
[2025-08-26T06:21:09.273Z] ALERT [WARNING] Memory usage warning: 84.11%
[2025-08-26T06:21:09.274Z] metrics rss=30.00 MB heapUsed=4.27 MB cpuLoad=6.23 memUsage=84.11%
[2025-08-26T06:21:39.268Z] ALERT [WARNING] Memory usage warning: 83.45%
[2025-08-26T06:21:39.268Z] metrics rss=30.20 MB heapUsed=4.34 MB cpuLoad=4.74 memUsage=83.45%
[2025-08-26T06:37:25.568Z] ALERT [WARNING] Memory usage warning: 81.82%
[2025-08-26T06:37:25.569Z] metrics rss=30.24 MB heapUsed=4.37 MB cpuLoad=3.76 memUsage=81.82%
[2025-08-26T06:37:55.585Z] ALERT [WARNING] Memory usage warning: 81.37%
[2025-08-26T06:37:55.586Z] metrics rss=30.29 MB heapUsed=4.41 MB cpuLoad=3.27 memUsage=81.37%
[2025-08-26T06:54:35.465Z] ALERT [WARNING] Memory usage warning: 81.12%
[2025-08-26T06:54:35.466Z] metrics rss=30.39 MB heapUsed=4.48 MB cpuLoad=3.01 memUsage=81.12%
[2025-08-26T06:54:35.466Z] Stopping Real-Time Performance Monitor...
[2025-08-26T06:54:35.466Z] Stopping performance monitoring
[2025-08-26T07:04:17.527Z] Starting Real-Time Performance Monitor
[2025-08-26T07:04:17.551Z] Starting real-time performance monitoring
[2025-08-26T07:04:47.561Z] ALERT [WARNING] Memory usage warning: 85.11%
[2025-08-26T07:04:47.562Z] metrics rss=30.81 MB heapUsed=4.28 MB cpuLoad=17.84 memUsage=85.11%

=== Performance Monitor Summary ===
Timestamp: 2025-08-26T07:04:47.554Z
System Uptime: 4 hours
Hostname: MacBook-Pro-de-Kleber.local

Current Status:
  CPU Load: 17.84
  Memory Usage: 85.11%
  Memory Free: 4.76 GB
  Process Memory: 30.81 MB
  Process Uptime: 0 minutes

Alerts:
  Total: 1
  Critical: 0 🔴
  Warning: 1 🟡

===================================

[2025-08-26T07:20:44.392Z] ALERT [WARNING] Memory usage warning: 86.54%
[2025-08-26T07:20:44.393Z] metrics rss=31.13 MB heapUsed=4.43 MB cpuLoad=13.11 memUsage=86.54%
[2025-08-26T07:37:30.137Z] ALERT [WARNING] Memory usage warning: 84.51%
[2025-08-26T07:37:30.138Z] metrics rss=31.18 MB heapUsed=4.46 MB cpuLoad=9.84 memUsage=84.51%
[2025-08-26T07:38:00.143Z] ALERT [WARNING] Memory usage warning: 82.29%
[2025-08-26T07:38:00.144Z] metrics rss=31.22 MB heapUsed=4.50 MB cpuLoad=7.28 memUsage=82.29%
[2025-08-26T07:38:02.990Z] Stopping Real-Time Performance Monitor...
[2025-08-26T07:38:02.991Z] Stopping performance monitoring
[2025-08-26T07:55:49.150Z] Starting Real-Time Performance Monitor
[2025-08-26T07:55:49.161Z] Starting real-time performance monitoring
No metrics available
[2025-08-26T07:56:19.174Z] ALERT [WARNING] Memory usage warning: 85.14%
[2025-08-26T07:56:19.175Z] metrics rss=29.66 MB heapUsed=4.31 MB cpuLoad=5.01 memUsage=85.14%
[2025-08-26T08:03:28.754Z] ALERT [WARNING] Memory usage warning: 82.58%
[2025-08-26T08:03:28.755Z] metrics rss=29.85 MB heapUsed=4.37 MB cpuLoad=4.70 memUsage=82.58%
[2025-08-26T08:03:28.755Z] Stopping Real-Time Performance Monitor...
[2025-08-26T08:03:28.755Z] Stopping performance monitoring
[2025-08-26T08:04:03.898Z] Stopping Real-Time Performance Monitor...
[2025-08-26T08:04:03.900Z] Monitoring is not active
[2025-08-26T08:21:50.778Z] Starting Real-Time Performance Monitor
[2025-08-26T08:21:50.790Z] Starting real-time performance monitoring
[2025-08-26T08:22:03.331Z] Stopping Real-Time Performance Monitor...
[2025-08-26T08:22:03.332Z] Stopping performance monitoring
[2025-08-26T08:38:24.987Z] Starting Real-Time Performance Monitor
[2025-08-26T08:38:24.990Z] Starting real-time performance monitoring
[2025-08-26T08:38:54.997Z] ALERT [WARNING] Memory usage warning: 84.53%
[2025-08-26T08:38:54.998Z] metrics rss=29.51 MB heapUsed=4.27 MB cpuLoad=6.17 memUsage=84.53%
[2025-08-26T08:56:30.678Z] ALERT [WARNING] Memory usage warning: 81.69%
[2025-08-26T08:56:30.678Z] metrics rss=29.71 MB heapUsed=4.34 MB cpuLoad=4.54 memUsage=81.69%
[2025-08-26T08:57:00.682Z] ALERT [WARNING] Memory usage warning: 82.43%
[2025-08-26T08:57:00.682Z] metrics rss=29.77 MB heapUsed=4.37 MB cpuLoad=3.35 memUsage=82.43%

=== Performance Monitor Summary ===
Timestamp: 2025-08-26T08:57:00.678Z
System Uptime: 5 hours
Hostname: MacBook-Pro-de-Kleber.local

Current Status:
  CPU Load: 3.35
  Memory Usage: 82.43%
  Memory Free: 5.62 GB
  Process Memory: 29.77 MB
  Process Uptime: 18 minutes

Alerts:
  Total: 3
  Critical: 0 🔴
  Warning: 3 🟡

===================================

[2025-08-26T09:05:26.464Z] ALERT [WARNING] Memory usage warning: 81.76%
[2025-08-26T09:05:26.465Z] metrics rss=30.00 MB heapUsed=4.50 MB cpuLoad=2.29 memUsage=81.76%
[2025-08-26T09:21:32.136Z] ALERT [WARNING] Memory usage warning: 82.41%
[2025-08-26T09:21:32.136Z] metrics rss=30.05 MB heapUsed=4.54 MB cpuLoad=3.26 memUsage=82.41%
[2025-08-26T09:22:02.138Z] ALERT [WARNING] Memory usage warning: 81.45%
[2025-08-26T09:22:02.139Z] metrics rss=30.16 MB heapUsed=4.59 MB cpuLoad=2.30 memUsage=81.45%
[2025-08-26T09:22:03.426Z] Stopping Real-Time Performance Monitor...
[2025-08-26T09:22:03.426Z] Stopping performance monitoring
[2025-08-26T09:33:15.421Z] Starting Real-Time Performance Monitor
[2025-08-26T09:33:15.426Z] Starting real-time performance monitoring
[2025-08-26T09:33:45.429Z] ALERT [WARNING] Memory usage warning: 82.51%
[2025-08-26T09:33:45.429Z] metrics rss=30.39 MB heapUsed=4.30 MB cpuLoad=5.10 memUsage=82.51%
[2025-08-26T09:34:00.951Z] Stopping Real-Time Performance Monitor...
[2025-08-26T09:34:00.951Z] Stopping performance monitoring
[2025-08-26T09:34:20.501Z] Starting Real-Time Performance Monitor
[2025-08-26T09:34:20.505Z] Starting real-time performance monitoring
[2025-08-26T09:34:50.507Z] ALERT [WARNING] Memory usage warning: 82.32%
[2025-08-26T09:34:50.507Z] metrics rss=30.46 MB heapUsed=4.28 MB cpuLoad=5.24 memUsage=82.32%

=== Performance Monitor Summary ===
Timestamp: 2025-08-26T09:34:50.505Z
System Uptime: 6 hours
Hostname: MacBook-Pro-de-Kleber.local

Current Status:
  CPU Load: 5.24
  Memory Usage: 82.32%
  Memory Free: 5.66 GB
  Process Memory: 30.46 MB
  Process Uptime: 0 minutes

Alerts:
  Total: 1
  Critical: 0 🔴
  Warning: 1 🟡

===================================

[2025-08-26T09:35:20.506Z] ALERT [WARNING] Memory usage warning: 82.15%
[2025-08-26T09:35:20.506Z] metrics rss=30.82 MB heapUsed=4.43 MB cpuLoad=4.02 memUsage=82.15%
[2025-08-26T09:35:50.507Z] ALERT [WARNING] Memory usage warning: 82.46%
[2025-08-26T09:35:50.508Z] metrics rss=30.87 MB heapUsed=4.46 MB cpuLoad=3.64 memUsage=82.46%
[2025-08-26T09:36:01.336Z] Stopping Real-Time Performance Monitor...
[2025-08-26T09:36:01.337Z] Stopping performance monitoring
[2025-08-26T09:36:25.573Z] Starting Real-Time Performance Monitor
[2025-08-26T09:36:25.578Z] Starting real-time performance monitoring
[2025-08-26T09:36:55.706Z] ALERT [WARNING] Memory usage warning: 82.31%
[2025-08-26T09:36:55.706Z] metrics rss=30.02 MB heapUsed=4.29 MB cpuLoad=3.36 memUsage=82.31%
[2025-08-26T09:37:25.705Z] ALERT [WARNING] Memory usage warning: 82.14%
[2025-08-26T09:37:25.705Z] metrics rss=30.22 MB heapUsed=4.35 MB cpuLoad=2.75 memUsage=82.14%
[2025-08-26T09:37:55.708Z] ALERT [WARNING] Memory usage warning: 82.58%
[2025-08-26T09:37:55.708Z] metrics rss=30.26 MB heapUsed=4.38 MB cpuLoad=2.51 memUsage=82.58%
[2025-08-26T09:38:01.785Z] Stopping Real-Time Performance Monitor...
[2025-08-26T09:38:01.786Z] Stopping performance monitoring
[2025-08-26T09:38:30.810Z] Starting Real-Time Performance Monitor
[2025-08-26T09:38:30.816Z] Starting real-time performance monitoring
[2025-08-26T09:41:20.702Z] ALERT [WARNING] Memory usage warning: 83.23%
[2025-08-26T09:41:20.702Z] metrics rss=30.04 MB heapUsed=4.29 MB cpuLoad=3.77 memUsage=83.23%
[2025-08-26T09:41:20.702Z] Stopping Real-Time Performance Monitor...
[2025-08-26T09:41:20.703Z] Stopping performance monitoring
[2025-08-26T09:42:01.522Z] Stopping Real-Time Performance Monitor...
[2025-08-26T09:42:01.523Z] Monitoring is not active
[2025-08-26T09:42:25.783Z] Starting Real-Time Performance Monitor
[2025-08-26T09:42:25.787Z] Starting real-time performance monitoring
[2025-08-26T09:42:55.794Z] ALERT [WARNING] Memory usage warning: 83.58%
[2025-08-26T09:42:55.794Z] metrics rss=30.17 MB heapUsed=4.28 MB cpuLoad=3.68 memUsage=83.58%
[2025-08-26T09:43:25.792Z] ALERT [WARNING] Memory usage warning: 83.55%
[2025-08-26T09:43:25.793Z] metrics rss=30.37 MB heapUsed=4.34 MB cpuLoad=3.81 memUsage=83.55%
[2025-08-26T09:43:55.796Z] ALERT [WARNING] Memory usage warning: 83.23%
[2025-08-26T09:43:55.797Z] metrics rss=30.41 MB heapUsed=4.37 MB cpuLoad=4.26 memUsage=83.23%
[2025-08-26T09:44:01.850Z] Stopping Real-Time Performance Monitor...
[2025-08-26T09:44:01.851Z] Stopping performance monitoring
[2025-08-26T09:44:30.868Z] Starting Real-Time Performance Monitor
[2025-08-26T09:44:30.872Z] Starting real-time performance monitoring
[2025-08-26T09:45:00.876Z] ALERT [WARNING] Memory usage warning: 82.84%
[2025-08-26T09:45:00.877Z] metrics rss=30.22 MB heapUsed=4.29 MB cpuLoad=5.05 memUsage=82.84%

=== Performance Monitor Summary ===
Timestamp: 2025-08-26T09:45:00.874Z
System Uptime: 6 hours
Hostname: MacBook-Pro-de-Kleber.local

Current Status:
  CPU Load: 5.05
  Memory Usage: 82.84%
  Memory Free: 5.49 GB
  Process Memory: 30.22 MB
  Process Uptime: 0 minutes

Alerts:
  Total: 1
  Critical: 0 🔴
  Warning: 1 🟡

===================================

[2025-08-26T09:45:30.878Z] ALERT [WARNING] Memory usage warning: 85.34%
[2025-08-26T09:45:30.878Z] metrics rss=30.56 MB heapUsed=4.44 MB cpuLoad=5.19 memUsage=85.34%
[2025-08-26T09:46:00.879Z] metrics rss=30.61 MB heapUsed=4.47 MB cpuLoad=5.12 memUsage=62.49%
[2025-08-26T10:00:19.173Z] Starting Real-Time Performance Monitor
[2025-08-26T10:00:19.178Z] Starting real-time performance monitoring
No metrics available
[2025-08-26T10:00:49.181Z] metrics rss=29.86 MB heapUsed=4.40 MB cpuLoad=2.79 memUsage=35.95%
[2025-08-26T10:01:19.885Z] metrics rss=30.06 MB heapUsed=4.46 MB cpuLoad=2.80 memUsage=42.61%
[2025-08-26T10:01:49.859Z] metrics rss=30.14 MB heapUsed=4.48 MB cpuLoad=7.50 memUsage=55.76%
[2025-08-26T10:02:01.352Z] Stopping Real-Time Performance Monitor...
[2025-08-26T10:02:01.352Z] Stopping performance monitoring
[2025-08-26T10:02:24.976Z] Starting Real-Time Performance Monitor
[2025-08-26T10:02:24.981Z] Starting real-time performance monitoring
[2025-08-26T10:02:54.984Z] metrics rss=29.54 MB heapUsed=4.28 MB cpuLoad=4.55 memUsage=56.38%
[2025-08-26T10:03:24.980Z] metrics rss=29.74 MB heapUsed=4.35 MB cpuLoad=6.00 memUsage=67.40%
[2025-08-26T10:03:54.980Z] metrics rss=29.84 MB heapUsed=4.37 MB cpuLoad=6.22 memUsage=72.93%
[2025-08-26T10:04:03.219Z] Stopping Real-Time Performance Monitor...
[2025-08-26T10:04:03.219Z] Stopping performance monitoring
[2025-08-26T10:04:30.075Z] Starting Real-Time Performance Monitor
[2025-08-26T10:04:30.081Z] Starting real-time performance monitoring
[2025-08-26T10:05:00.081Z] metrics rss=30.61 MB heapUsed=4.28 MB cpuLoad=11.46 memUsage=77.62%

=== Performance Monitor Summary ===
Timestamp: 2025-08-26T10:05:00.080Z
System Uptime: 0 hours
Hostname: MacBook-Pro-de-Kleber.local

Current Status:
  CPU Load: 11.46
  Memory Usage: 77.62%
  Memory Free: 7.16 GB
  Process Memory: 30.61 MB
  Process Uptime: 0 minutes

Alerts:
  Total: 0
  Critical: 0 🔴
  Warning: 0 🟡

===================================

[2025-08-26T10:05:30.082Z] metrics rss=30.94 MB heapUsed=4.43 MB cpuLoad=8.62 memUsage=79.52%
[2025-08-26T10:06:00.081Z] metrics rss=30.98 MB heapUsed=4.46 MB cpuLoad=6.51 memUsage=79.66%
[2025-08-26T10:06:02.060Z] Stopping Real-Time Performance Monitor...
[2025-08-26T10:06:02.060Z] Stopping performance monitoring
[2025-08-26T10:06:35.159Z] Starting Real-Time Performance Monitor
[2025-08-26T10:06:35.162Z] Starting real-time performance monitoring
[2025-08-26T10:07:05.164Z] metrics rss=30.28 MB heapUsed=4.28 MB cpuLoad=10.72 memUsage=79.58%
[2025-08-26T10:07:35.162Z] ALERT [WARNING] Memory usage warning: 81.99%
[2025-08-26T10:07:35.162Z] metrics rss=30.46 MB heapUsed=4.34 MB cpuLoad=8.94 memUsage=81.99%
[2025-08-26T10:08:02.021Z] Stopping Real-Time Performance Monitor...
[2025-08-26T10:08:02.022Z] Stopping performance monitoring
[2025-08-26T10:10:45.225Z] Starting Real-Time Performance Monitor
[2025-08-26T10:10:45.229Z] Starting real-time performance monitoring
No metrics available
[2025-08-26T10:16:33.676Z] ALERT [WARNING] Memory usage warning: 86.38%
[2025-08-26T10:16:33.676Z] metrics rss=30.28 MB heapUsed=4.29 MB cpuLoad=10.67 memUsage=86.38%
[2025-08-26T10:16:33.677Z] Stopping Real-Time Performance Monitor...
[2025-08-26T10:16:33.677Z] Stopping performance monitoring
[2025-08-26T10:17:38.753Z] Starting Real-Time Performance Monitor
[2025-08-26T10:17:38.757Z] Starting real-time performance monitoring
[2025-08-26T10:18:01.029Z] Stopping Real-Time Performance Monitor...
[2025-08-26T10:18:01.030Z] Stopping performance monitoring
[2025-08-26T10:18:43.848Z] Starting Real-Time Performance Monitor
[2025-08-26T10:18:43.851Z] Starting real-time performance monitoring
[2025-08-26T10:19:13.854Z] ALERT [WARNING] Memory usage warning: 82.29%
[2025-08-26T10:19:13.855Z] metrics rss=30.52 MB heapUsed=4.28 MB cpuLoad=6.85 memUsage=82.29%
[2025-08-26T10:19:43.850Z] ALERT [WARNING] Memory usage warning: 81.99%
[2025-08-26T10:19:43.850Z] metrics rss=30.71 MB heapUsed=4.34 MB cpuLoad=5.15 memUsage=81.99%
[2025-08-26T10:20:02.057Z] Stopping Real-Time Performance Monitor...
[2025-08-26T10:20:02.057Z] Stopping performance monitoring
[2025-08-26T10:20:48.921Z] Starting Real-Time Performance Monitor
[2025-08-26T10:20:48.925Z] Starting real-time performance monitoring
No metrics available
[2025-08-26T10:21:18.926Z] ALERT [WARNING] Memory usage warning: 82.19%
[2025-08-26T10:21:18.926Z] metrics rss=30.57 MB heapUsed=4.30 MB cpuLoad=4.46 memUsage=82.19%
[2025-08-26T10:21:48.923Z] ALERT [WARNING] Memory usage warning: 82.20%
[2025-08-26T10:21:48.923Z] metrics rss=30.77 MB heapUsed=4.36 MB cpuLoad=3.82 memUsage=82.20%
[2025-08-26T10:22:01.132Z] Stopping Real-Time Performance Monitor...
[2025-08-26T10:22:01.132Z] Stopping performance monitoring
[2025-08-26T10:52:22.215Z] Starting Real-Time Performance Monitor
[2025-08-26T10:52:22.218Z] Starting real-time performance monitoring
[2025-08-26T10:52:52.234Z] ALERT [WARNING] Memory usage warning: 85.81%
[2025-08-26T10:52:52.235Z] metrics rss=29.84 MB heapUsed=4.28 MB cpuLoad=4.37 memUsage=85.81%

=== Performance Monitor Summary ===
Timestamp: 2025-08-26T10:52:52.227Z
System Uptime: 1 hours
Hostname: MacBook-Pro-de-Kleber.local

Current Status:
  CPU Load: 4.37
  Memory Usage: 85.81%
  Memory Free: 4.54 GB
  Process Memory: 29.84 MB
  Process Uptime: 0 minutes

Alerts:
  Total: 1
  Critical: 0 🔴
  Warning: 1 🟡

===================================

[2025-08-26T10:55:20.827Z] ALERT [WARNING] Memory usage warning: 83.19%
[2025-08-26T10:55:20.827Z] metrics rss=30.21 MB heapUsed=4.43 MB cpuLoad=4.28 memUsage=83.19%
[2025-08-26T10:55:20.828Z] Stopping Real-Time Performance Monitor...
[2025-08-26T10:55:20.828Z] Stopping performance monitoring
[2025-08-26T10:56:01.922Z] Stopping Real-Time Performance Monitor...
[2025-08-26T10:56:01.922Z] Monitoring is not active
[2025-08-26T10:56:25.909Z] Starting Real-Time Performance Monitor
[2025-08-26T10:56:25.913Z] Starting real-time performance monitoring
[2025-08-26T10:56:55.917Z] ALERT [WARNING] Memory usage warning: 84.27%
[2025-08-26T10:56:55.918Z] metrics rss=30.39 MB heapUsed=4.28 MB cpuLoad=5.99 memUsage=84.27%
[2025-08-26T10:57:25.916Z] ALERT [WARNING] Memory usage warning: 82.58%
[2025-08-26T10:57:25.916Z] metrics rss=30.62 MB heapUsed=4.35 MB cpuLoad=5.02 memUsage=82.58%
[2025-08-26T10:57:55.952Z] ALERT [WARNING] Memory usage warning: 82.89%
[2025-08-26T10:57:55.953Z] metrics rss=30.66 MB heapUsed=4.38 MB cpuLoad=6.47 memUsage=82.89%
[2025-08-26T10:58:01.576Z] Stopping Real-Time Performance Monitor...
[2025-08-26T10:58:01.577Z] Stopping performance monitoring
[2025-08-26T10:58:31.009Z] Starting Real-Time Performance Monitor
[2025-08-26T10:58:31.013Z] Starting real-time performance monitoring
[2025-08-26T10:59:01.018Z] ALERT [WARNING] Memory usage warning: 83.03%
[2025-08-26T10:59:01.018Z] metrics rss=30.49 MB heapUsed=4.29 MB cpuLoad=5.95 memUsage=83.03%
[2025-08-26T10:59:31.018Z] ALERT [WARNING] Memory usage warning: 84.86%
[2025-08-26T10:59:31.018Z] metrics rss=30.69 MB heapUsed=4.35 MB cpuLoad=6.64 memUsage=84.86%
[2025-08-26T11:00:01.022Z] ALERT [WARNING] Memory usage warning: 84.82%
[2025-08-26T11:00:01.022Z] metrics rss=30.72 MB heapUsed=4.38 MB cpuLoad=6.71 memUsage=84.82%
[2025-08-26T11:00:02.573Z] Stopping Real-Time Performance Monitor...
[2025-08-26T11:00:02.574Z] Stopping performance monitoring
[2025-08-26T11:04:46.428Z] Starting Real-Time Performance Monitor
[2025-08-26T11:04:46.433Z] Starting real-time performance monitoring
[2025-08-26T11:05:16.437Z] ALERT [WARNING] Memory usage warning: 86.09%
[2025-08-26T11:05:16.438Z] metrics rss=30.32 MB heapUsed=4.28 MB cpuLoad=7.74 memUsage=86.09%

=== Performance Monitor Summary ===
Timestamp: 2025-08-26T11:05:16.435Z
System Uptime: 1 hours
Hostname: MacBook-Pro-de-Kleber.local

Current Status:
  CPU Load: 7.74
  Memory Usage: 86.09%
  Memory Free: 4.45 GB
  Process Memory: 30.32 MB
  Process Uptime: 0 minutes

Alerts:
  Total: 1
  Critical: 0 🔴
  Warning: 1 🟡

===================================

[2025-08-26T11:05:46.441Z] ALERT [WARNING] Memory usage warning: 83.88%
[2025-08-26T11:05:46.441Z] metrics rss=30.74 MB heapUsed=4.43 MB cpuLoad=8.61 memUsage=83.88%
[2025-08-26T11:06:01.286Z] Stopping Real-Time Performance Monitor...
[2025-08-26T11:06:01.287Z] Stopping performance monitoring
[2025-08-26T11:12:03.046Z] Starting Real-Time Performance Monitor
[2025-08-26T11:12:03.049Z] Starting real-time performance monitoring
[2025-08-26T11:12:04.540Z] Stopping Real-Time Performance Monitor...
[2025-08-26T11:12:04.541Z] Stopping performance monitoring
[2025-08-26T11:37:02.053Z] Starting Real-Time Performance Monitor
[2025-08-26T11:37:02.065Z] Starting real-time performance monitoring
[2025-08-26T11:51:38.912Z] ALERT [WARNING] Memory usage warning: 85.15%
[2025-08-26T11:51:38.913Z] metrics rss=29.76 MB heapUsed=4.27 MB cpuLoad=5.40 memUsage=85.15%
[2025-08-26T11:52:08.931Z] ALERT [WARNING] Memory usage warning: 87.16%
[2025-08-26T11:52:08.932Z] metrics rss=30.03 MB heapUsed=4.34 MB cpuLoad=6.10 memUsage=87.16%
[2025-08-26T11:52:38.936Z] ALERT [WARNING] Memory usage warning: 87.37%
[2025-08-26T11:52:38.936Z] metrics rss=30.08 MB heapUsed=4.37 MB cpuLoad=5.32 memUsage=87.37%
[2025-08-26T11:53:08.939Z] ALERT [WARNING] Memory usage warning: 87.43%
[2025-08-26T11:53:08.939Z] metrics rss=30.14 MB heapUsed=4.41 MB cpuLoad=4.46 memUsage=87.43%
[2025-08-26T11:53:38.940Z] ALERT [WARNING] Memory usage warning: 87.31%
[2025-08-26T11:53:38.940Z] metrics rss=30.25 MB heapUsed=4.48 MB cpuLoad=4.43 memUsage=87.31%
[2025-08-26T11:54:01.175Z] Stopping Real-Time Performance Monitor...
[2025-08-26T11:54:01.175Z] Stopping performance monitoring
[2025-08-26T11:54:44.029Z] Starting Real-Time Performance Monitor
[2025-08-26T11:54:44.035Z] Starting real-time performance monitoring
[2025-08-26T11:55:14.038Z] ALERT [WARNING] Memory usage warning: 86.71%
[2025-08-26T11:55:14.038Z] metrics rss=30.52 MB heapUsed=4.28 MB cpuLoad=4.78 memUsage=86.71%
[2025-08-26T11:55:44.038Z] ALERT [WARNING] Memory usage warning: 86.57%
[2025-08-26T11:55:44.038Z] metrics rss=30.71 MB heapUsed=4.34 MB cpuLoad=4.67 memUsage=86.57%

=== Performance Monitor Summary ===
Timestamp: 2025-08-26T11:55:44.037Z
System Uptime: 2 hours
Hostname: MacBook-Pro-de-Kleber.local

Current Status:
  CPU Load: 4.67
  Memory Usage: 86.57%
  Memory Free: 4.30 GB
  Process Memory: 30.71 MB
  Process Uptime: 1 minutes

Alerts:
  Total: 2
  Critical: 0 🔴
  Warning: 2 🟡

===================================

[2025-08-26T11:56:01.112Z] Stopping Real-Time Performance Monitor...
[2025-08-26T11:56:01.113Z] Stopping performance monitoring
[2025-08-26T11:56:49.139Z] Starting Real-Time Performance Monitor
[2025-08-26T11:56:49.144Z] Starting real-time performance monitoring
[2025-08-26T12:18:36.414Z] ALERT [WARNING] Memory usage warning: 87.61%
[2025-08-26T12:18:36.414Z] metrics rss=29.55 MB heapUsed=4.27 MB cpuLoad=8.03 memUsage=87.61%
[2025-08-26T12:19:06.412Z] ALERT [WARNING] Memory usage warning: 89.97%
[2025-08-26T12:19:06.412Z] metrics rss=29.78 MB heapUsed=4.34 MB cpuLoad=7.65 memUsage=89.97%
[2025-08-26T12:19:36.411Z] ALERT [WARNING] Memory usage warning: 89.64%
[2025-08-26T12:19:36.411Z] metrics rss=29.84 MB heapUsed=4.37 MB cpuLoad=7.69 memUsage=89.64%
[2025-08-26T12:20:02.135Z] Stopping Real-Time Performance Monitor...
[2025-08-26T12:20:02.136Z] Stopping performance monitoring
[2025-08-26T12:20:41.582Z] Starting Real-Time Performance Monitor
[2025-08-26T12:20:41.599Z] Starting real-time performance monitoring
No metrics available
[2025-08-26T12:21:11.600Z] ALERT [WARNING] Memory usage warning: 88.93%
[2025-08-26T12:21:11.601Z] metrics rss=30.82 MB heapUsed=4.32 MB cpuLoad=12.56 memUsage=88.93%
[2025-08-26T12:21:41.597Z] ALERT [WARNING] Memory usage warning: 91.11%
[2025-08-26T12:21:41.597Z] metrics rss=31.01 MB heapUsed=4.38 MB cpuLoad=13.90 memUsage=91.11%
[2025-08-26T12:22:01.638Z] Stopping Real-Time Performance Monitor...
[2025-08-26T12:22:01.639Z] Stopping performance monitoring
[2025-08-26T12:22:46.679Z] Starting Real-Time Performance Monitor
[2025-08-26T12:22:46.684Z] Starting real-time performance monitoring
[2025-08-26T12:23:16.686Z] ALERT [WARNING] Memory usage warning: 89.11%
[2025-08-26T12:23:16.686Z] metrics rss=30.35 MB heapUsed=4.28 MB cpuLoad=7.70 memUsage=89.11%
[2025-08-26T12:42:37.913Z] Starting Real-Time Performance Monitor
[2025-08-26T12:42:37.919Z] Starting real-time performance monitoring
