[2025-08-19T03:40:09.368Z] [RAPID] INFO: Starting rapid content generation...
[2025-08-19T03:40:09.923Z] [RAPID] INFO: Created service page: Data Processing
[2025-08-19T03:40:09.928Z] [RAPID] INFO: Created product page: Integration Hub
[2025-08-19T03:40:09.947Z] [RAPID] INFO: Created tutorial page: Mastering AI-Powered Analytics
[2025-08-19T03:40:09.956Z] [RAPID] INFO: Updated content registry with 3 new pages
[2025-08-19T03:40:09.961Z] [RAPID] WARN: Homepage not found, skipping update
[2025-08-19T03:40:09.962Z] [RAPID] INFO: Committing and pushing changes...
[2025-08-19T03:40:12.603Z] [RAPID] INFO: ✅ Rapid content generation completed successfully! Created 3 pages
[2025-08-19T03:40:17.061Z] [RAPID] INFO: Starting rapid content generation...
[2025-08-19T03:40:17.269Z] [RAPID] INFO: Created service page: AI-Powered Analytics
[2025-08-19T03:40:17.271Z] [RAPID] INFO: Created product page: Smart Dashboard
[2025-08-19T03:40:17.273Z] [RAPID] INFO: Created tutorial page: Mastering Machine Learning
[2025-08-19T03:40:17.318Z] [RAPID] INFO: Updated content registry with 3 new pages
[2025-08-19T03:40:17.323Z] [RAPID] INFO: Updated homepage with timestamp
[2025-08-19T03:40:17.324Z] [RAPID] INFO: Committing and pushing changes...
[2025-08-19T03:40:26.206Z] [RAPID] INFO: Starting rapid content generation...
[2025-08-19T03:40:26.210Z] [RAPID] INFO: Created service page: Security Auditing
[2025-08-19T03:40:26.211Z] [RAPID] INFO: Created product page: Monitoring System
[2025-08-19T03:40:26.212Z] [RAPID] INFO: Created tutorial page: Best Practices in Cloud Infrastructure
[2025-08-19T03:40:26.224Z] [RAPID] WARN: Error reading registry: Unexpected non-whitespace character after JSON at position 1054515 (line 29833 column 2)
[2025-08-19T03:40:26.225Z] [RAPID] INFO: Updated content registry with 3 new pages
[2025-08-19T03:40:26.226Z] [RAPID] INFO: Updated homepage with timestamp
[2025-08-19T03:40:26.226Z] [RAPID] INFO: Committing and pushing changes...
[2025-08-19T03:40:28.769Z] [RAPID] INFO: ✅ Rapid content generation completed successfully! Created 3 pages and updated homepage
[2025-08-19T03:40:29.631Z] [RAPID] INFO: Starting rapid content generation...
[2025-08-19T03:40:29.642Z] [RAPID] INFO: Created service page: Mobile App Development
[2025-08-19T03:40:29.643Z] [RAPID] INFO: Created product page: Data Platform
[2025-08-19T03:40:29.645Z] [RAPID] INFO: Created tutorial page: Complete Guide to Security Auditing
[2025-08-19T03:40:29.647Z] [RAPID] INFO: Updated content registry with 3 new pages
[2025-08-19T03:40:29.647Z] [RAPID] INFO: Updated homepage with timestamp
[2025-08-19T03:40:29.648Z] [RAPID] INFO: Committing and pushing changes...
[2025-08-19T03:41:01.833Z] [RAPID] INFO: Starting rapid content generation...
[2025-08-19T03:41:01.837Z] [RAPID] INFO: Created service page: Cloud Infrastructure
[2025-08-19T03:41:01.838Z] [RAPID] INFO: Created product page: Security Framework
[2025-08-19T03:41:01.839Z] [RAPID] INFO: Created tutorial page: Mastering Mobile App Development
[2025-08-19T03:41:01.840Z] [RAPID] INFO: Updated content registry with 3 new pages
[2025-08-19T03:41:01.841Z] [RAPID] INFO: Updated homepage with timestamp
[2025-08-19T03:41:01.841Z] [RAPID] INFO: Committing and pushing changes...
[2025-08-19T03:41:04.720Z] [RAPID] INFO: ✅ Rapid content generation completed successfully! Created 3 pages and updated homepage
[2025-08-19T03:41:05.443Z] [RAPID] INFO: Starting rapid content generation...
[2025-08-19T03:41:05.447Z] [RAPID] INFO: Created service page: DevOps Automation
[2025-08-19T03:41:05.449Z] [RAPID] INFO: Created product page: Data Platform
[2025-08-19T03:41:05.524Z] [RAPID] INFO: Created tutorial page: Mastering Web Development
[2025-08-19T03:41:05.551Z] [RAPID] INFO: Updated content registry with 3 new pages
[2025-08-19T03:41:05.553Z] [RAPID] INFO: Updated homepage with timestamp
[2025-08-19T03:41:05.553Z] [RAPID] INFO: Committing and pushing changes...
[2025-08-19T03:41:33.554Z] [RAPID] INFO: Starting rapid content generation...
[2025-08-19T03:41:33.566Z] [RAPID] INFO: Created service page: Web Development
[2025-08-19T03:41:33.568Z] [RAPID] INFO: Created product page: Smart Dashboard
[2025-08-19T03:41:33.571Z] [RAPID] INFO: Created tutorial page: Step-by-Step Guide to Cloud Infrastructure
[2025-08-19T03:41:33.669Z] [RAPID] INFO: Updated content registry with 3 new pages
[2025-08-19T03:41:33.679Z] [RAPID] INFO: Updated homepage with timestamp
[2025-08-19T03:41:33.679Z] [RAPID] INFO: Committing and pushing changes...
[2025-08-19T03:41:36.686Z] [RAPID] INFO: ✅ Rapid content generation completed successfully! Created 3 pages and updated homepage
[2025-08-19T03:41:37.539Z] [RAPID] INFO: Starting rapid content generation...
[2025-08-19T03:41:37.543Z] [RAPID] INFO: Created service page: Mobile App Development
[2025-08-19T03:41:37.544Z] [RAPID] INFO: Created product page: Security Framework
[2025-08-19T03:41:37.545Z] [RAPID] INFO: Created tutorial page: Best Practices in API Integration
[2025-08-19T03:41:37.685Z] [RAPID] INFO: Updated content registry with 3 new pages
[2025-08-19T03:41:37.686Z] [RAPID] INFO: Updated homepage with timestamp
[2025-08-19T03:41:37.687Z] [RAPID] INFO: Committing and pushing changes...
[2025-08-19T03:42:00.981Z] [RAPID] INFO: Starting rapid content generation...
[2025-08-19T03:42:01.775Z] [RAPID] INFO: Created service page: Database Optimization
[2025-08-19T03:42:08.267Z] [RAPID] INFO: Starting rapid content generation...
[2025-08-19T03:42:08.621Z] [RAPID] INFO: Created service page: Web Development
[2025-08-19T03:42:08.624Z] [RAPID] INFO: Created product page: Analytics Engine
[2025-08-19T03:42:08.625Z] [RAPID] INFO: Created tutorial page: Essential Skills in API Integration
[2025-08-19T03:42:08.628Z] [RAPID] INFO: Updated content registry with 3 new pages
[2025-08-19T03:42:08.629Z] [RAPID] INFO: Updated homepage with timestamp
[2025-08-19T03:42:08.629Z] [RAPID] INFO: Committing and pushing changes...
[2025-08-19T03:42:34.463Z] [RAPID] INFO: Starting rapid content generation...
[2025-08-19T03:42:34.466Z] [RAPID] INFO: Created service page: Mobile App Development
[2025-08-19T03:42:34.467Z] [RAPID] INFO: Created product page: Monitoring System
[2025-08-19T03:42:34.468Z] [RAPID] INFO: Created tutorial page: Getting Started with API Integration
[2025-08-19T03:42:34.532Z] [RAPID] INFO: Updated content registry with 3 new pages
[2025-08-19T03:42:34.533Z] [RAPID] INFO: Updated homepage with timestamp
[2025-08-19T03:42:34.534Z] [RAPID] INFO: Committing and pushing changes...
[2025-08-19T03:42:37.552Z] [RAPID] INFO: ✅ Rapid content generation completed successfully! Created 3 pages and updated homepage
[2025-08-19T03:42:38.076Z] [RAPID] INFO: Starting rapid content generation...
[2025-08-19T03:42:38.081Z] [RAPID] INFO: Created service page: Web Development
[2025-08-19T03:42:38.082Z] [RAPID] INFO: Created product page: Development Tools
[2025-08-19T03:42:38.083Z] [RAPID] INFO: Created tutorial page: Comprehensive Tutorial on Security Auditing
[2025-08-19T03:42:38.112Z] [RAPID] INFO: Updated content registry with 3 new pages
[2025-08-19T03:42:38.114Z] [RAPID] INFO: Updated homepage with timestamp
[2025-08-19T03:42:38.114Z] [RAPID] INFO: Committing and pushing changes...
[2025-08-19T03:42:57.548Z] [RAPID] INFO: Starting rapid content generation...
[2025-08-19T03:42:57.552Z] [RAPID] INFO: Created service page: API Integration
[2025-08-19T03:42:57.554Z] [RAPID] INFO: Created product page: Performance Optimizer
[2025-08-19T03:42:57.555Z] [RAPID] INFO: Created tutorial page: Expert Techniques for Mobile App Development
[2025-08-19T03:42:57.580Z] [RAPID] INFO: Updated content registry with 3 new pages
[2025-08-19T03:42:57.581Z] [RAPID] INFO: Updated homepage with timestamp
[2025-08-19T03:42:57.582Z] [RAPID] INFO: Committing and pushing changes...
[2025-08-19T03:43:00.422Z] [RAPID] INFO: ✅ Rapid content generation completed successfully! Created 3 pages and updated homepage
[2025-08-19T03:43:01.019Z] [RAPID] INFO: Starting rapid content generation...
[2025-08-19T03:43:01.026Z] [RAPID] INFO: Created service page: Web Development
[2025-08-19T03:43:01.029Z] [RAPID] INFO: Created product page: Monitoring System
[2025-08-19T03:43:01.030Z] [RAPID] INFO: Created tutorial page: Professional Tips for API Integration
[2025-08-19T03:43:01.049Z] [RAPID] INFO: Updated content registry with 3 new pages
[2025-08-19T03:43:01.050Z] [RAPID] INFO: Updated homepage with timestamp
[2025-08-19T03:43:01.050Z] [RAPID] INFO: Committing and pushing changes...
[2025-08-19T03:43:03.424Z] [RAPID] INFO: ✅ Rapid content generation completed successfully! Created 3 pages and updated homepage
[2025-08-19T03:43:03.990Z] [RAPID] INFO: Starting rapid content generation...
[2025-08-19T03:43:03.994Z] [RAPID] INFO: Created service page: DevOps Automation
[2025-08-19T03:43:03.995Z] [RAPID] INFO: Created product page: Automation Suite
[2025-08-19T03:43:03.996Z] [RAPID] INFO: Created tutorial page: Complete Guide to Data Processing
[2025-08-19T03:43:04.092Z] [RAPID] INFO: Updated content registry with 3 new pages
[2025-08-19T03:43:04.095Z] [RAPID] INFO: Updated homepage with timestamp
[2025-08-19T03:43:04.096Z] [RAPID] INFO: Committing and pushing changes...
[2025-08-19T03:43:22.196Z] [RAPID] INFO: Starting rapid content generation...
[2025-08-19T03:43:22.201Z] [RAPID] INFO: Created service page: Cloud Infrastructure
[2025-08-19T03:43:22.202Z] [RAPID] INFO: Created product page: Collaboration Platform
[2025-08-19T03:43:22.203Z] [RAPID] INFO: Created tutorial page: Professional Tips for Web Development
[2025-08-19T03:43:22.231Z] [RAPID] INFO: Updated content registry with 3 new pages
[2025-08-19T03:43:22.232Z] [RAPID] INFO: Updated homepage with timestamp
[2025-08-19T03:43:22.232Z] [RAPID] INFO: Committing and pushing changes...
[2025-08-19T03:43:24.717Z] [RAPID] INFO: ✅ Rapid content generation completed successfully! Created 3 pages and updated homepage
[2025-08-19T03:43:25.187Z] [RAPID] INFO: Starting rapid content generation...
[2025-08-19T03:43:25.190Z] [RAPID] INFO: Created service page: AI-Powered Analytics
[2025-08-19T03:43:25.191Z] [RAPID] INFO: Created product page: Analytics Engine
[2025-08-19T03:43:25.192Z] [RAPID] INFO: Created tutorial page: Complete Guide to Cloud Infrastructure
[2025-08-19T03:43:25.212Z] [RAPID] INFO: Updated content registry with 3 new pages
[2025-08-19T03:43:25.213Z] [RAPID] INFO: Updated homepage with timestamp
[2025-08-19T03:43:25.213Z] [RAPID] INFO: Committing and pushing changes...
[2025-08-19T03:43:48.574Z] [RAPID] INFO: Starting rapid content generation...
[2025-08-19T03:43:48.579Z] [RAPID] INFO: Created service page: Web Development
[2025-08-19T03:43:48.580Z] [RAPID] INFO: Created product page: Automation Suite
[2025-08-19T03:43:48.581Z] [RAPID] INFO: Created tutorial page: Complete Guide to API Integration
[2025-08-19T03:43:48.602Z] [RAPID] INFO: Updated content registry with 3 new pages
[2025-08-19T03:43:48.603Z] [RAPID] INFO: Updated homepage with timestamp
[2025-08-19T03:43:48.649Z] [RAPID] INFO: Committing and pushing changes...
[2025-08-19T03:43:51.432Z] [RAPID] INFO: ✅ Rapid content generation completed successfully! Created 3 pages and updated homepage
[2025-08-19T03:43:52.149Z] [RAPID] INFO: Starting rapid content generation...
[2025-08-19T03:43:52.168Z] [RAPID] INFO: Created service page: Database Optimization
[2025-08-19T03:43:52.170Z] [RAPID] INFO: Created product page: Collaboration Platform
[2025-08-19T03:43:52.171Z] [RAPID] INFO: Created tutorial page: Complete Guide to Database Optimization
[2025-08-19T03:43:52.223Z] [RAPID] INFO: Updated content registry with 3 new pages
[2025-08-19T03:43:52.224Z] [RAPID] INFO: Updated homepage with timestamp
[2025-08-19T03:43:52.225Z] [RAPID] INFO: Committing and pushing changes...
[2025-08-19T03:44:00.751Z] [RAPID] INFO: Starting rapid content generation...
[2025-08-19T03:44:00.757Z] [RAPID] INFO: Created service page: DevOps Automation
[2025-08-19T03:44:00.758Z] [RAPID] INFO: Created product page: Integration Hub
[2025-08-19T03:44:00.760Z] [RAPID] INFO: Created tutorial page: Comprehensive Tutorial on DevOps Automation
[2025-08-19T03:44:00.863Z] [RAPID] INFO: Updated content registry with 3 new pages
[2025-08-19T03:44:00.865Z] [RAPID] INFO: Updated homepage with timestamp
[2025-08-19T03:44:00.866Z] [RAPID] INFO: Committing and pushing changes...
[2025-08-19T03:44:03.715Z] [RAPID] INFO: ✅ Rapid content generation completed successfully! Created 3 pages and updated homepage
[2025-08-19T03:44:04.287Z] [RAPID] INFO: Starting rapid content generation...
[2025-08-19T03:44:04.294Z] [RAPID] INFO: Created service page: Security Auditing
[2025-08-19T03:44:04.295Z] [RAPID] INFO: Created product page: Integration Hub
[2025-08-19T03:44:04.297Z] [RAPID] INFO: Created tutorial page: Essential Skills in Cloud Infrastructure
[2025-08-19T03:44:04.298Z] [RAPID] INFO: Updated content registry with 3 new pages
[2025-08-19T03:44:04.299Z] [RAPID] INFO: Updated homepage with timestamp
[2025-08-19T03:44:04.300Z] [RAPID] INFO: Committing and pushing changes...
[2025-08-19T03:44:04.430Z] [RAPID] INFO: ✅ Rapid content generation completed successfully! Created 3 pages and updated homepage
[2025-08-19T03:44:04.936Z] [RAPID] INFO: Starting rapid content generation...
[2025-08-19T03:44:04.941Z] [RAPID] INFO: Created service page: API Integration
[2025-08-19T03:44:04.942Z] [RAPID] INFO: Created product page: Development Tools
[2025-08-19T03:44:04.942Z] [RAPID] INFO: Created tutorial page: Advanced Techniques for AI-Powered Analytics
[2025-08-19T03:44:04.944Z] [RAPID] INFO: Updated content registry with 3 new pages
[2025-08-19T03:44:04.947Z] [RAPID] INFO: Updated homepage with timestamp
[2025-08-19T03:44:04.947Z] [RAPID] INFO: Committing and pushing changes...
[2025-08-19T03:44:05.085Z] [RAPID] INFO: ✅ Rapid content generation completed successfully! Created 3 pages and updated homepage
[2025-08-19T03:44:05.599Z] [RAPID] INFO: Starting rapid content generation...
[2025-08-19T03:44:05.602Z] [RAPID] INFO: Created service page: Database Optimization
[2025-08-19T03:44:05.603Z] [RAPID] INFO: Created product page: Security Framework
[2025-08-19T03:44:05.604Z] [RAPID] INFO: Created tutorial page: Getting Started with AI-Powered Analytics
[2025-08-19T03:44:05.605Z] [RAPID] INFO: Updated content registry with 3 new pages
[2025-08-19T03:44:05.606Z] [RAPID] INFO: Updated homepage with timestamp
[2025-08-19T03:44:05.606Z] [RAPID] INFO: Committing and pushing changes...
[2025-08-19T03:44:05.747Z] [RAPID] INFO: ✅ Rapid content generation completed successfully! Created 3 pages and updated homepage
[2025-08-19T03:44:06.160Z] [RAPID] INFO: Starting rapid content generation...
[2025-08-19T03:44:06.165Z] [RAPID] INFO: Created service page: Machine Learning
[2025-08-19T03:44:06.166Z] [RAPID] INFO: Created product page: Smart Dashboard
[2025-08-19T03:44:06.168Z] [RAPID] INFO: Created tutorial page: Comprehensive Tutorial on Cloud Infrastructure
[2025-08-19T03:44:06.169Z] [RAPID] INFO: Updated content registry with 3 new pages
[2025-08-19T03:44:06.170Z] [RAPID] INFO: Updated homepage with timestamp
[2025-08-19T03:44:06.171Z] [RAPID] INFO: Committing and pushing changes...
[2025-08-19T03:44:06.346Z] [RAPID] INFO: ✅ Rapid content generation completed successfully! Created 3 pages and updated homepage
[2025-08-19T03:44:06.668Z] [RAPID] INFO: Starting rapid content generation...
[2025-08-19T03:44:06.672Z] [RAPID] INFO: Created service page: Web Development
[2025-08-19T03:44:06.673Z] [RAPID] INFO: Created product page: Monitoring System
[2025-08-19T03:44:06.674Z] [RAPID] INFO: Created tutorial page: Comprehensive Tutorial on Data Processing
[2025-08-19T03:44:06.675Z] [RAPID] INFO: Updated content registry with 3 new pages
[2025-08-19T03:44:06.676Z] [RAPID] INFO: Updated homepage with timestamp
[2025-08-19T03:44:06.676Z] [RAPID] INFO: Committing and pushing changes...
[2025-08-19T03:44:06.854Z] [RAPID] INFO: ✅ Rapid content generation completed successfully! Created 3 pages and updated homepage
[2025-08-19T03:44:07.208Z] [RAPID] INFO: Starting rapid content generation...
[2025-08-19T03:44:07.216Z] [RAPID] INFO: Created service page: AI-Powered Analytics
[2025-08-19T03:44:07.217Z] [RAPID] INFO: Created product page: Monitoring System
[2025-08-19T03:44:07.218Z] [RAPID] INFO: Created tutorial page: Mastering AI-Powered Analytics
[2025-08-19T03:44:07.222Z] [RAPID] INFO: Updated content registry with 3 new pages
[2025-08-19T03:44:07.223Z] [RAPID] INFO: Updated homepage with timestamp
[2025-08-19T03:44:07.223Z] [RAPID] INFO: Committing and pushing changes...
[2025-08-19T03:44:07.366Z] [RAPID] INFO: ✅ Rapid content generation completed successfully! Created 3 pages and updated homepage
[2025-08-19T03:44:07.700Z] [RAPID] INFO: Starting rapid content generation...
[2025-08-19T03:44:07.705Z] [RAPID] INFO: Created service page: AI-Powered Analytics
[2025-08-19T03:44:07.706Z] [RAPID] INFO: Created product page: Data Platform
[2025-08-19T03:44:07.707Z] [RAPID] INFO: Created tutorial page: Comprehensive Tutorial on Cloud Infrastructure
[2025-08-19T03:44:07.708Z] [RAPID] INFO: Updated content registry with 3 new pages
[2025-08-19T03:44:07.709Z] [RAPID] INFO: Updated homepage with timestamp
[2025-08-19T03:44:07.710Z] [RAPID] INFO: Committing and pushing changes...
[2025-08-19T03:44:07.848Z] [RAPID] INFO: ✅ Rapid content generation completed successfully! Created 3 pages and updated homepage
[2025-08-19T03:44:08.168Z] [RAPID] INFO: Starting rapid content generation...
[2025-08-19T03:44:08.172Z] [RAPID] INFO: Created service page: Database Optimization
[2025-08-19T03:44:08.173Z] [RAPID] INFO: Created product page: Development Tools
[2025-08-19T03:44:08.174Z] [RAPID] INFO: Created tutorial page: Complete Guide to Web Development
[2025-08-19T03:44:08.175Z] [RAPID] INFO: Updated content registry with 3 new pages
[2025-08-19T03:44:08.176Z] [RAPID] INFO: Updated homepage with timestamp
[2025-08-19T03:44:08.177Z] [RAPID] INFO: Committing and pushing changes...
[2025-08-19T03:44:08.335Z] [RAPID] INFO: ✅ Rapid content generation completed successfully! Created 3 pages and updated homepage
[2025-08-19T03:44:15.892Z] [RAPID] INFO: Starting rapid content generation...
[2025-08-19T03:44:15.896Z] [RAPID] INFO: Created service page: API Integration
[2025-08-19T03:44:15.898Z] [RAPID] INFO: Created product page: Analytics Engine
[2025-08-19T03:44:15.899Z] [RAPID] INFO: Created tutorial page: Getting Started with Security Auditing
[2025-08-19T03:44:15.901Z] [RAPID] INFO: Updated content registry with 3 new pages
[2025-08-19T03:44:15.902Z] [RAPID] INFO: Updated homepage with timestamp
[2025-08-19T03:44:15.902Z] [RAPID] INFO: Committing and pushing changes...
[2025-08-19T03:44:16.040Z] [RAPID] INFO: ✅ Rapid content generation completed successfully! Created 3 pages and updated homepage
[2025-08-19T03:44:16.529Z] [RAPID] INFO: Starting rapid content generation...
[2025-08-19T03:44:16.535Z] [RAPID] INFO: Created service page: Security Auditing
[2025-08-19T03:44:16.536Z] [RAPID] INFO: Created product page: Development Tools
[2025-08-19T03:44:16.537Z] [RAPID] INFO: Created tutorial page: Advanced Techniques for Mobile App Development
[2025-08-19T03:44:16.539Z] [RAPID] INFO: Updated content registry with 3 new pages
[2025-08-19T03:44:16.540Z] [RAPID] INFO: Updated homepage with timestamp
[2025-08-19T03:44:16.540Z] [RAPID] INFO: Committing and pushing changes...
[2025-08-19T03:44:16.691Z] [RAPID] INFO: ✅ Rapid content generation completed successfully! Created 3 pages and updated homepage
[2025-08-19T03:44:17.370Z] [RAPID] INFO: Starting rapid content generation...
[2025-08-19T03:44:17.376Z] [RAPID] INFO: Created service page: Cloud Infrastructure
[2025-08-19T03:44:17.377Z] [RAPID] INFO: Created product page: Collaboration Platform
[2025-08-19T03:44:17.378Z] [RAPID] INFO: Created tutorial page: Professional Tips for Mobile App Development
[2025-08-19T03:44:17.380Z] [RAPID] INFO: Updated content registry with 3 new pages
[2025-08-19T03:44:17.381Z] [RAPID] INFO: Updated homepage with timestamp
[2025-08-19T03:44:17.381Z] [RAPID] INFO: Committing and pushing changes...
[2025-08-19T03:44:17.520Z] [RAPID] INFO: ✅ Rapid content generation completed successfully! Created 3 pages and updated homepage
[2025-08-19T03:44:18.103Z] [RAPID] INFO: Starting rapid content generation...
[2025-08-19T03:44:18.538Z] [RAPID] INFO: Created service page: AI-Powered Analytics
[2025-08-19T03:44:18.701Z] [RAPID] INFO: Created product page: Analytics Engine
[2025-08-19T03:44:18.704Z] [RAPID] INFO: Created tutorial page: Expert Techniques for AI-Powered Analytics
[2025-08-19T03:44:18.918Z] [RAPID] INFO: Updated content registry with 3 new pages
[2025-08-19T03:44:19.644Z] [RAPID] INFO: Updated homepage with timestamp
[2025-08-19T03:44:20.008Z] [RAPID] INFO: Committing and pushing changes...
[2025-08-19T03:44:20.496Z] [RAPID] INFO: ✅ Rapid content generation completed successfully! Created 3 pages and updated homepage
