[2025-08-25 12:00:02] Starting main automation runner...
[2025-08-25 12:00:02] ml-link-intelligence is already running
[2025-08-25 12:00:03] link-health-scheduler is already running
[2025-08-25 12:00:03] real-time-performance-monitor is already running
[2025-08-25 12:00:03] Running health check...
🔍 Checking Zion Automation Systems Status...

🟢 Online autonomous-system-manager
   Last Activity: 9s ago

🟡 Warning ml-link-intelligence
   Last Activity: 115s ago

🟢 Online link-health-scheduler
   Last Activity: 0s ago

🟢 Online real-time-performance-monitor
   Last Activity: 0s ago

📊 Log Files: 27 found
   HEALTH.runtime.log: 0.46 KB
   SYSTEM.runtime.log: 2.58 KB
   ai-trends-research.log: 0.25 KB
   autonomous-system-manager.log: 2.27 KB
   autonomous-system-manager.runtime.log: 21.83 KB
   build.log: 0.73 KB
   code-quality.log: 1.02 KB
   continuous-improvement.log: 0.06 KB
   cron.log: 0.13 KB
   dependency.log: 0.68 KB
   error-recovery.log: 0.17 KB
   git-pull-rebase.log: 0.27 KB
   git-status.log: 1.11 KB
   git-sync.log: 0.23 KB
   health-check.log: 0.21 KB
   health.log: 0.10 KB
   infinite-improvement.log: 0.44 KB
   link-health-scheduler.log: 0.12 KB
   link-health-scheduler.runtime.log: 5.29 KB
   ml-link-intelligence.log: 0.30 KB
   ml-link-intelligence.runtime.log: 9.54 KB
   real-time-performance-monitor.log: 1.36 KB
   real-time-performance-monitor.runtime.log: 21.99 KB
   run-automation.log: 1.39 KB
   security.log: 0.68 KB
   sitemap-keeper.log: 1.15 KB
   test.log: 0.71 KB

💾 Data Files: 8 found
   ai-trends.json: 2.23 KB
   analyzed-links.json: 2.17 KB
   autonomous-config.json: 1.36 KB
   autonomous-state.json: 0.34 KB
   link-schedule.json: 0.45 KB
   performance-alerts.json: 1.00 KB
   performance-metrics.json: 13.29 KB
   scheduled-links.json: 1.11 KB

==================================================
⚠️  Some automation systems need attention
==================================================
[2025-08-25 12:00:03] Checking for failed services...
[2025-08-25 12:00:04] Main automation runner completed
[2025-08-25 12:01:42] Starting main automation runner...
[2025-08-25 12:01:42] ml-link-intelligence is already running
[2025-08-25 12:01:43] link-health-scheduler is already running
[2025-08-25 12:01:43] real-time-performance-monitor is already running
[2025-08-25 12:01:43] Running health check...
🔍 Checking Zion Automation Systems Status...

🟢 Online autonomous-system-manager
   Last Activity: 4s ago

🟢 Online ml-link-intelligence
   Last Activity: 14s ago

🟢 Online link-health-scheduler
   Last Activity: 14s ago

🟢 Online real-time-performance-monitor
   Last Activity: 4s ago

📊 Log Files: 34 found
   HEALTH.runtime.log: 0.74 KB
   SYSTEM.runtime.log: 3.87 KB
   ai-trends-cron.log: 0.13 KB
   ai-trends-research.log: 0.25 KB
   autonomous-manager-coordinated.log: 0.96 KB
   autonomous-system-manager.log: 2.27 KB
   autonomous-system-manager.runtime.log: 27.60 KB
   build.log: 4.47 KB
   code-quality.log: 1.02 KB
   continuous-improvement.log: 0.13 KB
   cron.log: 0.32 KB
   dependency.log: 5.22 KB
   enhanced-autonomous-coordinated.log: 7.08 KB
   error-recovery.log: 0.27 KB
   git-pull-rebase.log: 0.27 KB
   git-status.log: 1.11 KB
   git-sync.log: 6.47 KB
   health-check.log: 5.57 KB
   health.log: 1.46 KB
   infinite-improvement.log: 1.51 KB
   link-health-scheduler-coordinated.log: 0.69 KB
   link-health-scheduler.log: 0.12 KB
   link-health-scheduler.runtime.log: 9.25 KB
   master-coordinator.log: 0.39 KB
   ml-link-intelligence-coordinated.log: 1.29 KB
   ml-link-intelligence.log: 0.30 KB
   ml-link-intelligence.runtime.log: 15.88 KB
   performance-monitor-coordinated.log: 0.69 KB
   real-time-performance-monitor.log: 1.36 KB
   real-time-performance-monitor.runtime.log: 27.76 KB
   run-automation.log: 3.73 KB
   security.log: 2.54 KB
   sitemap-keeper.log: 1.15 KB
   test.log: 7580.39 KB

💾 Data Files: 9 found
   ai-trends.json: 2.23 KB
   analyzed-links.json: 2.17 KB
   autonomous-config.json: 1.36 KB
   autonomous-state.json: 0.34 KB
   health-report.json: 0.37 KB
   link-schedule.json: 0.45 KB
   performance-alerts.json: 0.60 KB
   performance-metrics.json: 7.97 KB
   scheduled-links.json: 1.11 KB

==================================================
✅ All automation systems are healthy and running!
==================================================
[2025-08-25 12:01:43] Checking for failed services...
[2025-08-25 12:01:43] Main automation runner completed
[2025-08-25 12:05:01] Starting main automation runner...
[2025-08-25 12:05:01] ml-link-intelligence is already running
[2025-08-25 12:05:01] link-health-scheduler is already running
[2025-08-25 12:05:01] real-time-performance-monitor is already running
[2025-08-25 12:05:01] Running health check...
🔍 Checking Zion Automation Systems Status...

🟢 Online autonomous-system-manager
   Last Activity: 48s ago

🟢 Online ml-link-intelligence
   Last Activity: 16s ago

🟢 Online link-health-scheduler
   Last Activity: 38s ago

🟢 Online real-time-performance-monitor
   Last Activity: 15s ago

📊 Log Files: 35 found
   HEALTH.runtime.log: 1.39 KB
   SYSTEM.runtime.log: 7.82 KB
   ai-trends-cron.log: 0.13 KB
   ai-trends-research.log: 0.25 KB
   autonomous-manager-coordinated.log: 4.37 KB
   autonomous-system-manager.log: 2.27 KB
   autonomous-system-manager.runtime.log: 43.60 KB
   backup.log: 0.63 KB
   build.log: 4.47 KB
   code-quality.log: 1.02 KB
   continuous-improvement.log: 0.35 KB
   cron.log: 0.32 KB
   dependency.log: 5.22 KB
   enhanced-autonomous-coordinated.log: 26.79 KB
   error-recovery.log: 12.22 KB
   git-pull-rebase.log: 0.82 KB
   git-status.log: 1.11 KB
   git-sync.log: 25.07 KB
   health-check.log: 11.33 KB
   health.log: 1.46 KB
   infinite-improvement.log: 4.80 KB
   link-health-scheduler-coordinated.log: 3.16 KB
   link-health-scheduler.log: 0.12 KB
   link-health-scheduler.runtime.log: 20.69 KB
   master-coordinator.log: 2.88 KB
   ml-link-intelligence-coordinated.log: 3.91 KB
   ml-link-intelligence.log: 0.30 KB
   ml-link-intelligence.runtime.log: 29.54 KB
   performance-monitor-coordinated.log: 1.89 KB
   real-time-performance-monitor.log: 1.36 KB
   real-time-performance-monitor.runtime.log: 33.43 KB
   run-automation.log: 6.13 KB
   security.log: 2.54 KB
   sitemap-keeper.log: 1.15 KB
   test.log: 7580.39 KB

💾 Data Files: 9 found
   ai-trends.json: 2.23 KB
   analyzed-links.json: 2.17 KB
   autonomous-config.json: 1.36 KB
   autonomous-state.json: 0.34 KB
   health-report.json: 0.40 KB
   link-schedule.json: 0.45 KB
   performance-alerts.json: 0.39 KB
   performance-metrics.json: 2.65 KB
   scheduled-links.json: 1.11 KB

==================================================
✅ All automation systems are healthy and running!
==================================================
[2025-08-25 12:05:01] Checking for failed services...
[2025-08-25 12:05:02] Main automation runner completed
[2025-08-25 12:10:01] Starting main automation runner...
[2025-08-25 12:10:02] ml-link-intelligence is already running
[2025-08-25 12:10:02] link-health-scheduler is already running
[2025-08-25 12:10:02] real-time-performance-monitor is already running
[2025-08-25 12:10:02] Running health check...
🔍 Checking Zion Automation Systems Status...

🟡 Warning autonomous-system-manager
   Last Activity: 107s ago

🟢 Online ml-link-intelligence
   Last Activity: 45s ago

🟢 Online link-health-scheduler
   Last Activity: 56s ago

🟢 Online real-time-performance-monitor
   Last Activity: 4s ago

📊 Log Files: 36 found
   HEALTH.runtime.log: 2.20 KB
   SYSTEM.runtime.log: 10.67 KB
   ai-trends-cron.log: 0.13 KB
   ai-trends-research.log: 0.25 KB
   autonomous-manager-coordinated.log: 6.72 KB
   autonomous-system-manager.log: 2.27 KB
   autonomous-system-manager.runtime.log: 54.38 KB
   backup.log: 1.47 KB
   build.log: 4.47 KB
   code-quality.log: 1.02 KB
   continuous-improvement.log: 0.79 KB
   cron.log: 0.32 KB
   dependency.log: 5.22 KB
   enhanced-autonomous-coordinated.log: 45.52 KB
   error-recovery.log: 23.24 KB
   git-pull-rebase.log: 1.09 KB
   git-status.log: 1.11 KB
   git-sync.log: 37.88 KB
   health-check.log: 11.44 KB
   health.log: 1.46 KB
   infinite-improvement.log: 6.99 KB
   link-health-scheduler-coordinated.log: 5.00 KB
   link-health-scheduler.log: 0.12 KB
   link-health-scheduler.runtime.log: 28.86 KB
   maintenance.log: 0.83 KB
   master-coordinator.log: 5.28 KB
   ml-link-intelligence-coordinated.log: 6.47 KB
   ml-link-intelligence.log: 0.30 KB
   ml-link-intelligence.runtime.log: 41.56 KB
   performance-monitor-coordinated.log: 4.58 KB
   real-time-performance-monitor.log: 1.36 KB
   real-time-performance-monitor.runtime.log: 45.79 KB
   run-automation.log: 8.57 KB
   security.log: 2.54 KB
   sitemap-keeper.log: 1.15 KB
   test.log: 7580.39 KB

💾 Data Files: 9 found
   ai-trends.json: 2.23 KB
   analyzed-links.json: 2.18 KB
   autonomous-config.json: 1.36 KB
   autonomous-state.json: 0.34 KB
   health-report.json: 0.40 KB
   link-schedule.json: 0.45 KB
   performance-alerts.json: 0.79 KB
   performance-metrics.json: 5.32 KB
   scheduled-links.json: 1.11 KB

==================================================
⚠️  Some automation systems need attention
==================================================
[2025-08-25 12:10:03] Checking for failed services...
[2025-08-25 12:10:03] Main automation runner completed
[2025-08-25 12:15:01] Starting main automation runner...
[2025-08-25 12:15:01] ml-link-intelligence is already running
[2025-08-25 12:15:01] link-health-scheduler is already running
[2025-08-25 12:15:01] real-time-performance-monitor is already running
[2025-08-25 12:15:01] Running health check...
🔍 Checking Zion Automation Systems Status...

🔴 Offline autonomous-system-manager
   Last Activity: 406s ago

🟢 Online ml-link-intelligence
   Last Activity: 45s ago

🟢 Online link-health-scheduler
   Last Activity: 1s ago

🟢 Online real-time-performance-monitor
   Last Activity: 2s ago

📊 Log Files: 36 found
   HEALTH.runtime.log: 2.25 KB
   SYSTEM.runtime.log: 11.21 KB
   ai-trends-cron.log: 0.13 KB
   ai-trends-research.log: 0.25 KB
   autonomous-manager-coordinated.log: 6.72 KB
   autonomous-system-manager.log: 2.27 KB
   autonomous-system-manager.runtime.log: 54.38 KB
   backup.log: 1.47 KB
   build.log: 4.47 KB
   code-quality.log: 1.02 KB
   continuous-improvement.log: 0.94 KB
   cron.log: 0.50 KB
   dependency.log: 5.22 KB
   enhanced-autonomous-coordinated.log: 45.52 KB
   error-recovery.log: 24.44 KB
   git-pull-rebase.log: 1.36 KB
   git-status.log: 1.66 KB
   git-sync.log: 44.99 KB
   health-check.log: 11.44 KB
   health.log: 1.46 KB
   infinite-improvement.log: 7.30 KB
   link-health-scheduler-coordinated.log: 5.06 KB
   link-health-scheduler.log: 0.12 KB
   link-health-scheduler.runtime.log: 31.33 KB
   maintenance.log: 0.83 KB
   master-coordinator.log: 5.63 KB
   ml-link-intelligence-coordinated.log: 6.47 KB
   ml-link-intelligence.log: 0.30 KB
   ml-link-intelligence.runtime.log: 42.03 KB
   performance-monitor-coordinated.log: 4.58 KB
   real-time-performance-monitor.log: 1.36 KB
   real-time-performance-monitor.runtime.log: 47.06 KB
   run-automation.log: 10.99 KB
   security.log: 2.54 KB
   sitemap-keeper.log: 1.15 KB
   test.log: 7580.39 KB

💾 Data Files: 9 found
   ai-trends.json: 2.23 KB
   analyzed-links.json: 2.17 KB
   autonomous-config.json: 1.36 KB
   autonomous-state.json: 0.34 KB
   health-report.json: 0.40 KB
   link-schedule.json: 0.45 KB
   performance-alerts.json: 0.19 KB
   performance-metrics.json: 2.66 KB
   scheduled-links.json: 1.11 KB

==================================================
⚠️  Some automation systems need attention
==================================================
[2025-08-25 12:15:01] Checking for failed services...
[2025-08-25 12:15:01] Service Offline is offline, attempting restart...
[2025-08-25 12:15:03] Main automation runner completed
node:internal/modules/cjs/loader:1404
  throw err;
  ^

Error: Cannot find module '/Users/klebergarciaalcatrao/Desktop/ZION_APP_AUG_25_25/zion.app/automation/Offline.cjs'
    at Function._resolveFilename (node:internal/modules/cjs/loader:1401:15)
    at defaultResolveImpl (node:internal/modules/cjs/loader:1057:19)
    at resolveForCJSWithHooks (node:internal/modules/cjs/loader:1062:22)
    at Function._load (node:internal/modules/cjs/loader:1211:37)
    at TracingChannel.traceSync (node:diagnostics_channel:322:14)
    at wrapModuleLoad (node:internal/modules/cjs/loader:235:24)
    at Function.executeUserEntryPoint [as runMain] (node:internal/modules/run_main:171:5)
    at node:internal/main/run_main_module:36:49 {
  code: 'MODULE_NOT_FOUND',
  requireStack: []
}

Node.js v22.16.0
[2025-08-25 12:20:01] Starting main automation runner...
[2025-08-25 12:20:01] ml-link-intelligence is already running
[2025-08-25 12:20:01] link-health-scheduler is already running
[2025-08-25 12:20:01] real-time-performance-monitor is already running
[2025-08-25 12:20:01] Running health check...
🔍 Checking Zion Automation Systems Status...

🟡 Warning autonomous-system-manager
   Last Activity: 110s ago

🟢 Online ml-link-intelligence
   Last Activity: 5s ago

🟢 Online link-health-scheduler
   Last Activity: 1s ago

🟢 Online real-time-performance-monitor
   Last Activity: 12s ago

📊 Log Files: 36 found
   HEALTH.runtime.log: 3.00 KB
   SYSTEM.runtime.log: 14.07 KB
   ai-trends-cron.log: 0.13 KB
   ai-trends-research.log: 0.25 KB
   autonomous-manager-coordinated.log: 8.82 KB
   autonomous-system-manager.log: 2.27 KB
   autonomous-system-manager.runtime.log: 65.11 KB
   backup.log: 1.47 KB
   build.log: 4.47 KB
   code-quality.log: 1.02 KB
   continuous-improvement.log: 1.38 KB
   cron.log: 0.50 KB
   dependency.log: 5.22 KB
   enhanced-autonomous-coordinated.log: 45.52 KB
   error-recovery.log: 33.66 KB
   git-pull-rebase.log: 1.63 KB
   git-status.log: 1.66 KB
   git-sync.log: 58.16 KB
   health-check.log: 11.54 KB
   health.log: 1.46 KB
   infinite-improvement.log: 7.30 KB
   link-health-scheduler-coordinated.log: 6.67 KB
   link-health-scheduler.log: 0.12 KB
   link-health-scheduler.runtime.log: 39.96 KB
   maintenance.log: 0.83 KB
   master-coordinator.log: 8.32 KB
   ml-link-intelligence-coordinated.log: 10.33 KB
   ml-link-intelligence.log: 0.30 KB
   ml-link-intelligence.runtime.log: 55.30 KB
   performance-monitor-coordinated.log: 6.18 KB
   real-time-performance-monitor.log: 1.36 KB
   real-time-performance-monitor.runtime.log: 54.38 KB
   run-automation.log: 14.26 KB
   security.log: 2.54 KB
   sitemap-keeper.log: 1.15 KB
   test.log: 7580.39 KB

💾 Data Files: 9 found
   ai-trends.json: 2.23 KB
   analyzed-links.json: 2.17 KB
   autonomous-config.json: 1.36 KB
   autonomous-state.json: 0.34 KB
   health-report.json: 0.40 KB
   link-schedule.json: 0.45 KB
   performance-alerts.json: 0.40 KB
   performance-metrics.json: 5.31 KB
   scheduled-links.json: 1.11 KB

==================================================
⚠️  Some automation systems need attention
==================================================
[2025-08-25 12:20:01] Checking for failed services...
[2025-08-25 12:20:01] Main automation runner completed
[2025-08-25 12:25:02] Starting main automation runner...
[2025-08-25 12:25:02] ml-link-intelligence is already running
[2025-08-25 12:25:02] link-health-scheduler is already running
[2025-08-25 12:25:02] real-time-performance-monitor is already running
[2025-08-25 12:25:02] Running health check...
🔍 Checking Zion Automation Systems Status...

🟢 Online autonomous-system-manager
   Last Activity: 51s ago

🟢 Online ml-link-intelligence
   Last Activity: 0s ago

🟢 Online link-health-scheduler
   Last Activity: 0s ago

🟢 Online real-time-performance-monitor
   Last Activity: 2s ago

📊 Log Files: 37 found
   HEALTH.runtime.log: 3.74 KB
   SYSTEM.runtime.log: 18.35 KB
   ai-trends-cron.log: 0.13 KB
   ai-trends-research.log: 0.25 KB
   autonomous-manager-coordinated.log: 12.23 KB
   autonomous-system-manager.log: 2.27 KB
   autonomous-system-manager.runtime.log: 80.69 KB
   backup.log: 1.47 KB
   build.log: 4.47 KB
   code-quality.log: 1.02 KB
   continuous-improvement.log: 1.82 KB
   cron.log: 0.50 KB
   dependency.log: 5.22 KB
   enhanced-autonomous-coordinated.log: 45.52 KB
   enhanced-git-sync.log: 1.13 KB
   error-recovery.log: 46.17 KB
   git-pull-rebase.log: 1.90 KB
   git-status.log: 1.66 KB
   git-sync.log: 76.97 KB
   health-check.log: 14.49 KB
   health.log: 1.46 KB
   infinite-improvement.log: 7.30 KB
   link-health-scheduler-coordinated.log: 9.26 KB
   link-health-scheduler.log: 0.12 KB
   link-health-scheduler.runtime.log: 51.92 KB
   maintenance.log: 0.83 KB
   master-coordinator.log: 11.44 KB
   ml-link-intelligence-coordinated.log: 12.95 KB
   ml-link-intelligence.log: 0.30 KB
   ml-link-intelligence.runtime.log: 70.50 KB
   performance-monitor-coordinated.log: 8.11 KB
   real-time-performance-monitor.log: 1.36 KB
   real-time-performance-monitor.runtime.log: 62.31 KB
   run-automation.log: 16.72 KB
   security.log: 2.54 KB
   sitemap-keeper.log: 1.15 KB
   test.log: 7580.39 KB

💾 Data Files: 9 found
   ai-trends.json: 2.23 KB
   analyzed-links.json: 2.17 KB
   autonomous-config.json: 1.36 KB
   autonomous-state.json: 0.34 KB
   health-report.json: 0.40 KB
   link-schedule.json: 0.45 KB
   performance-alerts.json: 0.20 KB
   performance-metrics.json: 2.65 KB
   scheduled-links.json: 1.11 KB

==================================================
✅ All automation systems are healthy and running!
==================================================
[2025-08-25 12:25:02] Checking for failed services...
[2025-08-25 12:25:02] Main automation runner completed
[2025-08-25 12:30:02] Starting main automation runner...
[2025-08-25 12:30:02] ml-link-intelligence is already running
[2025-08-25 12:30:02] link-health-scheduler is already running
[2025-08-25 12:30:02] real-time-performance-monitor is already running
[2025-08-25 12:30:02] Running health check...
🔍 Checking Zion Automation Systems Status...

🟡 Warning autonomous-system-manager
   Last Activity: 109s ago

🟢 Online ml-link-intelligence
   Last Activity: 22s ago

🟢 Online link-health-scheduler
   Last Activity: 55s ago

🟢 Online real-time-performance-monitor
   Last Activity: 16s ago

📊 Log Files: 42 found
   HEALTH.runtime.log: 4.27 KB
   SYSTEM.runtime.log: 19.98 KB
   ai-trends-cron.log: 0.13 KB
   ai-trends-research.log: 0.25 KB
   autonomous-manager-coordinated.log: 13.19 KB
   autonomous-system-manager.log: 2.27 KB
   autonomous-system-manager.runtime.log: 86.82 KB
   backup.log: 1.47 KB
   build.log: 4.47 KB
   code-quality.log: 2.05 KB
   config-sync.log: 3.46 KB
   continuous-improvement.log: 2.12 KB
   cron.log: 0.68 KB
   data-sync.log: 3.95 KB
   dependency.log: 5.22 KB
   enhanced-autonomous-coordinated.log: 45.52 KB
   enhanced-git-sync.log: 4.14 KB
   error-recovery.log: 50.43 KB
   file-sync.log: 2.84 KB
   git-pull-rebase.log: 2.17 KB
   git-status.log: 949.14 KB
   git-sync.log: 84.00 KB
   health-check.log: 14.59 KB
   health.log: 1.46 KB
   infinite-improvement.log: 7.55 KB
   link-health-scheduler-coordinated.log: 9.95 KB
   link-health-scheduler.log: 0.12 KB
   link-health-scheduler.runtime.log: 57.05 KB
   maintenance.log: 1.39 KB
   master-coordinator.log: 13.00 KB
   ml-link-intelligence-coordinated.log: 14.17 KB
   ml-link-intelligence.log: 0.30 KB
   ml-link-intelligence.runtime.log: 78.82 KB
   performance-monitor-coordinated.log: 9.37 KB
   real-time-performance-monitor.log: 1.36 KB
   real-time-performance-monitor.runtime.log: 68.68 KB
   run-automation.log: 19.28 KB
   security.log: 2.54 KB
   sitemap-keeper.log: 1.15 KB
   sync-launcher.log: 1.22 KB
   sync-orchestrator.log: 1.75 KB
   test.log: 7580.39 KB

💾 Data Files: 9 found
   ai-trends.json: 2.23 KB
   analyzed-links.json: 2.17 KB
   autonomous-config.json: 1.36 KB
   autonomous-state.json: 0.34 KB
   health-report.json: 0.40 KB
   link-schedule.json: 0.45 KB
   performance-alerts.json: 0.60 KB
   performance-metrics.json: 7.94 KB
   scheduled-links.json: 1.11 KB

==================================================
⚠️  Some automation systems need attention
==================================================
[2025-08-25 12:30:02] Checking for failed services...
[2025-08-25 12:30:03] Main automation runner completed
[2025-08-26 00:35:02] Starting main automation runner...
[2025-08-26 00:35:02] ml-link-intelligence is already running
[2025-08-26 00:35:02] link-health-scheduler is already running
[2025-08-26 00:35:02] real-time-performance-monitor is already running
[2025-08-26 00:35:02] Running health check...
🔍 Checking Zion Automation Systems Status...

🟢 Online autonomous-system-manager
   Last Activity: 50s ago

🟢 Online ml-link-intelligence
   Last Activity: 28s ago

🟢 Online link-health-scheduler
   Last Activity: 43s ago

🟢 Online real-time-performance-monitor
   Last Activity: 14s ago

📊 Log Files: 43 found
   HEALTH.runtime.log: 5.43 KB
   SYSTEM.runtime.log: 24.99 KB
   ai-trends-cron.log: 0.13 KB
   ai-trends-research.log: 0.25 KB
   autonomous-manager-coordinated.log: 16.42 KB
   autonomous-system-manager.log: 2.27 KB
   autonomous-system-manager.runtime.log: 102.46 KB
   backup.log: 1.47 KB
   build.log: 4.47 KB
   code-quality.log: 2.05 KB
   config-sync.log: 3.46 KB
   continuous-improvement.log: 2.85 KB
   cron.log: 0.68 KB
   data-sync.log: 3.95 KB
   dependency.log: 5.22 KB
   enhanced-automation-orchestrator.runtime.log: 12.20 KB
   enhanced-autonomous-coordinated.log: 45.52 KB
   enhanced-git-sync.log: 7.60 KB
   error-recovery.log: 64.35 KB
   file-sync.log: 2.84 KB
   git-pull-rebase.log: 2.45 KB
   git-status.log: 949.14 KB
   git-sync.log: 128.44 KB
   health-check.log: 17.52 KB
   health.log: 1.46 KB
   infinite-improvement.log: 7.55 KB
   link-health-scheduler-coordinated.log: 13.29 KB
   link-health-scheduler.log: 0.12 KB
   link-health-scheduler.runtime.log: 71.75 KB
   maintenance.log: 1.39 KB
   master-coordinator.log: 17.04 KB
   ml-link-intelligence-coordinated.log: 18.08 KB
   ml-link-intelligence.log: 0.30 KB
   ml-link-intelligence.runtime.log: 97.54 KB
   performance-monitor-coordinated.log: 11.19 KB
   real-time-performance-monitor.log: 1.36 KB
   real-time-performance-monitor.runtime.log: 78.14 KB
   run-automation.log: 21.94 KB
   security.log: 2.54 KB
   sitemap-keeper.log: 1.15 KB
   sync-launcher.log: 1.37 KB
   sync-orchestrator.log: 1.75 KB
   test.log: 7580.39 KB

💾 Data Files: 9 found
   ai-trends.json: 2.23 KB
   analyzed-links.json: 2.18 KB
   autonomous-config.json: 1.36 KB
   autonomous-state.json: 0.82 KB
   health-report.json: 0.40 KB
   link-schedule.json: 0.45 KB
   performance-alerts.json: 0.20 KB
   performance-metrics.json: 2.52 KB
   scheduled-links.json: 1.11 KB

==================================================
✅ All automation systems are healthy and running!
==================================================
[2025-08-26 00:35:02] Checking for failed services...
[2025-08-26 00:35:02] Main automation runner completed
[2025-08-26 00:40:01] Starting main automation runner...
[2025-08-26 00:40:01] ml-link-intelligence is already running
[2025-08-26 00:40:01] link-health-scheduler is already running
[2025-08-26 00:40:01] real-time-performance-monitor is already running
[2025-08-26 00:40:01] Running health check...
🔍 Checking Zion Automation Systems Status...

🟡 Warning autonomous-system-manager
   Last Activity: 108s ago

🟢 Online ml-link-intelligence
   Last Activity: 55s ago

🟢 Online link-health-scheduler
   Last Activity: 52s ago

🟢 Online real-time-performance-monitor
   Last Activity: 9s ago

📊 Log Files: 43 found
   HEALTH.runtime.log: 6.30 KB
   SYSTEM.runtime.log: 27.84 KB
   ai-trends-cron.log: 0.13 KB
   ai-trends-research.log: 0.25 KB
   autonomous-manager-coordinated.log: 18.77 KB
   autonomous-system-manager.log: 2.27 KB
   autonomous-system-manager.runtime.log: 113.09 KB
   backup.log: 1.47 KB
   build.log: 4.47 KB
   code-quality.log: 2.05 KB
   config-sync.log: 3.46 KB
   continuous-improvement.log: 3.14 KB
   cron.log: 0.68 KB
   data-sync.log: 3.95 KB
   dependency.log: 5.22 KB
   enhanced-automation-orchestrator.runtime.log: 12.20 KB
   enhanced-autonomous-coordinated.log: 45.52 KB
   enhanced-git-sync.log: 7.60 KB
   error-recovery.log: 73.87 KB
   file-sync.log: 2.84 KB
   git-pull-rebase.log: 2.72 KB
   git-status.log: 949.14 KB
   git-sync.log: 134.76 KB
   health-check.log: 17.62 KB
   health.log: 1.46 KB
   infinite-improvement.log: 7.55 KB
   link-health-scheduler-coordinated.log: 15.13 KB
   link-health-scheduler.log: 0.12 KB
   link-health-scheduler.runtime.log: 79.61 KB
   maintenance.log: 1.39 KB
   master-coordinator.log: 19.45 KB
   ml-link-intelligence-coordinated.log: 20.65 KB
   ml-link-intelligence.log: 0.30 KB
   ml-link-intelligence.runtime.log: 109.16 KB
   performance-monitor-coordinated.log: 13.09 KB
   real-time-performance-monitor.log: 1.36 KB
   real-time-performance-monitor.runtime.log: 84.72 KB
   run-automation.log: 24.62 KB
   security.log: 2.54 KB
   sitemap-keeper.log: 1.15 KB
   sync-launcher.log: 1.37 KB
   sync-orchestrator.log: 1.75 KB
   test.log: 7580.39 KB

💾 Data Files: 9 found
   ai-trends.json: 2.23 KB
   analyzed-links.json: 2.18 KB
   autonomous-config.json: 1.36 KB
   autonomous-state.json: 0.82 KB
   health-report.json: 0.40 KB
   link-schedule.json: 0.45 KB
   performance-alerts.json: 0.60 KB
   performance-metrics.json: 7.54 KB
   scheduled-links.json: 1.11 KB

==================================================
⚠️  Some automation systems need attention
==================================================
[2025-08-26 00:40:02] Checking for failed services...
[2025-08-26 00:40:02] Main automation runner completed
[2025-08-26 00:50:01] Starting main automation runner...
[2025-08-26 00:50:01] ml-link-intelligence is already running
[2025-08-26 00:50:01] link-health-scheduler is already running
[2025-08-26 00:50:01] real-time-performance-monitor is already running
[2025-08-26 00:50:01] Running health check...
🔍 Checking Zion Automation Systems Status...

🟡 Warning autonomous-system-manager
   Last Activity: 110s ago

🟡 Warning ml-link-intelligence
   Last Activity: 60s ago

🟢 Online link-health-scheduler
   Last Activity: 56s ago

🟢 Online real-time-performance-monitor
   Last Activity: 0s ago

📊 Log Files: 43 found
   HEALTH.runtime.log: 7.33 KB
   SYSTEM.runtime.log: 32.87 KB
   ai-trends-cron.log: 0.13 KB
   ai-trends-research.log: 0.25 KB
   autonomous-manager-coordinated.log: 22.65 KB
   autonomous-system-manager.log: 2.27 KB
   autonomous-system-manager.runtime.log: 131.08 KB
   backup.log: 1.47 KB
   build.log: 4.47 KB
   code-quality.log: 2.05 KB
   config-sync.log: 3.46 KB
   continuous-improvement.log: 3.79 KB
   cron.log: 0.68 KB
   data-sync.log: 3.95 KB
   dependency.log: 5.22 KB
   enhanced-automation-orchestrator.runtime.log: 12.20 KB
   enhanced-autonomous-coordinated.log: 45.52 KB
   enhanced-git-sync.log: 7.60 KB
   error-recovery.log: 87.29 KB
   file-sync.log: 2.84 KB
   git-pull-rebase.log: 2.99 KB
   git-status.log: 949.14 KB
   git-sync.log: 149.21 KB
   health-check.log: 22.29 KB
   health.log: 1.46 KB
   infinite-improvement.log: 7.55 KB
   link-health-scheduler-coordinated.log: 17.78 KB
   link-health-scheduler.log: 0.12 KB
   link-health-scheduler.runtime.log: 91.87 KB
   maintenance.log: 1.39 KB
   master-coordinator.log: 23.42 KB
   ml-link-intelligence-coordinated.log: 24.56 KB
   ml-link-intelligence.log: 0.30 KB
   ml-link-intelligence.runtime.log: 127.39 KB
   performance-monitor-coordinated.log: 15.28 KB
   real-time-performance-monitor.log: 1.36 KB
   real-time-performance-monitor.runtime.log: 93.73 KB
   run-automation.log: 27.29 KB
   security.log: 2.54 KB
   sitemap-keeper.log: 1.15 KB
   sync-launcher.log: 1.37 KB
   sync-orchestrator.log: 1.75 KB
   test.log: 7580.39 KB

💾 Data Files: 9 found
   ai-trends.json: 2.23 KB
   analyzed-links.json: 2.17 KB
   autonomous-config.json: 1.36 KB
   autonomous-state.json: 0.82 KB
   health-report.json: 0.40 KB
   link-schedule.json: 0.45 KB
   performance-alerts.json: 0.20 KB
   performance-metrics.json: 5.03 KB
   scheduled-links.json: 1.11 KB

==================================================
⚠️  Some automation systems need attention
==================================================
[2025-08-26 00:50:01] Checking for failed services...
[2025-08-26 00:50:01] Main automation runner completed
[2025-08-26 00:55:01] Starting main automation runner...
[2025-08-26 00:55:01] ml-link-intelligence is already running
[2025-08-26 00:55:01] link-health-scheduler is already running
[2025-08-26 00:55:01] real-time-performance-monitor is already running
[2025-08-26 00:55:01] Running health check...
🔍 Checking Zion Automation Systems Status...

🟢 Online autonomous-system-manager
   Last Activity: 50s ago

🟢 Online ml-link-intelligence
   Last Activity: 4s ago

🟢 Online link-health-scheduler
   Last Activity: 0s ago

🟢 Online real-time-performance-monitor
   Last Activity: 15s ago

📊 Log Files: 43 found
   HEALTH.runtime.log: 8.20 KB
   SYSTEM.runtime.log: 37.16 KB
   ai-trends-cron.log: 0.13 KB
   ai-trends-research.log: 0.25 KB
   autonomous-manager-coordinated.log: 26.06 KB
   autonomous-system-manager.log: 2.27 KB
   autonomous-system-manager.runtime.log: 146.71 KB
   backup.log: 1.47 KB
   build.log: 4.47 KB
   code-quality.log: 2.05 KB
   config-sync.log: 3.46 KB
   continuous-improvement.log: 4.23 KB
   cron.log: 0.68 KB
   data-sync.log: 3.95 KB
   dependency.log: 5.22 KB
   enhanced-automation-orchestrator.runtime.log: 12.20 KB
   enhanced-autonomous-coordinated.log: 45.52 KB
   enhanced-git-sync.log: 7.60 KB
   error-recovery.log: 99.53 KB
   file-sync.log: 2.84 KB
   git-pull-rebase.log: 3.26 KB
   git-status.log: 949.14 KB
   git-sync.log: 157.26 KB
   health-check.log: 26.85 KB
   health.log: 1.46 KB
   infinite-improvement.log: 7.55 KB
   link-health-scheduler-coordinated.log: 20.42 KB
   link-health-scheduler.log: 0.12 KB
   link-health-scheduler.runtime.log: 103.77 KB
   maintenance.log: 1.39 KB
   master-coordinator.log: 26.47 KB
   ml-link-intelligence-coordinated.log: 27.18 KB
   ml-link-intelligence.log: 0.30 KB
   ml-link-intelligence.runtime.log: 144.53 KB
   performance-monitor-coordinated.log: 16.51 KB
   real-time-performance-monitor.log: 1.36 KB
   real-time-performance-monitor.runtime.log: 100.09 KB
   run-automation.log: 29.95 KB
   security.log: 2.54 KB
   sitemap-keeper.log: 1.15 KB
   sync-launcher.log: 1.37 KB
   sync-orchestrator.log: 1.75 KB
   test.log: 7580.39 KB

💾 Data Files: 9 found
   ai-trends.json: 2.23 KB
   analyzed-links.json: 2.17 KB
   autonomous-config.json: 1.36 KB
   autonomous-state.json: 0.82 KB
   health-report.json: 0.40 KB
   link-schedule.json: 0.45 KB
   performance-alerts.json: 0.20 KB
   performance-metrics.json: 2.51 KB
   scheduled-links.json: 1.11 KB

==================================================
✅ All automation systems are healthy and running!
==================================================
[2025-08-26 00:55:01] Checking for failed services...
[2025-08-26 00:55:01] Main automation runner completed
