[2025-08-25T14:26:17.874Z] [SYSTEM] Starting all enabled services...
[2025-08-25T14:26:17.876Z] [SYSTEM] Starting service: autonomous-system-manager
[2025-08-25T14:26:17.879Z] [SYSTEM] Service autonomous-system-manager started successfully
[2025-08-25T14:26:17.880Z] [SYSTEM] Starting service: ml-link-intelligence
[2025-08-25T14:26:17.881Z] [SYSTEM] Service ml-link-intelligence started successfully
[2025-08-25T14:26:17.881Z] [SYSTEM] Starting service: link-health-scheduler
[2025-08-25T14:26:17.883Z] [SYSTEM] Service link-health-scheduler started successfully
[2025-08-25T14:26:17.883Z] [SYSTEM] Starting service: real-time-performance-monitor
[2025-08-25T14:26:17.884Z] [SYSTEM] Service real-time-performance-monitor started successfully
[2025-08-25T14:26:17.963Z] [SYSTEM] Service real-time-performance-monitor exited with code 1, signal null
[2025-08-25T14:26:17.964Z] [SYSTEM] Restarting real-time-performance-monitor in 10000ms (attempt 1/3)
[2025-08-25T14:26:27.965Z] [SYSTEM] Starting service: real-time-performance-monitor
[2025-08-25T14:26:27.966Z] [SYSTEM] Service real-time-performance-monitor started successfully
[2025-08-25T14:26:28.039Z] [SYSTEM] Service real-time-performance-monitor exited with code 1, signal null
[2025-08-25T14:26:28.039Z] [SYSTEM] Restarting real-time-performance-monitor in 10000ms (attempt 1/3)
[2025-08-25T14:26:38.041Z] [SYSTEM] Starting service: real-time-performance-monitor
[2025-08-25T14:26:38.042Z] [SYSTEM] Service real-time-performance-monitor started successfully
[2025-08-25T14:26:38.124Z] [SYSTEM] Service real-time-performance-monitor exited with code 1, signal null
[2025-08-25T14:26:38.124Z] [SYSTEM] Restarting real-time-performance-monitor in 10000ms (attempt 1/3)
[2025-08-25T14:26:48.125Z] [SYSTEM] Starting service: real-time-performance-monitor
[2025-08-25T14:26:48.126Z] [SYSTEM] Service real-time-performance-monitor started successfully
[2025-08-25T14:57:33.200Z] [SYSTEM] Starting all enabled services...
[2025-08-25T14:57:33.203Z] [SYSTEM] Starting service: autonomous-system-manager
[2025-08-25T14:57:33.207Z] [SYSTEM] Service autonomous-system-manager started successfully
[2025-08-25T14:57:33.207Z] [SYSTEM] Starting service: ml-link-intelligence
[2025-08-25T14:57:33.209Z] [SYSTEM] Service ml-link-intelligence started successfully
[2025-08-25T14:57:33.210Z] [SYSTEM] Starting service: link-health-scheduler
[2025-08-25T14:57:33.212Z] [SYSTEM] Service link-health-scheduler started successfully
[2025-08-25T14:57:33.212Z] [SYSTEM] Starting service: real-time-performance-monitor
[2025-08-25T14:57:33.214Z] [SYSTEM] Service real-time-performance-monitor started successfully
[2025-08-25T15:00:06.218Z] [SYSTEM] Starting all enabled services...
[2025-08-25T15:00:06.412Z] [SYSTEM] Starting service: autonomous-system-manager
[2025-08-25T15:00:06.437Z] [SYSTEM] Service autonomous-system-manager started successfully
[2025-08-25T15:00:06.441Z] [SYSTEM] Starting service: ml-link-intelligence
[2025-08-25T15:00:06.465Z] [SYSTEM] Service ml-link-intelligence started successfully
[2025-08-25T15:00:06.468Z] [SYSTEM] Starting service: link-health-scheduler
[2025-08-25T15:00:06.475Z] [SYSTEM] Service link-health-scheduler started successfully
[2025-08-25T15:00:06.476Z] [SYSTEM] Starting service: real-time-performance-monitor
[2025-08-25T15:00:06.484Z] [SYSTEM] Service real-time-performance-monitor started successfully
[2025-08-25T15:01:28.731Z] [SYSTEM] Stopping all services...
[2025-08-25T15:01:28.732Z] [SYSTEM] Stopping service: autonomous-system-manager
[2025-08-25T15:01:28.732Z] [SYSTEM] Stopping service: ml-link-intelligence
[2025-08-25T15:01:28.733Z] [SYSTEM] Stopping service: link-health-scheduler
[2025-08-25T15:01:28.733Z] [SYSTEM] Stopping service: real-time-performance-monitor
[2025-08-25T15:01:28.841Z] [SYSTEM] Service autonomous-system-manager exited with code 0, signal null
[2025-08-25T15:01:28.842Z] [SYSTEM] Restarting autonomous-system-manager in 5000ms (attempt 1/5)
[2025-08-25T15:02:02.293Z] [SYSTEM] Service autonomous-system-manager exited with code 0, signal null
[2025-08-25T15:02:02.293Z] [SYSTEM] Restarting autonomous-system-manager in 5000ms (attempt 1/5)
[2025-08-25T15:02:06.906Z] [SYSTEM] Service real-time-performance-monitor exited with code 0, signal null
[2025-08-25T15:02:06.906Z] [SYSTEM] Restarting real-time-performance-monitor in 10000ms (attempt 1/3)
[2025-08-25T15:02:06.914Z] [SYSTEM] Service link-health-scheduler exited with code 0, signal null
[2025-08-25T15:02:06.915Z] [SYSTEM] Restarting link-health-scheduler in 15000ms (attempt 1/3)
[2025-08-25T15:02:07.421Z] [SYSTEM] Starting service: autonomous-system-manager
[2025-08-25T15:02:07.425Z] [SYSTEM] Service autonomous-system-manager started successfully
[2025-08-25T15:02:12.756Z] [SYSTEM] Service ml-link-intelligence exited with code 0, signal null
[2025-08-25T15:02:12.756Z] [SYSTEM] Restarting ml-link-intelligence in 10000ms (attempt 1/3)
[2025-08-25T15:02:16.908Z] [SYSTEM] Starting service: real-time-performance-monitor
[2025-08-25T15:02:16.910Z] [SYSTEM] Service real-time-performance-monitor started successfully
[2025-08-25T15:02:21.966Z] [SYSTEM] Starting service: link-health-scheduler
[2025-08-25T15:02:21.993Z] [SYSTEM] Service link-health-scheduler started successfully
[2025-08-25T15:02:22.758Z] [SYSTEM] Starting service: ml-link-intelligence
[2025-08-25T15:02:22.760Z] [SYSTEM] Service ml-link-intelligence started successfully
[2025-08-25T15:02:34.755Z] [SYSTEM] Service autonomous-system-manager exited with code 0, signal null
[2025-08-25T15:02:34.756Z] [SYSTEM] Restarting autonomous-system-manager in 5000ms (attempt 1/5)
[2025-08-25T15:02:39.757Z] [SYSTEM] Starting service: autonomous-system-manager
[2025-08-25T15:02:39.759Z] [SYSTEM] Service autonomous-system-manager started successfully
[2025-08-25T15:02:42.586Z] [SYSTEM] Service link-health-scheduler exited with code 0, signal null
[2025-08-25T15:02:42.587Z] [SYSTEM] Restarting link-health-scheduler in 15000ms (attempt 1/3)
[2025-08-25T15:02:57.592Z] [SYSTEM] Starting service: link-health-scheduler
[2025-08-25T15:02:57.595Z] [SYSTEM] Service link-health-scheduler started successfully
[2025-08-25T15:03:17.064Z] [SYSTEM] Service real-time-performance-monitor exited with code 0, signal null
[2025-08-25T15:03:17.064Z] [SYSTEM] Restarting real-time-performance-monitor in 10000ms (attempt 1/3)
[2025-08-25T15:03:27.066Z] [SYSTEM] Starting service: real-time-performance-monitor
[2025-08-25T15:03:27.068Z] [SYSTEM] Service real-time-performance-monitor started successfully
[2025-08-25T15:04:03.481Z] [SYSTEM] Service autonomous-system-manager exited with code 0, signal null
[2025-08-25T15:04:03.482Z] [SYSTEM] Restarting autonomous-system-manager in 5000ms (attempt 1/5)
[2025-08-25T15:04:08.030Z] [SYSTEM] Service link-health-scheduler exited with code 0, signal null
[2025-08-25T15:04:08.031Z] [SYSTEM] Restarting link-health-scheduler in 15000ms (attempt 1/3)
[2025-08-25T15:04:08.482Z] [SYSTEM] Starting service: autonomous-system-manager
[2025-08-25T15:04:08.484Z] [SYSTEM] Service autonomous-system-manager started successfully
[2025-08-25T15:04:23.032Z] [SYSTEM] Starting service: link-health-scheduler
[2025-08-25T15:04:23.034Z] [SYSTEM] Service link-health-scheduler started successfully
[2025-08-25T15:04:27.257Z] [SYSTEM] Service real-time-performance-monitor exited with code 0, signal null
[2025-08-25T15:04:27.258Z] [SYSTEM] Restarting real-time-performance-monitor in 10000ms (attempt 1/3)
[2025-08-25T15:04:29.083Z] [SYSTEM] Service ml-link-intelligence exited with code 0, signal null
[2025-08-25T15:04:29.084Z] [SYSTEM] Restarting ml-link-intelligence in 10000ms (attempt 1/3)
[2025-08-25T15:04:37.259Z] [SYSTEM] Starting service: real-time-performance-monitor
[2025-08-25T15:04:37.261Z] [SYSTEM] Service real-time-performance-monitor started successfully
[2025-08-25T15:04:39.100Z] [SYSTEM] Starting service: ml-link-intelligence
[2025-08-25T15:04:39.103Z] [SYSTEM] Service ml-link-intelligence started successfully
[2025-08-25T15:06:03.015Z] [SYSTEM] Service autonomous-system-manager exited with code 0, signal null
[2025-08-25T15:06:03.017Z] [SYSTEM] Restarting autonomous-system-manager in 5000ms (attempt 1/5)
[2025-08-25T15:06:03.349Z] [SYSTEM] Service link-health-scheduler exited with code 0, signal null
[2025-08-25T15:06:03.349Z] [SYSTEM] Restarting link-health-scheduler in 15000ms (attempt 1/3)
[2025-08-25T15:06:08.018Z] [SYSTEM] Starting service: autonomous-system-manager
[2025-08-25T15:06:08.020Z] [SYSTEM] Service autonomous-system-manager started successfully
[2025-08-25T15:06:18.354Z] [SYSTEM] Starting service: link-health-scheduler
[2025-08-25T15:06:18.357Z] [SYSTEM] Service link-health-scheduler started successfully
[2025-08-25T15:06:37.583Z] [SYSTEM] Service real-time-performance-monitor exited with code 0, signal null
[2025-08-25T15:06:37.583Z] [SYSTEM] Restarting real-time-performance-monitor in 10000ms (attempt 1/3)
[2025-08-25T15:06:45.078Z] [SYSTEM] Service ml-link-intelligence exited with code 0, signal null
[2025-08-25T15:06:45.079Z] [SYSTEM] Restarting ml-link-intelligence in 10000ms (attempt 1/3)
[2025-08-25T15:06:47.611Z] [SYSTEM] Starting service: real-time-performance-monitor
[2025-08-25T15:06:47.625Z] [SYSTEM] Service real-time-performance-monitor started successfully
[2025-08-25T15:06:55.128Z] [SYSTEM] Starting service: ml-link-intelligence
[2025-08-25T15:06:55.152Z] [SYSTEM] Service ml-link-intelligence started successfully
[2025-08-25T15:08:05.239Z] [SYSTEM] Service autonomous-system-manager exited with code 0, signal null
[2025-08-25T15:08:05.239Z] [SYSTEM] Restarting autonomous-system-manager in 5000ms (attempt 1/5)
[2025-08-25T15:08:08.977Z] [SYSTEM] Service link-health-scheduler exited with code 0, signal null
[2025-08-25T15:08:08.978Z] [SYSTEM] Restarting link-health-scheduler in 15000ms (attempt 1/3)
[2025-08-25T15:08:10.248Z] [SYSTEM] Starting service: autonomous-system-manager
[2025-08-25T15:08:10.252Z] [SYSTEM] Service autonomous-system-manager started successfully
[2025-08-25T15:08:23.992Z] [SYSTEM] Starting service: link-health-scheduler
[2025-08-25T15:08:23.999Z] [SYSTEM] Service link-health-scheduler started successfully
[2025-08-25T15:08:48.015Z] [SYSTEM] Service real-time-performance-monitor exited with code 0, signal null
[2025-08-25T15:08:48.015Z] [SYSTEM] Restarting real-time-performance-monitor in 10000ms (attempt 1/3)
[2025-08-25T15:08:58.017Z] [SYSTEM] Starting service: real-time-performance-monitor
[2025-08-25T15:08:58.020Z] [SYSTEM] Service real-time-performance-monitor started successfully
[2025-08-25T15:09:01.932Z] [SYSTEM] Service ml-link-intelligence exited with code 0, signal null
[2025-08-25T15:09:01.933Z] [SYSTEM] Restarting ml-link-intelligence in 10000ms (attempt 1/3)
[2025-08-25T15:09:11.933Z] [SYSTEM] Starting service: ml-link-intelligence
[2025-08-25T15:09:11.936Z] [SYSTEM] Service ml-link-intelligence started successfully
[2025-08-25T15:14:18.830Z] [SYSTEM] Service real-time-performance-monitor exited with code 0, signal null
[2025-08-25T15:14:18.831Z] [SYSTEM] Restarting real-time-performance-monitor in 10000ms (attempt 1/3)
[2025-08-25T15:14:20.094Z] [SYSTEM] Starting service: link-health-scheduler
[2025-08-25T15:14:20.095Z] [SYSTEM] Service link-health-scheduler started successfully
[2025-08-25T15:14:28.836Z] [SYSTEM] Starting service: real-time-performance-monitor
[2025-08-25T15:14:28.838Z] [SYSTEM] Service real-time-performance-monitor started successfully
[2025-08-25T15:15:49.252Z] [SYSTEM] Service ml-link-intelligence exited with code 0, signal null
[2025-08-25T15:15:49.253Z] [SYSTEM] Restarting ml-link-intelligence in 10000ms (attempt 1/3)
[2025-08-25T15:15:59.254Z] [SYSTEM] Starting service: ml-link-intelligence
[2025-08-25T15:15:59.255Z] [SYSTEM] Service ml-link-intelligence started successfully
[2025-08-25T15:16:02.038Z] [SYSTEM] Service autonomous-system-manager exited with code 0, signal null
[2025-08-25T15:16:02.038Z] [SYSTEM] Restarting autonomous-system-manager in 5000ms (attempt 1/5)
[2025-08-25T15:16:07.040Z] [SYSTEM] Starting service: autonomous-system-manager
[2025-08-25T15:16:07.041Z] [SYSTEM] Service autonomous-system-manager started successfully
[2025-08-25T15:16:10.210Z] [SYSTEM] Service link-health-scheduler exited with code 0, signal null
[2025-08-25T15:16:10.210Z] [SYSTEM] Restarting link-health-scheduler in 15000ms (attempt 1/3)
[2025-08-25T15:16:25.211Z] [SYSTEM] Starting service: link-health-scheduler
[2025-08-25T15:16:25.216Z] [SYSTEM] Service link-health-scheduler started successfully
[2025-08-25T15:16:28.945Z] [SYSTEM] Service real-time-performance-monitor exited with code 0, signal null
[2025-08-25T15:16:28.945Z] [SYSTEM] Restarting real-time-performance-monitor in 10000ms (attempt 1/3)
[2025-08-25T15:16:38.947Z] [SYSTEM] Starting service: real-time-performance-monitor
[2025-08-25T15:16:38.948Z] [SYSTEM] Service real-time-performance-monitor started successfully
[2025-08-25T15:18:02.035Z] [SYSTEM] Service autonomous-system-manager exited with code 0, signal null
[2025-08-25T15:18:02.035Z] [SYSTEM] Restarting autonomous-system-manager in 5000ms (attempt 1/5)
[2025-08-25T15:18:04.778Z] [SYSTEM] Service ml-link-intelligence exited with code 0, signal null
[2025-08-25T15:18:04.779Z] [SYSTEM] Restarting ml-link-intelligence in 10000ms (attempt 1/3)
[2025-08-25T15:18:05.358Z] [SYSTEM] Service link-health-scheduler exited with code 0, signal null
[2025-08-25T15:18:05.359Z] [SYSTEM] Restarting link-health-scheduler in 15000ms (attempt 1/3)
[2025-08-25T15:18:07.036Z] [SYSTEM] Starting service: autonomous-system-manager
[2025-08-25T15:18:07.038Z] [SYSTEM] Service autonomous-system-manager started successfully
[2025-08-25T15:18:14.806Z] [SYSTEM] Starting service: ml-link-intelligence
[2025-08-25T15:18:14.812Z] [SYSTEM] Service ml-link-intelligence started successfully
[2025-08-25T15:18:20.359Z] [SYSTEM] Starting service: link-health-scheduler
[2025-08-25T15:18:20.360Z] [SYSTEM] Service link-health-scheduler started successfully
[2025-08-25T15:18:39.044Z] [SYSTEM] Service real-time-performance-monitor exited with code 0, signal null
[2025-08-25T15:18:39.044Z] [SYSTEM] Restarting real-time-performance-monitor in 10000ms (attempt 1/3)
[2025-08-25T15:18:49.045Z] [SYSTEM] Starting service: real-time-performance-monitor
[2025-08-25T15:18:49.047Z] [SYSTEM] Service real-time-performance-monitor started successfully
[2025-08-25T15:20:02.274Z] [SYSTEM] Service autonomous-system-manager exited with code 0, signal null
[2025-08-25T15:20:02.274Z] [SYSTEM] Restarting autonomous-system-manager in 5000ms (attempt 1/5)
[2025-08-25T15:20:07.276Z] [SYSTEM] Starting service: autonomous-system-manager
[2025-08-25T15:20:07.278Z] [SYSTEM] Service autonomous-system-manager started successfully
[2025-08-25T15:20:10.729Z] [SYSTEM] Service link-health-scheduler exited with code 0, signal null
[2025-08-25T15:20:10.730Z] [SYSTEM] Restarting link-health-scheduler in 15000ms (attempt 1/3)
[2025-08-25T15:20:20.448Z] [SYSTEM] Service ml-link-intelligence exited with code 0, signal null
[2025-08-25T15:20:20.449Z] [SYSTEM] Restarting ml-link-intelligence in 10000ms (attempt 1/3)
[2025-08-25T15:20:25.732Z] [SYSTEM] Starting service: link-health-scheduler
[2025-08-25T15:20:25.733Z] [SYSTEM] Service link-health-scheduler started successfully
[2025-08-25T15:20:30.450Z] [SYSTEM] Starting service: ml-link-intelligence
[2025-08-25T15:20:30.454Z] [SYSTEM] Service ml-link-intelligence started successfully
[2025-08-25T15:20:49.217Z] [SYSTEM] Service real-time-performance-monitor exited with code 0, signal null
[2025-08-25T15:20:49.217Z] [SYSTEM] Restarting real-time-performance-monitor in 10000ms (attempt 1/3)
[2025-08-25T15:20:59.263Z] [SYSTEM] Starting service: real-time-performance-monitor
[2025-08-25T15:20:59.280Z] [SYSTEM] Service real-time-performance-monitor started successfully
[2025-08-25T15:22:02.280Z] [SYSTEM] Service autonomous-system-manager exited with code 0, signal null
[2025-08-25T15:22:02.280Z] [SYSTEM] Restarting autonomous-system-manager in 5000ms (attempt 1/5)
[2025-08-25T15:22:06.015Z] [SYSTEM] Service link-health-scheduler exited with code 0, signal null
[2025-08-25T15:22:06.016Z] [SYSTEM] Restarting link-health-scheduler in 15000ms (attempt 1/3)
[2025-08-25T15:22:07.281Z] [SYSTEM] Starting service: autonomous-system-manager
[2025-08-25T15:22:07.283Z] [SYSTEM] Service autonomous-system-manager started successfully
[2025-08-25T15:22:21.018Z] [SYSTEM] Starting service: link-health-scheduler
[2025-08-25T15:22:21.020Z] [SYSTEM] Service link-health-scheduler started successfully
[2025-08-25T15:22:36.338Z] [SYSTEM] Service ml-link-intelligence exited with code 0, signal null
[2025-08-25T15:22:36.339Z] [SYSTEM] Restarting ml-link-intelligence in 10000ms (attempt 1/3)
[2025-08-25T15:22:46.341Z] [SYSTEM] Starting service: ml-link-intelligence
[2025-08-25T15:22:46.343Z] [SYSTEM] Service ml-link-intelligence started successfully
[2025-08-25T15:22:59.851Z] [SYSTEM] Service real-time-performance-monitor exited with code 0, signal null
[2025-08-25T15:22:59.857Z] [SYSTEM] Restarting real-time-performance-monitor in 10000ms (attempt 1/3)
[2025-08-25T15:23:09.860Z] [SYSTEM] Starting service: real-time-performance-monitor
[2025-08-25T15:23:09.862Z] [SYSTEM] Service real-time-performance-monitor started successfully
[2025-08-25T15:24:02.121Z] [SYSTEM] Service autonomous-system-manager exited with code 0, signal null
[2025-08-25T15:24:02.122Z] [SYSTEM] Restarting autonomous-system-manager in 5000ms (attempt 1/5)
[2025-08-25T15:24:07.123Z] [SYSTEM] Starting service: autonomous-system-manager
[2025-08-25T15:24:07.124Z] [SYSTEM] Service autonomous-system-manager started successfully
[2025-08-25T15:24:09.985Z] [SYSTEM] Service real-time-performance-monitor exited with code 0, signal null
[2025-08-25T15:24:09.986Z] [SYSTEM] Restarting real-time-performance-monitor in 10000ms (attempt 1/3)
[2025-08-25T15:24:11.187Z] [SYSTEM] Service link-health-scheduler exited with code 0, signal null
[2025-08-25T15:24:11.187Z] [SYSTEM] Restarting link-health-scheduler in 15000ms (attempt 1/3)
[2025-08-25T15:24:19.990Z] [SYSTEM] Starting service: real-time-performance-monitor
[2025-08-25T15:24:19.991Z] [SYSTEM] Service real-time-performance-monitor started successfully
[2025-08-25T15:24:26.190Z] [SYSTEM] Starting service: link-health-scheduler
[2025-08-25T15:24:26.191Z] [SYSTEM] Service link-health-scheduler started successfully
[2025-08-25T15:24:52.029Z] [SYSTEM] Service ml-link-intelligence exited with code 0, signal null
[2025-08-25T15:24:52.030Z] [SYSTEM] Restarting ml-link-intelligence in 10000ms (attempt 1/3)
[2025-08-25T15:25:02.031Z] [SYSTEM] Starting service: ml-link-intelligence
[2025-08-25T15:25:02.033Z] [SYSTEM] Service ml-link-intelligence started successfully
[2025-08-25T15:26:02.696Z] [SYSTEM] Service autonomous-system-manager exited with code 0, signal null
[2025-08-25T15:26:02.697Z] [SYSTEM] Restarting autonomous-system-manager in 5000ms (attempt 1/5)
[2025-08-25T15:28:03.799Z] [SYSTEM] Service autonomous-system-manager exited with code 0, signal null
[2025-08-25T15:28:03.800Z] [SYSTEM] Restarting autonomous-system-manager in 5000ms (attempt 1/5)
[2025-08-25T15:28:08.806Z] [SYSTEM] Starting service: autonomous-system-manager
[2025-08-25T15:28:08.809Z] [SYSTEM] Service autonomous-system-manager started successfully
[2025-08-25T15:28:11.880Z] [SYSTEM] Service link-health-scheduler exited with code 0, signal null
[2025-08-25T15:28:11.881Z] [SYSTEM] Restarting link-health-scheduler in 15000ms (attempt 1/3)
[2025-08-25T15:28:26.882Z] [SYSTEM] Starting service: link-health-scheduler
[2025-08-25T15:28:26.884Z] [SYSTEM] Service link-health-scheduler started successfully
[2025-08-25T15:28:30.610Z] [SYSTEM] Service real-time-performance-monitor exited with code 0, signal null
[2025-08-25T15:28:30.611Z] [SYSTEM] Restarting real-time-performance-monitor in 10000ms (attempt 1/3)
[2025-08-25T15:28:40.612Z] [SYSTEM] Starting service: real-time-performance-monitor
[2025-08-25T15:28:40.614Z] [SYSTEM] Service real-time-performance-monitor started successfully
[2025-08-25T15:29:24.761Z] [SYSTEM] Service ml-link-intelligence exited with code 0, signal null
[2025-08-25T15:29:24.762Z] [SYSTEM] Restarting ml-link-intelligence in 10000ms (attempt 1/3)
[2025-08-25T15:29:34.763Z] [SYSTEM] Starting service: ml-link-intelligence
[2025-08-25T15:29:34.764Z] [SYSTEM] Service ml-link-intelligence started successfully
[2025-08-25T15:30:03.996Z] [SYSTEM] Service autonomous-system-manager exited with code 0, signal null
[2025-08-25T15:30:03.997Z] [SYSTEM] Restarting autonomous-system-manager in 5000ms (attempt 1/5)
[2025-08-25T15:30:07.093Z] [SYSTEM] Service link-health-scheduler exited with code 0, signal null
[2025-08-25T15:30:07.094Z] [SYSTEM] Restarting link-health-scheduler in 15000ms (attempt 1/3)
[2025-08-25T15:30:09.002Z] [SYSTEM] Starting service: autonomous-system-manager
[2025-08-25T15:30:09.006Z] [SYSTEM] Service autonomous-system-manager started successfully
[2025-08-25T15:30:22.104Z] [SYSTEM] Starting service: link-health-scheduler
[2025-08-25T15:30:22.107Z] [SYSTEM] Service link-health-scheduler started successfully
[2025-08-25T15:30:40.752Z] [SYSTEM] Service real-time-performance-monitor exited with code 0, signal null
[2025-08-25T15:30:40.756Z] [SYSTEM] Restarting real-time-performance-monitor in 10000ms (attempt 1/3)
[2025-08-25T15:30:50.758Z] [SYSTEM] Starting service: real-time-performance-monitor
[2025-08-25T15:30:50.761Z] [SYSTEM] Service real-time-performance-monitor started successfully
[2025-08-25T15:31:40.285Z] [SYSTEM] Service ml-link-intelligence exited with code 0, signal null
[2025-08-25T15:31:40.286Z] [SYSTEM] Restarting ml-link-intelligence in 10000ms (attempt 1/3)
[2025-08-25T15:31:50.289Z] [SYSTEM] Starting service: ml-link-intelligence
[2025-08-25T15:31:50.292Z] [SYSTEM] Service ml-link-intelligence started successfully
[2025-08-26T03:30:13.026Z] [SYSTEM] Service link-health-scheduler exited with code 0, signal null
[2025-08-26T03:30:13.026Z] [SYSTEM] Restarting link-health-scheduler in 15000ms (attempt 1/3)
[2025-08-26T03:30:17.184Z] [SYSTEM] Service real-time-performance-monitor exited with code 0, signal null
[2025-08-26T03:30:17.184Z] [SYSTEM] Restarting real-time-performance-monitor in 10000ms (attempt 1/3)
[2025-08-26T03:30:27.189Z] [SYSTEM] Starting service: real-time-performance-monitor
[2025-08-26T03:30:27.196Z] [SYSTEM] Service real-time-performance-monitor started successfully
[2025-08-26T03:30:28.029Z] [SYSTEM] Starting service: link-health-scheduler
[2025-08-26T03:30:28.039Z] [SYSTEM] Service link-health-scheduler started successfully
[2025-08-26T03:32:02.042Z] [SYSTEM] Service ml-link-intelligence exited with code 0, signal null
[2025-08-26T03:32:02.042Z] [SYSTEM] Restarting ml-link-intelligence in 10000ms (attempt 1/3)
[2025-08-26T03:32:02.083Z] [SYSTEM] Service autonomous-system-manager exited with code 0, signal null
[2025-08-26T03:32:02.084Z] [SYSTEM] Restarting autonomous-system-manager in 5000ms (attempt 1/5)
[2025-08-26T03:32:07.084Z] [SYSTEM] Starting service: autonomous-system-manager
[2025-08-26T03:32:07.086Z] [SYSTEM] Service autonomous-system-manager started successfully
[2025-08-26T03:32:08.314Z] [SYSTEM] Service link-health-scheduler exited with code 0, signal null
[2025-08-26T03:32:08.315Z] [SYSTEM] Restarting link-health-scheduler in 15000ms (attempt 1/3)
[2025-08-26T03:32:12.044Z] [SYSTEM] Starting service: ml-link-intelligence
[2025-08-26T03:32:12.046Z] [SYSTEM] Service ml-link-intelligence started successfully
[2025-08-26T03:32:23.315Z] [SYSTEM] Starting service: link-health-scheduler
[2025-08-26T03:32:23.317Z] [SYSTEM] Service link-health-scheduler started successfully
[2025-08-26T03:32:27.397Z] [SYSTEM] Service real-time-performance-monitor exited with code 0, signal null
[2025-08-26T03:32:27.397Z] [SYSTEM] Restarting real-time-performance-monitor in 10000ms (attempt 1/3)
[2025-08-26T03:32:37.399Z] [SYSTEM] Starting service: real-time-performance-monitor
[2025-08-26T03:32:37.401Z] [SYSTEM] Service real-time-performance-monitor started successfully
[2025-08-26T03:34:02.426Z] [SYSTEM] Service autonomous-system-manager exited with code 0, signal null
[2025-08-26T03:34:02.427Z] [SYSTEM] Restarting autonomous-system-manager in 5000ms (attempt 1/5)
[2025-08-26T03:34:03.556Z] [SYSTEM] Service link-health-scheduler exited with code 0, signal null
[2025-08-26T03:34:03.639Z] [SYSTEM] Restarting link-health-scheduler in 15000ms (attempt 1/3)
[2025-08-26T03:34:07.429Z] [SYSTEM] Starting service: autonomous-system-manager
[2025-08-26T03:34:07.431Z] [SYSTEM] Service autonomous-system-manager started successfully
[2025-08-26T03:34:17.799Z] [SYSTEM] Service ml-link-intelligence exited with code 0, signal null
[2025-08-26T03:34:17.800Z] [SYSTEM] Restarting ml-link-intelligence in 10000ms (attempt 1/3)
[2025-08-26T03:34:18.643Z] [SYSTEM] Starting service: link-health-scheduler
[2025-08-26T03:34:18.663Z] [SYSTEM] Service link-health-scheduler started successfully
[2025-08-26T03:34:27.809Z] [SYSTEM] Starting service: ml-link-intelligence
[2025-08-26T03:34:27.847Z] [SYSTEM] Service ml-link-intelligence started successfully
[2025-08-26T03:34:37.619Z] [SYSTEM] Service real-time-performance-monitor exited with code 0, signal null
[2025-08-26T03:34:37.620Z] [SYSTEM] Restarting real-time-performance-monitor in 10000ms (attempt 1/3)
[2025-08-26T03:34:47.624Z] [SYSTEM] Starting service: real-time-performance-monitor
[2025-08-26T03:34:47.626Z] [SYSTEM] Service real-time-performance-monitor started successfully
[2025-08-26T03:36:01.353Z] [SYSTEM] Service autonomous-system-manager exited with code 0, signal null
[2025-08-26T03:36:01.354Z] [SYSTEM] Restarting autonomous-system-manager in 5000ms (attempt 1/5)
[2025-08-26T03:36:06.355Z] [SYSTEM] Starting service: autonomous-system-manager
[2025-08-26T03:36:06.357Z] [SYSTEM] Service autonomous-system-manager started successfully
[2025-08-26T03:36:08.845Z] [SYSTEM] Service link-health-scheduler exited with code 0, signal null
[2025-08-26T03:36:08.845Z] [SYSTEM] Restarting link-health-scheduler in 15000ms (attempt 1/3)
[2025-08-26T03:36:23.849Z] [SYSTEM] Starting service: link-health-scheduler
[2025-08-26T03:36:23.857Z] [SYSTEM] Service link-health-scheduler started successfully
[2025-08-26T03:36:34.196Z] [SYSTEM] Service ml-link-intelligence exited with code 0, signal null
[2025-08-26T03:36:34.196Z] [SYSTEM] Restarting ml-link-intelligence in 10000ms (attempt 1/3)
[2025-08-26T03:36:44.200Z] [SYSTEM] Starting service: ml-link-intelligence
[2025-08-26T03:36:44.204Z] [SYSTEM] Service ml-link-intelligence started successfully
[2025-08-26T03:36:47.778Z] [SYSTEM] Service real-time-performance-monitor exited with code 0, signal null
[2025-08-26T03:36:47.779Z] [SYSTEM] Restarting real-time-performance-monitor in 10000ms (attempt 1/3)
[2025-08-26T03:36:57.781Z] [SYSTEM] Starting service: real-time-performance-monitor
[2025-08-26T03:36:57.786Z] [SYSTEM] Service real-time-performance-monitor started successfully
[2025-08-26T03:38:03.461Z] [SYSTEM] Service autonomous-system-manager exited with code 0, signal null
[2025-08-26T03:38:03.462Z] [SYSTEM] Restarting autonomous-system-manager in 5000ms (attempt 1/5)
[2025-08-26T03:38:04.223Z] [SYSTEM] Service link-health-scheduler exited with code 0, signal null
[2025-08-26T03:38:04.224Z] [SYSTEM] Restarting link-health-scheduler in 15000ms (attempt 1/3)
[2025-08-26T03:38:08.462Z] [SYSTEM] Starting service: autonomous-system-manager
[2025-08-26T03:38:08.465Z] [SYSTEM] Service autonomous-system-manager started successfully
[2025-08-26T03:38:19.228Z] [SYSTEM] Starting service: link-health-scheduler
[2025-08-26T03:38:19.230Z] [SYSTEM] Service link-health-scheduler started successfully
[2025-08-26T03:38:49.931Z] [SYSTEM] Service ml-link-intelligence exited with code 0, signal null
[2025-08-26T03:38:49.934Z] [SYSTEM] Restarting ml-link-intelligence in 10000ms (attempt 1/3)
[2025-08-26T03:38:58.089Z] [SYSTEM] Service real-time-performance-monitor exited with code 0, signal null
[2025-08-26T03:38:58.090Z] [SYSTEM] Restarting real-time-performance-monitor in 10000ms (attempt 1/3)
[2025-08-26T03:38:59.937Z] [SYSTEM] Starting service: ml-link-intelligence
[2025-08-26T03:38:59.940Z] [SYSTEM] Service ml-link-intelligence started successfully
[2025-08-26T03:39:08.094Z] [SYSTEM] Starting service: real-time-performance-monitor
[2025-08-26T03:39:08.108Z] [SYSTEM] Service real-time-performance-monitor started successfully
[2025-08-26T03:40:02.361Z] [SYSTEM] Service autonomous-system-manager exited with code 0, signal null
[2025-08-26T03:40:02.361Z] [SYSTEM] Restarting autonomous-system-manager in 5000ms (attempt 1/5)
[2025-08-26T03:40:07.363Z] [SYSTEM] Starting service: autonomous-system-manager
[2025-08-26T03:40:07.366Z] [SYSTEM] Service autonomous-system-manager started successfully
[2025-08-26T03:40:08.358Z] [SYSTEM] Service real-time-performance-monitor exited with code 0, signal null
[2025-08-26T03:40:08.358Z] [SYSTEM] Restarting real-time-performance-monitor in 10000ms (attempt 1/3)
[2025-08-26T03:40:09.542Z] [SYSTEM] Service link-health-scheduler exited with code 0, signal null
[2025-08-26T03:40:09.543Z] [SYSTEM] Restarting link-health-scheduler in 15000ms (attempt 1/3)
[2025-08-26T03:40:18.361Z] [SYSTEM] Starting service: real-time-performance-monitor
[2025-08-26T03:40:18.363Z] [SYSTEM] Service real-time-performance-monitor started successfully
[2025-08-26T03:40:24.550Z] [SYSTEM] Starting service: link-health-scheduler
[2025-08-26T03:40:24.553Z] [SYSTEM] Service link-health-scheduler started successfully
[2025-08-26T03:41:06.870Z] [SYSTEM] Service ml-link-intelligence exited with code 0, signal null
[2025-08-26T03:41:06.871Z] [SYSTEM] Restarting ml-link-intelligence in 10000ms (attempt 1/3)
[2025-08-26T03:41:17.026Z] [SYSTEM] Starting service: ml-link-intelligence
[2025-08-26T03:41:17.040Z] [SYSTEM] Service ml-link-intelligence started successfully
[2025-08-26T03:42:02.480Z] [SYSTEM] Service autonomous-system-manager exited with code 0, signal null
[2025-08-26T03:42:02.480Z] [SYSTEM] Restarting autonomous-system-manager in 5000ms (attempt 1/5)
[2025-08-26T03:42:04.810Z] [SYSTEM] Service link-health-scheduler exited with code 0, signal null
[2025-08-26T03:42:04.811Z] [SYSTEM] Restarting link-health-scheduler in 15000ms (attempt 1/3)
[2025-08-26T03:42:07.487Z] [SYSTEM] Starting service: autonomous-system-manager
[2025-08-26T03:42:07.499Z] [SYSTEM] Service autonomous-system-manager started successfully
[2025-08-26T03:42:18.671Z] [SYSTEM] Service real-time-performance-monitor exited with code 0, signal null
[2025-08-26T03:42:18.679Z] [SYSTEM] Restarting real-time-performance-monitor in 10000ms (attempt 1/3)
[2025-08-26T03:42:19.816Z] [SYSTEM] Starting service: link-health-scheduler
[2025-08-26T03:42:19.833Z] [SYSTEM] Service link-health-scheduler started successfully
[2025-08-26T03:42:28.710Z] [SYSTEM] Starting service: real-time-performance-monitor
[2025-08-26T03:42:28.713Z] [SYSTEM] Service real-time-performance-monitor started successfully
[2025-08-26T03:43:22.868Z] [SYSTEM] Service ml-link-intelligence exited with code 0, signal null
[2025-08-26T03:43:22.870Z] [SYSTEM] Restarting ml-link-intelligence in 10000ms (attempt 1/3)
[2025-08-26T03:43:32.872Z] [SYSTEM] Starting service: ml-link-intelligence
[2025-08-26T03:43:32.873Z] [SYSTEM] Service ml-link-intelligence started successfully
[2025-08-26T03:44:01.438Z] [SYSTEM] Service autonomous-system-manager exited with code 0, signal null
[2025-08-26T03:44:01.442Z] [SYSTEM] Restarting autonomous-system-manager in 5000ms (attempt 1/5)
[2025-08-26T03:44:06.445Z] [SYSTEM] Starting service: autonomous-system-manager
[2025-08-26T03:44:06.446Z] [SYSTEM] Service autonomous-system-manager started successfully
[2025-08-26T03:47:50.436Z] [SYSTEM] Service real-time-performance-monitor exited with code 0, signal null
[2025-08-26T03:47:50.437Z] [SYSTEM] Restarting real-time-performance-monitor in 10000ms (attempt 1/3)
[2025-08-26T03:47:54.048Z] [SYSTEM] Service ml-link-intelligence exited with code 0, signal null
[2025-08-26T03:47:54.048Z] [SYSTEM] Restarting ml-link-intelligence in 10000ms (attempt 1/3)
[2025-08-26T03:48:00.438Z] [SYSTEM] Starting service: real-time-performance-monitor
[2025-08-26T03:48:00.440Z] [SYSTEM] Service real-time-performance-monitor started successfully
[2025-08-26T03:48:01.485Z] [SYSTEM] Service autonomous-system-manager exited with code 0, signal null
[2025-08-26T03:48:01.488Z] [SYSTEM] Restarting autonomous-system-manager in 5000ms (attempt 1/5)
[2025-08-26T03:48:04.050Z] [SYSTEM] Starting service: ml-link-intelligence
[2025-08-26T03:48:04.053Z] [SYSTEM] Service ml-link-intelligence started successfully
[2025-08-26T03:48:06.492Z] [SYSTEM] Starting service: autonomous-system-manager
[2025-08-26T03:48:06.495Z] [SYSTEM] Service autonomous-system-manager started successfully
[2025-08-26T03:48:10.018Z] [SYSTEM] Service link-health-scheduler exited with code 0, signal null
[2025-08-26T03:48:10.018Z] [SYSTEM] Restarting link-health-scheduler in 15000ms (attempt 1/3)
[2025-08-26T03:48:25.024Z] [SYSTEM] Starting service: link-health-scheduler
[2025-08-26T03:48:25.026Z] [SYSTEM] Service link-health-scheduler started successfully
[2025-08-26T03:49:00.553Z] [SYSTEM] Service real-time-performance-monitor exited with code 0, signal null
[2025-08-26T03:49:00.553Z] [SYSTEM] Restarting real-time-performance-monitor in 10000ms (attempt 1/3)
[2025-08-26T03:49:10.554Z] [SYSTEM] Starting service: real-time-performance-monitor
[2025-08-26T03:49:10.561Z] [SYSTEM] Service real-time-performance-monitor started successfully
[2025-08-26T03:50:02.014Z] [SYSTEM] Service autonomous-system-manager exited with code 0, signal null
[2025-08-26T03:50:02.014Z] [SYSTEM] Restarting autonomous-system-manager in 5000ms (attempt 1/5)
[2025-08-26T03:50:05.443Z] [SYSTEM] Service link-health-scheduler exited with code 0, signal null
[2025-08-26T03:50:05.443Z] [SYSTEM] Restarting link-health-scheduler in 15000ms (attempt 1/3)
[2025-08-26T03:50:07.015Z] [SYSTEM] Starting service: autonomous-system-manager
[2025-08-26T03:50:07.017Z] [SYSTEM] Service autonomous-system-manager started successfully
[2025-08-26T03:50:09.828Z] [SYSTEM] Service ml-link-intelligence exited with code 0, signal null
[2025-08-26T03:50:09.829Z] [SYSTEM] Restarting ml-link-intelligence in 10000ms (attempt 1/3)
[2025-08-26T03:50:11.044Z] [SYSTEM] Service real-time-performance-monitor exited with code 0, signal null
[2025-08-26T03:50:11.044Z] [SYSTEM] Restarting real-time-performance-monitor in 10000ms (attempt 1/3)
[2025-08-26T03:50:19.831Z] [SYSTEM] Starting service: ml-link-intelligence
[2025-08-26T03:50:19.832Z] [SYSTEM] Service ml-link-intelligence started successfully
[2025-08-26T03:50:20.443Z] [SYSTEM] Starting service: link-health-scheduler
[2025-08-26T03:50:20.444Z] [SYSTEM] Service link-health-scheduler started successfully
[2025-08-26T03:50:21.045Z] [SYSTEM] Starting service: real-time-performance-monitor
[2025-08-26T03:50:21.047Z] [SYSTEM] Service real-time-performance-monitor started successfully
[2025-08-26T03:52:01.302Z] [SYSTEM] Service autonomous-system-manager exited with code 0, signal null
[2025-08-26T03:52:01.302Z] [SYSTEM] Restarting autonomous-system-manager in 5000ms (attempt 1/5)
[2025-08-26T03:52:06.303Z] [SYSTEM] Starting service: autonomous-system-manager
[2025-08-26T03:52:06.305Z] [SYSTEM] Service autonomous-system-manager started successfully
[2025-08-26T03:52:10.577Z] [SYSTEM] Service link-health-scheduler exited with code 0, signal null
[2025-08-26T03:52:10.577Z] [SYSTEM] Restarting link-health-scheduler in 15000ms (attempt 1/3)
[2025-08-26T03:52:21.163Z] [SYSTEM] Service real-time-performance-monitor exited with code 0, signal null
[2025-08-26T03:52:21.163Z] [SYSTEM] Restarting real-time-performance-monitor in 10000ms (attempt 1/3)
[2025-08-26T03:52:25.405Z] [SYSTEM] Service ml-link-intelligence exited with code 0, signal null
[2025-08-26T03:52:25.405Z] [SYSTEM] Restarting ml-link-intelligence in 10000ms (attempt 1/3)
[2025-08-26T03:52:25.578Z] [SYSTEM] Starting service: link-health-scheduler
[2025-08-26T03:52:25.579Z] [SYSTEM] Service link-health-scheduler started successfully
[2025-08-26T03:52:31.164Z] [SYSTEM] Starting service: real-time-performance-monitor
[2025-08-26T03:52:31.165Z] [SYSTEM] Service real-time-performance-monitor started successfully
[2025-08-26T03:52:35.407Z] [SYSTEM] Starting service: ml-link-intelligence
[2025-08-26T03:52:35.411Z] [SYSTEM] Service ml-link-intelligence started successfully
[2025-08-26T03:54:01.666Z] [SYSTEM] Service autonomous-system-manager exited with code 0, signal null
[2025-08-26T03:54:01.667Z] [SYSTEM] Restarting autonomous-system-manager in 5000ms (attempt 1/5)
[2025-08-26T03:54:05.705Z] [SYSTEM] Service link-health-scheduler exited with code 0, signal null
[2025-08-26T03:54:05.709Z] [SYSTEM] Restarting link-health-scheduler in 15000ms (attempt 1/3)
[2025-08-26T03:54:06.795Z] [SYSTEM] Starting service: autonomous-system-manager
[2025-08-26T03:54:06.798Z] [SYSTEM] Service autonomous-system-manager started successfully
[2025-08-26T03:54:20.710Z] [SYSTEM] Starting service: link-health-scheduler
[2025-08-26T03:54:20.712Z] [SYSTEM] Service link-health-scheduler started successfully
[2025-08-26T03:54:31.448Z] [SYSTEM] Service real-time-performance-monitor exited with code 0, signal null
[2025-08-26T03:54:31.448Z] [SYSTEM] Restarting real-time-performance-monitor in 10000ms (attempt 1/3)
[2025-08-26T03:54:41.138Z] [SYSTEM] Service ml-link-intelligence exited with code 0, signal null
[2025-08-26T03:54:41.139Z] [SYSTEM] Restarting ml-link-intelligence in 10000ms (attempt 1/3)
[2025-08-26T03:54:41.448Z] [SYSTEM] Starting service: real-time-performance-monitor
[2025-08-26T03:54:41.449Z] [SYSTEM] Service real-time-performance-monitor started successfully
[2025-08-26T03:54:51.140Z] [SYSTEM] Starting service: ml-link-intelligence
[2025-08-26T03:54:51.145Z] [SYSTEM] Service ml-link-intelligence started successfully
[2025-08-26T03:56:02.455Z] [SYSTEM] Service autonomous-system-manager exited with code 0, signal null
[2025-08-26T03:56:02.455Z] [SYSTEM] Restarting autonomous-system-manager in 5000ms (attempt 1/5)
[2025-08-26T03:56:07.461Z] [SYSTEM] Starting service: autonomous-system-manager
[2025-08-26T03:56:07.618Z] [SYSTEM] Service autonomous-system-manager started successfully
[2025-08-26T03:56:10.859Z] [SYSTEM] Service link-health-scheduler exited with code 0, signal null
[2025-08-26T03:56:10.861Z] [SYSTEM] Restarting link-health-scheduler in 15000ms (attempt 1/3)
[2025-08-26T03:56:25.862Z] [SYSTEM] Starting service: link-health-scheduler
[2025-08-26T03:56:25.863Z] [SYSTEM] Service link-health-scheduler started successfully
[2025-08-26T03:56:41.538Z] [SYSTEM] Service real-time-performance-monitor exited with code 0, signal null
[2025-08-26T03:56:41.538Z] [SYSTEM] Restarting real-time-performance-monitor in 10000ms (attempt 1/3)
[2025-08-26T03:56:51.540Z] [SYSTEM] Starting service: real-time-performance-monitor
[2025-08-26T03:56:51.541Z] [SYSTEM] Service real-time-performance-monitor started successfully
[2025-08-26T03:56:56.696Z] [SYSTEM] Service ml-link-intelligence exited with code 0, signal null
[2025-08-26T03:56:56.697Z] [SYSTEM] Restarting ml-link-intelligence in 10000ms (attempt 1/3)
[2025-08-26T03:57:06.699Z] [SYSTEM] Starting service: ml-link-intelligence
[2025-08-26T03:57:06.701Z] [SYSTEM] Service ml-link-intelligence started successfully
[2025-08-26T03:58:01.104Z] [SYSTEM] Service autonomous-system-manager exited with code 0, signal null
[2025-08-26T03:58:01.105Z] [SYSTEM] Restarting autonomous-system-manager in 5000ms (attempt 1/5)
[2025-08-26T03:58:05.990Z] [SYSTEM] Service link-health-scheduler exited with code 0, signal null
[2025-08-26T03:58:05.991Z] [SYSTEM] Restarting link-health-scheduler in 15000ms (attempt 1/3)
[2025-08-26T03:58:06.105Z] [SYSTEM] Starting service: autonomous-system-manager
[2025-08-26T03:58:06.106Z] [SYSTEM] Service autonomous-system-manager started successfully
[2025-08-26T03:58:20.993Z] [SYSTEM] Starting service: link-health-scheduler
[2025-08-26T03:58:20.994Z] [SYSTEM] Service link-health-scheduler started successfully
[2025-08-26T03:58:51.655Z] [SYSTEM] Service real-time-performance-monitor exited with code 0, signal null
[2025-08-26T03:58:51.655Z] [SYSTEM] Restarting real-time-performance-monitor in 10000ms (attempt 1/3)
[2025-08-26T03:59:01.657Z] [SYSTEM] Starting service: real-time-performance-monitor
[2025-08-26T03:59:01.658Z] [SYSTEM] Service real-time-performance-monitor started successfully
[2025-08-26T03:59:12.277Z] [SYSTEM] Service ml-link-intelligence exited with code 0, signal null
[2025-08-26T03:59:12.277Z] [SYSTEM] Restarting ml-link-intelligence in 10000ms (attempt 1/3)
[2025-08-26T03:59:22.279Z] [SYSTEM] Starting service: ml-link-intelligence
[2025-08-26T03:59:22.280Z] [SYSTEM] Service ml-link-intelligence started successfully
[2025-08-26T04:00:02.152Z] [SYSTEM] Service autonomous-system-manager exited with code 0, signal null
[2025-08-26T04:00:02.152Z] [SYSTEM] Restarting autonomous-system-manager in 5000ms (attempt 1/5)
[2025-08-26T04:00:07.153Z] [SYSTEM] Starting service: autonomous-system-manager
[2025-08-26T04:00:07.155Z] [SYSTEM] Service autonomous-system-manager started successfully
[2025-08-26T04:00:11.107Z] [SYSTEM] Service link-health-scheduler exited with code 0, signal null
[2025-08-26T04:00:11.108Z] [SYSTEM] Restarting link-health-scheduler in 15000ms (attempt 1/3)
[2025-08-26T04:00:26.109Z] [SYSTEM] Starting service: link-health-scheduler
[2025-08-26T04:00:26.111Z] [SYSTEM] Service link-health-scheduler started successfully
[2025-08-26T04:01:01.766Z] [SYSTEM] Service real-time-performance-monitor exited with code 0, signal null
[2025-08-26T04:01:01.767Z] [SYSTEM] Restarting real-time-performance-monitor in 10000ms (attempt 1/3)
[2025-08-26T04:01:11.768Z] [SYSTEM] Starting service: real-time-performance-monitor
[2025-08-26T04:01:11.769Z] [SYSTEM] Service real-time-performance-monitor started successfully
[2025-08-26T04:01:27.894Z] [SYSTEM] Service ml-link-intelligence exited with code 0, signal null
[2025-08-26T04:01:27.894Z] [SYSTEM] Restarting ml-link-intelligence in 10000ms (attempt 1/3)
[2025-08-26T04:01:37.895Z] [SYSTEM] Starting service: ml-link-intelligence
[2025-08-26T04:01:37.897Z] [SYSTEM] Service ml-link-intelligence started successfully
[2025-08-26T04:02:02.070Z] [SYSTEM] Service autonomous-system-manager exited with code 0, signal null
[2025-08-26T04:02:02.070Z] [SYSTEM] Restarting autonomous-system-manager in 5000ms (attempt 1/5)
[2025-08-26T04:02:06.224Z] [SYSTEM] Service link-health-scheduler exited with code 0, signal null
[2025-08-26T04:02:06.224Z] [SYSTEM] Restarting link-health-scheduler in 15000ms (attempt 1/3)
[2025-08-26T04:02:07.073Z] [SYSTEM] Starting service: autonomous-system-manager
[2025-08-26T04:02:07.074Z] [SYSTEM] Service autonomous-system-manager started successfully
[2025-08-26T04:02:11.872Z] [SYSTEM] Service real-time-performance-monitor exited with code 0, signal null
[2025-08-26T04:02:11.872Z] [SYSTEM] Restarting real-time-performance-monitor in 10000ms (attempt 1/3)
[2025-08-26T04:02:21.242Z] [SYSTEM] Starting service: link-health-scheduler
[2025-08-26T04:02:21.243Z] [SYSTEM] Service link-health-scheduler started successfully
[2025-08-26T04:02:21.888Z] [SYSTEM] Starting service: real-time-performance-monitor
[2025-08-26T04:02:21.889Z] [SYSTEM] Service real-time-performance-monitor started successfully
[2025-08-26T04:18:02.974Z] [SYSTEM] Service autonomous-system-manager exited with code 0, signal null
[2025-08-26T04:18:02.975Z] [SYSTEM] Restarting autonomous-system-manager in 5000ms (attempt 1/5)
[2025-08-26T04:18:02.991Z] [SYSTEM] Service ml-link-intelligence exited with code 0, signal null
[2025-08-26T04:18:02.991Z] [SYSTEM] Restarting ml-link-intelligence in 10000ms (attempt 1/3)
[2025-08-26T04:18:07.957Z] [SYSTEM] Service link-health-scheduler exited with code 0, signal null
[2025-08-26T04:18:07.958Z] [SYSTEM] Restarting link-health-scheduler in 15000ms (attempt 1/3)
[2025-08-26T04:18:07.978Z] [SYSTEM] Starting service: autonomous-system-manager
[2025-08-26T04:18:07.981Z] [SYSTEM] Service autonomous-system-manager started successfully
[2025-08-26T04:18:12.993Z] [SYSTEM] Starting service: ml-link-intelligence
[2025-08-26T04:18:12.996Z] [SYSTEM] Service ml-link-intelligence started successfully
[2025-08-26T04:19:35.980Z] [SYSTEM] Starting service: link-health-scheduler
[2025-08-26T04:19:35.982Z] [SYSTEM] Service link-health-scheduler started successfully
[2025-08-26T04:19:35.994Z] [SYSTEM] Service real-time-performance-monitor exited with code 0, signal null
[2025-08-26T04:19:35.995Z] [SYSTEM] Restarting real-time-performance-monitor in 10000ms (attempt 1/3)
[2025-08-26T04:19:45.998Z] [SYSTEM] Starting service: real-time-performance-monitor
[2025-08-26T04:19:46.000Z] [SYSTEM] Service real-time-performance-monitor started successfully
[2025-08-26T04:20:21.014Z] [SYSTEM] Service autonomous-system-manager exited with code 0, signal null
[2025-08-26T04:20:21.015Z] [SYSTEM] Restarting autonomous-system-manager in 5000ms (attempt 1/5)
[2025-08-26T04:35:24.972Z] [SYSTEM] Starting service: autonomous-system-manager
[2025-08-26T04:35:24.992Z] [SYSTEM] Service autonomous-system-manager started successfully
[2025-08-26T04:35:25.073Z] [SYSTEM] Service link-health-scheduler exited with code 0, signal null
[2025-08-26T04:35:25.084Z] [SYSTEM] Restarting link-health-scheduler in 15000ms (attempt 1/3)
[2025-08-26T04:35:27.286Z] [SYSTEM] Service ml-link-intelligence exited with code 0, signal null
[2025-08-26T04:35:27.286Z] [SYSTEM] Restarting ml-link-intelligence in 10000ms (attempt 1/3)
[2025-08-26T04:35:27.305Z] [SYSTEM] Service autonomous-system-manager exited with code 0, signal null
[2025-08-26T04:35:27.306Z] [SYSTEM] Restarting autonomous-system-manager in 5000ms (attempt 1/5)
[2025-08-26T04:35:27.383Z] [SYSTEM] Service real-time-performance-monitor exited with code 0, signal null
[2025-08-26T04:35:27.383Z] [SYSTEM] Restarting real-time-performance-monitor in 10000ms (attempt 1/3)
[2025-08-26T04:35:32.304Z] [SYSTEM] Starting service: autonomous-system-manager
[2025-08-26T04:35:32.306Z] [SYSTEM] Service autonomous-system-manager started successfully
[2025-08-26T04:35:37.281Z] [SYSTEM] Starting service: ml-link-intelligence
[2025-08-26T04:35:37.284Z] [SYSTEM] Service ml-link-intelligence started successfully
[2025-08-26T04:35:37.379Z] [SYSTEM] Starting service: real-time-performance-monitor
[2025-08-26T04:35:37.381Z] [SYSTEM] Service real-time-performance-monitor started successfully
[2025-08-26T04:35:40.085Z] [SYSTEM] Starting service: link-health-scheduler
[2025-08-26T04:35:40.088Z] [SYSTEM] Service link-health-scheduler started successfully
[2025-08-26T04:36:03.898Z] [SYSTEM] Service autonomous-system-manager exited with code 0, signal null
[2025-08-26T04:36:03.899Z] [SYSTEM] Restarting autonomous-system-manager in 5000ms (attempt 1/5)
[2025-08-26T04:36:08.901Z] [SYSTEM] Starting service: autonomous-system-manager
[2025-08-26T04:36:08.905Z] [SYSTEM] Service autonomous-system-manager started successfully
[2025-08-26T04:36:10.371Z] [SYSTEM] Service link-health-scheduler exited with code 0, signal null
[2025-08-26T04:36:10.372Z] [SYSTEM] Restarting link-health-scheduler in 15000ms (attempt 1/3)
[2025-08-26T04:36:25.374Z] [SYSTEM] Starting service: link-health-scheduler
[2025-08-26T04:36:25.377Z] [SYSTEM] Service link-health-scheduler started successfully
[2025-08-26T04:36:37.687Z] [SYSTEM] Service real-time-performance-monitor exited with code 0, signal null
[2025-08-26T04:36:37.688Z] [SYSTEM] Restarting real-time-performance-monitor in 10000ms (attempt 1/3)
[2025-08-26T04:36:47.689Z] [SYSTEM] Starting service: real-time-performance-monitor
[2025-08-26T04:36:47.691Z] [SYSTEM] Service real-time-performance-monitor started successfully
[2025-08-26T04:37:43.323Z] [SYSTEM] Service ml-link-intelligence exited with code 0, signal null
[2025-08-26T04:37:43.324Z] [SYSTEM] Restarting ml-link-intelligence in 10000ms (attempt 1/3)
[2025-08-26T04:37:53.326Z] [SYSTEM] Starting service: ml-link-intelligence
[2025-08-26T04:37:53.329Z] [SYSTEM] Service ml-link-intelligence started successfully
[2025-08-26T04:38:03.625Z] [SYSTEM] Service autonomous-system-manager exited with code 0, signal null
[2025-08-26T04:38:03.625Z] [SYSTEM] Restarting autonomous-system-manager in 5000ms (attempt 1/5)
[2025-08-26T04:38:05.663Z] [SYSTEM] Service link-health-scheduler exited with code 0, signal null
[2025-08-26T04:38:05.664Z] [SYSTEM] Restarting link-health-scheduler in 15000ms (attempt 1/3)
[2025-08-26T04:38:08.628Z] [SYSTEM] Starting service: autonomous-system-manager
[2025-08-26T04:38:08.630Z] [SYSTEM] Service autonomous-system-manager started successfully
[2025-08-26T04:38:20.664Z] [SYSTEM] Starting service: link-health-scheduler
[2025-08-26T04:38:20.667Z] [SYSTEM] Service link-health-scheduler started successfully
[2025-08-26T04:38:47.949Z] [SYSTEM] Service real-time-performance-monitor exited with code 0, signal null
[2025-08-26T04:38:47.950Z] [SYSTEM] Restarting real-time-performance-monitor in 10000ms (attempt 1/3)
[2025-08-26T04:38:57.952Z] [SYSTEM] Starting service: real-time-performance-monitor
[2025-08-26T04:38:57.955Z] [SYSTEM] Service real-time-performance-monitor started successfully
[2025-08-26T04:39:59.228Z] [SYSTEM] Service ml-link-intelligence exited with code 0, signal null
[2025-08-26T04:39:59.228Z] [SYSTEM] Restarting ml-link-intelligence in 10000ms (attempt 1/3)
[2025-08-26T04:40:03.602Z] [SYSTEM] Service autonomous-system-manager exited with code 0, signal null
[2025-08-26T04:40:03.603Z] [SYSTEM] Restarting autonomous-system-manager in 5000ms (attempt 1/5)
[2025-08-26T04:40:08.604Z] [SYSTEM] Starting service: autonomous-system-manager
[2025-08-26T04:40:08.607Z] [SYSTEM] Service autonomous-system-manager started successfully
[2025-08-26T04:40:09.230Z] [SYSTEM] Starting service: ml-link-intelligence
[2025-08-26T04:40:09.234Z] [SYSTEM] Service ml-link-intelligence started successfully
[2025-08-26T04:40:10.947Z] [SYSTEM] Service link-health-scheduler exited with code 0, signal null
[2025-08-26T04:40:10.947Z] [SYSTEM] Restarting link-health-scheduler in 15000ms (attempt 1/3)
[2025-08-26T04:40:25.952Z] [SYSTEM] Starting service: link-health-scheduler
[2025-08-26T04:40:25.955Z] [SYSTEM] Service link-health-scheduler started successfully
[2025-08-26T04:40:58.201Z] [SYSTEM] Service real-time-performance-monitor exited with code 0, signal null
[2025-08-26T04:40:58.202Z] [SYSTEM] Restarting real-time-performance-monitor in 10000ms (attempt 1/3)
[2025-08-26T04:41:08.204Z] [SYSTEM] Starting service: real-time-performance-monitor
[2025-08-26T04:41:08.206Z] [SYSTEM] Service real-time-performance-monitor started successfully
[2025-08-26T05:14:03.186Z] [SYSTEM] Service autonomous-system-manager exited with code 0, signal null
[2025-08-26T05:14:03.187Z] [SYSTEM] Restarting autonomous-system-manager in 5000ms (attempt 1/5)
[2025-08-26T05:14:08.189Z] [SYSTEM] Starting service: autonomous-system-manager
[2025-08-26T05:14:08.192Z] [SYSTEM] Service autonomous-system-manager started successfully
[2025-08-26T05:14:11.024Z] [SYSTEM] Service link-health-scheduler exited with code 0, signal null
[2025-08-26T05:14:11.024Z] [SYSTEM] Restarting link-health-scheduler in 15000ms (attempt 1/3)
[2025-08-26T05:14:12.587Z] [SYSTEM] Service real-time-performance-monitor exited with code 0, signal null
[2025-08-26T05:14:12.588Z] [SYSTEM] Restarting real-time-performance-monitor in 10000ms (attempt 1/3)
[2025-08-26T05:14:22.590Z] [SYSTEM] Starting service: real-time-performance-monitor
[2025-08-26T05:14:22.592Z] [SYSTEM] Service real-time-performance-monitor started successfully
[2025-08-26T05:14:26.130Z] [SYSTEM] Starting service: link-health-scheduler
[2025-08-26T05:14:26.133Z] [SYSTEM] Service link-health-scheduler started successfully
[2025-08-26T05:16:03.203Z] [SYSTEM] Service ml-link-intelligence exited with code 0, signal null
[2025-08-26T05:16:03.203Z] [SYSTEM] Restarting ml-link-intelligence in 10000ms (attempt 1/3)
[2025-08-26T05:16:03.454Z] [SYSTEM] Service autonomous-system-manager exited with code 0, signal null
[2025-08-26T05:16:03.455Z] [SYSTEM] Restarting autonomous-system-manager in 5000ms (attempt 1/5)
[2025-08-26T05:16:06.444Z] [SYSTEM] Service link-health-scheduler exited with code 0, signal null
[2025-08-26T05:16:06.445Z] [SYSTEM] Restarting link-health-scheduler in 15000ms (attempt 1/3)
[2025-08-26T05:16:08.457Z] [SYSTEM] Starting service: autonomous-system-manager
[2025-08-26T05:16:08.462Z] [SYSTEM] Service autonomous-system-manager started successfully
[2025-08-26T05:16:13.206Z] [SYSTEM] Starting service: ml-link-intelligence
[2025-08-26T05:16:13.208Z] [SYSTEM] Service ml-link-intelligence started successfully
[2025-08-26T05:16:21.458Z] [SYSTEM] Starting service: link-health-scheduler
[2025-08-26T05:16:21.472Z] [SYSTEM] Service link-health-scheduler started successfully
[2025-08-26T05:16:22.847Z] [SYSTEM] Service real-time-performance-monitor exited with code 0, signal null
[2025-08-26T05:16:22.848Z] [SYSTEM] Restarting real-time-performance-monitor in 10000ms (attempt 1/3)
[2025-08-26T05:16:32.850Z] [SYSTEM] Starting service: real-time-performance-monitor
[2025-08-26T05:16:32.853Z] [SYSTEM] Service real-time-performance-monitor started successfully
[2025-08-26T05:18:02.813Z] [SYSTEM] Service autonomous-system-manager exited with code 0, signal null
[2025-08-26T05:18:02.814Z] [SYSTEM] Restarting autonomous-system-manager in 5000ms (attempt 1/5)
[2025-08-26T05:18:07.815Z] [SYSTEM] Starting service: autonomous-system-manager
[2025-08-26T05:18:07.818Z] [SYSTEM] Service autonomous-system-manager started successfully
[2025-08-26T05:18:11.935Z] [SYSTEM] Service link-health-scheduler exited with code 0, signal null
[2025-08-26T05:18:11.935Z] [SYSTEM] Restarting link-health-scheduler in 15000ms (attempt 1/3)
[2025-08-26T05:18:19.135Z] [SYSTEM] Service ml-link-intelligence exited with code 0, signal null
[2025-08-26T05:18:19.136Z] [SYSTEM] Restarting ml-link-intelligence in 10000ms (attempt 1/3)
[2025-08-26T05:18:26.938Z] [SYSTEM] Starting service: link-health-scheduler
[2025-08-26T05:18:26.940Z] [SYSTEM] Service link-health-scheduler started successfully
[2025-08-26T05:18:29.138Z] [SYSTEM] Starting service: ml-link-intelligence
[2025-08-26T05:18:29.141Z] [SYSTEM] Service ml-link-intelligence started successfully
[2025-08-26T05:18:33.099Z] [SYSTEM] Service real-time-performance-monitor exited with code 0, signal null
[2025-08-26T05:18:33.100Z] [SYSTEM] Restarting real-time-performance-monitor in 10000ms (attempt 1/3)
[2025-08-26T05:18:43.103Z] [SYSTEM] Starting service: real-time-performance-monitor
[2025-08-26T05:18:43.105Z] [SYSTEM] Service real-time-performance-monitor started successfully
[2025-08-26T05:20:03.417Z] [SYSTEM] Service autonomous-system-manager exited with code 0, signal null
[2025-08-26T05:20:03.418Z] [SYSTEM] Restarting autonomous-system-manager in 5000ms (attempt 1/5)
[2025-08-26T05:20:07.203Z] [SYSTEM] Service link-health-scheduler exited with code 0, signal null
[2025-08-26T05:20:07.203Z] [SYSTEM] Restarting link-health-scheduler in 15000ms (attempt 1/3)
[2025-08-26T05:20:08.419Z] [SYSTEM] Starting service: autonomous-system-manager
[2025-08-26T05:20:08.422Z] [SYSTEM] Service autonomous-system-manager started successfully
[2025-08-26T05:20:22.207Z] [SYSTEM] Starting service: link-health-scheduler
[2025-08-26T05:20:22.209Z] [SYSTEM] Service link-health-scheduler started successfully
[2025-08-26T05:20:35.073Z] [SYSTEM] Service ml-link-intelligence exited with code 0, signal null
[2025-08-26T05:20:35.074Z] [SYSTEM] Restarting ml-link-intelligence in 10000ms (attempt 1/3)
[2025-08-26T05:20:43.352Z] [SYSTEM] Service real-time-performance-monitor exited with code 0, signal null
[2025-08-26T05:20:43.353Z] [SYSTEM] Restarting real-time-performance-monitor in 10000ms (attempt 1/3)
[2025-08-26T05:20:45.077Z] [SYSTEM] Starting service: ml-link-intelligence
[2025-08-26T05:20:45.079Z] [SYSTEM] Service ml-link-intelligence started successfully
[2025-08-26T05:20:53.356Z] [SYSTEM] Starting service: real-time-performance-monitor
[2025-08-26T05:20:53.358Z] [SYSTEM] Service real-time-performance-monitor started successfully
[2025-08-26T05:22:02.870Z] [SYSTEM] Service autonomous-system-manager exited with code 0, signal null
[2025-08-26T05:22:02.871Z] [SYSTEM] Restarting autonomous-system-manager in 5000ms (attempt 1/5)
[2025-08-26T05:22:07.872Z] [SYSTEM] Starting service: autonomous-system-manager
[2025-08-26T05:22:07.874Z] [SYSTEM] Service autonomous-system-manager started successfully
[2025-08-26T05:22:12.524Z] [SYSTEM] Service link-health-scheduler exited with code 0, signal null
[2025-08-26T05:22:12.525Z] [SYSTEM] Restarting link-health-scheduler in 15000ms (attempt 1/3)
[2025-08-26T05:22:27.527Z] [SYSTEM] Starting service: link-health-scheduler
[2025-08-26T05:22:27.530Z] [SYSTEM] Service link-health-scheduler started successfully
[2025-08-26T05:22:51.054Z] [SYSTEM] Service ml-link-intelligence exited with code 0, signal null
[2025-08-26T05:22:51.055Z] [SYSTEM] Restarting ml-link-intelligence in 10000ms (attempt 1/3)
[2025-08-26T05:22:53.611Z] [SYSTEM] Service real-time-performance-monitor exited with code 0, signal null
[2025-08-26T05:22:53.612Z] [SYSTEM] Restarting real-time-performance-monitor in 10000ms (attempt 1/3)
[2025-08-26T05:23:01.058Z] [SYSTEM] Starting service: ml-link-intelligence
[2025-08-26T05:23:01.060Z] [SYSTEM] Service ml-link-intelligence started successfully
[2025-08-26T05:53:02.998Z] [SYSTEM] Starting service: real-time-performance-monitor
[2025-08-26T05:53:03.012Z] [SYSTEM] Service real-time-performance-monitor started successfully
[2025-08-26T06:03:07.149Z] [SYSTEM] Service autonomous-system-manager exited with code 0, signal null
[2025-08-26T06:03:07.149Z] [SYSTEM] Restarting autonomous-system-manager in 5000ms (attempt 1/5)
[2025-08-26T06:03:11.440Z] [SYSTEM] Service link-health-scheduler exited with code 0, signal null
[2025-08-26T06:03:11.441Z] [SYSTEM] Restarting link-health-scheduler in 15000ms (attempt 1/3)
[2025-08-26T06:03:12.150Z] [SYSTEM] Starting service: autonomous-system-manager
[2025-08-26T06:03:12.154Z] [SYSTEM] Service autonomous-system-manager started successfully
[2025-08-26T06:03:26.444Z] [SYSTEM] Starting service: link-health-scheduler
[2025-08-26T06:03:26.448Z] [SYSTEM] Service link-health-scheduler started successfully
[2025-08-26T06:04:02.828Z] [SYSTEM] Service autonomous-system-manager exited with code 0, signal null
[2025-08-26T06:04:02.829Z] [SYSTEM] Restarting autonomous-system-manager in 5000ms (attempt 1/5)
[2025-08-26T06:04:06.741Z] [SYSTEM] Service link-health-scheduler exited with code 0, signal null
[2025-08-26T06:04:06.742Z] [SYSTEM] Restarting link-health-scheduler in 15000ms (attempt 1/3)
[2025-08-26T06:04:07.184Z] [SYSTEM] Service real-time-performance-monitor exited with code 0, signal null
[2025-08-26T06:04:07.185Z] [SYSTEM] Restarting real-time-performance-monitor in 10000ms (attempt 1/3)
[2025-08-26T06:04:07.831Z] [SYSTEM] Starting service: autonomous-system-manager
[2025-08-26T06:04:07.833Z] [SYSTEM] Service autonomous-system-manager started successfully
[2025-08-26T06:04:17.185Z] [SYSTEM] Starting service: real-time-performance-monitor
[2025-08-26T06:04:17.188Z] [SYSTEM] Service real-time-performance-monitor started successfully
[2025-08-26T06:04:21.744Z] [SYSTEM] Starting service: link-health-scheduler
[2025-08-26T06:04:21.747Z] [SYSTEM] Service link-health-scheduler started successfully
[2025-08-26T06:21:33.944Z] [SYSTEM] Service ml-link-intelligence exited with code 0, signal null
[2025-08-26T06:21:33.945Z] [SYSTEM] Restarting ml-link-intelligence in 10000ms (attempt 1/3)
[2025-08-26T06:21:43.947Z] [SYSTEM] Starting service: ml-link-intelligence
[2025-08-26T06:21:43.950Z] [SYSTEM] Service ml-link-intelligence started successfully
[2025-08-26T06:54:35.476Z] [SYSTEM] Service autonomous-system-manager exited with code 0, signal null
[2025-08-26T06:54:35.476Z] [SYSTEM] Restarting autonomous-system-manager in 5000ms (attempt 1/5)
[2025-08-26T06:54:40.482Z] [SYSTEM] Starting service: autonomous-system-manager
[2025-08-26T06:54:40.485Z] [SYSTEM] Service autonomous-system-manager started successfully
[2025-08-26T06:54:45.451Z] [SYSTEM] Service link-health-scheduler exited with code 0, signal null
[2025-08-26T06:54:45.452Z] [SYSTEM] Restarting link-health-scheduler in 15000ms (attempt 1/3)
[2025-08-26T06:55:00.453Z] [SYSTEM] Starting service: link-health-scheduler
[2025-08-26T06:55:00.455Z] [SYSTEM] Service link-health-scheduler started successfully
[2025-08-26T07:04:11.254Z] [SYSTEM] Service real-time-performance-monitor exited with code 0, signal null
[2025-08-26T07:04:11.254Z] [SYSTEM] Restarting real-time-performance-monitor in 10000ms (attempt 1/3)
[2025-08-26T07:04:14.143Z] [SYSTEM] Service autonomous-system-manager exited with code 0, signal null
[2025-08-26T07:04:14.144Z] [SYSTEM] Restarting autonomous-system-manager in 5000ms (attempt 1/5)
[2025-08-26T07:04:14.241Z] [SYSTEM] Service ml-link-intelligence exited with code 0, signal null
[2025-08-26T07:04:14.242Z] [SYSTEM] Restarting ml-link-intelligence in 10000ms (attempt 1/3)
[2025-08-26T07:04:16.490Z] [SYSTEM] Service link-health-scheduler exited with code 0, signal null
[2025-08-26T07:04:16.491Z] [SYSTEM] Restarting link-health-scheduler in 15000ms (attempt 1/3)
[2025-08-26T07:04:19.147Z] [SYSTEM] Starting service: autonomous-system-manager
[2025-08-26T07:04:19.154Z] [SYSTEM] Service autonomous-system-manager started successfully
[2025-08-26T07:04:21.257Z] [SYSTEM] Starting service: real-time-performance-monitor
[2025-08-26T07:04:21.260Z] [SYSTEM] Service real-time-performance-monitor started successfully
[2025-08-26T07:04:24.242Z] [SYSTEM] Starting service: ml-link-intelligence
[2025-08-26T07:04:24.247Z] [SYSTEM] Service ml-link-intelligence started successfully
[2025-08-26T07:04:31.493Z] [SYSTEM] Starting service: link-health-scheduler
[2025-08-26T07:04:31.497Z] [SYSTEM] Service link-health-scheduler started successfully
[2025-08-26T07:38:02.757Z] [SYSTEM] Service autonomous-system-manager exited with code 0, signal null
[2025-08-26T07:38:02.758Z] [SYSTEM] Restarting autonomous-system-manager in 5000ms (attempt 1/5)
[2025-08-26T07:38:06.844Z] [SYSTEM] Service link-health-scheduler exited with code 0, signal null
[2025-08-26T07:38:06.845Z] [SYSTEM] Restarting link-health-scheduler in 15000ms (attempt 1/3)
[2025-08-26T07:38:07.760Z] [SYSTEM] Starting service: autonomous-system-manager
[2025-08-26T07:38:07.762Z] [SYSTEM] Service autonomous-system-manager started successfully
[2025-08-26T07:55:35.624Z] [SYSTEM] Starting service: link-health-scheduler
[2025-08-26T07:55:35.625Z] [SYSTEM] Service link-health-scheduler started successfully
[2025-08-26T07:55:49.375Z] [SYSTEM] Service real-time-performance-monitor exited with code 0, signal null
[2025-08-26T07:55:49.376Z] [SYSTEM] Restarting real-time-performance-monitor in 10000ms (attempt 1/3)
[2025-08-26T07:55:59.379Z] [SYSTEM] Starting service: real-time-performance-monitor
[2025-08-26T07:55:59.382Z] [SYSTEM] Service real-time-performance-monitor started successfully
[2025-08-26T08:03:28.679Z] [SYSTEM] Service ml-link-intelligence exited with code 0, signal null
[2025-08-26T08:03:28.679Z] [SYSTEM] Restarting ml-link-intelligence in 10000ms (attempt 1/3)
[2025-08-26T08:03:28.733Z] [SYSTEM] Service autonomous-system-manager exited with code 0, signal null
[2025-08-26T08:03:28.733Z] [SYSTEM] Restarting autonomous-system-manager in 5000ms (attempt 1/5)
[2025-08-26T08:03:33.734Z] [SYSTEM] Starting service: autonomous-system-manager
[2025-08-26T08:03:33.738Z] [SYSTEM] Service autonomous-system-manager started successfully
[2025-08-26T08:03:35.515Z] [SYSTEM] Service link-health-scheduler exited with code 0, signal null
[2025-08-26T08:03:35.516Z] [SYSTEM] Restarting link-health-scheduler in 15000ms (attempt 1/3)
[2025-08-26T08:03:38.680Z] [SYSTEM] Starting service: ml-link-intelligence
[2025-08-26T08:03:38.682Z] [SYSTEM] Service ml-link-intelligence started successfully
[2025-08-26T08:03:50.517Z] [SYSTEM] Starting service: link-health-scheduler
[2025-08-26T08:03:50.519Z] [SYSTEM] Service link-health-scheduler started successfully
[2025-08-26T08:04:03.632Z] [SYSTEM] Service autonomous-system-manager exited with code 0, signal null
[2025-08-26T08:04:03.632Z] [SYSTEM] Restarting autonomous-system-manager in 5000ms (attempt 1/5)
[2025-08-26T08:04:08.635Z] [SYSTEM] Starting service: autonomous-system-manager
[2025-08-26T08:04:08.638Z] [SYSTEM] Service autonomous-system-manager started successfully
[2025-08-26T08:04:10.763Z] [SYSTEM] Service link-health-scheduler exited with code 0, signal null
[2025-08-26T08:04:10.763Z] [SYSTEM] Restarting link-health-scheduler in 15000ms (attempt 1/3)
[2025-08-26T08:21:30.855Z] [SYSTEM] Starting service: link-health-scheduler
[2025-08-26T08:21:30.868Z] [SYSTEM] Service link-health-scheduler started successfully
[2025-08-26T08:21:45.559Z] [SYSTEM] Service real-time-performance-monitor exited with code 0, signal null
[2025-08-26T08:21:45.559Z] [SYSTEM] Restarting real-time-performance-monitor in 10000ms (attempt 1/3)
[2025-08-26T08:21:55.560Z] [SYSTEM] Starting service: real-time-performance-monitor
[2025-08-26T08:21:55.562Z] [SYSTEM] Service real-time-performance-monitor started successfully
[2025-08-26T08:22:03.062Z] [SYSTEM] Service autonomous-system-manager exited with code 0, signal null
[2025-08-26T08:22:03.063Z] [SYSTEM] Restarting autonomous-system-manager in 5000ms (attempt 1/5)
[2025-08-26T08:22:03.109Z] [SYSTEM] Service ml-link-intelligence exited with code 0, signal null
[2025-08-26T08:22:03.110Z] [SYSTEM] Restarting ml-link-intelligence in 10000ms (attempt 1/3)
[2025-08-26T08:22:08.063Z] [SYSTEM] Starting service: autonomous-system-manager
[2025-08-26T08:22:08.066Z] [SYSTEM] Service autonomous-system-manager started successfully
[2025-08-26T08:22:11.163Z] [SYSTEM] Service link-health-scheduler exited with code 0, signal null
[2025-08-26T08:22:11.164Z] [SYSTEM] Restarting link-health-scheduler in 15000ms (attempt 1/3)
[2025-08-26T08:22:13.110Z] [SYSTEM] Starting service: ml-link-intelligence
[2025-08-26T08:22:13.113Z] [SYSTEM] Service ml-link-intelligence started successfully
[2025-08-26T08:38:23.591Z] [SYSTEM] Service real-time-performance-monitor exited with code 0, signal null
[2025-08-26T08:38:23.592Z] [SYSTEM] Restarting real-time-performance-monitor in 10000ms (attempt 1/3)
[2025-08-26T08:38:23.592Z] [SYSTEM] Starting service: link-health-scheduler
[2025-08-26T08:38:23.593Z] [SYSTEM] Service link-health-scheduler started successfully
[2025-08-26T08:38:33.593Z] [SYSTEM] Starting service: real-time-performance-monitor
[2025-08-26T08:38:33.595Z] [SYSTEM] Service real-time-performance-monitor started successfully
[2025-08-26T09:22:03.195Z] [SYSTEM] Service autonomous-system-manager exited with code 0, signal null
[2025-08-26T09:22:03.196Z] [SYSTEM] Restarting autonomous-system-manager in 5000ms (attempt 1/5)
[2025-08-26T09:22:08.199Z] [SYSTEM] Starting service: autonomous-system-manager
[2025-08-26T09:22:08.202Z] [SYSTEM] Service autonomous-system-manager started successfully
[2025-08-26T09:22:10.841Z] [SYSTEM] Service link-health-scheduler exited with code 0, signal null
[2025-08-26T09:22:10.842Z] [SYSTEM] Restarting link-health-scheduler in 15000ms (attempt 1/3)
[2025-08-26T09:33:04.044Z] [SYSTEM] Starting service: link-health-scheduler
[2025-08-26T09:33:04.046Z] [SYSTEM] Service link-health-scheduler started successfully
[2025-08-26T09:33:19.217Z] [SYSTEM] Service real-time-performance-monitor exited with code 0, signal null
[2025-08-26T09:33:19.218Z] [SYSTEM] Restarting real-time-performance-monitor in 10000ms (attempt 1/3)
[2025-08-26T09:33:29.219Z] [SYSTEM] Starting service: real-time-performance-monitor
[2025-08-26T09:33:29.220Z] [SYSTEM] Service real-time-performance-monitor started successfully
[2025-08-26T09:34:00.882Z] [SYSTEM] Service ml-link-intelligence exited with code 0, signal null
[2025-08-26T09:34:00.882Z] [SYSTEM] Restarting ml-link-intelligence in 10000ms (attempt 1/3)
[2025-08-26T09:34:00.947Z] [SYSTEM] Service autonomous-system-manager exited with code 0, signal null
[2025-08-26T09:34:00.947Z] [SYSTEM] Restarting autonomous-system-manager in 5000ms (attempt 1/5)
[2025-08-26T09:34:04.142Z] [SYSTEM] Service link-health-scheduler exited with code 0, signal null
[2025-08-26T09:34:04.143Z] [SYSTEM] Restarting link-health-scheduler in 15000ms (attempt 1/3)
[2025-08-26T09:34:05.948Z] [SYSTEM] Starting service: autonomous-system-manager
[2025-08-26T09:34:05.948Z] [SYSTEM] Service autonomous-system-manager started successfully
[2025-08-26T09:34:10.883Z] [SYSTEM] Starting service: ml-link-intelligence
[2025-08-26T09:34:10.884Z] [SYSTEM] Service ml-link-intelligence started successfully
[2025-08-26T09:34:19.143Z] [SYSTEM] Starting service: link-health-scheduler
[2025-08-26T09:34:19.144Z] [SYSTEM] Service link-health-scheduler started successfully
[2025-08-26T09:34:29.292Z] [SYSTEM] Service real-time-performance-monitor exited with code 0, signal null
[2025-08-26T09:34:29.293Z] [SYSTEM] Restarting real-time-performance-monitor in 10000ms (attempt 1/3)
[2025-08-26T09:34:39.293Z] [SYSTEM] Starting service: real-time-performance-monitor
[2025-08-26T09:34:39.294Z] [SYSTEM] Service real-time-performance-monitor started successfully
[2025-08-26T09:36:01.342Z] [SYSTEM] Service autonomous-system-manager exited with code 0, signal null
[2025-08-26T09:36:01.343Z] [SYSTEM] Restarting autonomous-system-manager in 5000ms (attempt 1/5)
[2025-08-26T09:36:06.344Z] [SYSTEM] Starting service: autonomous-system-manager
[2025-08-26T09:36:06.345Z] [SYSTEM] Service autonomous-system-manager started successfully
[2025-08-26T09:36:09.233Z] [SYSTEM] Service link-health-scheduler exited with code 0, signal null
[2025-08-26T09:36:09.233Z] [SYSTEM] Restarting link-health-scheduler in 15000ms (attempt 1/3)
[2025-08-26T09:36:16.361Z] [SYSTEM] Service ml-link-intelligence exited with code 0, signal null
[2025-08-26T09:36:16.362Z] [SYSTEM] Restarting ml-link-intelligence in 10000ms (attempt 1/3)
[2025-08-26T09:36:24.233Z] [SYSTEM] Starting service: link-health-scheduler
[2025-08-26T09:36:24.234Z] [SYSTEM] Service link-health-scheduler started successfully
[2025-08-26T09:36:26.362Z] [SYSTEM] Starting service: ml-link-intelligence
[2025-08-26T09:36:26.363Z] [SYSTEM] Service ml-link-intelligence started successfully
[2025-08-26T09:36:39.481Z] [SYSTEM] Service real-time-performance-monitor exited with code 0, signal null
[2025-08-26T09:36:39.481Z] [SYSTEM] Restarting real-time-performance-monitor in 10000ms (attempt 1/3)
[2025-08-26T09:36:49.484Z] [SYSTEM] Starting service: real-time-performance-monitor
[2025-08-26T09:36:49.485Z] [SYSTEM] Service real-time-performance-monitor started successfully
[2025-08-26T09:38:01.785Z] [SYSTEM] Service autonomous-system-manager exited with code 0, signal null
[2025-08-26T09:38:01.786Z] [SYSTEM] Restarting autonomous-system-manager in 5000ms (attempt 1/5)
[2025-08-26T09:38:04.442Z] [SYSTEM] Service link-health-scheduler exited with code 0, signal null
[2025-08-26T09:38:04.442Z] [SYSTEM] Restarting link-health-scheduler in 15000ms (attempt 1/3)
[2025-08-26T09:38:06.787Z] [SYSTEM] Starting service: autonomous-system-manager
[2025-08-26T09:38:06.788Z] [SYSTEM] Service autonomous-system-manager started successfully
[2025-08-26T09:38:19.448Z] [SYSTEM] Starting service: link-health-scheduler
[2025-08-26T09:38:19.449Z] [SYSTEM] Service link-health-scheduler started successfully
[2025-08-26T09:38:32.002Z] [SYSTEM] Service ml-link-intelligence exited with code 0, signal null
[2025-08-26T09:38:32.002Z] [SYSTEM] Restarting ml-link-intelligence in 10000ms (attempt 1/3)
[2025-08-26T09:41:17.966Z] [SYSTEM] Starting service: ml-link-intelligence
[2025-08-26T09:41:17.967Z] [SYSTEM] Service ml-link-intelligence started successfully
[2025-08-26T09:41:20.687Z] [SYSTEM] Service autonomous-system-manager exited with code 0, signal null
[2025-08-26T09:41:20.687Z] [SYSTEM] Restarting autonomous-system-manager in 5000ms (attempt 1/5)
[2025-08-26T09:41:20.712Z] [SYSTEM] Service real-time-performance-monitor exited with code 0, signal null
[2025-08-26T09:41:20.713Z] [SYSTEM] Restarting real-time-performance-monitor in 10000ms (attempt 1/3)
[2025-08-26T09:41:25.525Z] [SYSTEM] Service link-health-scheduler exited with code 0, signal null
[2025-08-26T09:41:25.526Z] [SYSTEM] Restarting link-health-scheduler in 15000ms (attempt 1/3)
[2025-08-26T09:41:25.689Z] [SYSTEM] Starting service: autonomous-system-manager
[2025-08-26T09:41:25.691Z] [SYSTEM] Service autonomous-system-manager started successfully
[2025-08-26T09:41:30.715Z] [SYSTEM] Starting service: real-time-performance-monitor
[2025-08-26T09:41:30.716Z] [SYSTEM] Service real-time-performance-monitor started successfully
[2025-08-26T09:41:40.529Z] [SYSTEM] Starting service: link-health-scheduler
[2025-08-26T09:41:40.530Z] [SYSTEM] Service link-health-scheduler started successfully
[2025-08-26T09:42:01.525Z] [SYSTEM] Service autonomous-system-manager exited with code 0, signal null
[2025-08-26T09:42:01.525Z] [SYSTEM] Restarting autonomous-system-manager in 5000ms (attempt 1/5)
[2025-08-26T09:42:06.526Z] [SYSTEM] Starting service: autonomous-system-manager
[2025-08-26T09:42:06.527Z] [SYSTEM] Service autonomous-system-manager started successfully
[2025-08-26T09:42:10.613Z] [SYSTEM] Service link-health-scheduler exited with code 0, signal null
[2025-08-26T09:42:10.614Z] [SYSTEM] Restarting link-health-scheduler in 15000ms (attempt 1/3)
[2025-08-26T09:42:25.615Z] [SYSTEM] Starting service: link-health-scheduler
[2025-08-26T09:42:25.616Z] [SYSTEM] Service link-health-scheduler started successfully
[2025-08-26T09:42:30.805Z] [SYSTEM] Service real-time-performance-monitor exited with code 0, signal null
[2025-08-26T09:42:30.806Z] [SYSTEM] Restarting real-time-performance-monitor in 10000ms (attempt 1/3)
[2025-08-26T09:42:40.808Z] [SYSTEM] Starting service: real-time-performance-monitor
[2025-08-26T09:42:40.809Z] [SYSTEM] Service real-time-performance-monitor started successfully
[2025-08-26T09:43:23.675Z] [SYSTEM] Service ml-link-intelligence exited with code 0, signal null
[2025-08-26T09:43:23.676Z] [SYSTEM] Restarting ml-link-intelligence in 10000ms (attempt 1/3)
[2025-08-26T09:43:33.677Z] [SYSTEM] Starting service: ml-link-intelligence
[2025-08-26T09:43:33.679Z] [SYSTEM] Service ml-link-intelligence started successfully
[2025-08-26T09:44:01.851Z] [SYSTEM] Service autonomous-system-manager exited with code 0, signal null
[2025-08-26T09:44:01.851Z] [SYSTEM] Restarting autonomous-system-manager in 5000ms (attempt 1/5)
[2025-08-26T09:44:05.703Z] [SYSTEM] Service link-health-scheduler exited with code 0, signal null
[2025-08-26T09:44:05.703Z] [SYSTEM] Restarting link-health-scheduler in 15000ms (attempt 1/3)
[2025-08-26T09:44:06.853Z] [SYSTEM] Starting service: autonomous-system-manager
[2025-08-26T09:44:06.853Z] [SYSTEM] Service autonomous-system-manager started successfully
[2025-08-26T09:44:20.704Z] [SYSTEM] Starting service: link-health-scheduler
[2025-08-26T09:44:20.705Z] [SYSTEM] Service link-health-scheduler started successfully
[2025-08-26T09:44:40.890Z] [SYSTEM] Service real-time-performance-monitor exited with code 0, signal null
[2025-08-26T09:44:40.890Z] [SYSTEM] Restarting real-time-performance-monitor in 10000ms (attempt 1/3)
[2025-08-26T09:44:50.892Z] [SYSTEM] Starting service: real-time-performance-monitor
[2025-08-26T09:44:50.893Z] [SYSTEM] Service real-time-performance-monitor started successfully
[2025-08-26T09:45:39.210Z] [SYSTEM] Service ml-link-intelligence exited with code 0, signal null
[2025-08-26T09:45:39.211Z] [SYSTEM] Restarting ml-link-intelligence in 10000ms (attempt 1/3)
[2025-08-26T09:45:49.212Z] [SYSTEM] Starting service: ml-link-intelligence
[2025-08-26T09:45:49.213Z] [SYSTEM] Service ml-link-intelligence started successfully
[2025-08-26T09:46:23.500Z] [SYSTEM] Stopping all services...
[2025-08-26T09:46:23.500Z] [SYSTEM] Stopping service: autonomous-system-manager
[2025-08-26T09:46:23.500Z] [SYSTEM] Stopping service: link-health-scheduler
[2025-08-26T09:46:23.501Z] [SYSTEM] Stopping service: real-time-performance-monitor
[2025-08-26T09:46:23.501Z] [SYSTEM] Stopping service: ml-link-intelligence
[2025-08-26T09:46:23.607Z] [SYSTEM] Service autonomous-system-manager exited with code 0, signal null
[2025-08-26T09:46:23.608Z] [SYSTEM] Restarting autonomous-system-manager in 5000ms (attempt 1/5)
[2025-08-26T10:00:04.140Z] [SYSTEM] Starting all enabled services...
[2025-08-26T10:00:04.237Z] [SYSTEM] Starting service: autonomous-system-manager
[2025-08-26T10:00:04.242Z] [SYSTEM] Service autonomous-system-manager started successfully
[2025-08-26T10:00:04.243Z] [SYSTEM] Starting service: ml-link-intelligence
[2025-08-26T10:00:04.247Z] [SYSTEM] Service ml-link-intelligence started successfully
[2025-08-26T10:00:04.247Z] [SYSTEM] Starting service: link-health-scheduler
[2025-08-26T10:00:04.255Z] [SYSTEM] Service link-health-scheduler started successfully
[2025-08-26T10:00:04.255Z] [SYSTEM] Starting service: real-time-performance-monitor
[2025-08-26T10:00:04.261Z] [SYSTEM] Service real-time-performance-monitor started successfully
[2025-08-26T10:02:01.349Z] [SYSTEM] Service autonomous-system-manager exited with code 0, signal null
[2025-08-26T10:02:01.349Z] [SYSTEM] Restarting autonomous-system-manager in 5000ms (attempt 1/5)
[2025-08-26T10:02:04.380Z] [SYSTEM] Service link-health-scheduler exited with code 0, signal null
[2025-08-26T10:02:04.380Z] [SYSTEM] Restarting link-health-scheduler in 15000ms (attempt 1/3)
[2025-08-26T10:02:04.381Z] [SYSTEM] Service real-time-performance-monitor exited with code 0, signal null
[2025-08-26T10:02:04.381Z] [SYSTEM] Restarting real-time-performance-monitor in 10000ms (attempt 1/3)
[2025-08-26T10:02:06.350Z] [SYSTEM] Starting service: autonomous-system-manager
[2025-08-26T10:02:06.351Z] [SYSTEM] Service autonomous-system-manager started successfully
[2025-08-26T10:02:10.104Z] [SYSTEM] Service ml-link-intelligence exited with code 0, signal null
[2025-08-26T10:02:10.104Z] [SYSTEM] Restarting ml-link-intelligence in 10000ms (attempt 1/3)
[2025-08-26T10:02:14.382Z] [SYSTEM] Starting service: real-time-performance-monitor
[2025-08-26T10:02:14.383Z] [SYSTEM] Service real-time-performance-monitor started successfully
[2025-08-26T10:02:19.380Z] [SYSTEM] Starting service: link-health-scheduler
[2025-08-26T10:02:19.381Z] [SYSTEM] Service link-health-scheduler started successfully
[2025-08-26T10:02:20.105Z] [SYSTEM] Starting service: ml-link-intelligence
[2025-08-26T10:02:20.106Z] [SYSTEM] Service ml-link-intelligence started successfully
[2025-08-26T10:04:02.760Z] [SYSTEM] Service autonomous-system-manager exited with code 0, signal null
[2025-08-26T10:04:02.761Z] [SYSTEM] Restarting autonomous-system-manager in 5000ms (attempt 1/5)
[2025-08-26T10:04:07.763Z] [SYSTEM] Starting service: autonomous-system-manager
[2025-08-26T10:04:07.782Z] [SYSTEM] Service autonomous-system-manager started successfully
[2025-08-26T10:04:09.573Z] [SYSTEM] Service link-health-scheduler exited with code 0, signal null
[2025-08-26T10:04:09.573Z] [SYSTEM] Restarting link-health-scheduler in 15000ms (attempt 1/3)
[2025-08-26T10:04:14.444Z] [SYSTEM] Service real-time-performance-monitor exited with code 0, signal null
[2025-08-26T10:04:14.445Z] [SYSTEM] Restarting real-time-performance-monitor in 10000ms (attempt 1/3)
[2025-08-26T10:04:24.445Z] [SYSTEM] Starting service: real-time-performance-monitor
[2025-08-26T10:04:24.447Z] [SYSTEM] Service real-time-performance-monitor started successfully
[2025-08-26T10:04:24.574Z] [SYSTEM] Starting service: link-health-scheduler
[2025-08-26T10:04:24.575Z] [SYSTEM] Service link-health-scheduler started successfully
[2025-08-26T10:04:25.592Z] [SYSTEM] Service ml-link-intelligence exited with code 0, signal null
[2025-08-26T10:04:25.593Z] [SYSTEM] Restarting ml-link-intelligence in 10000ms (attempt 1/3)
[2025-08-26T10:04:35.594Z] [SYSTEM] Starting service: ml-link-intelligence
[2025-08-26T10:04:35.595Z] [SYSTEM] Service ml-link-intelligence started successfully
[2025-08-26T10:06:02.041Z] [SYSTEM] Service autonomous-system-manager exited with code 0, signal null
[2025-08-26T10:06:02.041Z] [SYSTEM] Restarting autonomous-system-manager in 5000ms (attempt 1/5)
[2025-08-26T10:06:04.675Z] [SYSTEM] Service link-health-scheduler exited with code 0, signal null
[2025-08-26T10:06:04.676Z] [SYSTEM] Restarting link-health-scheduler in 15000ms (attempt 1/3)
[2025-08-26T10:06:07.041Z] [SYSTEM] Starting service: autonomous-system-manager
[2025-08-26T10:06:07.043Z] [SYSTEM] Service autonomous-system-manager started successfully
[2025-08-26T10:06:19.676Z] [SYSTEM] Starting service: link-health-scheduler
[2025-08-26T10:06:19.677Z] [SYSTEM] Service link-health-scheduler started successfully
[2025-08-26T10:06:24.544Z] [SYSTEM] Service real-time-performance-monitor exited with code 0, signal null
[2025-08-26T10:06:24.544Z] [SYSTEM] Restarting real-time-performance-monitor in 10000ms (attempt 1/3)
[2025-08-26T10:06:34.545Z] [SYSTEM] Starting service: real-time-performance-monitor
[2025-08-26T10:06:34.545Z] [SYSTEM] Service real-time-performance-monitor started successfully
[2025-08-26T10:06:41.153Z] [SYSTEM] Service ml-link-intelligence exited with code 0, signal null
[2025-08-26T10:06:41.154Z] [SYSTEM] Restarting ml-link-intelligence in 10000ms (attempt 1/3)
[2025-08-26T10:06:51.154Z] [SYSTEM] Starting service: ml-link-intelligence
[2025-08-26T10:06:51.155Z] [SYSTEM] Service ml-link-intelligence started successfully
[2025-08-26T10:08:02.001Z] [SYSTEM] Service autonomous-system-manager exited with code 0, signal null
[2025-08-26T10:08:02.002Z] [SYSTEM] Restarting autonomous-system-manager in 5000ms (attempt 1/5)
[2025-08-26T10:10:02.013Z] [SYSTEM] Service autonomous-system-manager exited with code 0, signal null
[2025-08-26T10:10:02.013Z] [SYSTEM] Restarting autonomous-system-manager in 5000ms (attempt 1/5)
[2025-08-26T10:10:04.936Z] [SYSTEM] Service link-health-scheduler exited with code 0, signal null
[2025-08-26T10:10:04.936Z] [SYSTEM] Restarting link-health-scheduler in 15000ms (attempt 1/3)
[2025-08-26T10:10:07.014Z] [SYSTEM] Starting service: autonomous-system-manager
[2025-08-26T10:10:07.016Z] [SYSTEM] Service autonomous-system-manager started successfully
[2025-08-26T10:10:19.935Z] [SYSTEM] Starting service: link-health-scheduler
[2025-08-26T10:10:19.937Z] [SYSTEM] Service link-health-scheduler started successfully
[2025-08-26T10:10:44.626Z] [SYSTEM] Service real-time-performance-monitor exited with code 0, signal null
[2025-08-26T10:10:44.626Z] [SYSTEM] Restarting real-time-performance-monitor in 10000ms (attempt 1/3)
[2025-08-26T10:16:26.258Z] [SYSTEM] Starting service: real-time-performance-monitor
[2025-08-26T10:16:26.364Z] [SYSTEM] Service real-time-performance-monitor started successfully
[2025-08-26T10:16:33.535Z] [SYSTEM] Service ml-link-intelligence exited with code 0, signal null
[2025-08-26T10:16:33.536Z] [SYSTEM] Restarting ml-link-intelligence in 10000ms (attempt 1/3)
[2025-08-26T10:16:33.550Z] [SYSTEM] Service autonomous-system-manager exited with code 0, signal null
[2025-08-26T10:16:33.550Z] [SYSTEM] Restarting autonomous-system-manager in 5000ms (attempt 1/5)
