[2025-08-19T03:40:09.375Z] [ULTRA-FAST] INFO: Starting ultra-fast content creation...
[2025-08-19T03:40:09.948Z] [ULTRA-FAST] INFO: Created update page: ultra-1755574809946-kqbdmk
[2025-08-19T03:40:09.956Z] [ULTRA-FAST] INFO: Created insight page: ultra-1755574809955-ctqb82
[2025-08-19T03:40:09.962Z] [ULTRA-FAST] INFO: Created guide page: ultra-1755574809962-ondfez
[2025-08-19T03:40:09.964Z] [ULTRA-FAST] INFO: Created case page: ultra-1755574809963-2s0e11
[2025-08-19T03:40:09.965Z] [ULTRA-FAST] INFO: Created pattern page: ultra-1755574809964-jd670n
[2025-08-19T03:40:09.966Z] [ULTRA-FAST] INFO: Updated content registry with 5 new pages
[2025-08-19T03:40:09.968Z] [ULTRA-FAST] WARN: Homepage not found, skipping update
[2025-08-19T03:40:09.968Z] [ULTRA-FAST] INFO: Committing and pushing changes...
[2025-08-19T03:40:26.191Z] [ULTRA-FAST] INFO: Starting ultra-fast content creation...
[2025-08-19T03:40:26.195Z] [ULTRA-FAST] INFO: Created update page: ultra-1755574826194-41ajkb
[2025-08-19T03:40:26.196Z] [ULTRA-FAST] INFO: Created insight page: ultra-1755574826195-1981i4
[2025-08-19T03:40:26.196Z] [ULTRA-FAST] INFO: Created guide page: ultra-1755574826196-ixrf89
[2025-08-19T03:40:26.197Z] [ULTRA-FAST] INFO: Created case page: ultra-1755574826197-uev9f5
[2025-08-19T03:40:26.198Z] [ULTRA-FAST] INFO: Created pattern page: ultra-1755574826198-i3hfax
[2025-08-19T03:40:26.216Z] [ULTRA-FAST] INFO: Updated content registry with 5 new pages
[2025-08-19T03:40:26.217Z] [ULTRA-FAST] INFO: Updated homepage with timestamp
[2025-08-19T03:40:26.218Z] [ULTRA-FAST] INFO: Committing and pushing changes...
[2025-08-19T03:40:30.728Z] [ULTRA-FAST] INFO: Starting ultra-fast content creation...
[2025-08-19T03:40:30.733Z] [ULTRA-FAST] INFO: Created update page: ultra-1755574830732-hv9ar5
[2025-08-19T03:40:30.734Z] [ULTRA-FAST] INFO: Created insight page: ultra-1755574830733-fchaox
[2025-08-19T03:40:30.735Z] [ULTRA-FAST] INFO: Created guide page: ultra-1755574830734-1dig89
[2025-08-19T03:40:30.736Z] [ULTRA-FAST] INFO: Created case page: ultra-1755574830735-wka8ps
[2025-08-19T03:40:30.737Z] [ULTRA-FAST] INFO: Created pattern page: ultra-1755574830736-wmw89q
[2025-08-19T03:40:30.738Z] [ULTRA-FAST] INFO: Updated content registry with 5 new pages
[2025-08-19T03:40:30.739Z] [ULTRA-FAST] INFO: Updated homepage with timestamp
[2025-08-19T03:40:30.739Z] [ULTRA-FAST] INFO: Committing and pushing changes...
[2025-08-19T03:41:01.779Z] [ULTRA-FAST] INFO: Starting ultra-fast content creation...
[2025-08-19T03:41:01.783Z] [ULTRA-FAST] INFO: Created update page: ultra-1755574861783-7p01y2
[2025-08-19T03:41:01.784Z] [ULTRA-FAST] INFO: Created insight page: ultra-1755574861784-fwxmyn
[2025-08-19T03:41:01.785Z] [ULTRA-FAST] INFO: Created guide page: ultra-1755574861784-kvuzx1
[2025-08-19T03:41:01.785Z] [ULTRA-FAST] INFO: Created case page: ultra-1755574861785-zdg5a2
[2025-08-19T03:41:01.786Z] [ULTRA-FAST] INFO: Created pattern page: ultra-1755574861786-m5j3ii
[2025-08-19T03:41:01.787Z] [ULTRA-FAST] INFO: Updated content registry with 5 new pages
[2025-08-19T03:41:01.788Z] [ULTRA-FAST] INFO: Updated homepage with timestamp
[2025-08-19T03:41:01.789Z] [ULTRA-FAST] INFO: Committing and pushing changes...
[2025-08-19T03:41:30.644Z] [ULTRA-FAST] INFO: Starting ultra-fast content creation...
[2025-08-19T03:41:30.657Z] [ULTRA-FAST] INFO: Created update page: ultra-1755574890656-8g0vnh
[2025-08-19T03:41:30.658Z] [ULTRA-FAST] INFO: Created insight page: ultra-1755574890657-kltoam
[2025-08-19T03:41:30.658Z] [ULTRA-FAST] INFO: Created guide page: ultra-1755574890658-hjjb1h
[2025-08-19T03:41:30.659Z] [ULTRA-FAST] INFO: Created case page: ultra-1755574890659-8gqby8
[2025-08-19T03:41:30.660Z] [ULTRA-FAST] INFO: Created pattern page: ultra-1755574890660-19g2rc
[2025-08-19T03:41:30.683Z] [ULTRA-FAST] INFO: Updated content registry with 5 new pages
[2025-08-19T03:41:30.685Z] [ULTRA-FAST] INFO: Updated homepage with timestamp
[2025-08-19T03:41:30.685Z] [ULTRA-FAST] INFO: Committing and pushing changes...
[2025-08-19T03:41:33.466Z] [ULTRA-FAST] INFO: Starting ultra-fast content creation...
[2025-08-19T03:41:33.477Z] [ULTRA-FAST] INFO: Created update page: ultra-1755574893476-patkn0
[2025-08-19T03:41:33.478Z] [ULTRA-FAST] INFO: Created insight page: ultra-1755574893478-59lafg
[2025-08-19T03:41:33.479Z] [ULTRA-FAST] INFO: Created guide page: ultra-1755574893479-l7diyx
[2025-08-19T03:41:33.480Z] [ULTRA-FAST] INFO: Created case page: ultra-1755574893480-h75r2l
[2025-08-19T03:41:33.484Z] [ULTRA-FAST] INFO: Created pattern page: ultra-1755574893481-30hkza
[2025-08-19T03:41:33.513Z] [ULTRA-FAST] INFO: Updated content registry with 5 new pages
[2025-08-19T03:41:33.514Z] [ULTRA-FAST] INFO: Updated homepage with timestamp
[2025-08-19T03:41:33.514Z] [ULTRA-FAST] INFO: Committing and pushing changes...
[2025-08-19T03:42:00.969Z] [ULTRA-FAST] INFO: Starting ultra-fast content creation...
[2025-08-19T03:42:01.694Z] [ULTRA-FAST] INFO: Created update page: ultra-1755574921208-o1ucfc
[2025-08-19T03:42:08.158Z] [ULTRA-FAST] INFO: Starting ultra-fast content creation...
[2025-08-19T03:42:08.163Z] [ULTRA-FAST] INFO: Created update page: ultra-1755574928162-x54sl3
[2025-08-19T03:42:08.164Z] [ULTRA-FAST] INFO: Created insight page: ultra-1755574928163-qgkt6z
[2025-08-19T03:42:08.165Z] [ULTRA-FAST] INFO: Created guide page: ultra-1755574928164-i61fkf
[2025-08-19T03:42:08.166Z] [ULTRA-FAST] INFO: Created case page: ultra-1755574928165-mv134p
[2025-08-19T03:42:08.167Z] [ULTRA-FAST] INFO: Created pattern page: ultra-1755574928167-k66rxh
[2025-08-19T03:42:08.169Z] [ULTRA-FAST] INFO: Updated content registry with 5 new pages
[2025-08-19T03:42:08.335Z] [ULTRA-FAST] INFO: Updated homepage with timestamp
[2025-08-19T03:42:08.619Z] [ULTRA-FAST] INFO: Committing and pushing changes...
[2025-08-19T03:42:11.341Z] [ULTRA-FAST] INFO: ✅ Ultra-fast content creation completed successfully! Created 5 pages and updated homepage
[2025-08-19T03:42:12.169Z] [ULTRA-FAST] INFO: Starting ultra-fast content creation...
[2025-08-19T03:42:12.173Z] [ULTRA-FAST] INFO: Created update page: ultra-1755574932172-wmji88
[2025-08-19T03:42:12.174Z] [ULTRA-FAST] INFO: Created insight page: ultra-1755574932173-q17xf5
[2025-08-19T03:42:12.175Z] [ULTRA-FAST] INFO: Created guide page: ultra-1755574932174-lmour7
[2025-08-19T03:42:12.175Z] [ULTRA-FAST] INFO: Created case page: ultra-1755574932175-1ilffx
[2025-08-19T03:42:12.176Z] [ULTRA-FAST] INFO: Created pattern page: ultra-1755574932176-62g103
[2025-08-19T03:42:12.177Z] [ULTRA-FAST] INFO: Updated content registry with 5 new pages
[2025-08-19T03:42:12.179Z] [ULTRA-FAST] INFO: Updated homepage with timestamp
[2025-08-19T03:42:12.179Z] [ULTRA-FAST] INFO: Committing and pushing changes...
[2025-08-19T03:42:30.565Z] [ULTRA-FAST] INFO: Starting ultra-fast content creation...
[2025-08-19T03:42:30.569Z] [ULTRA-FAST] INFO: Created update page: ultra-1755574950568-ssf80s
[2025-08-19T03:42:30.570Z] [ULTRA-FAST] INFO: Created insight page: ultra-1755574950569-9fbrni
[2025-08-19T03:42:30.570Z] [ULTRA-FAST] INFO: Created guide page: ultra-1755574950570-mfom0e
[2025-08-19T03:42:30.571Z] [ULTRA-FAST] INFO: Created case page: ultra-1755574950571-hapfhr
[2025-08-19T03:42:30.572Z] [ULTRA-FAST] INFO: Created pattern page: ultra-1755574950572-7rb1im
[2025-08-19T03:42:30.573Z] [ULTRA-FAST] INFO: Updated content registry with 5 new pages
[2025-08-19T03:42:30.574Z] [ULTRA-FAST] INFO: Updated homepage with timestamp
[2025-08-19T03:42:30.574Z] [ULTRA-FAST] INFO: Committing and pushing changes...
[2025-08-19T03:42:34.375Z] [ULTRA-FAST] INFO: Starting ultra-fast content creation...
[2025-08-19T03:42:34.381Z] [ULTRA-FAST] INFO: Created update page: ultra-1755574954381-lg5iyj
[2025-08-19T03:42:34.383Z] [ULTRA-FAST] INFO: Created insight page: ultra-1755574954382-47c8ni
[2025-08-19T03:42:34.384Z] [ULTRA-FAST] INFO: Created guide page: ultra-1755574954383-gzdy6r
[2025-08-19T03:42:34.385Z] [ULTRA-FAST] INFO: Created case page: ultra-1755574954384-tdcbiu
[2025-08-19T03:42:34.386Z] [ULTRA-FAST] INFO: Created pattern page: ultra-1755574954385-b28uat
[2025-08-19T03:42:34.409Z] [ULTRA-FAST] INFO: Updated content registry with 5 new pages
[2025-08-19T03:42:34.410Z] [ULTRA-FAST] INFO: Updated homepage with timestamp
[2025-08-19T03:42:34.411Z] [ULTRA-FAST] INFO: Committing and pushing changes...
[2025-08-19T03:42:57.517Z] [ULTRA-FAST] INFO: Starting ultra-fast content creation...
[2025-08-19T03:42:57.521Z] [ULTRA-FAST] INFO: Created update page: ultra-1755574977520-8k59mn
[2025-08-19T03:42:57.522Z] [ULTRA-FAST] INFO: Created insight page: ultra-1755574977522-dg6dcb
[2025-08-19T03:42:57.523Z] [ULTRA-FAST] INFO: Created guide page: ultra-1755574977523-0ey9kk
[2025-08-19T03:42:57.524Z] [ULTRA-FAST] INFO: Created case page: ultra-1755574977523-illudt
[2025-08-19T03:42:57.524Z] [ULTRA-FAST] INFO: Created pattern page: ultra-1755574977524-cfefwy
[2025-08-19T03:42:57.551Z] [ULTRA-FAST] INFO: Updated content registry with 5 new pages
[2025-08-19T03:42:57.552Z] [ULTRA-FAST] INFO: Updated homepage with timestamp
[2025-08-19T03:42:57.553Z] [ULTRA-FAST] INFO: Committing and pushing changes...
[2025-08-19T03:43:00.763Z] [ULTRA-FAST] INFO: Starting ultra-fast content creation...
[2025-08-19T03:43:00.766Z] [ULTRA-FAST] INFO: Created update page: ultra-1755574980766-9rdu3z
[2025-08-19T03:43:00.767Z] [ULTRA-FAST] INFO: Created insight page: ultra-1755574980767-9nn7h7
[2025-08-19T03:43:00.768Z] [ULTRA-FAST] INFO: Created guide page: ultra-1755574980768-l0umet
[2025-08-19T03:43:00.769Z] [ULTRA-FAST] INFO: Created case page: ultra-1755574980768-ysu0hn
[2025-08-19T03:43:00.769Z] [ULTRA-FAST] INFO: Created pattern page: ultra-1755574980769-z44bmq
[2025-08-19T03:43:00.860Z] [ULTRA-FAST] INFO: Updated content registry with 5 new pages
[2025-08-19T03:43:00.862Z] [ULTRA-FAST] INFO: Updated homepage with timestamp
[2025-08-19T03:43:00.862Z] [ULTRA-FAST] INFO: Committing and pushing changes...
[2025-08-19T03:43:22.183Z] [ULTRA-FAST] INFO: Starting ultra-fast content creation...
[2025-08-19T03:43:22.186Z] [ULTRA-FAST] INFO: Created update page: ultra-1755575002186-rmtf0v
[2025-08-19T03:43:22.187Z] [ULTRA-FAST] INFO: Created insight page: ultra-1755575002187-pqft9r
[2025-08-19T03:43:22.188Z] [ULTRA-FAST] INFO: Created guide page: ultra-1755575002188-tplo7d
[2025-08-19T03:43:22.189Z] [ULTRA-FAST] INFO: Created case page: ultra-1755575002189-q1ylkr
[2025-08-19T03:43:22.190Z] [ULTRA-FAST] INFO: Created pattern page: ultra-1755575002190-gq0syj
[2025-08-19T03:43:22.216Z] [ULTRA-FAST] INFO: Updated content registry with 5 new pages
[2025-08-19T03:43:22.218Z] [ULTRA-FAST] INFO: Updated homepage with timestamp
[2025-08-19T03:43:22.218Z] [ULTRA-FAST] INFO: Committing and pushing changes...
[2025-08-19T03:43:30.564Z] [ULTRA-FAST] INFO: Starting ultra-fast content creation...
[2025-08-19T03:43:30.570Z] [ULTRA-FAST] INFO: Created update page: ultra-1755575010568-civyfu
[2025-08-19T03:43:30.572Z] [ULTRA-FAST] INFO: Created insight page: ultra-1755575010571-fo8mwp
[2025-08-19T03:43:30.573Z] [ULTRA-FAST] INFO: Created guide page: ultra-1755575010572-ai1ayc
[2025-08-19T03:43:30.574Z] [ULTRA-FAST] INFO: Created case page: ultra-1755575010574-in0c7c
[2025-08-19T03:43:30.575Z] [ULTRA-FAST] INFO: Created pattern page: ultra-1755575010575-a5zkvh
[2025-08-19T03:43:30.578Z] [ULTRA-FAST] INFO: Updated content registry with 5 new pages
[2025-08-19T03:43:30.579Z] [ULTRA-FAST] INFO: Updated homepage with timestamp
[2025-08-19T03:43:30.580Z] [ULTRA-FAST] INFO: Committing and pushing changes...
[2025-08-19T03:43:48.531Z] [ULTRA-FAST] INFO: Starting ultra-fast content creation...
[2025-08-19T03:43:48.535Z] [ULTRA-FAST] INFO: Created update page: ultra-1755575028535-zjtatn
[2025-08-19T03:43:48.536Z] [ULTRA-FAST] INFO: Created insight page: ultra-1755575028536-hp6rip
[2025-08-19T03:43:48.537Z] [ULTRA-FAST] INFO: Created guide page: ultra-1755575028537-gxu9l5
[2025-08-19T03:43:48.538Z] [ULTRA-FAST] INFO: Created case page: ultra-1755575028538-mdiylm
[2025-08-19T03:43:48.539Z] [ULTRA-FAST] INFO: Created pattern page: ultra-1755575028538-bq48ni
[2025-08-19T03:43:48.561Z] [ULTRA-FAST] INFO: Updated content registry with 5 new pages
[2025-08-19T03:43:48.606Z] [ULTRA-FAST] INFO: Updated homepage with timestamp
[2025-08-19T03:43:48.607Z] [ULTRA-FAST] INFO: Committing and pushing changes...
[2025-08-19T03:44:00.808Z] [ULTRA-FAST] INFO: Starting ultra-fast content creation...
[2025-08-19T03:44:00.812Z] [ULTRA-FAST] INFO: Created update page: ultra-1755575040811-b9qqu2
[2025-08-19T03:44:00.813Z] [ULTRA-FAST] INFO: Created insight page: ultra-1755575040812-jdu92k
[2025-08-19T03:44:00.838Z] [ULTRA-FAST] INFO: Created guide page: ultra-1755575040818-cquob3
[2025-08-19T03:44:00.843Z] [ULTRA-FAST] INFO: Created case page: ultra-1755575040840-0r4f1e
[2025-08-19T03:44:00.846Z] [ULTRA-FAST] INFO: Created pattern page: ultra-1755575040845-m5iyvh
[2025-08-19T03:44:00.866Z] [ULTRA-FAST] WARN: Error reading registry: Unterminated string in JSON at position 1056768 (line 29828 column 59)
[2025-08-19T03:44:00.867Z] [ULTRA-FAST] INFO: Updated content registry with 5 new pages
[2025-08-19T03:44:00.868Z] [ULTRA-FAST] INFO: Updated homepage with timestamp
[2025-08-19T03:44:00.869Z] [ULTRA-FAST] INFO: Committing and pushing changes...
[2025-08-19T03:44:02.553Z] [ULTRA-FAST] INFO: ✅ Ultra-fast content creation completed successfully! Created 5 pages and updated homepage
[2025-08-19T03:44:03.173Z] [ULTRA-FAST] INFO: Starting ultra-fast content creation...
[2025-08-19T03:44:03.178Z] [ULTRA-FAST] INFO: Created update page: ultra-1755575043177-8sv3wr
[2025-08-19T03:44:03.179Z] [ULTRA-FAST] INFO: Created insight page: ultra-1755575043179-esj8b0
[2025-08-19T03:44:03.180Z] [ULTRA-FAST] INFO: Created guide page: ultra-1755575043180-lknxuz
[2025-08-19T03:44:03.181Z] [ULTRA-FAST] INFO: Created case page: ultra-1755575043180-ftazth
[2025-08-19T03:44:03.181Z] [ULTRA-FAST] INFO: Created pattern page: ultra-1755575043181-xfxn59
[2025-08-19T03:44:03.183Z] [ULTRA-FAST] INFO: Updated content registry with 5 new pages
[2025-08-19T03:44:03.184Z] [ULTRA-FAST] INFO: Updated homepage with timestamp
[2025-08-19T03:44:03.184Z] [ULTRA-FAST] INFO: Committing and pushing changes...
[2025-08-19T03:44:03.325Z] [ULTRA-FAST] INFO: ✅ Ultra-fast content creation completed successfully! Created 5 pages and updated homepage
[2025-08-19T03:44:03.853Z] [ULTRA-FAST] INFO: Starting ultra-fast content creation...
[2025-08-19T03:44:03.858Z] [ULTRA-FAST] INFO: Created update page: ultra-1755575043858-69tp97
[2025-08-19T03:44:03.859Z] [ULTRA-FAST] INFO: Created insight page: ultra-1755575043859-ojp4nt
[2025-08-19T03:44:03.860Z] [ULTRA-FAST] INFO: Created guide page: ultra-1755575043860-a85icp
[2025-08-19T03:44:03.862Z] [ULTRA-FAST] INFO: Created case page: ultra-1755575043862-e1oqwl
[2025-08-19T03:44:03.864Z] [ULTRA-FAST] INFO: Created pattern page: ultra-1755575043863-5fzp1b
[2025-08-19T03:44:03.867Z] [ULTRA-FAST] INFO: Updated content registry with 5 new pages
[2025-08-19T03:44:03.868Z] [ULTRA-FAST] INFO: Updated homepage with timestamp
[2025-08-19T03:44:03.868Z] [ULTRA-FAST] INFO: Committing and pushing changes...
[2025-08-19T03:44:04.002Z] [ULTRA-FAST] INFO: ✅ Ultra-fast content creation completed successfully! Created 5 pages and updated homepage
[2025-08-19T03:44:04.460Z] [ULTRA-FAST] INFO: Starting ultra-fast content creation...
[2025-08-19T03:44:04.464Z] [ULTRA-FAST] INFO: Created update page: ultra-1755575044463-db6qc6
[2025-08-19T03:44:04.465Z] [ULTRA-FAST] INFO: Created insight page: ultra-1755575044464-erspct
[2025-08-19T03:44:04.465Z] [ULTRA-FAST] INFO: Created guide page: ultra-1755575044465-g49nz2
[2025-08-19T03:44:04.466Z] [ULTRA-FAST] INFO: Created case page: ultra-1755575044466-kgiq4f
[2025-08-19T03:44:04.467Z] [ULTRA-FAST] INFO: Created pattern page: ultra-1755575044467-1cal9h
[2025-08-19T03:44:04.468Z] [ULTRA-FAST] INFO: Updated content registry with 5 new pages
[2025-08-19T03:44:04.470Z] [ULTRA-FAST] INFO: Updated homepage with timestamp
[2025-08-19T03:44:04.470Z] [ULTRA-FAST] INFO: Committing and pushing changes...
[2025-08-19T03:44:04.723Z] [ULTRA-FAST] INFO: ✅ Ultra-fast content creation completed successfully! Created 5 pages and updated homepage
[2025-08-19T03:44:05.226Z] [ULTRA-FAST] INFO: Starting ultra-fast content creation...
[2025-08-19T03:44:05.231Z] [ULTRA-FAST] INFO: Created update page: ultra-1755575045230-9e7umo
[2025-08-19T03:44:05.231Z] [ULTRA-FAST] INFO: Created insight page: ultra-1755575045231-m3cdci
[2025-08-19T03:44:05.232Z] [ULTRA-FAST] INFO: Created guide page: ultra-1755575045232-0hjm3m
[2025-08-19T03:44:05.233Z] [ULTRA-FAST] INFO: Created case page: ultra-1755575045233-v0jrw7
[2025-08-19T03:44:05.234Z] [ULTRA-FAST] INFO: Created pattern page: ultra-1755575045233-oox564
[2025-08-19T03:44:05.235Z] [ULTRA-FAST] INFO: Updated content registry with 5 new pages
[2025-08-19T03:44:05.236Z] [ULTRA-FAST] INFO: Updated homepage with timestamp
[2025-08-19T03:44:05.236Z] [ULTRA-FAST] INFO: Committing and pushing changes...
[2025-08-19T03:44:05.385Z] [ULTRA-FAST] INFO: ✅ Ultra-fast content creation completed successfully! Created 5 pages and updated homepage
[2025-08-19T03:44:05.920Z] [ULTRA-FAST] INFO: Starting ultra-fast content creation...
[2025-08-19T03:44:05.924Z] [ULTRA-FAST] INFO: Created update page: ultra-1755575045923-is59ge
[2025-08-19T03:44:05.925Z] [ULTRA-FAST] INFO: Created insight page: ultra-1755575045924-du2uyp
[2025-08-19T03:44:05.925Z] [ULTRA-FAST] INFO: Created guide page: ultra-1755575045925-hwxfqv
[2025-08-19T03:44:05.926Z] [ULTRA-FAST] INFO: Created case page: ultra-1755575045926-v8edg1
[2025-08-19T03:44:05.927Z] [ULTRA-FAST] INFO: Created pattern page: ultra-1755575045926-zpqzdf
[2025-08-19T03:44:05.928Z] [ULTRA-FAST] INFO: Updated content registry with 5 new pages
[2025-08-19T03:44:05.929Z] [ULTRA-FAST] INFO: Updated homepage with timestamp
[2025-08-19T03:44:05.929Z] [ULTRA-FAST] INFO: Committing and pushing changes...
[2025-08-19T03:44:06.081Z] [ULTRA-FAST] INFO: ✅ Ultra-fast content creation completed successfully! Created 5 pages and updated homepage
[2025-08-19T03:44:06.410Z] [ULTRA-FAST] INFO: Starting ultra-fast content creation...
[2025-08-19T03:44:06.414Z] [ULTRA-FAST] INFO: Created update page: ultra-1755575046413-p9q7bl
[2025-08-19T03:44:06.414Z] [ULTRA-FAST] INFO: Created insight page: ultra-1755575046414-ezzx06
[2025-08-19T03:44:06.415Z] [ULTRA-FAST] INFO: Created guide page: ultra-1755575046415-3h7k16
[2025-08-19T03:44:06.416Z] [ULTRA-FAST] INFO: Created case page: ultra-1755575046415-ip5h3k
[2025-08-19T03:44:06.416Z] [ULTRA-FAST] INFO: Created pattern page: ultra-1755575046416-lfxp2e
[2025-08-19T03:44:06.418Z] [ULTRA-FAST] INFO: Updated content registry with 5 new pages
[2025-08-19T03:44:06.419Z] [ULTRA-FAST] INFO: Updated homepage with timestamp
[2025-08-19T03:44:06.419Z] [ULTRA-FAST] INFO: Committing and pushing changes...
[2025-08-19T03:44:06.584Z] [ULTRA-FAST] INFO: ✅ Ultra-fast content creation completed successfully! Created 5 pages and updated homepage
[2025-08-19T03:44:06.910Z] [ULTRA-FAST] INFO: Starting ultra-fast content creation...
[2025-08-19T03:44:06.914Z] [ULTRA-FAST] INFO: Created update page: ultra-1755575046913-bcgkmp
[2025-08-19T03:44:06.915Z] [ULTRA-FAST] INFO: Created insight page: ultra-1755575046915-j2erf9
[2025-08-19T03:44:06.916Z] [ULTRA-FAST] INFO: Created guide page: ultra-1755575046915-idht1p
[2025-08-19T03:44:06.916Z] [ULTRA-FAST] INFO: Created case page: ultra-1755575046916-psvvn7
[2025-08-19T03:44:06.917Z] [ULTRA-FAST] INFO: Created pattern page: ultra-1755575046917-zqcw7x
[2025-08-19T03:44:06.919Z] [ULTRA-FAST] INFO: Updated content registry with 5 new pages
[2025-08-19T03:44:06.920Z] [ULTRA-FAST] INFO: Updated homepage with timestamp
[2025-08-19T03:44:06.920Z] [ULTRA-FAST] INFO: Committing and pushing changes...
[2025-08-19T03:44:07.073Z] [ULTRA-FAST] INFO: ✅ Ultra-fast content creation completed successfully! Created 5 pages and updated homepage
[2025-08-19T03:44:07.450Z] [ULTRA-FAST] INFO: Starting ultra-fast content creation...
[2025-08-19T03:44:07.455Z] [ULTRA-FAST] INFO: Created update page: ultra-1755575047455-n8b1wb
[2025-08-19T03:44:07.456Z] [ULTRA-FAST] INFO: Created insight page: ultra-1755575047456-tw88dv
[2025-08-19T03:44:07.457Z] [ULTRA-FAST] INFO: Created guide page: ultra-1755575047457-gx45r7
[2025-08-19T03:44:07.458Z] [ULTRA-FAST] INFO: Created case page: ultra-1755575047458-6jyzxg
[2025-08-19T03:44:07.459Z] [ULTRA-FAST] INFO: Created pattern page: ultra-1755575047459-a0nwy0
[2025-08-19T03:44:07.461Z] [ULTRA-FAST] INFO: Updated content registry with 5 new pages
[2025-08-19T03:44:07.461Z] [ULTRA-FAST] INFO: Updated homepage with timestamp
[2025-08-19T03:44:07.462Z] [ULTRA-FAST] INFO: Committing and pushing changes...
[2025-08-19T03:44:07.623Z] [ULTRA-FAST] INFO: ✅ Ultra-fast content creation completed successfully! Created 5 pages and updated homepage
[2025-08-19T03:44:07.936Z] [ULTRA-FAST] INFO: Starting ultra-fast content creation...
[2025-08-19T03:44:07.941Z] [ULTRA-FAST] INFO: Created update page: ultra-1755575047940-ha0gxe
[2025-08-19T03:44:07.942Z] [ULTRA-FAST] INFO: Created insight page: ultra-1755575047941-8a1dks
[2025-08-19T03:44:07.944Z] [ULTRA-FAST] INFO: Created guide page: ultra-1755575047944-57p0kn
[2025-08-19T03:44:07.945Z] [ULTRA-FAST] INFO: Created case page: ultra-1755575047945-i6wu4u
[2025-08-19T03:44:07.946Z] [ULTRA-FAST] INFO: Created pattern page: ultra-1755575047946-ohfkke
[2025-08-19T03:44:07.948Z] [ULTRA-FAST] INFO: Updated content registry with 5 new pages
[2025-08-19T03:44:07.950Z] [ULTRA-FAST] INFO: Updated homepage with timestamp
[2025-08-19T03:44:07.950Z] [ULTRA-FAST] INFO: Committing and pushing changes...
[2025-08-19T03:44:08.101Z] [ULTRA-FAST] INFO: ✅ Ultra-fast content creation completed successfully! Created 5 pages and updated homepage
[2025-08-19T03:44:15.793Z] [ULTRA-FAST] INFO: Starting ultra-fast content creation...
[2025-08-19T03:44:15.798Z] [ULTRA-FAST] INFO: Created update page: ultra-1755575055798-on4err
[2025-08-19T03:44:15.799Z] [ULTRA-FAST] INFO: Created insight page: ultra-1755575055799-fs9yy8
[2025-08-19T03:44:15.800Z] [ULTRA-FAST] INFO: Created guide page: ultra-1755575055800-k5aoww
[2025-08-19T03:44:15.801Z] [ULTRA-FAST] INFO: Created case page: ultra-1755575055800-tt8c9y
[2025-08-19T03:44:15.801Z] [ULTRA-FAST] INFO: Created pattern page: ultra-1755575055801-vm9aor
[2025-08-19T03:44:15.803Z] [ULTRA-FAST] INFO: Updated content registry with 5 new pages
[2025-08-19T03:44:15.804Z] [ULTRA-FAST] INFO: Updated homepage with timestamp
[2025-08-19T03:44:15.807Z] [ULTRA-FAST] INFO: Committing and pushing changes...
[2025-08-19T03:44:15.946Z] [ULTRA-FAST] INFO: ✅ Ultra-fast content creation completed successfully! Created 5 pages and updated homepage
[2025-08-19T03:44:16.322Z] [ULTRA-FAST] INFO: Starting ultra-fast content creation...
[2025-08-19T03:44:16.350Z] [ULTRA-FAST] INFO: Created update page: ultra-1755575056349-zlaxtt
[2025-08-19T03:44:16.351Z] [ULTRA-FAST] INFO: Created insight page: ultra-1755575056351-zclyq7
[2025-08-19T03:44:16.352Z] [ULTRA-FAST] INFO: Created guide page: ultra-1755575056351-5e3sob
[2025-08-19T03:44:16.352Z] [ULTRA-FAST] INFO: Created case page: ultra-1755575056352-vc4nyf
[2025-08-19T03:44:16.353Z] [ULTRA-FAST] INFO: Created pattern page: ultra-1755575056353-tvpuna
[2025-08-19T03:44:16.355Z] [ULTRA-FAST] INFO: Updated content registry with 5 new pages
[2025-08-19T03:44:16.356Z] [ULTRA-FAST] INFO: Updated homepage with timestamp
[2025-08-19T03:44:16.356Z] [ULTRA-FAST] INFO: Committing and pushing changes...
[2025-08-19T03:44:16.493Z] [ULTRA-FAST] INFO: ✅ Ultra-fast content creation completed successfully! Created 5 pages and updated homepage
[2025-08-19T03:44:17.158Z] [ULTRA-FAST] INFO: Starting ultra-fast content creation...
[2025-08-19T03:44:17.168Z] [ULTRA-FAST] INFO: Created update page: ultra-1755575057167-q5tp5b
[2025-08-19T03:44:17.169Z] [ULTRA-FAST] INFO: Created insight page: ultra-1755575057168-uvmty3
[2025-08-19T03:44:17.169Z] [ULTRA-FAST] INFO: Created guide page: ultra-1755575057169-xom86g
[2025-08-19T03:44:17.170Z] [ULTRA-FAST] INFO: Created case page: ultra-1755575057170-7arrg5
[2025-08-19T03:44:17.171Z] [ULTRA-FAST] INFO: Created pattern page: ultra-1755575057171-teli90
[2025-08-19T03:44:17.172Z] [ULTRA-FAST] INFO: Updated content registry with 5 new pages
[2025-08-19T03:44:17.173Z] [ULTRA-FAST] INFO: Updated homepage with timestamp
[2025-08-19T03:44:17.173Z] [ULTRA-FAST] INFO: Committing and pushing changes...
[2025-08-19T03:44:17.365Z] [ULTRA-FAST] INFO: ✅ Ultra-fast content creation completed successfully! Created 5 pages and updated homepage
[2025-08-19T03:44:17.911Z] [ULTRA-FAST] INFO: Starting ultra-fast content creation...
[2025-08-19T03:44:17.916Z] [ULTRA-FAST] INFO: Created update page: ultra-1755575057915-utu171
[2025-08-19T03:44:17.917Z] [ULTRA-FAST] INFO: Created insight page: ultra-1755575057917-1orlkj
[2025-08-19T03:44:17.919Z] [ULTRA-FAST] INFO: Created guide page: ultra-1755575057919-30dqcu
[2025-08-19T03:44:17.920Z] [ULTRA-FAST] INFO: Created case page: ultra-1755575057919-vr34ow
[2025-08-19T03:44:17.921Z] [ULTRA-FAST] INFO: Created pattern page: ultra-1755575057920-necktp
[2025-08-19T03:44:17.922Z] [ULTRA-FAST] INFO: Updated content registry with 5 new pages
[2025-08-19T03:44:18.133Z] [ULTRA-FAST] INFO: Updated homepage with timestamp
[2025-08-19T03:44:18.375Z] [ULTRA-FAST] INFO: Committing and pushing changes...
[2025-08-19T03:44:18.735Z] [ULTRA-FAST] INFO: ✅ Ultra-fast content creation completed successfully! Created 5 pages and updated homepage
[2025-08-19T03:44:20.244Z] [ULTRA-FAST] INFO: Starting ultra-fast content creation...
