[2025-08-19T03:40:09.371Z] [ULTRA-RAPID-SYNC] INFO: Starting ultra-rapid sync...
[2025-08-19T03:40:09.898Z] [ULTRA-RAPID-SYNC] INFO: Cleaning git state...
[2025-08-19T03:40:09.900Z] [ULTRA-RAPID-SYNC] INFO: Removed lock file: .git/index.lock
[2025-08-19T03:40:09.905Z] [ULTRA-RAPID-SYNC] WARN: Failed to remove lock file .git/config.lock: ENOENT: no such file or directory, unlink '/Users/miami2/ ZION_APP_AUG_11_25/zion.app/.git/config.lock'
[2025-08-19T03:40:10.057Z] [ULTRA-RAPID-SYNC] ERROR: ❌ Ultra-rapid sync failed: Cannot read properties of null (reading 'toString')
[2025-08-19T03:40:10.292Z] [ULTRA-RAPID-SYNC] INFO: Cleaning git state...
[2025-08-19T03:40:10.699Z] [ULTRA-RAPID-SYNC] INFO: Removed lock file: .git/index.lock
[2025-08-19T03:40:11.299Z] [ULTRA-RAPID-SYNC] ERROR: Fatal error: Cannot read properties of null (reading 'toString')
[2025-08-19T03:40:18.421Z] [ULTRA-RAPID-SYNC] INFO: Starting ultra-rapid sync...
[2025-08-19T03:40:18.429Z] [ULTRA-RAPID-SYNC] INFO: Cleaning git state...
[2025-08-19T03:40:18.430Z] [ULTRA-RAPID-SYNC] INFO: Removed lock file: .git/index.lock
[2025-08-19T03:40:18.483Z] [ULTRA-RAPID-SYNC] ERROR: ❌ Ultra-rapid sync failed: Cannot read properties of null (reading 'toString')
[2025-08-19T03:40:18.483Z] [ULTRA-RAPID-SYNC] INFO: Cleaning git state...
[2025-08-19T03:40:18.529Z] [ULTRA-RAPID-SYNC] ERROR: Fatal error: Cannot read properties of null (reading 'toString')
[2025-08-19T03:40:18.869Z] [ULTRA-RAPID-SYNC] INFO: Starting ultra-rapid sync...
[2025-08-19T03:40:18.872Z] [ULTRA-RAPID-SYNC] INFO: Cleaning git state...
[2025-08-19T03:40:18.922Z] [ULTRA-RAPID-SYNC] ERROR: ❌ Ultra-rapid sync failed: Cannot read properties of null (reading 'toString')
[2025-08-19T03:40:18.922Z] [ULTRA-RAPID-SYNC] INFO: Cleaning git state...
[2025-08-19T03:40:18.960Z] [ULTRA-RAPID-SYNC] ERROR: Fatal error: Cannot read properties of null (reading 'toString')
[2025-08-19T03:40:19.381Z] [ULTRA-RAPID-SYNC] INFO: Starting ultra-rapid sync...
[2025-08-19T03:40:19.384Z] [ULTRA-RAPID-SYNC] INFO: Cleaning git state...
[2025-08-19T03:40:19.417Z] [ULTRA-RAPID-SYNC] ERROR: ❌ Ultra-rapid sync failed: Cannot read properties of null (reading 'toString')
[2025-08-19T03:40:19.418Z] [ULTRA-RAPID-SYNC] INFO: Cleaning git state...
[2025-08-19T03:40:19.455Z] [ULTRA-RAPID-SYNC] ERROR: Fatal error: Cannot read properties of null (reading 'toString')
[2025-08-19T03:40:19.757Z] [ULTRA-RAPID-SYNC] INFO: Starting ultra-rapid sync...
[2025-08-19T03:40:19.760Z] [ULTRA-RAPID-SYNC] INFO: Cleaning git state...
[2025-08-19T03:40:19.796Z] [ULTRA-RAPID-SYNC] ERROR: ❌ Ultra-rapid sync failed: Cannot read properties of null (reading 'toString')
[2025-08-19T03:40:19.796Z] [ULTRA-RAPID-SYNC] INFO: Cleaning git state...
[2025-08-19T03:40:19.826Z] [ULTRA-RAPID-SYNC] ERROR: Fatal error: Cannot read properties of null (reading 'toString')
[2025-08-19T03:40:20.107Z] [ULTRA-RAPID-SYNC] INFO: Starting ultra-rapid sync...
[2025-08-19T03:40:20.110Z] [ULTRA-RAPID-SYNC] INFO: Cleaning git state...
[2025-08-19T03:40:20.144Z] [ULTRA-RAPID-SYNC] ERROR: ❌ Ultra-rapid sync failed: Cannot read properties of null (reading 'toString')
[2025-08-19T03:40:20.145Z] [ULTRA-RAPID-SYNC] INFO: Cleaning git state...
[2025-08-19T03:40:20.175Z] [ULTRA-RAPID-SYNC] ERROR: Fatal error: Cannot read properties of null (reading 'toString')
[2025-08-19T03:40:20.447Z] [ULTRA-RAPID-SYNC] INFO: Starting ultra-rapid sync...
[2025-08-19T03:40:20.546Z] [ULTRA-RAPID-SYNC] INFO: Cleaning git state...
[2025-08-19T03:40:20.576Z] [ULTRA-RAPID-SYNC] ERROR: ❌ Ultra-rapid sync failed: Cannot read properties of null (reading 'toString')
[2025-08-19T03:40:20.577Z] [ULTRA-RAPID-SYNC] INFO: Cleaning git state...
[2025-08-19T03:40:20.607Z] [ULTRA-RAPID-SYNC] ERROR: Fatal error: Cannot read properties of null (reading 'toString')
[2025-08-19T03:40:20.853Z] [ULTRA-RAPID-SYNC] INFO: Starting ultra-rapid sync...
[2025-08-19T03:40:20.855Z] [ULTRA-RAPID-SYNC] INFO: Cleaning git state...
[2025-08-19T03:40:20.886Z] [ULTRA-RAPID-SYNC] ERROR: ❌ Ultra-rapid sync failed: Cannot read properties of null (reading 'toString')
[2025-08-19T03:40:20.886Z] [ULTRA-RAPID-SYNC] INFO: Cleaning git state...
[2025-08-19T03:40:20.913Z] [ULTRA-RAPID-SYNC] ERROR: Fatal error: Cannot read properties of null (reading 'toString')
[2025-08-19T03:40:21.395Z] [ULTRA-RAPID-SYNC] INFO: Starting ultra-rapid sync...
[2025-08-19T03:40:21.403Z] [ULTRA-RAPID-SYNC] INFO: Cleaning git state...
[2025-08-19T03:40:21.460Z] [ULTRA-RAPID-SYNC] ERROR: ❌ Ultra-rapid sync failed: Cannot read properties of null (reading 'toString')
[2025-08-19T03:40:21.460Z] [ULTRA-RAPID-SYNC] INFO: Cleaning git state...
[2025-08-19T03:40:21.501Z] [ULTRA-RAPID-SYNC] ERROR: Fatal error: Cannot read properties of null (reading 'toString')
[2025-08-19T03:40:22.257Z] [ULTRA-RAPID-SYNC] INFO: Starting ultra-rapid sync...
[2025-08-19T03:40:22.261Z] [ULTRA-RAPID-SYNC] INFO: Cleaning git state...
[2025-08-19T03:40:22.306Z] [ULTRA-RAPID-SYNC] ERROR: ❌ Ultra-rapid sync failed: Cannot read properties of null (reading 'toString')
[2025-08-19T03:40:22.306Z] [ULTRA-RAPID-SYNC] INFO: Cleaning git state...
[2025-08-19T03:40:22.347Z] [ULTRA-RAPID-SYNC] ERROR: Fatal error: Cannot read properties of null (reading 'toString')
[2025-08-19T03:40:22.647Z] [ULTRA-RAPID-SYNC] INFO: Starting ultra-rapid sync...
[2025-08-19T03:40:22.650Z] [ULTRA-RAPID-SYNC] INFO: Cleaning git state...
[2025-08-19T03:40:22.691Z] [ULTRA-RAPID-SYNC] ERROR: ❌ Ultra-rapid sync failed: Cannot read properties of null (reading 'toString')
[2025-08-19T03:40:22.691Z] [ULTRA-RAPID-SYNC] INFO: Cleaning git state...
[2025-08-19T03:40:22.731Z] [ULTRA-RAPID-SYNC] ERROR: Fatal error: Cannot read properties of null (reading 'toString')
[2025-08-19T03:40:23.007Z] [ULTRA-RAPID-SYNC] INFO: Starting ultra-rapid sync...
[2025-08-19T03:40:23.009Z] [ULTRA-RAPID-SYNC] INFO: Cleaning git state...
[2025-08-19T03:40:23.047Z] [ULTRA-RAPID-SYNC] ERROR: ❌ Ultra-rapid sync failed: Cannot read properties of null (reading 'toString')
[2025-08-19T03:40:23.047Z] [ULTRA-RAPID-SYNC] INFO: Cleaning git state...
[2025-08-19T03:40:23.080Z] [ULTRA-RAPID-SYNC] ERROR: Fatal error: Cannot read properties of null (reading 'toString')
[2025-08-19T03:40:23.407Z] [ULTRA-RAPID-SYNC] INFO: Starting ultra-rapid sync...
[2025-08-19T03:40:23.410Z] [ULTRA-RAPID-SYNC] INFO: Cleaning git state...
[2025-08-19T03:40:23.454Z] [ULTRA-RAPID-SYNC] ERROR: ❌ Ultra-rapid sync failed: Cannot read properties of null (reading 'toString')
[2025-08-19T03:40:23.454Z] [ULTRA-RAPID-SYNC] INFO: Cleaning git state...
[2025-08-19T03:40:23.496Z] [ULTRA-RAPID-SYNC] ERROR: Fatal error: Cannot read properties of null (reading 'toString')
[2025-08-19T03:40:23.778Z] [ULTRA-RAPID-SYNC] INFO: Starting ultra-rapid sync...
[2025-08-19T03:40:23.781Z] [ULTRA-RAPID-SYNC] INFO: Cleaning git state...
[2025-08-19T03:40:23.820Z] [ULTRA-RAPID-SYNC] ERROR: ❌ Ultra-rapid sync failed: Cannot read properties of null (reading 'toString')
[2025-08-19T03:40:23.820Z] [ULTRA-RAPID-SYNC] INFO: Cleaning git state...
[2025-08-19T03:40:23.856Z] [ULTRA-RAPID-SYNC] ERROR: Fatal error: Cannot read properties of null (reading 'toString')
[2025-08-19T03:40:24.134Z] [ULTRA-RAPID-SYNC] INFO: Starting ultra-rapid sync...
[2025-08-19T03:40:24.137Z] [ULTRA-RAPID-SYNC] INFO: Cleaning git state...
[2025-08-19T03:40:24.177Z] [ULTRA-RAPID-SYNC] ERROR: ❌ Ultra-rapid sync failed: Cannot read properties of null (reading 'toString')
[2025-08-19T03:40:24.178Z] [ULTRA-RAPID-SYNC] INFO: Cleaning git state...
[2025-08-19T03:40:24.209Z] [ULTRA-RAPID-SYNC] ERROR: Fatal error: Cannot read properties of null (reading 'toString')
[2025-08-19T03:40:27.522Z] [ULTRA-RAPID-SYNC] INFO: Starting ultra-rapid sync...
[2025-08-19T03:40:27.526Z] [ULTRA-RAPID-SYNC] INFO: Cleaning git state...
[2025-08-19T03:40:27.527Z] [ULTRA-RAPID-SYNC] INFO: Removed lock file: .git/index.lock
[2025-08-19T03:40:27.587Z] [ULTRA-RAPID-SYNC] ERROR: ❌ Ultra-rapid sync failed: Cannot read properties of null (reading 'toString')
[2025-08-19T03:40:27.588Z] [ULTRA-RAPID-SYNC] INFO: Cleaning git state...
[2025-08-19T03:40:27.632Z] [ULTRA-RAPID-SYNC] ERROR: Fatal error: Cannot read properties of null (reading 'toString')
[2025-08-19T03:40:27.979Z] [ULTRA-RAPID-SYNC] INFO: Starting ultra-rapid sync...
[2025-08-19T03:40:27.983Z] [ULTRA-RAPID-SYNC] INFO: Cleaning git state...
[2025-08-19T03:40:28.028Z] [ULTRA-RAPID-SYNC] ERROR: ❌ Ultra-rapid sync failed: Cannot read properties of null (reading 'toString')
[2025-08-19T03:40:28.028Z] [ULTRA-RAPID-SYNC] INFO: Cleaning git state...
[2025-08-19T03:40:28.091Z] [ULTRA-RAPID-SYNC] ERROR: Fatal error: Cannot read properties of null (reading 'toString')
[2025-08-19T03:40:28.545Z] [ULTRA-RAPID-SYNC] INFO: Starting ultra-rapid sync...
[2025-08-19T03:40:28.574Z] [ULTRA-RAPID-SYNC] INFO: Cleaning git state...
[2025-08-19T03:40:28.624Z] [ULTRA-RAPID-SYNC] ERROR: ❌ Ultra-rapid sync failed: Cannot read properties of null (reading 'toString')
[2025-08-19T03:40:28.624Z] [ULTRA-RAPID-SYNC] INFO: Cleaning git state...
[2025-08-19T03:40:28.673Z] [ULTRA-RAPID-SYNC] ERROR: Fatal error: Cannot read properties of null (reading 'toString')
[2025-08-19T03:40:29.571Z] [ULTRA-RAPID-SYNC] INFO: Starting ultra-rapid sync...
[2025-08-19T03:40:29.576Z] [ULTRA-RAPID-SYNC] INFO: Cleaning git state...
[2025-08-19T03:40:29.625Z] [ULTRA-RAPID-SYNC] ERROR: ❌ Ultra-rapid sync failed: Cannot read properties of null (reading 'toString')
[2025-08-19T03:40:29.625Z] [ULTRA-RAPID-SYNC] INFO: Cleaning git state...
[2025-08-19T03:40:29.671Z] [ULTRA-RAPID-SYNC] ERROR: Fatal error: Cannot read properties of null (reading 'toString')
[2025-08-19T03:40:30.153Z] [ULTRA-RAPID-SYNC] INFO: Starting ultra-rapid sync...
[2025-08-19T03:40:30.156Z] [ULTRA-RAPID-SYNC] INFO: Cleaning git state...
[2025-08-19T03:40:30.211Z] [ULTRA-RAPID-SYNC] ERROR: ❌ Ultra-rapid sync failed: Cannot read properties of null (reading 'toString')
[2025-08-19T03:40:30.211Z] [ULTRA-RAPID-SYNC] INFO: Cleaning git state...
[2025-08-19T03:40:30.271Z] [ULTRA-RAPID-SYNC] ERROR: Fatal error: Cannot read properties of null (reading 'toString')
[2025-08-19T03:40:30.789Z] [ULTRA-RAPID-SYNC] INFO: Starting ultra-rapid sync...
[2025-08-19T03:40:30.792Z] [ULTRA-RAPID-SYNC] INFO: Cleaning git state...
[2025-08-19T03:40:30.846Z] [ULTRA-RAPID-SYNC] ERROR: ❌ Ultra-rapid sync failed: Cannot read properties of null (reading 'toString')
[2025-08-19T03:40:30.848Z] [ULTRA-RAPID-SYNC] INFO: Cleaning git state...
[2025-08-19T03:40:30.853Z] [ULTRA-RAPID-SYNC] INFO: Removed lock file: .git/index.lock
[2025-08-19T03:40:30.909Z] [ULTRA-RAPID-SYNC] ERROR: Fatal error: Cannot read properties of null (reading 'toString')
[2025-08-19T03:40:31.414Z] [ULTRA-RAPID-SYNC] INFO: Starting ultra-rapid sync...
[2025-08-19T03:40:31.417Z] [ULTRA-RAPID-SYNC] INFO: Cleaning git state...
[2025-08-19T03:40:31.466Z] [ULTRA-RAPID-SYNC] ERROR: ❌ Ultra-rapid sync failed: Cannot read properties of null (reading 'toString')
[2025-08-19T03:40:31.466Z] [ULTRA-RAPID-SYNC] INFO: Cleaning git state...
[2025-08-19T03:40:31.512Z] [ULTRA-RAPID-SYNC] ERROR: Fatal error: Cannot read properties of null (reading 'toString')
[2025-08-19T03:40:31.946Z] [ULTRA-RAPID-SYNC] INFO: Starting ultra-rapid sync...
[2025-08-19T03:40:31.951Z] [ULTRA-RAPID-SYNC] INFO: Cleaning git state...
[2025-08-19T03:40:32.003Z] [ULTRA-RAPID-SYNC] ERROR: ❌ Ultra-rapid sync failed: Cannot read properties of null (reading 'toString')
[2025-08-19T03:40:32.004Z] [ULTRA-RAPID-SYNC] INFO: Cleaning git state...
[2025-08-19T03:40:32.055Z] [ULTRA-RAPID-SYNC] ERROR: Fatal error: Cannot read properties of null (reading 'toString')
[2025-08-19T03:40:32.721Z] [ULTRA-RAPID-SYNC] INFO: Starting ultra-rapid sync...
[2025-08-19T03:40:32.725Z] [ULTRA-RAPID-SYNC] INFO: Cleaning git state...
[2025-08-19T03:40:32.726Z] [ULTRA-RAPID-SYNC] INFO: Removed lock file: .git/index.lock
[2025-08-19T03:40:32.799Z] [ULTRA-RAPID-SYNC] ERROR: ❌ Ultra-rapid sync failed: Cannot read properties of null (reading 'toString')
[2025-08-19T03:40:32.800Z] [ULTRA-RAPID-SYNC] INFO: Cleaning git state...
[2025-08-19T03:40:32.802Z] [ULTRA-RAPID-SYNC] INFO: Removed lock file: .git/index.lock
[2025-08-19T03:40:32.859Z] [ULTRA-RAPID-SYNC] ERROR: Fatal error: Cannot read properties of null (reading 'toString')
[2025-08-19T03:40:33.527Z] [ULTRA-RAPID-SYNC] INFO: Starting ultra-rapid sync...
[2025-08-19T03:40:33.530Z] [ULTRA-RAPID-SYNC] INFO: Cleaning git state...
[2025-08-19T03:40:33.531Z] [ULTRA-RAPID-SYNC] INFO: Removed lock file: .git/index.lock
[2025-08-19T03:40:33.579Z] [ULTRA-RAPID-SYNC] ERROR: ❌ Ultra-rapid sync failed: Cannot read properties of null (reading 'toString')
[2025-08-19T03:40:33.580Z] [ULTRA-RAPID-SYNC] INFO: Cleaning git state...
[2025-08-19T03:40:33.624Z] [ULTRA-RAPID-SYNC] ERROR: Fatal error: Cannot read properties of null (reading 'toString')
[2025-08-19T03:40:33.989Z] [ULTRA-RAPID-SYNC] INFO: Starting ultra-rapid sync...
[2025-08-19T03:40:33.993Z] [ULTRA-RAPID-SYNC] INFO: Cleaning git state...
[2025-08-19T03:40:34.046Z] [ULTRA-RAPID-SYNC] ERROR: ❌ Ultra-rapid sync failed: Cannot read properties of null (reading 'toString')
[2025-08-19T03:40:34.047Z] [ULTRA-RAPID-SYNC] INFO: Cleaning git state...
[2025-08-19T03:40:34.047Z] [ULTRA-RAPID-SYNC] INFO: Removed lock file: .git/config.lock
[2025-08-19T03:40:34.099Z] [ULTRA-RAPID-SYNC] ERROR: Fatal error: Cannot read properties of null (reading 'toString')
[2025-08-19T03:40:34.568Z] [ULTRA-RAPID-SYNC] INFO: Starting ultra-rapid sync...
[2025-08-19T03:40:34.577Z] [ULTRA-RAPID-SYNC] INFO: Cleaning git state...
[2025-08-19T03:40:34.630Z] [ULTRA-RAPID-SYNC] ERROR: ❌ Ultra-rapid sync failed: Cannot read properties of null (reading 'toString')
[2025-08-19T03:40:34.631Z] [ULTRA-RAPID-SYNC] INFO: Cleaning git state...
[2025-08-19T03:40:34.679Z] [ULTRA-RAPID-SYNC] ERROR: Fatal error: Cannot read properties of null (reading 'toString')
[2025-08-19T03:40:35.025Z] [ULTRA-RAPID-SYNC] INFO: Starting ultra-rapid sync...
[2025-08-19T03:40:35.029Z] [ULTRA-RAPID-SYNC] INFO: Cleaning git state...
[2025-08-19T03:40:35.088Z] [ULTRA-RAPID-SYNC] ERROR: ❌ Ultra-rapid sync failed: Cannot read properties of null (reading 'toString')
[2025-08-19T03:40:35.088Z] [ULTRA-RAPID-SYNC] INFO: Cleaning git state...
[2025-08-19T03:40:35.139Z] [ULTRA-RAPID-SYNC] ERROR: Fatal error: Cannot read properties of null (reading 'toString')
[2025-08-19T03:40:35.509Z] [ULTRA-RAPID-SYNC] INFO: Starting ultra-rapid sync...
[2025-08-19T03:40:35.512Z] [ULTRA-RAPID-SYNC] INFO: Cleaning git state...
[2025-08-19T03:40:35.561Z] [ULTRA-RAPID-SYNC] ERROR: ❌ Ultra-rapid sync failed: Cannot read properties of null (reading 'toString')
[2025-08-19T03:40:35.562Z] [ULTRA-RAPID-SYNC] INFO: Cleaning git state...
[2025-08-19T03:40:35.608Z] [ULTRA-RAPID-SYNC] ERROR: Fatal error: Cannot read properties of null (reading 'toString')
[2025-08-19T03:40:36.185Z] [ULTRA-RAPID-SYNC] INFO: Starting ultra-rapid sync...
[2025-08-19T03:40:36.188Z] [ULTRA-RAPID-SYNC] INFO: Cleaning git state...
[2025-08-19T03:40:36.237Z] [ULTRA-RAPID-SYNC] ERROR: ❌ Ultra-rapid sync failed: Cannot read properties of null (reading 'toString')
[2025-08-19T03:40:36.237Z] [ULTRA-RAPID-SYNC] INFO: Cleaning git state...
[2025-08-19T03:40:36.293Z] [ULTRA-RAPID-SYNC] ERROR: Fatal error: Cannot read properties of null (reading 'toString')
[2025-08-19T03:41:00.403Z] [ULTRA-RAPID-SYNC] INFO: Starting ultra-rapid sync...
[2025-08-19T03:41:00.409Z] [ULTRA-RAPID-SYNC] INFO: Cleaning git state...
[2025-08-19T03:41:00.409Z] [ULTRA-RAPID-SYNC] INFO: Starting ultra-rapid sync...
[2025-08-19T03:41:00.412Z] [ULTRA-RAPID-SYNC] INFO: Cleaning git state...
[2025-08-19T03:41:00.459Z] [ULTRA-RAPID-SYNC] ERROR: ❌ Ultra-rapid sync failed: Cannot read properties of null (reading 'toString')
[2025-08-19T03:41:00.460Z] [ULTRA-RAPID-SYNC] INFO: Cleaning git state...
[2025-08-19T03:41:00.460Z] [ULTRA-RAPID-SYNC] ERROR: ❌ Ultra-rapid sync failed: Cannot read properties of null (reading 'toString')
[2025-08-19T03:41:00.460Z] [ULTRA-RAPID-SYNC] INFO: Cleaning git state...
[2025-08-19T03:41:00.504Z] [ULTRA-RAPID-SYNC] ERROR: Fatal error: Cannot read properties of null (reading 'toString')
[2025-08-19T03:41:00.505Z] [ULTRA-RAPID-SYNC] ERROR: Fatal error: Cannot read properties of null (reading 'toString')
[2025-08-19T03:41:01.278Z] [ULTRA-RAPID-SYNC] INFO: Starting ultra-rapid sync...
[2025-08-19T03:41:01.283Z] [ULTRA-RAPID-SYNC] INFO: Cleaning git state...
[2025-08-19T03:41:01.329Z] [ULTRA-RAPID-SYNC] ERROR: ❌ Ultra-rapid sync failed: Cannot read properties of null (reading 'toString')
[2025-08-19T03:41:01.329Z] [ULTRA-RAPID-SYNC] INFO: Cleaning git state...
[2025-08-19T03:41:01.372Z] [ULTRA-RAPID-SYNC] ERROR: Fatal error: Cannot read properties of null (reading 'toString')
[2025-08-19T03:41:03.269Z] [ULTRA-RAPID-SYNC] INFO: Starting ultra-rapid sync...
[2025-08-19T03:41:03.271Z] [ULTRA-RAPID-SYNC] INFO: Cleaning git state...
[2025-08-19T03:41:03.371Z] [ULTRA-RAPID-SYNC] ERROR: ❌ Ultra-rapid sync failed: Cannot read properties of null (reading 'toString')
[2025-08-19T03:41:03.371Z] [ULTRA-RAPID-SYNC] INFO: Cleaning git state...
[2025-08-19T03:41:03.416Z] [ULTRA-RAPID-SYNC] ERROR: Fatal error: Cannot read properties of null (reading 'toString')
[2025-08-19T03:41:03.906Z] [ULTRA-RAPID-SYNC] INFO: Starting ultra-rapid sync...
[2025-08-19T03:41:03.912Z] [ULTRA-RAPID-SYNC] INFO: Cleaning git state...
[2025-08-19T03:41:03.963Z] [ULTRA-RAPID-SYNC] ERROR: ❌ Ultra-rapid sync failed: Cannot read properties of null (reading 'toString')
[2025-08-19T03:41:03.963Z] [ULTRA-RAPID-SYNC] INFO: Cleaning git state...
[2025-08-19T03:41:04.012Z] [ULTRA-RAPID-SYNC] ERROR: Fatal error: Cannot read properties of null (reading 'toString')
[2025-08-19T03:41:04.488Z] [ULTRA-RAPID-SYNC] INFO: Starting ultra-rapid sync...
[2025-08-19T03:41:04.491Z] [ULTRA-RAPID-SYNC] INFO: Cleaning git state...
[2025-08-19T03:41:04.562Z] [ULTRA-RAPID-SYNC] ERROR: ❌ Ultra-rapid sync failed: Cannot read properties of null (reading 'toString')
[2025-08-19T03:41:04.563Z] [ULTRA-RAPID-SYNC] INFO: Cleaning git state...
[2025-08-19T03:41:04.608Z] [ULTRA-RAPID-SYNC] ERROR: Fatal error: Cannot read properties of null (reading 'toString')
[2025-08-19T03:41:05.409Z] [ULTRA-RAPID-SYNC] INFO: Starting ultra-rapid sync...
[2025-08-19T03:41:05.422Z] [ULTRA-RAPID-SYNC] INFO: Cleaning git state...
[2025-08-19T03:41:05.466Z] [ULTRA-RAPID-SYNC] ERROR: ❌ Ultra-rapid sync failed: Cannot read properties of null (reading 'toString')
[2025-08-19T03:41:05.498Z] [ULTRA-RAPID-SYNC] INFO: Cleaning git state...
[2025-08-19T03:41:05.525Z] [ULTRA-RAPID-SYNC] INFO: Removed lock file: .git/config.lock
[2025-08-19T03:41:05.667Z] [ULTRA-RAPID-SYNC] ERROR: Fatal error: Cannot read properties of null (reading 'toString')
[2025-08-19T03:41:06.462Z] [ULTRA-RAPID-SYNC] INFO: Starting ultra-rapid sync...
[2025-08-19T03:41:06.469Z] [ULTRA-RAPID-SYNC] INFO: Cleaning git state...
[2025-08-19T03:41:06.469Z] [ULTRA-RAPID-SYNC] INFO: Removed lock file: .git/index.lock
[2025-08-19T03:41:06.517Z] [ULTRA-RAPID-SYNC] ERROR: ❌ Ultra-rapid sync failed: Cannot read properties of null (reading 'toString')
[2025-08-19T03:41:06.518Z] [ULTRA-RAPID-SYNC] INFO: Cleaning git state...
[2025-08-19T03:41:06.561Z] [ULTRA-RAPID-SYNC] ERROR: Fatal error: Cannot read properties of null (reading 'toString')
[2025-08-19T03:41:07.065Z] [ULTRA-RAPID-SYNC] INFO: Starting ultra-rapid sync...
[2025-08-19T03:41:07.092Z] [ULTRA-RAPID-SYNC] INFO: Cleaning git state...
[2025-08-19T03:41:07.144Z] [ULTRA-RAPID-SYNC] ERROR: ❌ Ultra-rapid sync failed: Cannot read properties of null (reading 'toString')
[2025-08-19T03:41:07.144Z] [ULTRA-RAPID-SYNC] INFO: Cleaning git state...
[2025-08-19T03:41:07.190Z] [ULTRA-RAPID-SYNC] ERROR: Fatal error: Cannot read properties of null (reading 'toString')
[2025-08-19T03:41:07.624Z] [ULTRA-RAPID-SYNC] INFO: Starting ultra-rapid sync...
[2025-08-19T03:41:07.628Z] [ULTRA-RAPID-SYNC] INFO: Cleaning git state...
[2025-08-19T03:41:07.681Z] [ULTRA-RAPID-SYNC] ERROR: ❌ Ultra-rapid sync failed: Cannot read properties of null (reading 'toString')
[2025-08-19T03:41:07.719Z] [ULTRA-RAPID-SYNC] INFO: Cleaning git state...
[2025-08-19T03:41:07.779Z] [ULTRA-RAPID-SYNC] ERROR: Fatal error: Cannot read properties of null (reading 'toString')
[2025-08-19T03:41:08.730Z] [ULTRA-RAPID-SYNC] INFO: Starting ultra-rapid sync...
[2025-08-19T03:41:08.748Z] [ULTRA-RAPID-SYNC] INFO: Cleaning git state...
[2025-08-19T03:41:08.800Z] [ULTRA-RAPID-SYNC] ERROR: ❌ Ultra-rapid sync failed: Cannot read properties of null (reading 'toString')
[2025-08-19T03:41:08.801Z] [ULTRA-RAPID-SYNC] INFO: Cleaning git state...
[2025-08-19T03:41:08.849Z] [ULTRA-RAPID-SYNC] ERROR: Fatal error: Cannot read properties of null (reading 'toString')
[2025-08-19T03:41:10.125Z] [ULTRA-RAPID-SYNC] INFO: Starting ultra-rapid sync...
[2025-08-19T03:41:10.134Z] [ULTRA-RAPID-SYNC] INFO: Cleaning git state...
[2025-08-19T03:41:10.135Z] [ULTRA-RAPID-SYNC] INFO: Removed lock file: .git/index.lock
[2025-08-19T03:41:10.215Z] [ULTRA-RAPID-SYNC] ERROR: ❌ Ultra-rapid sync failed: Cannot read properties of null (reading 'toString')
[2025-08-19T03:41:10.215Z] [ULTRA-RAPID-SYNC] INFO: Cleaning git state...
[2025-08-19T03:41:10.263Z] [ULTRA-RAPID-SYNC] ERROR: Fatal error: Cannot read properties of null (reading 'toString')
[2025-08-19T03:41:10.961Z] [ULTRA-RAPID-SYNC] INFO: Starting ultra-rapid sync...
[2025-08-19T03:41:10.965Z] [ULTRA-RAPID-SYNC] INFO: Cleaning git state...
[2025-08-19T03:41:11.042Z] [ULTRA-RAPID-SYNC] ERROR: ❌ Ultra-rapid sync failed: Cannot read properties of null (reading 'toString')
[2025-08-19T03:41:11.042Z] [ULTRA-RAPID-SYNC] INFO: Cleaning git state...
[2025-08-19T03:41:11.096Z] [ULTRA-RAPID-SYNC] ERROR: Fatal error: Cannot read properties of null (reading 'toString')
[2025-08-19T03:41:11.524Z] [ULTRA-RAPID-SYNC] INFO: Starting ultra-rapid sync...
[2025-08-19T03:41:11.527Z] [ULTRA-RAPID-SYNC] INFO: Cleaning git state...
[2025-08-19T03:41:11.530Z] [ULTRA-RAPID-SYNC] INFO: Removed merge directory: .git/rebase-merge
[2025-08-19T03:41:11.578Z] [ULTRA-RAPID-SYNC] ERROR: ❌ Ultra-rapid sync failed: Cannot read properties of null (reading 'toString')
[2025-08-19T03:41:11.578Z] [ULTRA-RAPID-SYNC] INFO: Cleaning git state...
[2025-08-19T03:41:11.578Z] [ULTRA-RAPID-SYNC] INFO: Removed lock file: .git/index.lock
[2025-08-19T03:41:11.625Z] [ULTRA-RAPID-SYNC] ERROR: Fatal error: Cannot read properties of null (reading 'toString')
[2025-08-19T03:41:12.619Z] [ULTRA-RAPID-SYNC] INFO: Starting ultra-rapid sync...
[2025-08-19T03:41:12.666Z] [ULTRA-RAPID-SYNC] INFO: Cleaning git state...
[2025-08-19T03:41:12.668Z] [ULTRA-RAPID-SYNC] INFO: Removed lock file: .git/index.lock
[2025-08-19T03:41:12.726Z] [ULTRA-RAPID-SYNC] ERROR: ❌ Ultra-rapid sync failed: Cannot read properties of null (reading 'toString')
[2025-08-19T03:41:12.726Z] [ULTRA-RAPID-SYNC] INFO: Cleaning git state...
[2025-08-19T03:41:12.782Z] [ULTRA-RAPID-SYNC] ERROR: Fatal error: Cannot read properties of null (reading 'toString')
[2025-08-19T03:41:13.716Z] [ULTRA-RAPID-SYNC] INFO: Starting ultra-rapid sync...
[2025-08-19T03:41:13.718Z] [ULTRA-RAPID-SYNC] INFO: Cleaning git state...
[2025-08-19T03:41:13.768Z] [ULTRA-RAPID-SYNC] ERROR: ❌ Ultra-rapid sync failed: Cannot read properties of null (reading 'toString')
[2025-08-19T03:41:13.768Z] [ULTRA-RAPID-SYNC] INFO: Cleaning git state...
[2025-08-19T03:41:13.944Z] [ULTRA-RAPID-SYNC] ERROR: Fatal error: Cannot read properties of null (reading 'toString')
[2025-08-19T03:41:14.668Z] [ULTRA-RAPID-SYNC] INFO: Starting ultra-rapid sync...
[2025-08-19T03:41:14.701Z] [ULTRA-RAPID-SYNC] INFO: Cleaning git state...
[2025-08-19T03:41:14.780Z] [ULTRA-RAPID-SYNC] ERROR: ❌ Ultra-rapid sync failed: Cannot read properties of null (reading 'toString')
[2025-08-19T03:41:14.786Z] [ULTRA-RAPID-SYNC] INFO: Cleaning git state...
[2025-08-19T03:41:14.844Z] [ULTRA-RAPID-SYNC] ERROR: Fatal error: Cannot read properties of null (reading 'toString')
[2025-08-19T03:41:35.502Z] [ULTRA-RAPID-SYNC] INFO: Starting ultra-rapid sync...
[2025-08-19T03:41:35.506Z] [ULTRA-RAPID-SYNC] INFO: Cleaning git state...
[2025-08-19T03:41:35.556Z] [ULTRA-RAPID-SYNC] ERROR: ❌ Ultra-rapid sync failed: Cannot read properties of null (reading 'toString')
[2025-08-19T03:41:35.556Z] [ULTRA-RAPID-SYNC] INFO: Cleaning git state...
[2025-08-19T03:41:35.603Z] [ULTRA-RAPID-SYNC] ERROR: Fatal error: Cannot read properties of null (reading 'toString')
[2025-08-19T03:41:35.930Z] [ULTRA-RAPID-SYNC] INFO: Starting ultra-rapid sync...
[2025-08-19T03:41:35.934Z] [ULTRA-RAPID-SYNC] INFO: Cleaning git state...
[2025-08-19T03:41:35.990Z] [ULTRA-RAPID-SYNC] ERROR: ❌ Ultra-rapid sync failed: Cannot read properties of null (reading 'toString')
[2025-08-19T03:41:35.991Z] [ULTRA-RAPID-SYNC] INFO: Cleaning git state...
[2025-08-19T03:41:36.056Z] [ULTRA-RAPID-SYNC] ERROR: Fatal error: Cannot read properties of null (reading 'toString')
[2025-08-19T03:41:36.832Z] [ULTRA-RAPID-SYNC] INFO: Starting ultra-rapid sync...
[2025-08-19T03:41:36.837Z] [ULTRA-RAPID-SYNC] INFO: Cleaning git state...
[2025-08-19T03:41:36.885Z] [ULTRA-RAPID-SYNC] ERROR: ❌ Ultra-rapid sync failed: Cannot read properties of null (reading 'toString')
[2025-08-19T03:41:36.885Z] [ULTRA-RAPID-SYNC] INFO: Cleaning git state...
[2025-08-19T03:41:36.929Z] [ULTRA-RAPID-SYNC] ERROR: Fatal error: Cannot read properties of null (reading 'toString')
[2025-08-19T03:41:37.786Z] [ULTRA-RAPID-SYNC] INFO: Starting ultra-rapid sync...
[2025-08-19T03:41:37.790Z] [ULTRA-RAPID-SYNC] INFO: Cleaning git state...
[2025-08-19T03:41:37.790Z] [ULTRA-RAPID-SYNC] INFO: Removed lock file: .git/index.lock
[2025-08-19T03:41:37.837Z] [ULTRA-RAPID-SYNC] ERROR: ❌ Ultra-rapid sync failed: Cannot read properties of null (reading 'toString')
[2025-08-19T03:41:37.838Z] [ULTRA-RAPID-SYNC] INFO: Cleaning git state...
[2025-08-19T03:41:37.882Z] [ULTRA-RAPID-SYNC] ERROR: Fatal error: Cannot read properties of null (reading 'toString')
[2025-08-19T03:41:38.682Z] [ULTRA-RAPID-SYNC] INFO: Starting ultra-rapid sync...
[2025-08-19T03:41:38.685Z] [ULTRA-RAPID-SYNC] INFO: Cleaning git state...
[2025-08-19T03:41:38.731Z] [ULTRA-RAPID-SYNC] ERROR: ❌ Ultra-rapid sync failed: Cannot read properties of null (reading 'toString')
[2025-08-19T03:41:38.732Z] [ULTRA-RAPID-SYNC] INFO: Cleaning git state...
[2025-08-19T03:41:38.777Z] [ULTRA-RAPID-SYNC] ERROR: Fatal error: Cannot read properties of null (reading 'toString')
[2025-08-19T03:41:39.173Z] [ULTRA-RAPID-SYNC] INFO: Starting ultra-rapid sync...
[2025-08-19T03:41:39.176Z] [ULTRA-RAPID-SYNC] INFO: Cleaning git state...
[2025-08-19T03:41:39.228Z] [ULTRA-RAPID-SYNC] ERROR: ❌ Ultra-rapid sync failed: Cannot read properties of null (reading 'toString')
[2025-08-19T03:41:39.228Z] [ULTRA-RAPID-SYNC] INFO: Cleaning git state...
[2025-08-19T03:41:39.274Z] [ULTRA-RAPID-SYNC] ERROR: Fatal error: Cannot read properties of null (reading 'toString')
[2025-08-19T03:41:39.717Z] [ULTRA-RAPID-SYNC] INFO: Starting ultra-rapid sync...
[2025-08-19T03:41:39.721Z] [ULTRA-RAPID-SYNC] INFO: Cleaning git state...
[2025-08-19T03:41:39.766Z] [ULTRA-RAPID-SYNC] ERROR: ❌ Ultra-rapid sync failed: Cannot read properties of null (reading 'toString')
[2025-08-19T03:41:39.766Z] [ULTRA-RAPID-SYNC] INFO: Cleaning git state...
[2025-08-19T03:41:39.806Z] [ULTRA-RAPID-SYNC] ERROR: Fatal error: Cannot read properties of null (reading 'toString')
[2025-08-19T03:41:40.275Z] [ULTRA-RAPID-SYNC] INFO: Starting ultra-rapid sync...
[2025-08-19T03:41:40.278Z] [ULTRA-RAPID-SYNC] INFO: Cleaning git state...
[2025-08-19T03:41:40.421Z] [ULTRA-RAPID-SYNC] ERROR: ❌ Ultra-rapid sync failed: Cannot read properties of null (reading 'toString')
[2025-08-19T03:41:40.421Z] [ULTRA-RAPID-SYNC] INFO: Cleaning git state...
[2025-08-19T03:41:40.464Z] [ULTRA-RAPID-SYNC] ERROR: Fatal error: Cannot read properties of null (reading 'toString')
[2025-08-19T03:41:41.271Z] [ULTRA-RAPID-SYNC] INFO: Starting ultra-rapid sync...
[2025-08-19T03:41:41.281Z] [ULTRA-RAPID-SYNC] INFO: Cleaning git state...
[2025-08-19T03:41:41.282Z] [ULTRA-RAPID-SYNC] INFO: Removed lock file: .git/index.lock
[2025-08-19T03:41:41.332Z] [ULTRA-RAPID-SYNC] ERROR: ❌ Ultra-rapid sync failed: Cannot read properties of null (reading 'toString')
[2025-08-19T03:41:41.332Z] [ULTRA-RAPID-SYNC] INFO: Cleaning git state...
[2025-08-19T03:41:41.372Z] [ULTRA-RAPID-SYNC] ERROR: Fatal error: Cannot read properties of null (reading 'toString')
[2025-08-19T03:41:42.197Z] [ULTRA-RAPID-SYNC] INFO: Starting ultra-rapid sync...
[2025-08-19T03:41:42.201Z] [ULTRA-RAPID-SYNC] INFO: Cleaning git state...
[2025-08-19T03:41:42.202Z] [ULTRA-RAPID-SYNC] INFO: Removed lock file: .git/index.lock
[2025-08-19T03:41:42.250Z] [ULTRA-RAPID-SYNC] ERROR: ❌ Ultra-rapid sync failed: Cannot read properties of null (reading 'toString')
[2025-08-19T03:41:42.250Z] [ULTRA-RAPID-SYNC] INFO: Cleaning git state...
[2025-08-19T03:41:42.295Z] [ULTRA-RAPID-SYNC] ERROR: Fatal error: Cannot read properties of null (reading 'toString')
[2025-08-19T03:41:42.702Z] [ULTRA-RAPID-SYNC] INFO: Starting ultra-rapid sync...
[2025-08-19T03:41:42.707Z] [ULTRA-RAPID-SYNC] INFO: Cleaning git state...
[2025-08-19T03:41:42.760Z] [ULTRA-RAPID-SYNC] ERROR: ❌ Ultra-rapid sync failed: Cannot read properties of null (reading 'toString')
[2025-08-19T03:41:42.761Z] [ULTRA-RAPID-SYNC] INFO: Cleaning git state...
[2025-08-19T03:41:42.813Z] [ULTRA-RAPID-SYNC] ERROR: Fatal error: Cannot read properties of null (reading 'toString')
[2025-08-19T03:41:43.431Z] [ULTRA-RAPID-SYNC] INFO: Starting ultra-rapid sync...
[2025-08-19T03:41:43.434Z] [ULTRA-RAPID-SYNC] INFO: Cleaning git state...
[2025-08-19T03:41:43.482Z] [ULTRA-RAPID-SYNC] ERROR: ❌ Ultra-rapid sync failed: Cannot read properties of null (reading 'toString')
[2025-08-19T03:41:43.482Z] [ULTRA-RAPID-SYNC] INFO: Cleaning git state...
[2025-08-19T03:41:43.530Z] [ULTRA-RAPID-SYNC] ERROR: Fatal error: Cannot read properties of null (reading 'toString')
[2025-08-19T03:41:44.000Z] [ULTRA-RAPID-SYNC] INFO: Starting ultra-rapid sync...
[2025-08-19T03:41:44.004Z] [ULTRA-RAPID-SYNC] INFO: Cleaning git state...
[2025-08-19T03:41:44.066Z] [ULTRA-RAPID-SYNC] ERROR: ❌ Ultra-rapid sync failed: Cannot read properties of null (reading 'toString')
[2025-08-19T03:41:44.089Z] [ULTRA-RAPID-SYNC] INFO: Cleaning git state...
[2025-08-19T03:41:44.137Z] [ULTRA-RAPID-SYNC] ERROR: Fatal error: Cannot read properties of null (reading 'toString')
[2025-08-19T03:41:44.858Z] [ULTRA-RAPID-SYNC] INFO: Starting ultra-rapid sync...
[2025-08-19T03:41:44.865Z] [ULTRA-RAPID-SYNC] INFO: Cleaning git state...
[2025-08-19T03:41:44.915Z] [ULTRA-RAPID-SYNC] ERROR: ❌ Ultra-rapid sync failed: Cannot read properties of null (reading 'toString')
[2025-08-19T03:41:44.955Z] [ULTRA-RAPID-SYNC] INFO: Cleaning git state...
[2025-08-19T03:41:45.000Z] [ULTRA-RAPID-SYNC] ERROR: Fatal error: Cannot read properties of null (reading 'toString')
[2025-08-19T03:41:45.582Z] [ULTRA-RAPID-SYNC] INFO: Starting ultra-rapid sync...
[2025-08-19T03:41:45.585Z] [ULTRA-RAPID-SYNC] INFO: Cleaning git state...
[2025-08-19T03:41:45.643Z] [ULTRA-RAPID-SYNC] ERROR: ❌ Ultra-rapid sync failed: Cannot read properties of null (reading 'toString')
[2025-08-19T03:41:45.721Z] [ULTRA-RAPID-SYNC] INFO: Cleaning git state...
[2025-08-19T03:41:45.822Z] [ULTRA-RAPID-SYNC] ERROR: Fatal error: Cannot read properties of null (reading 'toString')
[2025-08-19T03:42:00.796Z] [ULTRA-RAPID-SYNC] INFO: Starting ultra-rapid sync...
[2025-08-19T03:42:00.844Z] [ULTRA-RAPID-SYNC] INFO: Cleaning git state...
[2025-08-19T03:42:00.975Z] [ULTRA-RAPID-SYNC] ERROR: ❌ Ultra-rapid sync failed: Cannot read properties of null (reading 'toString')
[2025-08-19T03:42:01.183Z] [ULTRA-RAPID-SYNC] INFO: Cleaning git state...
[2025-08-19T03:42:01.613Z] [ULTRA-RAPID-SYNC] INFO: Removed lock file: .git/config.lock
[2025-08-19T03:42:02.342Z] [ULTRA-RAPID-SYNC] ERROR: Fatal error: Cannot read properties of null (reading 'toString')
[2025-08-19T03:42:08.141Z] [ULTRA-RAPID-SYNC] INFO: Starting ultra-rapid sync...
[2025-08-19T03:42:08.457Z] [ULTRA-RAPID-SYNC] INFO: Cleaning git state...
[2025-08-19T03:42:08.696Z] [ULTRA-RAPID-SYNC] ERROR: ❌ Ultra-rapid sync failed: Cannot read properties of null (reading 'toString')
[2025-08-19T03:42:08.697Z] [ULTRA-RAPID-SYNC] INFO: Cleaning git state...
[2025-08-19T03:42:08.697Z] [ULTRA-RAPID-SYNC] INFO: Removed lock file: .git/index.lock
[2025-08-19T03:42:08.742Z] [ULTRA-RAPID-SYNC] ERROR: Fatal error: Cannot read properties of null (reading 'toString')
[2025-08-19T03:42:09.928Z] [ULTRA-RAPID-SYNC] INFO: Starting ultra-rapid sync...
[2025-08-19T03:42:09.935Z] [ULTRA-RAPID-SYNC] INFO: Cleaning git state...
[2025-08-19T03:42:09.988Z] [ULTRA-RAPID-SYNC] ERROR: ❌ Ultra-rapid sync failed: Cannot read properties of null (reading 'toString')
[2025-08-19T03:42:09.988Z] [ULTRA-RAPID-SYNC] INFO: Cleaning git state...
[2025-08-19T03:42:10.036Z] [ULTRA-RAPID-SYNC] ERROR: Fatal error: Cannot read properties of null (reading 'toString')
[2025-08-19T03:42:10.425Z] [ULTRA-RAPID-SYNC] INFO: Starting ultra-rapid sync...
[2025-08-19T03:42:10.454Z] [ULTRA-RAPID-SYNC] INFO: Cleaning git state...
[2025-08-19T03:42:10.519Z] [ULTRA-RAPID-SYNC] ERROR: ❌ Ultra-rapid sync failed: Cannot read properties of null (reading 'toString')
[2025-08-19T03:42:10.526Z] [ULTRA-RAPID-SYNC] INFO: Cleaning git state...
[2025-08-19T03:42:10.574Z] [ULTRA-RAPID-SYNC] ERROR: Fatal error: Cannot read properties of null (reading 'toString')
[2025-08-19T03:42:11.550Z] [ULTRA-RAPID-SYNC] INFO: Starting ultra-rapid sync...
[2025-08-19T03:42:11.559Z] [ULTRA-RAPID-SYNC] INFO: Cleaning git state...
[2025-08-19T03:42:11.609Z] [ULTRA-RAPID-SYNC] ERROR: ❌ Ultra-rapid sync failed: Cannot read properties of null (reading 'toString')
[2025-08-19T03:42:11.609Z] [ULTRA-RAPID-SYNC] INFO: Cleaning git state...
[2025-08-19T03:42:11.655Z] [ULTRA-RAPID-SYNC] ERROR: Fatal error: Cannot read properties of null (reading 'toString')
[2025-08-19T03:42:12.282Z] [ULTRA-RAPID-SYNC] INFO: Starting ultra-rapid sync...
[2025-08-19T03:42:12.285Z] [ULTRA-RAPID-SYNC] INFO: Cleaning git state...
[2025-08-19T03:42:12.285Z] [ULTRA-RAPID-SYNC] INFO: Removed lock file: .git/index.lock
[2025-08-19T03:42:12.333Z] [ULTRA-RAPID-SYNC] ERROR: ❌ Ultra-rapid sync failed: Cannot read properties of null (reading 'toString')
[2025-08-19T03:42:12.334Z] [ULTRA-RAPID-SYNC] INFO: Cleaning git state...
[2025-08-19T03:42:12.392Z] [ULTRA-RAPID-SYNC] ERROR: Fatal error: Cannot read properties of null (reading 'toString')
[2025-08-19T03:42:12.805Z] [ULTRA-RAPID-SYNC] INFO: Starting ultra-rapid sync...
[2025-08-19T03:42:12.827Z] [ULTRA-RAPID-SYNC] INFO: Cleaning git state...
[2025-08-19T03:42:12.876Z] [ULTRA-RAPID-SYNC] ERROR: ❌ Ultra-rapid sync failed: Cannot read properties of null (reading 'toString')
[2025-08-19T03:42:12.877Z] [ULTRA-RAPID-SYNC] INFO: Cleaning git state...
[2025-08-19T03:42:12.923Z] [ULTRA-RAPID-SYNC] ERROR: Fatal error: Cannot read properties of null (reading 'toString')
[2025-08-19T03:42:13.263Z] [ULTRA-RAPID-SYNC] INFO: Starting ultra-rapid sync...
[2025-08-19T03:42:13.266Z] [ULTRA-RAPID-SYNC] INFO: Cleaning git state...
[2025-08-19T03:42:13.315Z] [ULTRA-RAPID-SYNC] ERROR: ❌ Ultra-rapid sync failed: Cannot read properties of null (reading 'toString')
[2025-08-19T03:42:13.315Z] [ULTRA-RAPID-SYNC] INFO: Cleaning git state...
[2025-08-19T03:42:13.361Z] [ULTRA-RAPID-SYNC] ERROR: Fatal error: Cannot read properties of null (reading 'toString')
[2025-08-19T03:42:13.717Z] [ULTRA-RAPID-SYNC] INFO: Starting ultra-rapid sync...
[2025-08-19T03:42:13.721Z] [ULTRA-RAPID-SYNC] INFO: Cleaning git state...
[2025-08-19T03:42:13.777Z] [ULTRA-RAPID-SYNC] ERROR: ❌ Ultra-rapid sync failed: Cannot read properties of null (reading 'toString')
[2025-08-19T03:42:13.787Z] [ULTRA-RAPID-SYNC] INFO: Cleaning git state...
[2025-08-19T03:42:13.837Z] [ULTRA-RAPID-SYNC] ERROR: Fatal error: Cannot read properties of null (reading 'toString')
[2025-08-19T03:42:14.303Z] [ULTRA-RAPID-SYNC] INFO: Starting ultra-rapid sync...
[2025-08-19T03:42:14.306Z] [ULTRA-RAPID-SYNC] INFO: Cleaning git state...
[2025-08-19T03:42:14.352Z] [ULTRA-RAPID-SYNC] ERROR: ❌ Ultra-rapid sync failed: Cannot read properties of null (reading 'toString')
[2025-08-19T03:42:14.353Z] [ULTRA-RAPID-SYNC] INFO: Cleaning git state...
[2025-08-19T03:42:14.398Z] [ULTRA-RAPID-SYNC] ERROR: Fatal error: Cannot read properties of null (reading 'toString')
[2025-08-19T03:42:15.361Z] [ULTRA-RAPID-SYNC] INFO: Starting ultra-rapid sync...
[2025-08-19T03:42:15.373Z] [ULTRA-RAPID-SYNC] INFO: Cleaning git state...
[2025-08-19T03:42:15.374Z] [ULTRA-RAPID-SYNC] INFO: Removed lock file: .git/index.lock
[2025-08-19T03:42:15.434Z] [ULTRA-RAPID-SYNC] ERROR: ❌ Ultra-rapid sync failed: Cannot read properties of null (reading 'toString')
[2025-08-19T03:42:15.435Z] [ULTRA-RAPID-SYNC] INFO: Cleaning git state...
[2025-08-19T03:42:15.491Z] [ULTRA-RAPID-SYNC] ERROR: Fatal error: Cannot read properties of null (reading 'toString')
[2025-08-19T03:42:16.077Z] [ULTRA-RAPID-SYNC] INFO: Starting ultra-rapid sync...
[2025-08-19T03:42:16.081Z] [ULTRA-RAPID-SYNC] INFO: Cleaning git state...
[2025-08-19T03:42:16.135Z] [ULTRA-RAPID-SYNC] ERROR: ❌ Ultra-rapid sync failed: Cannot read properties of null (reading 'toString')
[2025-08-19T03:42:16.136Z] [ULTRA-RAPID-SYNC] INFO: Cleaning git state...
[2025-08-19T03:42:16.183Z] [ULTRA-RAPID-SYNC] ERROR: Fatal error: Cannot read properties of null (reading 'toString')
[2025-08-19T03:42:16.558Z] [ULTRA-RAPID-SYNC] INFO: Starting ultra-rapid sync...
[2025-08-19T03:42:16.562Z] [ULTRA-RAPID-SYNC] INFO: Cleaning git state...
[2025-08-19T03:42:16.617Z] [ULTRA-RAPID-SYNC] ERROR: ❌ Ultra-rapid sync failed: Cannot read properties of null (reading 'toString')
[2025-08-19T03:42:16.618Z] [ULTRA-RAPID-SYNC] INFO: Cleaning git state...
[2025-08-19T03:42:16.669Z] [ULTRA-RAPID-SYNC] ERROR: Fatal error: Cannot read properties of null (reading 'toString')
[2025-08-19T03:42:17.070Z] [ULTRA-RAPID-SYNC] INFO: Starting ultra-rapid sync...
[2025-08-19T03:42:17.074Z] [ULTRA-RAPID-SYNC] INFO: Cleaning git state...
[2025-08-19T03:42:17.075Z] [ULTRA-RAPID-SYNC] INFO: Removed lock file: .git/index.lock
[2025-08-19T03:42:17.123Z] [ULTRA-RAPID-SYNC] ERROR: ❌ Ultra-rapid sync failed: Cannot read properties of null (reading 'toString')
[2025-08-19T03:42:17.123Z] [ULTRA-RAPID-SYNC] INFO: Cleaning git state...
[2025-08-19T03:42:17.124Z] [ULTRA-RAPID-SYNC] INFO: Removed lock file: .git/index.lock
[2025-08-19T03:42:17.170Z] [ULTRA-RAPID-SYNC] ERROR: Fatal error: Cannot read properties of null (reading 'toString')
[2025-08-19T03:42:17.570Z] [ULTRA-RAPID-SYNC] INFO: Starting ultra-rapid sync...
[2025-08-19T03:42:17.578Z] [ULTRA-RAPID-SYNC] INFO: Cleaning git state...
[2025-08-19T03:42:17.632Z] [ULTRA-RAPID-SYNC] ERROR: ❌ Ultra-rapid sync failed: Cannot read properties of null (reading 'toString')
[2025-08-19T03:42:17.633Z] [ULTRA-RAPID-SYNC] INFO: Cleaning git state...
[2025-08-19T03:42:17.683Z] [ULTRA-RAPID-SYNC] ERROR: Fatal error: Cannot read properties of null (reading 'toString')
[2025-08-19T03:42:18.382Z] [ULTRA-RAPID-SYNC] INFO: Starting ultra-rapid sync...
[2025-08-19T03:42:18.386Z] [ULTRA-RAPID-SYNC] INFO: Cleaning git state...
[2025-08-19T03:42:18.476Z] [ULTRA-RAPID-SYNC] ERROR: ❌ Ultra-rapid sync failed: Cannot read properties of null (reading 'toString')
[2025-08-19T03:42:18.476Z] [ULTRA-RAPID-SYNC] INFO: Cleaning git state...
[2025-08-19T03:42:18.526Z] [ULTRA-RAPID-SYNC] ERROR: Fatal error: Cannot read properties of null (reading 'toString')
[2025-08-19T03:42:36.123Z] [ULTRA-RAPID-SYNC] INFO: Starting ultra-rapid sync...
[2025-08-19T03:42:36.126Z] [ULTRA-RAPID-SYNC] INFO: Cleaning git state...
[2025-08-19T03:42:36.178Z] [ULTRA-RAPID-SYNC] ERROR: ❌ Ultra-rapid sync failed: Cannot read properties of null (reading 'toString')
[2025-08-19T03:42:36.179Z] [ULTRA-RAPID-SYNC] INFO: Cleaning git state...
[2025-08-19T03:42:36.228Z] [ULTRA-RAPID-SYNC] ERROR: Fatal error: Cannot read properties of null (reading 'toString')
[2025-08-19T03:42:36.763Z] [ULTRA-RAPID-SYNC] INFO: Starting ultra-rapid sync...
[2025-08-19T03:42:36.766Z] [ULTRA-RAPID-SYNC] INFO: Cleaning git state...
[2025-08-19T03:42:36.829Z] [ULTRA-RAPID-SYNC] ERROR: ❌ Ultra-rapid sync failed: Cannot read properties of null (reading 'toString')
[2025-08-19T03:42:36.830Z] [ULTRA-RAPID-SYNC] INFO: Cleaning git state...
[2025-08-19T03:42:36.914Z] [ULTRA-RAPID-SYNC] ERROR: Fatal error: Cannot read properties of null (reading 'toString')
[2025-08-19T03:42:37.293Z] [ULTRA-RAPID-SYNC] INFO: Starting ultra-rapid sync...
[2025-08-19T03:42:37.296Z] [ULTRA-RAPID-SYNC] INFO: Cleaning git state...
[2025-08-19T03:42:37.345Z] [ULTRA-RAPID-SYNC] ERROR: ❌ Ultra-rapid sync failed: Cannot read properties of null (reading 'toString')
[2025-08-19T03:42:37.347Z] [ULTRA-RAPID-SYNC] INFO: Cleaning git state...
[2025-08-19T03:42:37.391Z] [ULTRA-RAPID-SYNC] ERROR: Fatal error: Cannot read properties of null (reading 'toString')
[2025-08-19T03:42:37.808Z] [ULTRA-RAPID-SYNC] INFO: Starting ultra-rapid sync...
[2025-08-19T03:42:37.825Z] [ULTRA-RAPID-SYNC] INFO: Cleaning git state...
[2025-08-19T03:42:37.876Z] [ULTRA-RAPID-SYNC] ERROR: ❌ Ultra-rapid sync failed: Cannot read properties of null (reading 'toString')
[2025-08-19T03:42:37.877Z] [ULTRA-RAPID-SYNC] INFO: Cleaning git state...
[2025-08-19T03:42:37.923Z] [ULTRA-RAPID-SYNC] ERROR: Fatal error: Cannot read properties of null (reading 'toString')
[2025-08-19T03:42:38.433Z] [ULTRA-RAPID-SYNC] INFO: Starting ultra-rapid sync...
[2025-08-19T03:42:38.440Z] [ULTRA-RAPID-SYNC] INFO: Cleaning git state...
[2025-08-19T03:42:38.441Z] [ULTRA-RAPID-SYNC] INFO: Removed lock file: .git/index.lock
[2025-08-19T03:42:38.523Z] [ULTRA-RAPID-SYNC] ERROR: ❌ Ultra-rapid sync failed: Cannot read properties of null (reading 'toString')
[2025-08-19T03:42:38.523Z] [ULTRA-RAPID-SYNC] INFO: Cleaning git state...
[2025-08-19T03:42:38.628Z] [ULTRA-RAPID-SYNC] ERROR: Fatal error: Cannot read properties of null (reading 'toString')
[2025-08-19T03:42:39.255Z] [ULTRA-RAPID-SYNC] INFO: Starting ultra-rapid sync...
[2025-08-19T03:42:39.258Z] [ULTRA-RAPID-SYNC] INFO: Cleaning git state...
[2025-08-19T03:42:39.307Z] [ULTRA-RAPID-SYNC] ERROR: ❌ Ultra-rapid sync failed: Cannot read properties of null (reading 'toString')
[2025-08-19T03:42:39.307Z] [ULTRA-RAPID-SYNC] INFO: Cleaning git state...
[2025-08-19T03:42:39.355Z] [ULTRA-RAPID-SYNC] ERROR: Fatal error: Cannot read properties of null (reading 'toString')
[2025-08-19T03:42:39.730Z] [ULTRA-RAPID-SYNC] INFO: Starting ultra-rapid sync...
[2025-08-19T03:42:39.733Z] [ULTRA-RAPID-SYNC] INFO: Cleaning git state...
[2025-08-19T03:42:39.782Z] [ULTRA-RAPID-SYNC] ERROR: ❌ Ultra-rapid sync failed: Cannot read properties of null (reading 'toString')
[2025-08-19T03:42:39.782Z] [ULTRA-RAPID-SYNC] INFO: Cleaning git state...
[2025-08-19T03:42:39.840Z] [ULTRA-RAPID-SYNC] ERROR: Fatal error: Cannot read properties of null (reading 'toString')
[2025-08-19T03:42:40.171Z] [ULTRA-RAPID-SYNC] INFO: Starting ultra-rapid sync...
[2025-08-19T03:42:40.174Z] [ULTRA-RAPID-SYNC] INFO: Cleaning git state...
[2025-08-19T03:42:40.224Z] [ULTRA-RAPID-SYNC] ERROR: ❌ Ultra-rapid sync failed: Cannot read properties of null (reading 'toString')
[2025-08-19T03:42:40.224Z] [ULTRA-RAPID-SYNC] INFO: Cleaning git state...
[2025-08-19T03:42:40.273Z] [ULTRA-RAPID-SYNC] ERROR: Fatal error: Cannot read properties of null (reading 'toString')
[2025-08-19T03:42:40.633Z] [ULTRA-RAPID-SYNC] INFO: Starting ultra-rapid sync...
[2025-08-19T03:42:40.636Z] [ULTRA-RAPID-SYNC] INFO: Cleaning git state...
[2025-08-19T03:42:40.670Z] [ULTRA-RAPID-SYNC] ERROR: ❌ Ultra-rapid sync failed: Cannot read properties of null (reading 'toString')
[2025-08-19T03:42:40.670Z] [ULTRA-RAPID-SYNC] INFO: Cleaning git state...
[2025-08-19T03:42:40.708Z] [ULTRA-RAPID-SYNC] ERROR: Fatal error: Cannot read properties of null (reading 'toString')
[2025-08-19T03:42:41.058Z] [ULTRA-RAPID-SYNC] INFO: Starting ultra-rapid sync...
[2025-08-19T03:42:41.083Z] [ULTRA-RAPID-SYNC] INFO: Cleaning git state...
[2025-08-19T03:42:41.084Z] [ULTRA-RAPID-SYNC] INFO: Removed lock file: .git/index.lock
[2025-08-19T03:42:41.137Z] [ULTRA-RAPID-SYNC] ERROR: ❌ Ultra-rapid sync failed: Cannot read properties of null (reading 'toString')
[2025-08-19T03:42:41.138Z] [ULTRA-RAPID-SYNC] INFO: Cleaning git state...
[2025-08-19T03:42:41.186Z] [ULTRA-RAPID-SYNC] ERROR: Fatal error: Cannot read properties of null (reading 'toString')
[2025-08-19T03:42:41.659Z] [ULTRA-RAPID-SYNC] INFO: Starting ultra-rapid sync...
[2025-08-19T03:42:41.662Z] [ULTRA-RAPID-SYNC] INFO: Cleaning git state...
[2025-08-19T03:42:41.711Z] [ULTRA-RAPID-SYNC] ERROR: ❌ Ultra-rapid sync failed: Cannot read properties of null (reading 'toString')
[2025-08-19T03:42:41.712Z] [ULTRA-RAPID-SYNC] INFO: Cleaning git state...
[2025-08-19T03:42:41.786Z] [ULTRA-RAPID-SYNC] ERROR: Fatal error: Cannot read properties of null (reading 'toString')
[2025-08-19T03:42:42.651Z] [ULTRA-RAPID-SYNC] INFO: Starting ultra-rapid sync...
[2025-08-19T03:42:42.654Z] [ULTRA-RAPID-SYNC] INFO: Cleaning git state...
[2025-08-19T03:42:42.654Z] [ULTRA-RAPID-SYNC] INFO: Removed lock file: .git/index.lock
[2025-08-19T03:42:42.699Z] [ULTRA-RAPID-SYNC] ERROR: ❌ Ultra-rapid sync failed: Cannot read properties of null (reading 'toString')
[2025-08-19T03:42:42.700Z] [ULTRA-RAPID-SYNC] INFO: Cleaning git state...
[2025-08-19T03:42:42.745Z] [ULTRA-RAPID-SYNC] ERROR: Fatal error: Cannot read properties of null (reading 'toString')
[2025-08-19T03:42:43.135Z] [ULTRA-RAPID-SYNC] INFO: Starting ultra-rapid sync...
[2025-08-19T03:42:43.138Z] [ULTRA-RAPID-SYNC] INFO: Cleaning git state...
[2025-08-19T03:42:43.201Z] [ULTRA-RAPID-SYNC] ERROR: ❌ Ultra-rapid sync failed: Cannot read properties of null (reading 'toString')
[2025-08-19T03:42:43.202Z] [ULTRA-RAPID-SYNC] INFO: Cleaning git state...
[2025-08-19T03:42:43.258Z] [ULTRA-RAPID-SYNC] ERROR: Fatal error: Cannot read properties of null (reading 'toString')
[2025-08-19T03:42:43.608Z] [ULTRA-RAPID-SYNC] INFO: Starting ultra-rapid sync...
[2025-08-19T03:42:43.611Z] [ULTRA-RAPID-SYNC] INFO: Cleaning git state...
[2025-08-19T03:42:43.653Z] [ULTRA-RAPID-SYNC] ERROR: ❌ Ultra-rapid sync failed: Cannot read properties of null (reading 'toString')
[2025-08-19T03:42:43.653Z] [ULTRA-RAPID-SYNC] INFO: Cleaning git state...
[2025-08-19T03:42:43.696Z] [ULTRA-RAPID-SYNC] ERROR: Fatal error: Cannot read properties of null (reading 'toString')
[2025-08-19T03:42:43.992Z] [ULTRA-RAPID-SYNC] INFO: Starting ultra-rapid sync...
[2025-08-19T03:42:43.995Z] [ULTRA-RAPID-SYNC] INFO: Cleaning git state...
[2025-08-19T03:42:44.042Z] [ULTRA-RAPID-SYNC] ERROR: ❌ Ultra-rapid sync failed: Cannot read properties of null (reading 'toString')
[2025-08-19T03:42:44.042Z] [ULTRA-RAPID-SYNC] INFO: Cleaning git state...
[2025-08-19T03:42:44.087Z] [ULTRA-RAPID-SYNC] ERROR: Fatal error: Cannot read properties of null (reading 'toString')
[2025-08-19T03:42:59.182Z] [ULTRA-RAPID-SYNC] INFO: Starting ultra-rapid sync...
[2025-08-19T03:42:59.187Z] [ULTRA-RAPID-SYNC] INFO: Cleaning git state...
[2025-08-19T03:42:59.245Z] [ULTRA-RAPID-SYNC] ERROR: ❌ Ultra-rapid sync failed: Cannot read properties of null (reading 'toString')
[2025-08-19T03:42:59.245Z] [ULTRA-RAPID-SYNC] INFO: Cleaning git state...
[2025-08-19T03:42:59.293Z] [ULTRA-RAPID-SYNC] ERROR: Fatal error: Cannot read properties of null (reading 'toString')
[2025-08-19T03:42:59.924Z] [ULTRA-RAPID-SYNC] INFO: Starting ultra-rapid sync...
[2025-08-19T03:42:59.951Z] [ULTRA-RAPID-SYNC] INFO: Cleaning git state...
[2025-08-19T03:43:00.000Z] [ULTRA-RAPID-SYNC] ERROR: ❌ Ultra-rapid sync failed: Cannot read properties of null (reading 'toString')
[2025-08-19T03:43:00.000Z] [ULTRA-RAPID-SYNC] INFO: Cleaning git state...
[2025-08-19T03:43:00.047Z] [ULTRA-RAPID-SYNC] ERROR: Fatal error: Cannot read properties of null (reading 'toString')
[2025-08-19T03:43:00.785Z] [ULTRA-RAPID-SYNC] INFO: Starting ultra-rapid sync...
[2025-08-19T03:43:00.792Z] [ULTRA-RAPID-SYNC] INFO: Cleaning git state...
[2025-08-19T03:43:00.845Z] [ULTRA-RAPID-SYNC] ERROR: ❌ Ultra-rapid sync failed: Cannot read properties of null (reading 'toString')
[2025-08-19T03:43:00.845Z] [ULTRA-RAPID-SYNC] INFO: Cleaning git state...
[2025-08-19T03:43:00.890Z] [ULTRA-RAPID-SYNC] ERROR: Fatal error: Cannot read properties of null (reading 'toString')
[2025-08-19T03:43:01.304Z] [ULTRA-RAPID-SYNC] INFO: Starting ultra-rapid sync...
[2025-08-19T03:43:01.309Z] [ULTRA-RAPID-SYNC] INFO: Cleaning git state...
[2025-08-19T03:43:01.310Z] [ULTRA-RAPID-SYNC] INFO: Removed lock file: .git/index.lock
[2025-08-19T03:43:01.367Z] [ULTRA-RAPID-SYNC] ERROR: ❌ Ultra-rapid sync failed: Cannot read properties of null (reading 'toString')
[2025-08-19T03:43:01.368Z] [ULTRA-RAPID-SYNC] INFO: Cleaning git state...
[2025-08-19T03:43:01.433Z] [ULTRA-RAPID-SYNC] ERROR: Fatal error: Cannot read properties of null (reading 'toString')
[2025-08-19T03:43:01.930Z] [ULTRA-RAPID-SYNC] INFO: Starting ultra-rapid sync...
[2025-08-19T03:43:01.933Z] [ULTRA-RAPID-SYNC] INFO: Cleaning git state...
[2025-08-19T03:43:01.983Z] [ULTRA-RAPID-SYNC] ERROR: ❌ Ultra-rapid sync failed: Cannot read properties of null (reading 'toString')
[2025-08-19T03:43:01.983Z] [ULTRA-RAPID-SYNC] INFO: Cleaning git state...
[2025-08-19T03:43:02.030Z] [ULTRA-RAPID-SYNC] ERROR: Fatal error: Cannot read properties of null (reading 'toString')
[2025-08-19T03:43:02.392Z] [ULTRA-RAPID-SYNC] INFO: Starting ultra-rapid sync...
[2025-08-19T03:43:02.396Z] [ULTRA-RAPID-SYNC] INFO: Cleaning git state...
[2025-08-19T03:43:02.449Z] [ULTRA-RAPID-SYNC] ERROR: ❌ Ultra-rapid sync failed: Cannot read properties of null (reading 'toString')
[2025-08-19T03:43:02.450Z] [ULTRA-RAPID-SYNC] INFO: Cleaning git state...
[2025-08-19T03:43:02.497Z] [ULTRA-RAPID-SYNC] ERROR: Fatal error: Cannot read properties of null (reading 'toString')
[2025-08-19T03:43:02.849Z] [ULTRA-RAPID-SYNC] INFO: Starting ultra-rapid sync...
[2025-08-19T03:43:02.852Z] [ULTRA-RAPID-SYNC] INFO: Cleaning git state...
[2025-08-19T03:43:02.885Z] [ULTRA-RAPID-SYNC] ERROR: ❌ Ultra-rapid sync failed: Cannot read properties of null (reading 'toString')
[2025-08-19T03:43:02.886Z] [ULTRA-RAPID-SYNC] INFO: Cleaning git state...
[2025-08-19T03:43:02.914Z] [ULTRA-RAPID-SYNC] ERROR: Fatal error: Cannot read properties of null (reading 'toString')
[2025-08-19T03:43:03.288Z] [ULTRA-RAPID-SYNC] INFO: Starting ultra-rapid sync...
[2025-08-19T03:43:03.291Z] [ULTRA-RAPID-SYNC] INFO: Cleaning git state...
[2025-08-19T03:43:03.338Z] [ULTRA-RAPID-SYNC] ERROR: ❌ Ultra-rapid sync failed: Cannot read properties of null (reading 'toString')
[2025-08-19T03:43:03.338Z] [ULTRA-RAPID-SYNC] INFO: Cleaning git state...
[2025-08-19T03:43:03.385Z] [ULTRA-RAPID-SYNC] ERROR: Fatal error: Cannot read properties of null (reading 'toString')
[2025-08-19T03:43:03.984Z] [ULTRA-RAPID-SYNC] INFO: Starting ultra-rapid sync...
[2025-08-19T03:43:03.989Z] [ULTRA-RAPID-SYNC] INFO: Cleaning git state...
[2025-08-19T03:43:03.990Z] [ULTRA-RAPID-SYNC] INFO: Removed lock file: .git/index.lock
[2025-08-19T03:43:04.039Z] [ULTRA-RAPID-SYNC] ERROR: ❌ Ultra-rapid sync failed: Cannot read properties of null (reading 'toString')
[2025-08-19T03:43:04.040Z] [ULTRA-RAPID-SYNC] INFO: Cleaning git state...
[2025-08-19T03:43:04.086Z] [ULTRA-RAPID-SYNC] ERROR: Fatal error: Cannot read properties of null (reading 'toString')
[2025-08-19T03:43:04.551Z] [ULTRA-RAPID-SYNC] INFO: Starting ultra-rapid sync...
[2025-08-19T03:43:04.556Z] [ULTRA-RAPID-SYNC] INFO: Cleaning git state...
[2025-08-19T03:43:04.557Z] [ULTRA-RAPID-SYNC] INFO: Removed lock file: .git/index.lock
[2025-08-19T03:43:04.618Z] [ULTRA-RAPID-SYNC] ERROR: ❌ Ultra-rapid sync failed: Cannot read properties of null (reading 'toString')
[2025-08-19T03:43:04.618Z] [ULTRA-RAPID-SYNC] INFO: Cleaning git state...
[2025-08-19T03:43:04.667Z] [ULTRA-RAPID-SYNC] ERROR: Fatal error: Cannot read properties of null (reading 'toString')
[2025-08-19T03:43:05.107Z] [ULTRA-RAPID-SYNC] INFO: Starting ultra-rapid sync...
[2025-08-19T03:43:05.111Z] [ULTRA-RAPID-SYNC] INFO: Cleaning git state...
[2025-08-19T03:43:05.112Z] [ULTRA-RAPID-SYNC] INFO: Removed lock file: .git/index.lock
[2025-08-19T03:43:05.162Z] [ULTRA-RAPID-SYNC] ERROR: ❌ Ultra-rapid sync failed: Cannot read properties of null (reading 'toString')
[2025-08-19T03:43:05.203Z] [ULTRA-RAPID-SYNC] INFO: Cleaning git state...
[2025-08-19T03:43:05.269Z] [ULTRA-RAPID-SYNC] ERROR: Fatal error: Cannot read properties of null (reading 'toString')
[2025-08-19T03:43:05.856Z] [ULTRA-RAPID-SYNC] INFO: Starting ultra-rapid sync...
[2025-08-19T03:43:05.860Z] [ULTRA-RAPID-SYNC] INFO: Cleaning git state...
[2025-08-19T03:43:05.934Z] [ULTRA-RAPID-SYNC] ERROR: ❌ Ultra-rapid sync failed: Cannot read properties of null (reading 'toString')
[2025-08-19T03:43:05.934Z] [ULTRA-RAPID-SYNC] INFO: Cleaning git state...
[2025-08-19T03:43:05.935Z] [ULTRA-RAPID-SYNC] INFO: Removed lock file: .git/index.lock
[2025-08-19T03:43:05.981Z] [ULTRA-RAPID-SYNC] ERROR: Fatal error: Cannot read properties of null (reading 'toString')
[2025-08-19T03:43:06.306Z] [ULTRA-RAPID-SYNC] INFO: Starting ultra-rapid sync...
[2025-08-19T03:43:06.325Z] [ULTRA-RAPID-SYNC] INFO: Cleaning git state...
[2025-08-19T03:43:06.377Z] [ULTRA-RAPID-SYNC] ERROR: ❌ Ultra-rapid sync failed: Cannot read properties of null (reading 'toString')
[2025-08-19T03:43:06.378Z] [ULTRA-RAPID-SYNC] INFO: Cleaning git state...
[2025-08-19T03:43:06.436Z] [ULTRA-RAPID-SYNC] ERROR: Fatal error: Cannot read properties of null (reading 'toString')
[2025-08-19T03:43:07.168Z] [ULTRA-RAPID-SYNC] INFO: Starting ultra-rapid sync...
[2025-08-19T03:43:07.173Z] [ULTRA-RAPID-SYNC] INFO: Cleaning git state...
[2025-08-19T03:43:07.253Z] [ULTRA-RAPID-SYNC] ERROR: ❌ Ultra-rapid sync failed: Cannot read properties of null (reading 'toString')
[2025-08-19T03:43:07.253Z] [ULTRA-RAPID-SYNC] INFO: Cleaning git state...
[2025-08-19T03:43:07.299Z] [ULTRA-RAPID-SYNC] ERROR: Fatal error: Cannot read properties of null (reading 'toString')
[2025-08-19T03:43:07.913Z] [ULTRA-RAPID-SYNC] INFO: Starting ultra-rapid sync...
[2025-08-19T03:43:07.918Z] [ULTRA-RAPID-SYNC] INFO: Cleaning git state...
[2025-08-19T03:43:07.967Z] [ULTRA-RAPID-SYNC] ERROR: ❌ Ultra-rapid sync failed: Cannot read properties of null (reading 'toString')
[2025-08-19T03:43:07.968Z] [ULTRA-RAPID-SYNC] INFO: Cleaning git state...
[2025-08-19T03:43:08.017Z] [ULTRA-RAPID-SYNC] ERROR: Fatal error: Cannot read properties of null (reading 'toString')
[2025-08-19T03:43:08.381Z] [ULTRA-RAPID-SYNC] INFO: Starting ultra-rapid sync...
[2025-08-19T03:43:08.385Z] [ULTRA-RAPID-SYNC] INFO: Cleaning git state...
[2025-08-19T03:43:08.441Z] [ULTRA-RAPID-SYNC] ERROR: ❌ Ultra-rapid sync failed: Cannot read properties of null (reading 'toString')
[2025-08-19T03:43:08.442Z] [ULTRA-RAPID-SYNC] INFO: Cleaning git state...
[2025-08-19T03:43:08.532Z] [ULTRA-RAPID-SYNC] ERROR: Fatal error: Cannot read properties of null (reading 'toString')
[2025-08-19T03:43:23.954Z] [ULTRA-RAPID-SYNC] INFO: Starting ultra-rapid sync...
[2025-08-19T03:43:23.958Z] [ULTRA-RAPID-SYNC] INFO: Cleaning git state...
[2025-08-19T03:43:24.004Z] [ULTRA-RAPID-SYNC] ERROR: ❌ Ultra-rapid sync failed: Cannot read properties of null (reading 'toString')
[2025-08-19T03:43:24.005Z] [ULTRA-RAPID-SYNC] INFO: Cleaning git state...
[2025-08-19T03:43:24.051Z] [ULTRA-RAPID-SYNC] ERROR: Fatal error: Cannot read properties of null (reading 'toString')
[2025-08-19T03:43:24.715Z] [ULTRA-RAPID-SYNC] INFO: Starting ultra-rapid sync...
[2025-08-19T03:43:24.767Z] [ULTRA-RAPID-SYNC] INFO: Cleaning git state...
[2025-08-19T03:43:24.815Z] [ULTRA-RAPID-SYNC] ERROR: ❌ Ultra-rapid sync failed: Cannot read properties of null (reading 'toString')
[2025-08-19T03:43:24.815Z] [ULTRA-RAPID-SYNC] INFO: Cleaning git state...
[2025-08-19T03:43:24.865Z] [ULTRA-RAPID-SYNC] ERROR: Fatal error: Cannot read properties of null (reading 'toString')
[2025-08-19T03:43:25.285Z] [ULTRA-RAPID-SYNC] INFO: Starting ultra-rapid sync...
[2025-08-19T03:43:25.289Z] [ULTRA-RAPID-SYNC] INFO: Cleaning git state...
[2025-08-19T03:43:25.289Z] [ULTRA-RAPID-SYNC] INFO: Removed lock file: .git/index.lock
[2025-08-19T03:43:25.471Z] [ULTRA-RAPID-SYNC] ERROR: ❌ Ultra-rapid sync failed: Cannot read properties of null (reading 'toString')
[2025-08-19T03:43:25.473Z] [ULTRA-RAPID-SYNC] INFO: Cleaning git state...
[2025-08-19T03:43:25.542Z] [ULTRA-RAPID-SYNC] ERROR: Fatal error: Cannot read properties of null (reading 'toString')
[2025-08-19T03:43:26.121Z] [ULTRA-RAPID-SYNC] INFO: Starting ultra-rapid sync...
[2025-08-19T03:43:26.131Z] [ULTRA-RAPID-SYNC] INFO: Cleaning git state...
[2025-08-19T03:43:26.181Z] [ULTRA-RAPID-SYNC] ERROR: ❌ Ultra-rapid sync failed: Cannot read properties of null (reading 'toString')
[2025-08-19T03:43:26.181Z] [ULTRA-RAPID-SYNC] INFO: Cleaning git state...
[2025-08-19T03:43:26.228Z] [ULTRA-RAPID-SYNC] ERROR: Fatal error: Cannot read properties of null (reading 'toString')
[2025-08-19T03:43:26.652Z] [ULTRA-RAPID-SYNC] INFO: Starting ultra-rapid sync...
[2025-08-19T03:43:26.656Z] [ULTRA-RAPID-SYNC] INFO: Cleaning git state...
[2025-08-19T03:43:26.714Z] [ULTRA-RAPID-SYNC] ERROR: ❌ Ultra-rapid sync failed: Cannot read properties of null (reading 'toString')
[2025-08-19T03:43:26.715Z] [ULTRA-RAPID-SYNC] INFO: Cleaning git state...
[2025-08-19T03:43:26.763Z] [ULTRA-RAPID-SYNC] ERROR: Fatal error: Cannot read properties of null (reading 'toString')
[2025-08-19T03:43:27.302Z] [ULTRA-RAPID-SYNC] INFO: Starting ultra-rapid sync...
[2025-08-19T03:43:27.305Z] [ULTRA-RAPID-SYNC] INFO: Cleaning git state...
[2025-08-19T03:43:27.377Z] [ULTRA-RAPID-SYNC] ERROR: ❌ Ultra-rapid sync failed: Cannot read properties of null (reading 'toString')
[2025-08-19T03:43:27.377Z] [ULTRA-RAPID-SYNC] INFO: Cleaning git state...
[2025-08-19T03:43:27.424Z] [ULTRA-RAPID-SYNC] ERROR: Fatal error: Cannot read properties of null (reading 'toString')
[2025-08-19T03:43:28.107Z] [ULTRA-RAPID-SYNC] INFO: Starting ultra-rapid sync...
[2025-08-19T03:43:28.113Z] [ULTRA-RAPID-SYNC] INFO: Cleaning git state...
[2025-08-19T03:43:28.161Z] [ULTRA-RAPID-SYNC] ERROR: ❌ Ultra-rapid sync failed: Cannot read properties of null (reading 'toString')
[2025-08-19T03:43:28.162Z] [ULTRA-RAPID-SYNC] INFO: Cleaning git state...
[2025-08-19T03:43:28.218Z] [ULTRA-RAPID-SYNC] ERROR: Fatal error: Cannot read properties of null (reading 'toString')
[2025-08-19T03:43:28.729Z] [ULTRA-RAPID-SYNC] INFO: Starting ultra-rapid sync...
[2025-08-19T03:43:28.732Z] [ULTRA-RAPID-SYNC] INFO: Cleaning git state...
[2025-08-19T03:43:28.778Z] [ULTRA-RAPID-SYNC] ERROR: ❌ Ultra-rapid sync failed: Cannot read properties of null (reading 'toString')
[2025-08-19T03:43:28.778Z] [ULTRA-RAPID-SYNC] INFO: Cleaning git state...
[2025-08-19T03:43:28.834Z] [ULTRA-RAPID-SYNC] ERROR: Fatal error: Cannot read properties of null (reading 'toString')
[2025-08-19T03:43:29.254Z] [ULTRA-RAPID-SYNC] INFO: Starting ultra-rapid sync...
[2025-08-19T03:43:29.257Z] [ULTRA-RAPID-SYNC] INFO: Cleaning git state...
[2025-08-19T03:43:29.307Z] [ULTRA-RAPID-SYNC] ERROR: ❌ Ultra-rapid sync failed: Cannot read properties of null (reading 'toString')
[2025-08-19T03:43:29.307Z] [ULTRA-RAPID-SYNC] INFO: Cleaning git state...
[2025-08-19T03:43:29.309Z] [ULTRA-RAPID-SYNC] INFO: Removed lock file: .git/index.lock
[2025-08-19T03:43:29.361Z] [ULTRA-RAPID-SYNC] ERROR: Fatal error: Cannot read properties of null (reading 'toString')
[2025-08-19T03:43:29.859Z] [ULTRA-RAPID-SYNC] INFO: Starting ultra-rapid sync...
[2025-08-19T03:43:29.867Z] [ULTRA-RAPID-SYNC] INFO: Cleaning git state...
[2025-08-19T03:43:29.915Z] [ULTRA-RAPID-SYNC] ERROR: ❌ Ultra-rapid sync failed: Cannot read properties of null (reading 'toString')
[2025-08-19T03:43:29.916Z] [ULTRA-RAPID-SYNC] INFO: Cleaning git state...
[2025-08-19T03:43:29.961Z] [ULTRA-RAPID-SYNC] ERROR: Fatal error: Cannot read properties of null (reading 'toString')
[2025-08-19T03:43:30.347Z] [ULTRA-RAPID-SYNC] INFO: Starting ultra-rapid sync...
[2025-08-19T03:43:30.352Z] [ULTRA-RAPID-SYNC] INFO: Cleaning git state...
[2025-08-19T03:43:30.401Z] [ULTRA-RAPID-SYNC] ERROR: ❌ Ultra-rapid sync failed: Cannot read properties of null (reading 'toString')
[2025-08-19T03:43:30.401Z] [ULTRA-RAPID-SYNC] INFO: Cleaning git state...
[2025-08-19T03:43:30.451Z] [ULTRA-RAPID-SYNC] ERROR: Fatal error: Cannot read properties of null (reading 'toString')
[2025-08-19T03:43:30.916Z] [ULTRA-RAPID-SYNC] INFO: Starting ultra-rapid sync...
[2025-08-19T03:43:30.920Z] [ULTRA-RAPID-SYNC] INFO: Cleaning git state...
[2025-08-19T03:43:30.920Z] [ULTRA-RAPID-SYNC] INFO: Removed lock file: .git/index.lock
[2025-08-19T03:43:30.967Z] [ULTRA-RAPID-SYNC] ERROR: ❌ Ultra-rapid sync failed: Cannot read properties of null (reading 'toString')
[2025-08-19T03:43:30.968Z] [ULTRA-RAPID-SYNC] INFO: Cleaning git state...
[2025-08-19T03:43:31.015Z] [ULTRA-RAPID-SYNC] ERROR: Fatal error: Cannot read properties of null (reading 'toString')
[2025-08-19T03:43:31.801Z] [ULTRA-RAPID-SYNC] INFO: Starting ultra-rapid sync...
[2025-08-19T03:43:31.828Z] [ULTRA-RAPID-SYNC] INFO: Cleaning git state...
[2025-08-19T03:43:31.829Z] [ULTRA-RAPID-SYNC] INFO: Removed lock file: .git/index.lock
[2025-08-19T03:43:31.888Z] [ULTRA-RAPID-SYNC] ERROR: ❌ Ultra-rapid sync failed: Cannot read properties of null (reading 'toString')
[2025-08-19T03:43:31.889Z] [ULTRA-RAPID-SYNC] INFO: Cleaning git state...
[2025-08-19T03:43:31.936Z] [ULTRA-RAPID-SYNC] ERROR: Fatal error: Cannot read properties of null (reading 'toString')
[2025-08-19T03:43:32.273Z] [ULTRA-RAPID-SYNC] INFO: Starting ultra-rapid sync...
[2025-08-19T03:43:32.276Z] [ULTRA-RAPID-SYNC] INFO: Cleaning git state...
[2025-08-19T03:43:32.344Z] [ULTRA-RAPID-SYNC] ERROR: ❌ Ultra-rapid sync failed: Cannot read properties of null (reading 'toString')
[2025-08-19T03:43:32.344Z] [ULTRA-RAPID-SYNC] INFO: Cleaning git state...
[2025-08-19T03:43:32.391Z] [ULTRA-RAPID-SYNC] ERROR: Fatal error: Cannot read properties of null (reading 'toString')
[2025-08-19T03:43:32.831Z] [ULTRA-RAPID-SYNC] INFO: Starting ultra-rapid sync...
[2025-08-19T03:43:32.834Z] [ULTRA-RAPID-SYNC] INFO: Cleaning git state...
[2025-08-19T03:43:32.882Z] [ULTRA-RAPID-SYNC] ERROR: ❌ Ultra-rapid sync failed: Cannot read properties of null (reading 'toString')
[2025-08-19T03:43:32.882Z] [ULTRA-RAPID-SYNC] INFO: Cleaning git state...
[2025-08-19T03:43:32.928Z] [ULTRA-RAPID-SYNC] ERROR: Fatal error: Cannot read properties of null (reading 'toString')
[2025-08-19T03:43:50.052Z] [ULTRA-RAPID-SYNC] INFO: Starting ultra-rapid sync...
[2025-08-19T03:43:50.055Z] [ULTRA-RAPID-SYNC] INFO: Cleaning git state...
[2025-08-19T03:43:50.101Z] [ULTRA-RAPID-SYNC] ERROR: ❌ Ultra-rapid sync failed: Cannot read properties of null (reading 'toString')
[2025-08-19T03:43:50.101Z] [ULTRA-RAPID-SYNC] INFO: Cleaning git state...
[2025-08-19T03:43:50.146Z] [ULTRA-RAPID-SYNC] ERROR: Fatal error: Cannot read properties of null (reading 'toString')
[2025-08-19T03:43:50.665Z] [ULTRA-RAPID-SYNC] INFO: Starting ultra-rapid sync...
[2025-08-19T03:43:50.670Z] [ULTRA-RAPID-SYNC] INFO: Cleaning git state...
[2025-08-19T03:43:50.726Z] [ULTRA-RAPID-SYNC] ERROR: ❌ Ultra-rapid sync failed: Cannot read properties of null (reading 'toString')
[2025-08-19T03:43:50.727Z] [ULTRA-RAPID-SYNC] INFO: Cleaning git state...
[2025-08-19T03:43:50.784Z] [ULTRA-RAPID-SYNC] ERROR: Fatal error: Cannot read properties of null (reading 'toString')
[2025-08-19T03:43:51.277Z] [ULTRA-RAPID-SYNC] INFO: Starting ultra-rapid sync...
[2025-08-19T03:43:51.348Z] [ULTRA-RAPID-SYNC] INFO: Cleaning git state...
[2025-08-19T03:43:51.349Z] [ULTRA-RAPID-SYNC] INFO: Removed lock file: .git/index.lock
[2025-08-19T03:43:51.400Z] [ULTRA-RAPID-SYNC] ERROR: ❌ Ultra-rapid sync failed: Cannot read properties of null (reading 'toString')
[2025-08-19T03:43:51.400Z] [ULTRA-RAPID-SYNC] INFO: Cleaning git state...
[2025-08-19T03:43:51.451Z] [ULTRA-RAPID-SYNC] ERROR: Fatal error: Cannot read properties of null (reading 'toString')
[2025-08-19T03:43:52.190Z] [ULTRA-RAPID-SYNC] INFO: Starting ultra-rapid sync...
[2025-08-19T03:43:52.197Z] [ULTRA-RAPID-SYNC] INFO: Cleaning git state...
[2025-08-19T03:43:52.253Z] [ULTRA-RAPID-SYNC] ERROR: ❌ Ultra-rapid sync failed: Cannot read properties of null (reading 'toString')
[2025-08-19T03:43:52.253Z] [ULTRA-RAPID-SYNC] INFO: Cleaning git state...
[2025-08-19T03:43:52.298Z] [ULTRA-RAPID-SYNC] ERROR: Fatal error: Cannot read properties of null (reading 'toString')
[2025-08-19T03:43:52.835Z] [ULTRA-RAPID-SYNC] INFO: Starting ultra-rapid sync...
[2025-08-19T03:43:52.838Z] [ULTRA-RAPID-SYNC] INFO: Cleaning git state...
[2025-08-19T03:43:52.839Z] [ULTRA-RAPID-SYNC] INFO: Removed lock file: .git/index.lock
[2025-08-19T03:43:52.887Z] [ULTRA-RAPID-SYNC] ERROR: ❌ Ultra-rapid sync failed: Cannot read properties of null (reading 'toString')
[2025-08-19T03:43:52.888Z] [ULTRA-RAPID-SYNC] INFO: Cleaning git state...
[2025-08-19T03:43:52.936Z] [ULTRA-RAPID-SYNC] ERROR: Fatal error: Cannot read properties of null (reading 'toString')
[2025-08-19T03:43:53.430Z] [ULTRA-RAPID-SYNC] INFO: Starting ultra-rapid sync...
[2025-08-19T03:43:53.562Z] [ULTRA-RAPID-SYNC] INFO: Cleaning git state...
[2025-08-19T03:43:53.796Z] [ULTRA-RAPID-SYNC] ERROR: ❌ Ultra-rapid sync failed: Cannot read properties of null (reading 'toString')
[2025-08-19T03:43:53.796Z] [ULTRA-RAPID-SYNC] INFO: Cleaning git state...
[2025-08-19T03:43:53.851Z] [ULTRA-RAPID-SYNC] ERROR: Fatal error: Cannot read properties of null (reading 'toString')
[2025-08-19T03:43:54.510Z] [ULTRA-RAPID-SYNC] INFO: Starting ultra-rapid sync...
[2025-08-19T03:43:54.513Z] [ULTRA-RAPID-SYNC] INFO: Cleaning git state...
[2025-08-19T03:43:54.561Z] [ULTRA-RAPID-SYNC] ERROR: ❌ Ultra-rapid sync failed: Cannot read properties of null (reading 'toString')
[2025-08-19T03:43:54.561Z] [ULTRA-RAPID-SYNC] INFO: Cleaning git state...
[2025-08-19T03:43:54.608Z] [ULTRA-RAPID-SYNC] ERROR: Fatal error: Cannot read properties of null (reading 'toString')
[2025-08-19T03:43:55.173Z] [ULTRA-RAPID-SYNC] INFO: Starting ultra-rapid sync...
[2025-08-19T03:43:55.295Z] [ULTRA-RAPID-SYNC] INFO: Cleaning git state...
[2025-08-19T03:43:55.344Z] [ULTRA-RAPID-SYNC] ERROR: ❌ Ultra-rapid sync failed: Cannot read properties of null (reading 'toString')
[2025-08-19T03:43:55.358Z] [ULTRA-RAPID-SYNC] INFO: Cleaning git state...
[2025-08-19T03:43:55.406Z] [ULTRA-RAPID-SYNC] ERROR: Fatal error: Cannot read properties of null (reading 'toString')
[2025-08-19T03:43:56.038Z] [ULTRA-RAPID-SYNC] INFO: Starting ultra-rapid sync...
[2025-08-19T03:43:56.170Z] [ULTRA-RAPID-SYNC] INFO: Cleaning git state...
[2025-08-19T03:43:56.171Z] [ULTRA-RAPID-SYNC] INFO: Removed lock file: .git/index.lock
[2025-08-19T03:43:56.173Z] [ULTRA-RAPID-SYNC] INFO: Removed merge directory: .git/rebase-merge
[2025-08-19T03:43:56.241Z] [ULTRA-RAPID-SYNC] ERROR: ❌ Ultra-rapid sync failed: Cannot read properties of null (reading 'toString')
[2025-08-19T03:43:56.343Z] [ULTRA-RAPID-SYNC] INFO: Cleaning git state...
[2025-08-19T03:43:56.387Z] [ULTRA-RAPID-SYNC] ERROR: Fatal error: Cannot read properties of null (reading 'toString')
[2025-08-19T03:43:56.897Z] [ULTRA-RAPID-SYNC] INFO: Starting ultra-rapid sync...
[2025-08-19T03:43:56.900Z] [ULTRA-RAPID-SYNC] INFO: Cleaning git state...
[2025-08-19T03:43:56.954Z] [ULTRA-RAPID-SYNC] ERROR: ❌ Ultra-rapid sync failed: Cannot read properties of null (reading 'toString')
[2025-08-19T03:43:56.956Z] [ULTRA-RAPID-SYNC] INFO: Cleaning git state...
[2025-08-19T03:43:56.958Z] [ULTRA-RAPID-SYNC] INFO: Removed merge directory: .git/rebase-merge
[2025-08-19T03:43:57.005Z] [ULTRA-RAPID-SYNC] ERROR: Fatal error: Cannot read properties of null (reading 'toString')
[2025-08-19T03:43:57.443Z] [ULTRA-RAPID-SYNC] INFO: Starting ultra-rapid sync...
[2025-08-19T03:43:57.446Z] [ULTRA-RAPID-SYNC] INFO: Cleaning git state...
[2025-08-19T03:43:57.447Z] [ULTRA-RAPID-SYNC] INFO: Removed lock file: .git/index.lock
[2025-08-19T03:43:57.495Z] [ULTRA-RAPID-SYNC] ERROR: ❌ Ultra-rapid sync failed: Cannot read properties of null (reading 'toString')
[2025-08-19T03:43:57.496Z] [ULTRA-RAPID-SYNC] INFO: Cleaning git state...
[2025-08-19T03:43:57.543Z] [ULTRA-RAPID-SYNC] ERROR: Fatal error: Cannot read properties of null (reading 'toString')
[2025-08-19T03:43:57.939Z] [ULTRA-RAPID-SYNC] INFO: Starting ultra-rapid sync...
[2025-08-19T03:43:57.942Z] [ULTRA-RAPID-SYNC] INFO: Cleaning git state...
[2025-08-19T03:43:58.013Z] [ULTRA-RAPID-SYNC] ERROR: ❌ Ultra-rapid sync failed: Cannot read properties of null (reading 'toString')
[2025-08-19T03:43:58.014Z] [ULTRA-RAPID-SYNC] INFO: Cleaning git state...
[2025-08-19T03:43:58.088Z] [ULTRA-RAPID-SYNC] ERROR: Fatal error: Cannot read properties of null (reading 'toString')
[2025-08-19T03:43:58.544Z] [ULTRA-RAPID-SYNC] INFO: Starting ultra-rapid sync...
[2025-08-19T03:43:58.549Z] [ULTRA-RAPID-SYNC] INFO: Cleaning git state...
[2025-08-19T03:43:58.607Z] [ULTRA-RAPID-SYNC] ERROR: ❌ Ultra-rapid sync failed: Cannot read properties of null (reading 'toString')
[2025-08-19T03:43:58.608Z] [ULTRA-RAPID-SYNC] INFO: Cleaning git state...
[2025-08-19T03:43:58.655Z] [ULTRA-RAPID-SYNC] ERROR: Fatal error: Cannot read properties of null (reading 'toString')
[2025-08-19T03:43:59.176Z] [ULTRA-RAPID-SYNC] INFO: Starting ultra-rapid sync...
[2025-08-19T03:43:59.181Z] [ULTRA-RAPID-SYNC] INFO: Cleaning git state...
[2025-08-19T03:43:59.228Z] [ULTRA-RAPID-SYNC] ERROR: ❌ Ultra-rapid sync failed: Cannot read properties of null (reading 'toString')
[2025-08-19T03:43:59.229Z] [ULTRA-RAPID-SYNC] INFO: Cleaning git state...
[2025-08-19T03:43:59.275Z] [ULTRA-RAPID-SYNC] ERROR: Fatal error: Cannot read properties of null (reading 'toString')
[2025-08-19T03:43:59.729Z] [ULTRA-RAPID-SYNC] INFO: Starting ultra-rapid sync...
[2025-08-19T03:43:59.739Z] [ULTRA-RAPID-SYNC] INFO: Cleaning git state...
[2025-08-19T03:43:59.788Z] [ULTRA-RAPID-SYNC] ERROR: ❌ Ultra-rapid sync failed: Cannot read properties of null (reading 'toString')
[2025-08-19T03:43:59.828Z] [ULTRA-RAPID-SYNC] INFO: Cleaning git state...
[2025-08-19T03:43:59.874Z] [ULTRA-RAPID-SYNC] ERROR: Fatal error: Cannot read properties of null (reading 'toString')
[2025-08-19T03:44:00.532Z] [ULTRA-RAPID-SYNC] INFO: Starting ultra-rapid sync...
[2025-08-19T03:44:00.537Z] [ULTRA-RAPID-SYNC] INFO: Cleaning git state...
[2025-08-19T03:44:00.590Z] [ULTRA-RAPID-SYNC] ERROR: ❌ Ultra-rapid sync failed: Cannot read properties of null (reading 'toString')
[2025-08-19T03:44:00.593Z] [ULTRA-RAPID-SYNC] INFO: Cleaning git state...
[2025-08-19T03:44:00.644Z] [ULTRA-RAPID-SYNC] ERROR: Fatal error: Cannot read properties of null (reading 'toString')
[2025-08-19T03:44:01.167Z] [ULTRA-RAPID-SYNC] INFO: Starting ultra-rapid sync...
[2025-08-19T03:44:01.170Z] [ULTRA-RAPID-SYNC] INFO: Cleaning git state...
[2025-08-19T03:44:01.171Z] [ULTRA-RAPID-SYNC] INFO: Removed lock file: .git/index.lock
[2025-08-19T03:44:01.216Z] [ULTRA-RAPID-SYNC] INFO: Switching from null to main...
[2025-08-19T03:44:01.260Z] [ULTRA-RAPID-SYNC] ERROR: Failed to switch to main: null
[2025-08-19T03:44:01.292Z] [ULTRA-RAPID-SYNC] ERROR: ❌ Ultra-rapid sync failed: Failed to switch to target branch
[2025-08-19T03:44:01.324Z] [ULTRA-RAPID-SYNC] INFO: Cleaning git state...
[2025-08-19T03:44:01.480Z] [ULTRA-RAPID-SYNC] ERROR: Fatal error: Failed to switch to target branch
[2025-08-19T03:44:02.196Z] [ULTRA-RAPID-SYNC] INFO: Starting ultra-rapid sync...
[2025-08-19T03:44:02.199Z] [ULTRA-RAPID-SYNC] INFO: Cleaning git state...
[2025-08-19T03:44:02.248Z] [ULTRA-RAPID-SYNC] INFO: Switching from null to main...
[2025-08-19T03:44:02.295Z] [ULTRA-RAPID-SYNC] ERROR: Failed to switch to main: null
[2025-08-19T03:44:02.295Z] [ULTRA-RAPID-SYNC] ERROR: ❌ Ultra-rapid sync failed: Failed to switch to target branch
[2025-08-19T03:44:02.296Z] [ULTRA-RAPID-SYNC] INFO: Cleaning git state...
[2025-08-19T03:44:02.387Z] [ULTRA-RAPID-SYNC] ERROR: Fatal error: Failed to switch to target branch
[2025-08-19T03:44:03.107Z] [ULTRA-RAPID-SYNC] INFO: Starting ultra-rapid sync...
[2025-08-19T03:44:03.111Z] [ULTRA-RAPID-SYNC] INFO: Cleaning git state...
[2025-08-19T03:44:03.156Z] [ULTRA-RAPID-SYNC] INFO: Switching from null to main...
[2025-08-19T03:44:03.201Z] [ULTRA-RAPID-SYNC] ERROR: Failed to switch to main: null
[2025-08-19T03:44:03.202Z] [ULTRA-RAPID-SYNC] ERROR: ❌ Ultra-rapid sync failed: Failed to switch to target branch
[2025-08-19T03:44:03.202Z] [ULTRA-RAPID-SYNC] INFO: Cleaning git state...
[2025-08-19T03:44:03.289Z] [ULTRA-RAPID-SYNC] ERROR: Fatal error: Failed to switch to target branch
[2025-08-19T03:44:03.750Z] [ULTRA-RAPID-SYNC] INFO: Starting ultra-rapid sync...
[2025-08-19T03:44:03.753Z] [ULTRA-RAPID-SYNC] INFO: Cleaning git state...
[2025-08-19T03:44:03.800Z] [ULTRA-RAPID-SYNC] INFO: Switching from null to main...
[2025-08-19T03:44:03.852Z] [ULTRA-RAPID-SYNC] ERROR: Failed to switch to main: null
[2025-08-19T03:44:03.852Z] [ULTRA-RAPID-SYNC] ERROR: ❌ Ultra-rapid sync failed: Failed to switch to target branch
[2025-08-19T03:44:03.852Z] [ULTRA-RAPID-SYNC] INFO: Cleaning git state...
[2025-08-19T03:44:03.944Z] [ULTRA-RAPID-SYNC] ERROR: Fatal error: Failed to switch to target branch
[2025-08-19T03:44:04.427Z] [ULTRA-RAPID-SYNC] INFO: Starting ultra-rapid sync...
[2025-08-19T03:44:04.441Z] [ULTRA-RAPID-SYNC] INFO: Cleaning git state...
[2025-08-19T03:44:04.491Z] [ULTRA-RAPID-SYNC] INFO: Switching from null to main...
[2025-08-19T03:44:04.547Z] [ULTRA-RAPID-SYNC] ERROR: Failed to switch to main: null
[2025-08-19T03:44:04.547Z] [ULTRA-RAPID-SYNC] ERROR: ❌ Ultra-rapid sync failed: Failed to switch to target branch
[2025-08-19T03:44:04.548Z] [ULTRA-RAPID-SYNC] INFO: Cleaning git state...
[2025-08-19T03:44:04.796Z] [ULTRA-RAPID-SYNC] ERROR: Fatal error: Failed to switch to target branch
[2025-08-19T03:44:05.275Z] [ULTRA-RAPID-SYNC] INFO: Starting ultra-rapid sync...
[2025-08-19T03:44:05.279Z] [ULTRA-RAPID-SYNC] INFO: Cleaning git state...
[2025-08-19T03:44:05.327Z] [ULTRA-RAPID-SYNC] INFO: Switching from null to main...
[2025-08-19T03:44:05.372Z] [ULTRA-RAPID-SYNC] ERROR: Failed to switch to main: null
[2025-08-19T03:44:05.372Z] [ULTRA-RAPID-SYNC] ERROR: ❌ Ultra-rapid sync failed: Failed to switch to target branch
[2025-08-19T03:44:05.373Z] [ULTRA-RAPID-SYNC] INFO: Cleaning git state...
[2025-08-19T03:44:05.458Z] [ULTRA-RAPID-SYNC] ERROR: Fatal error: Failed to switch to target branch
[2025-08-19T03:44:05.943Z] [ULTRA-RAPID-SYNC] INFO: Starting ultra-rapid sync...
[2025-08-19T03:44:05.948Z] [ULTRA-RAPID-SYNC] INFO: Cleaning git state...
[2025-08-19T03:44:05.997Z] [ULTRA-RAPID-SYNC] INFO: Switching from null to main...
[2025-08-19T03:44:06.039Z] [ULTRA-RAPID-SYNC] ERROR: Failed to switch to main: null
[2025-08-19T03:44:06.039Z] [ULTRA-RAPID-SYNC] ERROR: ❌ Ultra-rapid sync failed: Failed to switch to target branch
[2025-08-19T03:44:06.039Z] [ULTRA-RAPID-SYNC] INFO: Cleaning git state...
[2025-08-19T03:44:06.122Z] [ULTRA-RAPID-SYNC] ERROR: Fatal error: Failed to switch to target branch
[2025-08-19T03:44:06.454Z] [ULTRA-RAPID-SYNC] INFO: Starting ultra-rapid sync...
[2025-08-19T03:44:06.458Z] [ULTRA-RAPID-SYNC] INFO: Cleaning git state...
[2025-08-19T03:44:06.520Z] [ULTRA-RAPID-SYNC] INFO: Switching from null to main...
[2025-08-19T03:44:06.575Z] [ULTRA-RAPID-SYNC] ERROR: Failed to switch to main: null
[2025-08-19T03:44:06.576Z] [ULTRA-RAPID-SYNC] ERROR: ❌ Ultra-rapid sync failed: Failed to switch to target branch
[2025-08-19T03:44:06.576Z] [ULTRA-RAPID-SYNC] INFO: Cleaning git state...
[2025-08-19T03:44:06.662Z] [ULTRA-RAPID-SYNC] ERROR: Fatal error: Failed to switch to target branch
[2025-08-19T03:44:07.024Z] [ULTRA-RAPID-SYNC] INFO: Starting ultra-rapid sync...
[2025-08-19T03:44:07.028Z] [ULTRA-RAPID-SYNC] INFO: Cleaning git state...
[2025-08-19T03:44:07.073Z] [ULTRA-RAPID-SYNC] INFO: Switching from null to main...
[2025-08-19T03:44:07.127Z] [ULTRA-RAPID-SYNC] ERROR: Failed to switch to main: null
[2025-08-19T03:44:07.127Z] [ULTRA-RAPID-SYNC] ERROR: ❌ Ultra-rapid sync failed: Failed to switch to target branch
[2025-08-19T03:44:07.128Z] [ULTRA-RAPID-SYNC] INFO: Cleaning git state...
[2025-08-19T03:44:07.237Z] [ULTRA-RAPID-SYNC] ERROR: Fatal error: Failed to switch to target branch
[2025-08-19T03:44:07.601Z] [ULTRA-RAPID-SYNC] INFO: Starting ultra-rapid sync...
[2025-08-19T03:44:07.605Z] [ULTRA-RAPID-SYNC] INFO: Cleaning git state...
[2025-08-19T03:44:07.650Z] [ULTRA-RAPID-SYNC] INFO: Switching from null to main...
[2025-08-19T03:44:07.693Z] [ULTRA-RAPID-SYNC] ERROR: Failed to switch to main: null
[2025-08-19T03:44:07.694Z] [ULTRA-RAPID-SYNC] ERROR: ❌ Ultra-rapid sync failed: Failed to switch to target branch
[2025-08-19T03:44:07.694Z] [ULTRA-RAPID-SYNC] INFO: Cleaning git state...
[2025-08-19T03:44:07.804Z] [ULTRA-RAPID-SYNC] ERROR: Fatal error: Failed to switch to target branch
[2025-08-19T03:44:08.136Z] [ULTRA-RAPID-SYNC] INFO: Starting ultra-rapid sync...
[2025-08-19T03:44:08.139Z] [ULTRA-RAPID-SYNC] INFO: Cleaning git state...
[2025-08-19T03:44:08.183Z] [ULTRA-RAPID-SYNC] INFO: Switching from null to main...
[2025-08-19T03:44:08.225Z] [ULTRA-RAPID-SYNC] ERROR: Failed to switch to main: null
[2025-08-19T03:44:08.226Z] [ULTRA-RAPID-SYNC] ERROR: ❌ Ultra-rapid sync failed: Failed to switch to target branch
[2025-08-19T03:44:08.226Z] [ULTRA-RAPID-SYNC] INFO: Cleaning git state...
[2025-08-19T03:44:08.331Z] [ULTRA-RAPID-SYNC] ERROR: Fatal error: Failed to switch to target branch
[2025-08-19T03:44:08.720Z] [ULTRA-RAPID-SYNC] INFO: Starting ultra-rapid sync...
[2025-08-19T03:44:08.735Z] [ULTRA-RAPID-SYNC] INFO: Cleaning git state...
[2025-08-19T03:44:08.784Z] [ULTRA-RAPID-SYNC] INFO: Switching from null to main...
[2025-08-19T03:44:08.833Z] [ULTRA-RAPID-SYNC] ERROR: Failed to switch to main: null
[2025-08-19T03:44:08.833Z] [ULTRA-RAPID-SYNC] ERROR: ❌ Ultra-rapid sync failed: Failed to switch to target branch
[2025-08-19T03:44:08.834Z] [ULTRA-RAPID-SYNC] INFO: Cleaning git state...
[2025-08-19T03:44:08.960Z] [ULTRA-RAPID-SYNC] ERROR: Fatal error: Failed to switch to target branch
[2025-08-19T03:44:09.353Z] [ULTRA-RAPID-SYNC] INFO: Starting ultra-rapid sync...
[2025-08-19T03:44:09.356Z] [ULTRA-RAPID-SYNC] INFO: Cleaning git state...
[2025-08-19T03:44:09.409Z] [ULTRA-RAPID-SYNC] INFO: Switching from null to main...
[2025-08-19T03:44:09.462Z] [ULTRA-RAPID-SYNC] ERROR: Failed to switch to main: null
[2025-08-19T03:44:09.462Z] [ULTRA-RAPID-SYNC] ERROR: ❌ Ultra-rapid sync failed: Failed to switch to target branch
[2025-08-19T03:44:09.463Z] [ULTRA-RAPID-SYNC] INFO: Cleaning git state...
[2025-08-19T03:44:09.662Z] [ULTRA-RAPID-SYNC] ERROR: Fatal error: Failed to switch to target branch
[2025-08-19T03:44:10.034Z] [ULTRA-RAPID-SYNC] INFO: Starting ultra-rapid sync...
[2025-08-19T03:44:10.037Z] [ULTRA-RAPID-SYNC] INFO: Cleaning git state...
[2025-08-19T03:44:10.078Z] [ULTRA-RAPID-SYNC] INFO: Switching from null to main...
[2025-08-19T03:44:10.117Z] [ULTRA-RAPID-SYNC] ERROR: Failed to switch to main: null
[2025-08-19T03:44:10.118Z] [ULTRA-RAPID-SYNC] ERROR: ❌ Ultra-rapid sync failed: Failed to switch to target branch
[2025-08-19T03:44:10.118Z] [ULTRA-RAPID-SYNC] INFO: Cleaning git state...
[2025-08-19T03:44:10.209Z] [ULTRA-RAPID-SYNC] ERROR: Fatal error: Failed to switch to target branch
[2025-08-19T03:44:17.410Z] [ULTRA-RAPID-SYNC] INFO: Starting ultra-rapid sync...
[2025-08-19T03:44:17.430Z] [ULTRA-RAPID-SYNC] INFO: Cleaning git state...
[2025-08-19T03:44:17.505Z] [ULTRA-RAPID-SYNC] INFO: Switching from null to main...
[2025-08-19T03:44:17.548Z] [ULTRA-RAPID-SYNC] ERROR: Failed to switch to main: null
[2025-08-19T03:44:17.549Z] [ULTRA-RAPID-SYNC] ERROR: ❌ Ultra-rapid sync failed: Failed to switch to target branch
[2025-08-19T03:44:17.549Z] [ULTRA-RAPID-SYNC] INFO: Cleaning git state...
[2025-08-19T03:44:17.634Z] [ULTRA-RAPID-SYNC] ERROR: Fatal error: Failed to switch to target branch
[2025-08-19T03:44:18.267Z] [ULTRA-RAPID-SYNC] INFO: Starting ultra-rapid sync...
[2025-08-19T03:44:18.416Z] [ULTRA-RAPID-SYNC] INFO: Cleaning git state...
[2025-08-19T03:44:18.666Z] [ULTRA-RAPID-SYNC] INFO: Switching from null to main...
[2025-08-19T03:44:18.752Z] [ULTRA-RAPID-SYNC] ERROR: Failed to switch to main: null
[2025-08-19T03:44:18.755Z] [ULTRA-RAPID-SYNC] ERROR: ❌ Ultra-rapid sync failed: Failed to switch to target branch
[2025-08-19T03:44:18.796Z] [ULTRA-RAPID-SYNC] INFO: Cleaning git state...
[2025-08-19T03:44:19.563Z] [ULTRA-RAPID-SYNC] ERROR: Fatal error: Failed to switch to target branch
